
 {     "system": "Meowv.Blog",     "datetime": "2021-10-05 10:17:53,543",     "description": "binance 现货binancewebsocket_Closed",   "level": "ERROR",     "info": "" }
 {     "system": "Meowv.Blog",     "datetime": "2021-10-05 10:17:53,550",     "description": "binance 现货binance websocket_Error",   "level": "ERROR",     "info": "" }
 {     "system": "Meowv.Blog",     "datetime": "2021-10-05 10:17:55,088",     "description": "binance 现货binancewebsocket_Closed",   "level": "ERROR",     "info": "" }
 {     "system": "Meowv.Blog",     "datetime": "2021-10-05 10:18:00,091",     "description": "binance 现货binance websocket_Error",   "level": "ERROR",     "info": "" }
 {     "system": "Meowv.Blog",     "datetime": "2021-10-05 10:18:02,184",     "description": "binance 现货binancewebsocket_Closed",   "level": "ERROR",     "info": "" }
 {     "system": "Meowv.Blog",     "datetime": "2021-10-05 10:18:07,188",     "description": "binance 现货binance websocket_Error",   "level": "ERROR",     "info": "" }
 {     "system": "Meowv.Blog",     "datetime": "2021-10-05 10:18:11,384",     "description": "binance 现货binancewebsocket_Closed",   "level": "ERROR",     "info": "" }
 {     "system": "Meowv.Blog",     "datetime": "2021-10-05 10:18:16,634",     "description": "应用程序出现异常，请重新启动！异常情况如下:
WebSocketSharp.WebSocketException: An exception has occurred while reading an HTTP request/response.
 ---> System.IO.EndOfStreamException: The header cannot be read from the data source.
   at WebSocketSharp.HttpBase.<>c__DisplayClass13_0.<readHeaders>b__0(Int32 i) in E:\Projext\gitAllTradeData\TradeDataPJ\websocket-sharp-core\HttpBase.cs:line 128
   at WebSocketSharp.Ext.EqualsWith(Int32 value, Char c, Action`1 action) in E:\Projext\gitAllTradeData\TradeDataPJ\websocket-sharp-core\Ext.cs:line 389
   at WebSocketSharp.HttpBase.readHeaders(Stream stream, Int32 maxLength) in E:\Projext\gitAllTradeData\TradeDataPJ\websocket-sharp-core\HttpBase.cs:line 134
   at WebSocketSharp.HttpBase.Read[T](Stream stream, Func`2 parser, Int32 millisecondsTimeout) in E:\Projext\gitAllTradeData\TradeDataPJ\websocket-sharp-core\HttpBase.cs:line 172
   --- End of inner exception stack trace ---
   at WebSocketSharp.HttpBase.Read[T](Stream stream, Func`2 parser, Int32 millisecondsTimeout) in E:\Projext\gitAllTradeData\TradeDataPJ\websocket-sharp-core\HttpBase.cs:line 194
   at WebSocketSharp.HttpRequest.GetResponse(Stream stream, Int32 millisecondsTimeout) in E:\Projext\gitAllTradeData\TradeDataPJ\websocket-sharp-core\HttpRequest.cs:line 162
   at WebSocketSharp.WebSocket.sendHttpRequest(HttpRequest request, Int32 millisecondsTimeout) in E:\Projext\gitAllTradeData\TradeDataPJ\websocket-sharp-core\WebSocket.cs:line 1727
   at WebSocketSharp.WebSocket.sendProxyConnectRequest() in E:\Projext\gitAllTradeData\TradeDataPJ\websocket-sharp-core\WebSocket.cs:line 1744
   at System.Threading.Tasks.Task.<>c.<ThrowAsync>b__139_1(Object state)
   at System.Threading.QueueUserWorkItemCallbackDefaultContext.Execute()
   at System.Threading.ThreadPoolWorkQueue.Dispatch()",   "level": "ERROR",     "info": "" }
 {     "system": "Meowv.Blog",     "datetime": "2021-10-05 10:18:16,634",     "description": "应用程序出现异常，请重新启动！",   "level": "ERROR",     "info": "" }
 {     "system": "Meowv.Blog",     "datetime": "2021-10-05 10:25:49,770",     "description": "binance 现货binancewebsocket_Closed",   "level": "ERROR",     "info": "" }
 {     "system": "Meowv.Blog",     "datetime": "2021-10-05 10:25:49,790",     "description": "binance 现货binance websocket_Error",   "level": "ERROR",     "info": "" }
 {     "system": "Meowv.Blog",     "datetime": "2021-10-05 10:25:51,477",     "description": "binance 现货binancewebsocket_Closed",   "level": "ERROR",     "info": "" }
 {     "system": "Meowv.Blog",     "datetime": "2021-10-05 10:25:56,479",     "description": "binance 现货binance websocket_Error",   "level": "ERROR",     "info": "" }
 {     "system": "Meowv.Blog",     "datetime": "2021-10-05 10:25:57,826",     "description": "binance 现货binancewebsocket_Closed",   "level": "ERROR",     "info": "" }
 {     "system": "Meowv.Blog",     "datetime": "2021-10-05 10:26:02,827",     "description": "binance 现货binance websocket_Error",   "level": "ERROR",     "info": "" }
 {     "system": "Meowv.Blog",     "datetime": "2021-10-05 10:26:06,017",     "description": "binance 现货binancewebsocket_Closed",   "level": "ERROR",     "info": "" }
 {     "system": "Meowv.Blog",     "datetime": "2021-10-05 10:26:11,018",     "description": "binance 现货binance websocket_Error",   "level": "ERROR",     "info": "" }
 {     "system": "Meowv.Blog",     "datetime": "2021-10-05 10:26:12,849",     "description": "binance 现货binancewebsocket_Closed",   "level": "ERROR",     "info": "" }
 {     "system": "Meowv.Blog",     "datetime": "2021-10-05 10:26:17,853",     "description": "binance 现货binance websocket_Error",   "level": "ERROR",     "info": "" }
 {     "system": "Meowv.Blog",     "datetime": "2021-10-05 10:26:19,302",     "description": "binance 现货binancewebsocket_Closed",   "level": "ERROR",     "info": "" }
 {     "system": "Meowv.Blog",     "datetime": "2021-10-05 10:26:24,305",     "description": "binance 现货binance websocket_Error",   "level": "ERROR",     "info": "" }
 {     "system": "Meowv.Blog",     "datetime": "2021-10-05 10:26:25,711",     "description": "binance 现货binancewebsocket_Closed",   "level": "ERROR",     "info": "" }
 {     "system": "Meowv.Blog",     "datetime": "2021-10-05 10:26:30,714",     "description": "binance 现货binance websocket_Error",   "level": "ERROR",     "info": "" }
 {     "system": "Meowv.Blog",     "datetime": "2021-10-05 10:26:39,263",     "description": "binance 现货binancewebsocket_Closed",   "level": "ERROR",     "info": "" }
 {     "system": "Meowv.Blog",     "datetime": "2021-10-05 10:26:44,266",     "description": "binance 现货binance websocket_Error",   "level": "ERROR",     "info": "" }