
 {     "system": "Meowv.Blog",     "datetime": "2021-10-05 14:02:22,192",     "description": "binance U本位 WebSocket_Closed",   "level": "ERROR",     "info": "" }
 {     "system": "Meowv.Blog",     "datetime": "2021-10-05 14:02:22,338",     "description": "binance 币本位 WebSocket_Closed",   "level": "ERROR",     "info": "" }
 {     "system": "Meowv.Blog",     "datetime": "2021-10-05 14:02:24,400",     "description": "binance U本位 WebSocket_Closed",   "level": "ERROR",     "info": "" }
 {     "system": "Meowv.Blog",     "datetime": "2021-10-05 14:02:24,400",     "description": "binance 币本位 WebSocket_Closed",   "level": "ERROR",     "info": "" }
 {     "system": "Meowv.Blog",     "datetime": "2021-10-05 14:02:26,941",     "description": "binance U本位 WebSocket_Opened",   "level": "ERROR",     "info": "" }
 {     "system": "Meowv.Blog",     "datetime": "2021-10-05 14:02:39,252",     "description": "binance 币本位 WebSocket_Opened",   "level": "ERROR",     "info": "" }
 {     "system": "Meowv.Blog",     "datetime": "2021-10-05 14:03:53,284",     "description": "获取hash redis失败,失败的keyLQTimeStamphuobi_swap_liquidation_orders_SHIB失败原因:Index was outside the bounds of the array.",   "level": "ERROR",     "info": "" }
 {     "system": "Meowv.Blog",     "datetime": "2021-10-05 14:04:49,134",     "description": "获取hash redis失败,失败的keyLQTimeStamphuobi_swap_liquidation_orders_ICP失败原因:Index was outside the bounds of the array.",   "level": "ERROR",     "info": "" }
 {     "system": "Meowv.Blog",     "datetime": "2021-10-05 14:10:26,558",     "description": "获取hash redis失败,失败的keyLQTimeStamphuobi_usdtswap_liquidation_orders_SHIB失败原因:Index was outside the bounds of the array.",   "level": "ERROR",     "info": "" }
 {     "system": "Meowv.Blog",     "datetime": "2021-10-05 14:12:12,808",     "description": "获取hash redis失败,失败的keyLQTimeStampokex_usdtswap_liquidation_orders_AXS-USDT-SWAP失败原因:Index was outside the bounds of the array.",   "level": "ERROR",     "info": "" }
 {     "system": "Meowv.Blog",     "datetime": "2021-10-05 14:13:21,737",     "description": "获取hash redis失败,失败的keyLQTimeStampokex_usdtswap_liquidation_orders_DYDX-USDT-SWAP失败原因:Index was outside the bounds of the array.",   "level": "ERROR",     "info": "" }
 {     "system": "Meowv.Blog",     "datetime": "2021-10-05 14:13:59,316",     "description": "获取hash redis失败,失败的keyLQTimeStampokex_usdtswap_liquidation_orders_AGLD-USDT-SWAP失败原因:Index was outside the bounds of the array.",   "level": "ERROR",     "info": "" }
 {     "system": "Meowv.Blog",     "datetime": "2021-10-05 14:16:30,661",     "description": "获取hash redis失败,失败的keyLQTimeStamphuobi_swap_liquidation_orders_WOO失败原因:Index was outside the bounds of the array.",   "level": "ERROR",     "info": "" }
 {     "system": "Meowv.Blog",     "datetime": "2021-10-05 14:16:31,929",     "description": "获取hash redis失败,失败的keyLQTimeStamphuobi_swap_liquidation_orders_XCH失败原因:Index was outside the bounds of the array.",   "level": "ERROR",     "info": "" }
 {     "system": "Meowv.Blog",     "datetime": "2021-10-05 14:17:20,016",     "description": "获取hash redis失败,失败的keyLQTimeStampokex_usdtswap_liquidation_orders_BZZ-USDT-SWAP失败原因:Index was outside the bounds of the array.",   "level": "ERROR",     "info": "" }
 {     "system": "Meowv.Blog",     "datetime": "2021-10-05 14:17:23,517",     "description": "获取hash redis失败,失败的keyLQTimeStampokex_usdtswap_liquidation_orders_CELO-USDT-SWAP失败原因:Index was outside the bounds of the array.",   "level": "ERROR",     "info": "" }
 {     "system": "Meowv.Blog",     "datetime": "2021-10-05 14:18:26,506",     "description": "获取hash redis失败,失败的keyLQTimeStampokex_usdtswap_liquidation_orders_CQT-USDT-SWAP失败原因:Index was outside the bounds of the array.",   "level": "ERROR",     "info": "" }
 {     "system": "Meowv.Blog",     "datetime": "2021-10-05 14:18:41,140",     "description": "获取hash redis失败,失败的keyLQTimeStampokex_usdtswap_liquidation_orders_CSPR-USDT-SWAP失败原因:Index was outside the bounds of the array.",   "level": "ERROR",     "info": "" }
 {     "system": "Meowv.Blog",     "datetime": "2021-10-05 14:19:25,122",     "description": "获取hash redis失败,失败的keyLQTimeStampokex_usdtswap_liquidation_orders_EFI-USDT-SWAP失败原因:Index was outside the bounds of the array.",   "level": "ERROR",     "info": "" }
 {     "system": "Meowv.Blog",     "datetime": "2021-10-05 14:20:33,958",     "description": "获取hash redis失败,失败的keyLQTimeStampokex_usdtswap_liquidation_orders_GALA-USDT-SWAP失败原因:Index was outside the bounds of the array.",   "level": "ERROR",     "info": "" }
 {     "system": "Meowv.Blog",     "datetime": "2021-10-05 14:20:51,569",     "description": "获取hash redis失败,失败的keyLQTimeStampokex_usdtswap_liquidation_orders_ICP-USDT-SWAP失败原因:Index was outside the bounds of the array.",   "level": "ERROR",     "info": "" }
 {     "system": "Meowv.Blog",     "datetime": "2021-10-05 14:21:12,650",     "description": "获取hash redis失败,失败的keyLQTimeStampokex_usdtswap_liquidation_orders_LAT-USDT-SWAP失败原因:Index was outside the bounds of the array.",   "level": "ERROR",     "info": "" }
 {     "system": "Meowv.Blog",     "datetime": "2021-10-05 14:21:26,907",     "description": "获取hash redis失败,失败的keyLQTimeStamphuobi_usdtswap_liquidation_orders_ICP失败原因:Index was outside the bounds of the array.",   "level": "ERROR",     "info": "" }
 {     "system": "Meowv.Blog",     "datetime": "2021-10-05 14:21:29,572",     "description": "获取hash redis失败,失败的keyLQTimeStampokex_usdtswap_liquidation_orders_LPT-USDT-SWAP失败原因:Index was outside the bounds of the array.",   "level": "ERROR",     "info": "" }
 {     "system": "Meowv.Blog",     "datetime": "2021-10-05 14:21:57,597",     "description": "获取hash redis失败,失败的keyLQTimeStampokex_usdtswap_liquidation_orders_MATIC-USDT-SWAP失败原因:Index was outside the bounds of the array.",   "level": "ERROR",     "info": "" }
 {     "system": "Meowv.Blog",     "datetime": "2021-10-05 14:22:06,146",     "description": "获取hash redis失败,失败的keyLQTimeStampokex_usdtswap_liquidation_orders_MINA-USDT-SWAP失败原因:Index was outside the bounds of the array.",   "level": "ERROR",     "info": "" }
 {     "system": "Meowv.Blog",     "datetime": "2021-10-05 14:25:07,444",     "description": "获取hash redis失败,失败的keyLQTimeStampokex_usdtswap_liquidation_orders_RVN-USDT-SWAP失败原因:Index was outside the bounds of the array.",   "level": "ERROR",     "info": "" }
 {     "system": "Meowv.Blog",     "datetime": "2021-10-05 14:26:15,687",     "description": "获取hash redis失败,失败的keyLQTimeStampokex_usdtswap_liquidation_orders_SHIB-USDT-SWAP失败原因:Index was outside the bounds of the array.",   "level": "ERROR",     "info": "" }
 {     "system": "Meowv.Blog",     "datetime": "2021-10-05 14:31:06,128",     "description": "获取hash redis失败,失败的keyLQTimeStampokex_usdtswap_liquidation_orders_SLP-USDT-SWAP失败原因:Index was outside the bounds of the array.",   "level": "ERROR",     "info": "" }
 {     "system": "Meowv.Blog",     "datetime": "2021-10-05 14:33:43,021",     "description": "获取hash redis失败,失败的keyLQTimeStampokex_usdtswap_liquidation_orders_WNCG-USDT-SWAP失败原因:Index was outside the bounds of the array.",   "level": "ERROR",     "info": "" }
 {     "system": "Meowv.Blog",     "datetime": "2021-10-05 14:33:56,069",     "description": "获取hash redis失败,失败的keyLQTimeStampokex_usdtswap_liquidation_orders_XCH-USDT-SWAP失败原因:Index was outside the bounds of the array.",   "level": "ERROR",     "info": "" }
 {     "system": "Meowv.Blog",     "datetime": "2021-10-05 14:35:17,944",     "description": "获取hash redis失败,失败的keyLQTimeStampokex_usdtswap_liquidation_orders_YGG-USDT-SWAP失败原因:Index was outside the bounds of the array.",   "level": "ERROR",     "info": "" }
 {     "system": "Meowv.Blog",     "datetime": "2021-10-05 14:37:04,133",     "description": "获取hash redis失败,失败的keyLQTimeStamphuobi_usdtswap_liquidation_orders_BADGER失败原因:Index was outside the bounds of the array.",   "level": "ERROR",     "info": "" }
 {     "system": "Meowv.Blog",     "datetime": "2021-10-05 14:39:21,537",     "description": "获取hash redis失败,失败的keyLQTimeStamphuobi_usdtswap_liquidation_orders_FORTH失败原因:Index was outside the bounds of the array.",   "level": "ERROR",     "info": "" }
 {     "system": "Meowv.Blog",     "datetime": "2021-10-05 14:39:36,898",     "description": "获取hash redis失败,失败的keyLQTimeStamphuobi_usdtswap_liquidation_orders_CSPR失败原因:Index was outside the bounds of the array.",   "level": "ERROR",     "info": "" }
 {     "system": "Meowv.Blog",     "datetime": "2021-10-05 14:39:47,718",     "description": "获取hash redis失败,失败的keyLQTimeStamphuobi_usdtswap_liquidation_orders_XCH失败原因:Index was outside the bounds of the array.",   "level": "ERROR",     "info": "" }
 {     "system": "Meowv.Blog",     "datetime": "2021-10-05 14:40:02,894",     "description": "获取hash redis失败,失败的keyLQTimeStamphuobi_usdtswap_liquidation_orders_CHR失败原因:Index was outside the bounds of the array.",   "level": "ERROR",     "info": "" }
 {     "system": "Meowv.Blog",     "datetime": "2021-10-05 14:40:08,037",     "description": "获取hash redis失败,失败的keyLQTimeStamphuobi_usdtswap_liquidation_orders_LAT失败原因:Index was outside the bounds of the array.",   "level": "ERROR",     "info": "" }
 {     "system": "Meowv.Blog",     "datetime": "2021-10-05 14:40:16,031",     "description": "获取hash redis失败,失败的keyLQTimeStamphuobi_usdtswap_liquidation_orders_O3失败原因:Index was outside the bounds of the array.",   "level": "ERROR",     "info": "" }
 {     "system": "Meowv.Blog",     "datetime": "2021-10-05 14:40:42,144",     "description": "获取hash redis失败,失败的keyLQTimeStamphuobi_usdtswap_liquidation_orders_AXS失败原因:Index was outside the bounds of the array.",   "level": "ERROR",     "info": "" }
 {     "system": "Meowv.Blog",     "datetime": "2021-10-05 14:44:57,590",     "description": "获取hash redis失败,失败的keyLQTimeStamphuobi_usdtswap_liquidation_orders_ACH失败原因:Index was outside the bounds of the array.",   "level": "ERROR",     "info": "" }
 {     "system": "Meowv.Blog",     "datetime": "2021-10-05 14:44:59,899",     "description": "获取hash redis失败,失败的keyLQTimeStamphuobi_usdtswap_liquidation_orders_FLOW失败原因:Index was outside the bounds of the array.",   "level": "ERROR",     "info": "" }
 {     "system": "Meowv.Blog",     "datetime": "2021-10-05 14:45:10,704",     "description": "获取hash redis失败,失败的keyLQTimeStamphuobi_usdtswap_liquidation_orders_NKN失败原因:Index was outside the bounds of the array.",   "level": "ERROR",     "info": "" }
 {     "system": "Meowv.Blog",     "datetime": "2021-10-05 14:45:16,041",     "description": "获取hash redis失败,失败的keyLQTimeStamphuobi_usdtswap_liquidation_orders_IOTX失败原因:Index was outside the bounds of the array.",   "level": "ERROR",     "info": "" }
 {     "system": "Meowv.Blog",     "datetime": "2021-10-05 14:45:25,501",     "description": "获取hash redis失败,失败的keyLQTimeStamphuobi_usdtswap_liquidation_orders_CTSI失败原因:Index was outside the bounds of the array.",   "level": "ERROR",     "info": "" }
 {     "system": "Meowv.Blog",     "datetime": "2021-10-05 14:45:36,518",     "description": "获取hash redis失败,失败的keyLQTimeStamphuobi_usdtswap_liquidation_orders_MIR失败原因:Index was outside the bounds of the array.",   "level": "ERROR",     "info": "" }
 {     "system": "Meowv.Blog",     "datetime": "2021-10-05 14:45:45,791",     "description": "获取hash redis失败,失败的keyLQTimeStamphuobi_usdtswap_liquidation_orders_SRM失败原因:Index was outside the bounds of the array.",   "level": "ERROR",     "info": "" }
 {     "system": "Meowv.Blog",     "datetime": "2021-10-05 14:45:50,223",     "description": "获取hash redis失败,失败的keyLQTimeStamphuobi_usdtswap_liquidation_orders_CLV失败原因:Index was outside the bounds of the array.",   "level": "ERROR",     "info": "" }
 {     "system": "Meowv.Blog",     "datetime": "2021-10-05 14:46:01,794",     "description": "获取hash redis失败,失败的keyLQTimeStamphuobi_usdtswap_liquidation_orders_SXP失败原因:Index was outside the bounds of the array.",   "level": "ERROR",     "info": "" }
 {     "system": "Meowv.Blog",     "datetime": "2021-10-05 14:46:11,789",     "description": "获取hash redis失败,失败的keyLQTimeStamphuobi_usdtswap_liquidation_orders_YGG失败原因:Index was outside the bounds of the array.",   "level": "ERROR",     "info": "" }
 {     "system": "Meowv.Blog",     "datetime": "2021-10-05 14:46:22,450",     "description": "获取hash redis失败,失败的keyLQTimeStamphuobi_usdtswap_liquidation_orders_TRIBE失败原因:Index was outside the bounds of the array.",   "level": "ERROR",     "info": "" }
 {     "system": "Meowv.Blog",     "datetime": "2021-10-05 14:46:41,707",     "description": "获取hash redis失败,失败的keyLQTimeStamphuobi_usdtswap_liquidation_orders_WAXP失败原因:Index was outside the bounds of the array.",   "level": "ERROR",     "info": "" }
 {     "system": "Meowv.Blog",     "datetime": "2021-10-05 14:46:50,367",     "description": "获取hash redis失败,失败的keyLQTimeStamphuobi_usdtswap_liquidation_orders_COTI失败原因:Index was outside the bounds of the array.",   "level": "ERROR",     "info": "" }
 {     "system": "Meowv.Blog",     "datetime": "2021-10-05 14:47:01,499",     "description": "获取hash redis失败,失败的keyLQTimeStamphuobi_usdtswap_liquidation_orders_C98失败原因:Index was outside the bounds of the array.",   "level": "ERROR",     "info": "" }
 {     "system": "Meowv.Blog",     "datetime": "2021-10-05 14:47:04,619",     "description": "获取hash redis失败,失败的keyLQTimeStamphuobi_usdtswap_liquidation_orders_AR失败原因:Index was outside the bounds of the array.",   "level": "ERROR",     "info": "" }
 {     "system": "Meowv.Blog",     "datetime": "2021-10-05 14:47:15,148",     "description": "获取hash redis失败,失败的keyLQTimeStamphuobi_usdtswap_liquidation_orders_ALICE失败原因:Index was outside the bounds of the array.",   "level": "ERROR",     "info": "" }
 {     "system": "Meowv.Blog",     "datetime": "2021-10-05 14:47:16,846",     "description": "获取hash redis失败,失败的keyLQTimeStamphuobi_usdtswap_liquidation_orders_DYDX失败原因:Index was outside the bounds of the array.",   "level": "ERROR",     "info": "" }
 {     "system": "Meowv.Blog",     "datetime": "2021-10-05 14:48:06,780",     "description": "获取hash redis失败,失败的keyLQTimeStamphuobi_usdtswap_liquidation_orders_AGLD失败原因:Index was outside the bounds of the array.",   "level": "ERROR",     "info": "" }
 {     "system": "Meowv.Blog",     "datetime": "2021-10-05 14:48:09,329",     "description": "获取hash redis失败,失败的keyLQTimeStamphuobi_usdtswap_liquidation_orders_OKB失败原因:Index was outside the bounds of the array.",   "level": "ERROR",     "info": "" }
 {     "system": "Meowv.Blog",     "datetime": "2021-10-05 14:48:13,261",     "description": "获取hash redis失败,失败的keyLQTimeStamphuobi_usdtswap_liquidation_orders_FTT失败原因:Index was outside the bounds of the array.",   "level": "ERROR",     "info": "" }
 {     "system": "Meowv.Blog",     "datetime": "2021-10-05 14:48:19,566",     "description": "获取hash redis失败,失败的keyLQTimeStamphuobi_usdtswap_liquidation_orders_GALA失败原因:Index was outside the bounds of the array.",   "level": "ERROR",     "info": "" }
 {     "system": "Meowv.Blog",     "datetime": "2021-10-05 14:48:24,925",     "description": "获取hash redis失败,失败的keyLQTimeStamphuobi_usdtswap_liquidation_orders_QNT失败原因:Index was outside the bounds of the array.",   "level": "ERROR",     "info": "" }
 {     "system": "Meowv.Blog",     "datetime": "2021-10-05 14:48:29,456",     "description": "获取hash redis失败,失败的keyLQTimeStamphuobi_usdtswap_liquidation_orders_EGLD失败原因:Index was outside the bounds of the array.",   "level": "ERROR",     "info": "" }
 {     "system": "Meowv.Blog",     "datetime": "2021-10-05 14:48:35,784",     "description": "获取hash redis失败,失败的keyLQTimeStamphuobi_usdtswap_liquidation_orders_XEC失败原因:Index was outside the bounds of the array.",   "level": "ERROR",     "info": "" }
 {     "system": "Meowv.Blog",     "datetime": "2021-10-05 14:51:58,669",     "description": "binance 币本位 WebSocket_Closed",   "level": "ERROR",     "info": "" }
 {     "system": "Meowv.Blog",     "datetime": "2021-10-05 14:52:00,171",     "description": "binance 币本位 WebSocket_Closed",   "level": "ERROR",     "info": "" }