
 {     "system": "Meowv.Blog",     "datetime": "2021-04-14 15:23:14,885",     "description": "karken信息转化错误，错误信息：Cannot deserialize the current JSON object (e.g. {"name":"value"}) into type 'System.Collections.Generic.List`1[GetTradeHistoryData.Karken]' because the type requires a JSON array (e.g. [1,2,3]) to deserialize correctly.
To fix this error either change the JSON to a JSON array (e.g. [1,2,3]) or change the deserialized type so that it is a normal .NET type (e.g. not a primitive type like integer, not a collection type like an array or List<T>) that can be deserialized from a JSON object. JsonObjectAttribute can also be added to the type to force it to deserialize from a JSON object.
Path 'event', line 2, position 10.",   "level": "ERROR",     "info": "" }
 {     "system": "Meowv.Blog",     "datetime": "2021-04-14 15:23:14,886",     "description": "karken 信息转化错误，错误的信息源：{"event":"info","version":1}",   "level": "ERROR",     "info": "" }
 {     "system": "Meowv.Blog",     "datetime": "2021-04-14 15:23:14,930",     "description": "应用程序出现异常，请重新启动！异常情况如下:
Newtonsoft.Json.JsonReaderException: Unexpected character encountered while parsing value: p. Path '', line 0, position 0.
   at Newtonsoft.Json.JsonTextReader.ParseValue()
   at Newtonsoft.Json.JsonReader.ReadAndMoveToContent()
   at Newtonsoft.Json.JsonReader.ReadForType(JsonContract contract, Boolean hasConverter)
   at Newtonsoft.Json.Serialization.JsonSerializerInternalReader.Deserialize(JsonReader reader, Type objectType, Boolean checkAdditionalContent)
   at Newtonsoft.Json.JsonSerializer.DeserializeInternal(JsonReader reader, Type objectType)
   at Newtonsoft.Json.JsonSerializer.Deserialize(JsonReader reader, Type objectType)
   at Newtonsoft.Json.JsonConvert.DeserializeObject(String value, Type type, JsonSerializerSettings settings)
   at Newtonsoft.Json.JsonConvert.DeserializeObject(String value)
   at GetTradeHistoryData.JsonExt.ToJson(String Json) in C:\Users\admin\Desktop\EXCHANGESQL\chenxu\GetTradeHistoryData\Unit\jsonext.cs:line 15
   at GetTradeHistoryData.KarkenFutureWSocketClient.SendMessage(String Message) in C:\Users\admin\Desktop\EXCHANGESQL\chenxu\GetTradeHistoryData\Futures\KARKEN\KarkenWSocketClient.cs:line 368
   at GetTradeHistoryData.Program.Main(String[] args) in C:\Users\admin\Desktop\EXCHANGESQL\chenxu\GetTradeHistoryData\Program - 复制.cs:line 59",   "level": "ERROR",     "info": "" }
 {     "system": "Meowv.Blog",     "datetime": "2021-04-14 15:23:14,930",     "description": "应用程序出现异常，请重新启动！",   "level": "ERROR",     "info": "" }
 {     "system": "Meowv.Blog",     "datetime": "2021-04-14 15:23:37,512",     "description": "karken信息转化错误，错误信息：Cannot deserialize the current JSON object (e.g. {"name":"value"}) into type 'System.Collections.Generic.List`1[GetTradeHistoryData.Karken]' because the type requires a JSON array (e.g. [1,2,3]) to deserialize correctly.
To fix this error either change the JSON to a JSON array (e.g. [1,2,3]) or change the deserialized type so that it is a normal .NET type (e.g. not a primitive type like integer, not a collection type like an array or List<T>) that can be deserialized from a JSON object. JsonObjectAttribute can also be added to the type to force it to deserialize from a JSON object.
Path 'event', line 2, position 10.",   "level": "ERROR",     "info": "" }
 {     "system": "Meowv.Blog",     "datetime": "2021-04-14 15:23:37,512",     "description": "karken 信息转化错误，错误的信息源：{"event":"info","version":1}",   "level": "ERROR",     "info": "" }
 {     "system": "Meowv.Blog",     "datetime": "2021-04-14 15:23:39,598",     "description": "应用程序出现异常，请重新启动！异常情况如下:
Newtonsoft.Json.JsonReaderException: Unexpected character encountered while parsing value: p. Path '', line 0, position 0.
   at Newtonsoft.Json.JsonTextReader.ParseValue()
   at Newtonsoft.Json.JsonReader.ReadAndMoveToContent()
   at Newtonsoft.Json.JsonReader.ReadForType(JsonContract contract, Boolean hasConverter)
   at Newtonsoft.Json.Serialization.JsonSerializerInternalReader.Deserialize(JsonReader reader, Type objectType, Boolean checkAdditionalContent)
   at Newtonsoft.Json.JsonSerializer.DeserializeInternal(JsonReader reader, Type objectType)
   at Newtonsoft.Json.JsonSerializer.Deserialize(JsonReader reader, Type objectType)
   at Newtonsoft.Json.JsonConvert.DeserializeObject(String value, Type type, JsonSerializerSettings settings)
   at Newtonsoft.Json.JsonConvert.DeserializeObject(String value)
   at GetTradeHistoryData.JsonExt.ToJson(String Json) in C:\Users\admin\Desktop\EXCHANGESQL\chenxu\GetTradeHistoryData\Unit\jsonext.cs:line 15
   at GetTradeHistoryData.KarkenFutureWSocketClient.SendMessage(String Message) in C:\Users\admin\Desktop\EXCHANGESQL\chenxu\GetTradeHistoryData\Futures\KARKEN\KarkenWSocketClient.cs:line 368
   at GetTradeHistoryData.Program.Main(String[] args) in C:\Users\admin\Desktop\EXCHANGESQL\chenxu\GetTradeHistoryData\Program - 复制.cs:line 59",   "level": "ERROR",     "info": "" }
 {     "system": "Meowv.Blog",     "datetime": "2021-04-14 15:23:39,598",     "description": "应用程序出现异常，请重新启动！",   "level": "ERROR",     "info": "" }
 {     "system": "Meowv.Blog",     "datetime": "2021-04-14 15:24:53,126",     "description": "应用程序出现异常，请重新启动！异常情况如下:
Newtonsoft.Json.JsonReaderException: Unexpected character encountered while parsing value: p. Path '', line 0, position 0.
   at Newtonsoft.Json.JsonTextReader.ParseValue()
   at Newtonsoft.Json.JsonReader.ReadAndMoveToContent()
   at Newtonsoft.Json.JsonReader.ReadForType(JsonContract contract, Boolean hasConverter)
   at Newtonsoft.Json.Serialization.JsonSerializerInternalReader.Deserialize(JsonReader reader, Type objectType, Boolean checkAdditionalContent)
   at Newtonsoft.Json.JsonSerializer.DeserializeInternal(JsonReader reader, Type objectType)
   at Newtonsoft.Json.JsonSerializer.Deserialize(JsonReader reader, Type objectType)
   at Newtonsoft.Json.JsonConvert.DeserializeObject(String value, Type type, JsonSerializerSettings settings)
   at Newtonsoft.Json.JsonConvert.DeserializeObject(String value)
   at GetTradeHistoryData.JsonExt.ToJson(String Json) in C:\Users\admin\Desktop\EXCHANGESQL\chenxu\GetTradeHistoryData\Unit\jsonext.cs:line 15
   at GetTradeHistoryData.KarkenFutureWSocketClient.SendMessage(String Message) in C:\Users\admin\Desktop\EXCHANGESQL\chenxu\GetTradeHistoryData\Futures\KARKEN\KarkenWSocketClient.cs:line 368
   at GetTradeHistoryData.Program.Main(String[] args) in C:\Users\admin\Desktop\EXCHANGESQL\chenxu\GetTradeHistoryData\Program - 复制.cs:line 59",   "level": "ERROR",     "info": "" }
 {     "system": "Meowv.Blog",     "datetime": "2021-04-14 15:24:53,128",     "description": "应用程序出现异常，请重新启动！",   "level": "ERROR",     "info": "" }
 {     "system": "Meowv.Blog",     "datetime": "2021-04-14 15:28:02,605",     "description": "karken信息转化错误，错误信息：Cannot deserialize the current JSON object (e.g. {"name":"value"}) into type 'System.Collections.Generic.List`1[GetTradeHistoryData.Karken]' because the type requires a JSON array (e.g. [1,2,3]) to deserialize correctly.
To fix this error either change the JSON to a JSON array (e.g. [1,2,3]) or change the deserialized type so that it is a normal .NET type (e.g. not a primitive type like integer, not a collection type like an array or List<T>) that can be deserialized from a JSON object. JsonObjectAttribute can also be added to the type to force it to deserialize from a JSON object.
Path 'feed', line 2, position 9.",   "level": "ERROR",     "info": "" }
 {     "system": "Meowv.Blog",     "datetime": "2021-04-14 15:28:02,611",     "description": "karken 信息转化错误，错误的信息源：{"feed":"trade","product_id":"PI_LTCUSD","uid":"dcd8dae7-7d28-4515-9cd2-a5806b73ea8d","side":"sell","type":"fill","seq":8129,"time":1618385256486,"qty":454.0,"price":279.23}",   "level": "ERROR",     "info": "" }
 {     "system": "Meowv.Blog",     "datetime": "2021-04-14 15:28:28,591",     "description": "karken信息转化错误，错误信息：Cannot deserialize the current JSON object (e.g. {"name":"value"}) into type 'System.Collections.Generic.List`1[GetTradeHistoryData.Karken]' because the type requires a JSON array (e.g. [1,2,3]) to deserialize correctly.
To fix this error either change the JSON to a JSON array (e.g. [1,2,3]) or change the deserialized type so that it is a normal .NET type (e.g. not a primitive type like integer, not a collection type like an array or List<T>) that can be deserialized from a JSON object. JsonObjectAttribute can also be added to the type to force it to deserialize from a JSON object.
Path 'feed', line 2, position 9.",   "level": "ERROR",     "info": "" }
 {     "system": "Meowv.Blog",     "datetime": "2021-04-14 15:33:02,426",     "description": "karken信息转化错误，错误信息：Invalid cast from 'Int64' to 'DateTime'.",   "level": "ERROR",     "info": "" }
 {     "system": "Meowv.Blog",     "datetime": "2021-04-14 15:33:02,430",     "description": "karken 信息转化错误，错误的信息源：{"feed":"trade","product_id":"PI_XRPUSD","uid":"9700df29-2161-4897-9ec6-0139c8852424","side":"sell","type":"fill","seq":24306,"time":1618385572694,"qty":2892.0,"price":1.9165}",   "level": "ERROR",     "info": "" }
 {     "system": "Meowv.Blog",     "datetime": "2021-04-14 15:34:05,290",     "description": "karken信息转化错误，错误信息：Invalid cast from 'Int64' to 'DateTime'.",   "level": "ERROR",     "info": "" }
 {     "system": "Meowv.Blog",     "datetime": "2021-04-14 15:34:05,290",     "description": "karken 信息转化错误，错误的信息源：{"feed":"trade","product_id":"PI_XRPUSD","uid":"5c9044df-0d3d-4d99-a5b9-b20b558283c1","side":"sell","type":"fill","seq":24307,"time":1618385572694,"qty":3138.0,"price":1.9164}",   "level": "ERROR",     "info": "" }
 {     "system": "Meowv.Blog",     "datetime": "2021-04-14 15:34:57,989",     "description": "karken信息转化错误，错误信息：Invalid cast from 'Int64' to 'DateTime'.",   "level": "ERROR",     "info": "" }
 {     "system": "Meowv.Blog",     "datetime": "2021-04-14 15:34:57,989",     "description": "karken 信息转化错误，错误的信息源：{"feed":"trade","product_id":"FI_XRPUSD_210625","uid":"1e66d0c6-73e2-4fa5-89f6-5cc2803a1d9a","side":"sell","type":"fill","seq":7432,"time":1618385572756,"qty":427.0,"price":2.0846}",   "level": "ERROR",     "info": "" }