
 {     "system": "Meowv.Blog",     "datetime": "2021-09-22 10:50:44,836",     "description": "开始获取币本位永续huobi数据",   "level": "INFO",     "info": "" }
 {     "system": "Meowv.Blog",     "datetime": "2021-09-22 10:50:52,020",     "description": " websocket_Opened",   "level": "INFO",     "info": "" }
 {     "system": "Meowv.Blog",     "datetime": "2021-09-22 10:50:55,408",     "description": "火币币本位永续当前状态Open-----True-----True2021-09-22 10:50:55",   "level": "INFO",     "info": "" }
 {     "system": "Meowv.Blog",     "datetime": "2021-09-22 10:51:04,751",     "description": "火币币本位永续当前状态Open-----True-----True2021-09-22 10:51:04",   "level": "INFO",     "info": "" }
 {     "system": "Meowv.Blog",     "datetime": "2021-09-22 10:51:12,849",     "description": "火币币本位永续当前状态Open-----True-----True2021-09-22 10:51:12",   "level": "INFO",     "info": "" }
 {     "system": "Meowv.Blog",     "datetime": "2021-09-22 10:51:21,251",     "description": "火币币本位永续当前状态Open-----True-----True2021-09-22 10:51:21",   "level": "INFO",     "info": "" }
 {     "system": "Meowv.Blog",     "datetime": "2021-09-22 10:51:30,117",     "description": "火币币本位永续当前状态Open-----True-----True2021-09-22 10:51:30",   "level": "INFO",     "info": "" }
 {     "system": "Meowv.Blog",     "datetime": "2021-09-22 10:51:38,204",     "description": "火币币本位永续当前状态Open-----True-----True2021-09-22 10:51:38",   "level": "INFO",     "info": "" }
 {     "system": "Meowv.Blog",     "datetime": "2021-09-22 10:52:18,004",     "description": "开始获取USDt永续 huobi数据",   "level": "INFO",     "info": "" }
 {     "system": "Meowv.Blog",     "datetime": "2021-09-22 10:52:18,005",     "description": "开始获取huobi交割数据",   "level": "INFO",     "info": "" }
 {     "system": "Meowv.Blog",     "datetime": "2021-09-22 10:52:18,023",     "description": "开始获取币本位永续huobi数据",   "level": "INFO",     "info": "" }
 {     "system": "Meowv.Blog",     "datetime": "2021-09-22 10:52:20,833",     "description": " websocket_Opened",   "level": "INFO",     "info": "" }
 {     "system": "Meowv.Blog",     "datetime": "2021-09-22 10:52:21,970",     "description": "火币季度当前状态Open-----True2021-09-22 10:52:21",   "level": "INFO",     "info": "" }
 {     "system": "Meowv.Blog",     "datetime": "2021-09-22 10:52:23,966",     "description": " websocket_Opened",   "level": "INFO",     "info": "" }
 {     "system": "Meowv.Blog",     "datetime": "2021-09-22 10:52:24,830",     "description": " websocket_Opened",   "level": "INFO",     "info": "" }
 {     "system": "Meowv.Blog",     "datetime": "2021-09-22 10:52:27,399",     "description": "火币币本位永续当前状态Open-----True-----True2021-09-22 10:52:27",   "level": "INFO",     "info": "" }
 {     "system": "Meowv.Blog",     "datetime": "2021-09-22 10:52:27,409",     "description": "火币USDT永续当前状态Open-----True-----True2021-09-22 10:52:27",   "level": "INFO",     "info": "" }
 {     "system": "Meowv.Blog",     "datetime": "2021-09-22 10:52:28,784",     "description": "火币季度当前状态Open-----True2021-09-22 10:52:28",   "level": "INFO",     "info": "" }
 {     "system": "Meowv.Blog",     "datetime": "2021-09-22 10:52:52,893",     "description": "开始获取币本位永续huobi数据",   "level": "INFO",     "info": "" }
 {     "system": "Meowv.Blog",     "datetime": "2021-09-22 10:52:52,893",     "description": "开始获取huobi交割数据",   "level": "INFO",     "info": "" }
 {     "system": "Meowv.Blog",     "datetime": "2021-09-22 10:52:52,899",     "description": "开始获取USDt永续 huobi数据",   "level": "INFO",     "info": "" }
 {     "system": "Meowv.Blog",     "datetime": "2021-09-22 10:52:55,864",     "description": " websocket_Opened",   "level": "INFO",     "info": "" }
 {     "system": "Meowv.Blog",     "datetime": "2021-09-22 10:52:57,121",     "description": "火币季度当前状态Open-----True2021-09-22 10:52:57",   "level": "INFO",     "info": "" }
 {     "system": "Meowv.Blog",     "datetime": "2021-09-22 10:52:59,022",     "description": " websocket_Opened",   "level": "INFO",     "info": "" }
 {     "system": "Meowv.Blog",     "datetime": "2021-09-22 10:52:59,112",     "description": " websocket_Opened",   "level": "INFO",     "info": "" }
 {     "system": "Meowv.Blog",     "datetime": "2021-09-22 10:53:01,025",     "description": "火币币本位永续当前状态Open-----True-----True2021-09-22 10:53:01",   "level": "INFO",     "info": "" }
 {     "system": "Meowv.Blog",     "datetime": "2021-09-22 10:53:01,093",     "description": "火币USDT永续当前状态Open-----True-----True2021-09-22 10:53:01",   "level": "INFO",     "info": "" }
 {     "system": "Meowv.Blog",     "datetime": "2021-09-22 10:53:04,014",     "description": "火币季度当前状态Open-----True2021-09-22 10:53:04",   "level": "INFO",     "info": "" }
 {     "system": "Meowv.Blog",     "datetime": "2021-09-22 10:53:08,938",     "description": "火币币本位永续当前状态Open-----True-----True2021-09-22 10:53:08",   "level": "INFO",     "info": "" }
 {     "system": "Meowv.Blog",     "datetime": "2021-09-22 10:53:09,278",     "description": "火币USDT永续当前状态Open-----True-----True2021-09-22 10:53:09",   "level": "INFO",     "info": "" }
 {     "system": "Meowv.Blog",     "datetime": "2021-09-22 10:53:10,902",     "description": "火币季度当前状态Open-----True2021-09-22 10:53:10",   "level": "INFO",     "info": "" }
 {     "system": "Meowv.Blog",     "datetime": "2021-09-22 10:53:16,778",     "description": "火币币本位永续当前状态Open-----True-----True2021-09-22 10:53:16",   "level": "INFO",     "info": "" }
 {     "system": "Meowv.Blog",     "datetime": "2021-09-22 10:53:17,324",     "description": "火币USDT永续当前状态Open-----True-----True2021-09-22 10:53:17",   "level": "INFO",     "info": "" }
 {     "system": "Meowv.Blog",     "datetime": "2021-09-22 10:53:17,769",     "description": "火币季度当前状态Open-----True2021-09-22 10:53:17",   "level": "INFO",     "info": "" }
 {     "system": "Meowv.Blog",     "datetime": "2021-09-22 10:53:24,632",     "description": "火币季度当前状态Open-----True2021-09-22 10:53:24",   "level": "INFO",     "info": "" }
 {     "system": "Meowv.Blog",     "datetime": "2021-09-22 10:53:24,707",     "description": "火币币本位永续当前状态Open-----True-----True2021-09-22 10:53:24",   "level": "INFO",     "info": "" }
 {     "system": "Meowv.Blog",     "datetime": "2021-09-22 10:53:25,409",     "description": "火币USDT永续当前状态Open-----True-----True2021-09-22 10:53:25",   "level": "INFO",     "info": "" }
 {     "system": "Meowv.Blog",     "datetime": "2021-09-22 10:53:31,527",     "description": "火币季度当前状态Open-----True2021-09-22 10:53:31",   "level": "INFO",     "info": "" }
 {     "system": "Meowv.Blog",     "datetime": "2021-09-22 10:53:32,662",     "description": "火币币本位永续当前状态Open-----True-----True2021-09-22 10:53:32",   "level": "INFO",     "info": "" }
 {     "system": "Meowv.Blog",     "datetime": "2021-09-22 10:53:33,642",     "description": "火币USDT永续当前状态Open-----True-----True2021-09-22 10:53:33",   "level": "INFO",     "info": "" }
 {     "system": "Meowv.Blog",     "datetime": "2021-09-22 10:53:38,410",     "description": "火币季度当前状态Open-----True2021-09-22 10:53:38",   "level": "INFO",     "info": "" }
 {     "system": "Meowv.Blog",     "datetime": "2021-09-22 10:53:40,568",     "description": "火币币本位永续当前状态Open-----True-----True2021-09-22 10:53:40",   "level": "INFO",     "info": "" }
 {     "system": "Meowv.Blog",     "datetime": "2021-09-22 10:53:41,570",     "description": "火币USDT永续当前状态Open-----True-----True2021-09-22 10:53:41",   "level": "INFO",     "info": "" }
 {     "system": "Meowv.Blog",     "datetime": "2021-09-22 10:53:45,507",     "description": "火币季度当前状态Open-----True2021-09-22 10:53:45",   "level": "INFO",     "info": "" }
 {     "system": "Meowv.Blog",     "datetime": "2021-09-22 10:53:48,451",     "description": "火币币本位永续当前状态Open-----True-----True2021-09-22 10:53:48",   "level": "INFO",     "info": "" }
 {     "system": "Meowv.Blog",     "datetime": "2021-09-22 10:53:49,382",     "description": "火币USDT永续当前状态Open-----True-----True2021-09-22 10:53:49",   "level": "INFO",     "info": "" }
 {     "system": "Meowv.Blog",     "datetime": "2021-09-22 10:53:52,422",     "description": "火币季度当前状态Open-----True2021-09-22 10:53:52",   "level": "INFO",     "info": "" }
 {     "system": "Meowv.Blog",     "datetime": "2021-09-22 10:53:56,301",     "description": "火币币本位永续当前状态Open-----True-----True2021-09-22 10:53:56",   "level": "INFO",     "info": "" }
 {     "system": "Meowv.Blog",     "datetime": "2021-09-22 10:53:57,171",     "description": "火币USDT永续当前状态Open-----True-----True2021-09-22 10:53:57",   "level": "INFO",     "info": "" }
 {     "system": "Meowv.Blog",     "datetime": "2021-09-22 10:53:59,716",     "description": "火币季度当前状态Open-----True2021-09-22 10:53:59",   "level": "INFO",     "info": "" }
 {     "system": "Meowv.Blog",     "datetime": "2021-09-22 10:54:04,234",     "description": "火币币本位永续当前状态Open-----True-----True2021-09-22 10:54:04",   "level": "INFO",     "info": "" }
 {     "system": "Meowv.Blog",     "datetime": "2021-09-22 10:54:05,304",     "description": "火币USDT永续当前状态Open-----True-----True2021-09-22 10:54:05",   "level": "INFO",     "info": "" }
 {     "system": "Meowv.Blog",     "datetime": "2021-09-22 10:54:06,859",     "description": "火币季度当前状态Open-----True2021-09-22 10:54:06",   "level": "INFO",     "info": "" }
 {     "system": "Meowv.Blog",     "datetime": "2021-09-22 10:56:53,182",     "description": "开始获取币本位永续huobi数据",   "level": "INFO",     "info": "" }
 {     "system": "Meowv.Blog",     "datetime": "2021-09-22 10:56:53,182",     "description": "开始获取huobi交割数据",   "level": "INFO",     "info": "" }
 {     "system": "Meowv.Blog",     "datetime": "2021-09-22 10:56:53,185",     "description": "开始获取USDt永续 huobi数据",   "level": "INFO",     "info": "" }
 {     "system": "Meowv.Blog",     "datetime": "2021-09-22 10:56:56,696",     "description": " websocket_Opened",   "level": "INFO",     "info": "" }
 {     "system": "Meowv.Blog",     "datetime": "2021-09-22 10:56:57,947",     "description": "火币季度当前状态Open-----True2021-09-22 10:56:57",   "level": "INFO",     "info": "" }
 {     "system": "Meowv.Blog",     "datetime": "2021-09-22 10:56:58,728",     "description": " websocket_Opened",   "level": "INFO",     "info": "" }
 {     "system": "Meowv.Blog",     "datetime": "2021-09-22 10:56:58,933",     "description": " websocket_Opened",   "level": "INFO",     "info": "" }
 {     "system": "Meowv.Blog",     "datetime": "2021-09-22 10:57:00,600",     "description": "火币币本位永续当前状态Open-----True-----True2021-09-22 10:57:00",   "level": "INFO",     "info": "" }
 {     "system": "Meowv.Blog",     "datetime": "2021-09-22 10:57:01,362",     "description": "火币USDT永续当前状态Open-----True-----True2021-09-22 10:57:01",   "level": "INFO",     "info": "" }
 {     "system": "Meowv.Blog",     "datetime": "2021-09-22 10:57:04,822",     "description": "火币季度当前状态Open-----True2021-09-22 10:57:04",   "level": "INFO",     "info": "" }
 {     "system": "Meowv.Blog",     "datetime": "2021-09-22 10:57:08,734",     "description": "火币币本位永续当前状态Open-----True-----True2021-09-22 10:57:08",   "level": "INFO",     "info": "" }
 {     "system": "Meowv.Blog",     "datetime": "2021-09-22 10:57:09,786",     "description": "火币USDT永续当前状态Open-----True-----True2021-09-22 10:57:09",   "level": "INFO",     "info": "" }
 {     "system": "Meowv.Blog",     "datetime": "2021-09-22 10:57:11,708",     "description": "火币季度当前状态Open-----True2021-09-22 10:57:11",   "level": "INFO",     "info": "" }
 {     "system": "Meowv.Blog",     "datetime": "2021-09-22 10:57:16,925",     "description": "火币币本位永续当前状态Open-----True-----True2021-09-22 10:57:16",   "level": "INFO",     "info": "" }
 {     "system": "Meowv.Blog",     "datetime": "2021-09-22 10:57:18,185",     "description": "火币USDT永续当前状态Open-----True-----True2021-09-22 10:57:18",   "level": "INFO",     "info": "" }
 {     "system": "Meowv.Blog",     "datetime": "2021-09-22 10:57:18,576",     "description": "火币季度当前状态Open-----True2021-09-22 10:57:18",   "level": "INFO",     "info": "" }
 {     "system": "Meowv.Blog",     "datetime": "2021-09-22 10:57:25,014",     "description": "火币币本位永续当前状态Open-----True-----True2021-09-22 10:57:25",   "level": "INFO",     "info": "" }
 {     "system": "Meowv.Blog",     "datetime": "2021-09-22 10:57:25,426",     "description": "火币季度当前状态Open-----True2021-09-22 10:57:25",   "level": "INFO",     "info": "" }
 {     "system": "Meowv.Blog",     "datetime": "2021-09-22 10:57:26,563",     "description": "火币USDT永续当前状态Open-----True-----True2021-09-22 10:57:26",   "level": "INFO",     "info": "" }
 {     "system": "Meowv.Blog",     "datetime": "2021-09-22 10:57:32,295",     "description": "火币季度当前状态Open-----True2021-09-22 10:57:32",   "level": "INFO",     "info": "" }
 {     "system": "Meowv.Blog",     "datetime": "2021-09-22 10:57:33,175",     "description": "火币币本位永续当前状态Open-----True-----True2021-09-22 10:57:33",   "level": "INFO",     "info": "" }
 {     "system": "Meowv.Blog",     "datetime": "2021-09-22 10:57:34,936",     "description": "火币USDT永续当前状态Open-----True-----True2021-09-22 10:57:34",   "level": "INFO",     "info": "" }
 {     "system": "Meowv.Blog",     "datetime": "2021-09-22 10:57:39,189",     "description": "火币季度当前状态Open-----True2021-09-22 10:57:39",   "level": "INFO",     "info": "" }
 {     "system": "Meowv.Blog",     "datetime": "2021-09-22 10:57:41,281",     "description": "火币币本位永续当前状态Open-----True-----True2021-09-22 10:57:41",   "level": "INFO",     "info": "" }
 {     "system": "Meowv.Blog",     "datetime": "2021-09-22 10:57:43,588",     "description": "火币USDT永续当前状态Open-----True-----True2021-09-22 10:57:43",   "level": "INFO",     "info": "" }
 {     "system": "Meowv.Blog",     "datetime": "2021-09-22 10:57:46,595",     "description": "火币季度当前状态Open-----True2021-09-22 10:57:46",   "level": "INFO",     "info": "" }
 {     "system": "Meowv.Blog",     "datetime": "2021-09-22 10:57:49,386",     "description": "火币币本位永续当前状态Open-----True-----True2021-09-22 10:57:49",   "level": "INFO",     "info": "" }
 {     "system": "Meowv.Blog",     "datetime": "2021-09-22 10:57:52,001",     "description": "火币USDT永续当前状态Open-----True-----True2021-09-22 10:57:52",   "level": "INFO",     "info": "" }