
 {     "system": "Meowv.Blog",     "datetime": "2021-10-07 17:18:03,300",     "description": "bybit 爆仓数据 WebSocket_Opened",   "level": "ERROR",     "info": "" }
 {     "system": "Meowv.Blog",     "datetime": "2021-10-07 17:18:03,313",     "description": "bybit 爆仓数据 WebSocket_Opened",   "level": "ERROR",     "info": "" }
 {     "system": "Meowv.Blog",     "datetime": "2021-10-07 17:18:03,955",     "description": "bybit 爆仓数据 {"success":true,"ret_msg":"","conn_id":"52935ade-3fd6-4a17-bbec-df94174783e7","request":{"op":"subscribe","args":["liquidation"]}}",   "level": "ERROR",     "info": "" }
 {     "system": "Meowv.Blog",     "datetime": "2021-10-07 17:18:06,774",     "description": "bybit 爆仓数据 {"success":false,"ret_msg":"error:unknown topic:liquidation.BTC,liquidation.ETH,liquidation.EOS,liquidation.XRP,liquidation.BCH,liquidation.LTC,liquidation.XTZ,liquidation.LINK,liquidation.ADA,liquidation.DOT,liquidation.UNI,liquidation.XEM,liquidation.SUSHI,liquidation.AAVE,liquidation.DOGE,liquidation.MATIC,liquidation.ETC,liquidation.BNB,liquidation.FIL,liquidation.SOL,liquidation.XLM,liquidation.TRX,liquidation.THETA,liquidation.COMP,liquidation.AXS,liquidation.AVAX,liquidation.ICP,liquidation.FTM,liquidation.ALGO","conn_id":"c65779f6-dd2c-4976-ac02-2e738db2341f","request":{"op":"subscribe","args":["liquidation.BTC,liquidation.ETH,liquidation.EOS,liquidation.XRP,liquidation.BCH,liquidation.LTC,liquidation.XTZ,liquidation.LINK,liquidation.ADA,liquidation.DOT,liquidation.UNI,liquidation.XEM,liquidation.SUSHI,liquidation.AAVE,liquidation.DOGE,liquidation.MATIC,liquidation.ETC,liquidation.BNB,liquidation.FIL,liquidation.SOL,liquidation.XLM,liquidation.TRX,liquidation.THETA,liquidation.COMP,liquidation.AXS,liquidation.AVAX,liquidation.ICP,liquidation.FTM,liquidation.ALGO"]}}",   "level": "ERROR",     "info": "" }
 {     "system": "Meowv.Blog",     "datetime": "2021-10-07 17:19:27,499",     "description": "bybit 爆仓数据 {"topic":"liquidation.ETHUSD","data":{"symbol":"ETHUSD","side":"Buy","price":"3530.15","qty":"85","time":1633598366447}}",   "level": "ERROR",     "info": "" }
 {     "system": "Meowv.Blog",     "datetime": "2021-10-07 17:19:28,337",     "description": "bybit 爆仓数据 {"topic":"liquidation.BTCUSD","data":{"symbol":"BTCUSD","side":"Buy","price":"53890.50","qty":"8","time":1633598366794}}",   "level": "ERROR",     "info": "" }
 {     "system": "Meowv.Blog",     "datetime": "2021-10-07 17:19:28,419",     "description": "bybit 爆仓数据 {"topic":"liquidation.ETHUSD","data":{"symbol":"ETHUSD","side":"Buy","price":"3528.60","qty":"2059","time":1633598368458}}",   "level": "ERROR",     "info": "" }
 {     "system": "Meowv.Blog",     "datetime": "2021-10-07 17:19:29,404",     "description": "bybit 爆仓数据 {"topic":"liquidation.BTCUSD","data":{"symbol":"BTCUSD","side":"Buy","price":"53877.50","qty":"6202","time":1633598368797}}",   "level": "ERROR",     "info": "" }
 {     "system": "Meowv.Blog",     "datetime": "2021-10-07 17:20:57,676",     "description": "bybit 爆仓数据 {"topic":"liquidation.EOSUSD","data":{"symbol":"EOSUSD","side":"Buy","price":"4.712","qty":"111","time":1633598457811}}",   "level": "ERROR",     "info": "" }
 {     "system": "Meowv.Blog",     "datetime": "2021-10-07 17:21:11,146",     "description": "bybit 爆仓数据 {"topic":"liquidation.BTCUSD","data":{"symbol":"BTCUSD","side":"Buy","price":"53872.00","qty":"666","time":1633598471138}}",   "level": "ERROR",     "info": "" }
 {     "system": "Meowv.Blog",     "datetime": "2021-10-07 17:21:12,859",     "description": "bybit 爆仓数据 {"topic":"liquidation.BTCUSD","data":{"symbol":"BTCUSD","side":"Buy","price":"53867.00","qty":"14","time":1633598472145}}",   "level": "ERROR",     "info": "" }
 {     "system": "Meowv.Blog",     "datetime": "2021-10-07 17:21:13,240",     "description": "bybit 爆仓数据 {"topic":"liquidation.BTCUSD","data":{"symbol":"BTCUSD","side":"Buy","price":"53866.50","qty":"8000","time":1633598473146}}",   "level": "ERROR",     "info": "" }
 {     "system": "Meowv.Blog",     "datetime": "2021-10-07 17:21:14,401",     "description": "bybit 爆仓数据 {"topic":"liquidation.BTCUSD","data":{"symbol":"BTCUSD","side":"Buy","price":"53863.00","qty":"53","time":1633598474169}}",   "level": "ERROR",     "info": "" }
 {     "system": "Meowv.Blog",     "datetime": "2021-10-07 17:21:22,167",     "description": "bybit 爆仓数据 {"topic":"liquidation.BTCUSD","data":{"symbol":"BTCUSD","side":"Buy","price":"53861.50","qty":"1030","time":1633598482175}}",   "level": "ERROR",     "info": "" }
 {     "system": "Meowv.Blog",     "datetime": "2021-10-07 17:21:22,782",     "description": "bybit 爆仓数据 {"topic":"liquidation.BTCUSDH22","data":{"symbol":"BTCUSDH22","side":"Buy","price":"56768.50","qty":"78","time":1633598482863}}",   "level": "ERROR",     "info": "" }
 {     "system": "Meowv.Blog",     "datetime": "2021-10-07 17:21:28,577",     "description": "bybit 爆仓数据 {"topic":"liquidation.BTCUSD","data":{"symbol":"BTCUSD","side":"Buy","price":"53838.50","qty":"290","time":1633598487194}}",   "level": "ERROR",     "info": "" }
 {     "system": "Meowv.Blog",     "datetime": "2021-10-07 17:21:29,522",     "description": "bybit 爆仓数据 {"topic":"liquidation.XRPUSD","data":{"symbol":"XRPUSD","side":"Buy","price":"1.0679","qty":"500","time":1633598489607}}",   "level": "ERROR",     "info": "" }
 {     "system": "Meowv.Blog",     "datetime": "2021-10-07 17:21:29,654",     "description": "bybit 爆仓数据 {"topic":"liquidation.ETHUSD","data":{"symbol":"ETHUSD","side":"Buy","price":"3526.30","qty":"328","time":1633598489786}}",   "level": "ERROR",     "info": "" }
 {     "system": "Meowv.Blog",     "datetime": "2021-10-07 17:21:34,780",     "description": "bybit 爆仓数据 {"topic":"liquidation.BTCUSD","data":{"symbol":"BTCUSD","side":"Buy","price":"53808.00","qty":"21000","time":1633598488207}}",   "level": "ERROR",     "info": "" }
 {     "system": "Meowv.Blog",     "datetime": "2021-10-07 17:21:35,790",     "description": "bybit 爆仓数据 {"topic":"liquidation.BTCUSDZ21","data":{"symbol":"BTCUSDZ21","side":"Buy","price":"55169.50","qty":"120","time":1633598488148}}",   "level": "ERROR",     "info": "" }
 {     "system": "Meowv.Blog",     "datetime": "2021-10-07 17:21:36,846",     "description": "bybit 爆仓数据 {"topic":"liquidation.EOSUSD","data":{"symbol":"EOSUSD","side":"Buy","price":"4.689","qty":"184","time":1633598496916}}",   "level": "ERROR",     "info": "" }
 {     "system": "Meowv.Blog",     "datetime": "2021-10-07 17:21:36,847",     "description": "bybit 爆仓数据 {"topic":"liquidation.BTCUSD","data":{"symbol":"BTCUSD","side":"Buy","price":"53775.50","qty":"45493","time":1633598489208}}",   "level": "ERROR",     "info": "" }
 {     "system": "Meowv.Blog",     "datetime": "2021-10-07 17:21:37,212",     "description": "bybit 爆仓数据 {"topic":"liquidation.BTCUSDZ21","data":{"symbol":"BTCUSDZ21","side":"Buy","price":"55108.50","qty":"2180","time":1633598489148}}",   "level": "ERROR",     "info": "" }
 {     "system": "Meowv.Blog",     "datetime": "2021-10-07 17:21:40,546",     "description": "bybit 爆仓数据 {"topic":"liquidation.BTCUSDH22","data":{"symbol":"BTCUSDH22","side":"Buy","price":"56683.00","qty":"379","time":1633598489864}}",   "level": "ERROR",     "info": "" }
 {     "system": "Meowv.Blog",     "datetime": "2021-10-07 17:21:46,791",     "description": "bybit 爆仓数据 {"topic":"liquidation.EOSUSD","data":{"symbol":"EOSUSD","side":"Buy","price":"4.685","qty":"41","time":1633598506942}}",   "level": "ERROR",     "info": "" }
 {     "system": "Meowv.Blog",     "datetime": "2021-10-07 17:21:50,831",     "description": "bybit 爆仓数据 {"topic":"liquidation.EOSUSD","data":{"symbol":"EOSUSD","side":"Buy","price":"4.684","qty":"16653","time":1633598510940}}",   "level": "ERROR",     "info": "" }
 {     "system": "Meowv.Blog",     "datetime": "2021-10-07 17:22:21,868",     "description": "bybit 爆仓数据 {"topic":"liquidation.EOSUSD","data":{"symbol":"EOSUSD","side":"Buy","price":"4.680","qty":"1","time":1633598542017}}",   "level": "ERROR",     "info": "" }
 {     "system": "Meowv.Blog",     "datetime": "2021-10-07 17:22:31,780",     "description": "bybit 爆仓数据 {"topic":"liquidation.XRPUSD","data":{"symbol":"XRPUSD","side":"Buy","price":"1.0671","qty":"3971","time":1633598551798}}",   "level": "ERROR",     "info": "" }
 {     "system": "Meowv.Blog",     "datetime": "2021-10-07 17:22:37,989",     "description": "bybit 爆仓数据 {"topic":"liquidation.EOSUSD","data":{"symbol":"EOSUSD","side":"Buy","price":"4.675","qty":"15","time":1633598558056}}",   "level": "ERROR",     "info": "" }
 {     "system": "Meowv.Blog",     "datetime": "2021-10-07 17:22:39,354",     "description": "bybit 爆仓数据 {"topic":"liquidation.BTCUSD","data":{"symbol":"BTCUSD","side":"Buy","price":"53755.00","qty":"70","time":1633598559432}}",   "level": "ERROR",     "info": "" }
 {     "system": "Meowv.Blog",     "datetime": "2021-10-07 17:22:39,797",     "description": "bybit 爆仓数据 {"topic":"liquidation.ETHUSD","data":{"symbol":"ETHUSD","side":"Buy","price":"3517.30","qty":"2708","time":1633598559966}}",   "level": "ERROR",     "info": "" }
 {     "system": "Meowv.Blog",     "datetime": "2021-10-07 17:22:40,715",     "description": "bybit 爆仓数据 {"topic":"liquidation.XRPUSD","data":{"symbol":"XRPUSD","side":"Buy","price":"1.0661","qty":"9350","time":1633598560843}}",   "level": "ERROR",     "info": "" }
 {     "system": "Meowv.Blog",     "datetime": "2021-10-07 17:22:41,299",     "description": "bybit 爆仓数据 {"topic":"liquidation.BTCUSD","data":{"symbol":"BTCUSD","side":"Buy","price":"53732.00","qty":"431","time":1633598561441}}",   "level": "ERROR",     "info": "" }
 {     "system": "Meowv.Blog",     "datetime": "2021-10-07 17:22:52,064",     "description": "bybit 爆仓数据 {"topic":"liquidation.EOSUSD","data":{"symbol":"EOSUSD","side":"Buy","price":"4.665","qty":"906","time":1633598572095}}",   "level": "ERROR",     "info": "" }
 {     "system": "Meowv.Blog",     "datetime": "2021-10-07 17:23:41,167",     "description": "bybit 爆仓数据 {"topic":"liquidation.ETHUSD","data":{"symbol":"ETHUSD","side":"Buy","price":"3516.40","qty":"7000","time":1633598621138}}",   "level": "ERROR",     "info": "" }
 {     "system": "Meowv.Blog",     "datetime": "2021-10-07 17:29:27,686",     "description": "bybit 爆仓数据 {"topic":"liquidation.BTCUSD","data":{"symbol":"BTCUSD","side":"Buy","price":"53730.00","qty":"18","time":1633598967766}}",   "level": "ERROR",     "info": "" }
 {     "system": "Meowv.Blog",     "datetime": "2021-10-07 17:30:11,836",     "description": "bybit 爆仓数据 {"topic":"liquidation.BTCUSD","data":{"symbol":"BTCUSD","side":"Buy","price":"53725.00","qty":"56","time":1633599011914}}",   "level": "ERROR",     "info": "" }
 {     "system": "Meowv.Blog",     "datetime": "2021-10-07 17:30:40,006",     "description": "bybit 爆仓数据 {"topic":"liquidation.BTCUSD","data":{"symbol":"BTCUSD","side":"Buy","price":"53722.50","qty":"6825","time":1633599040001}}",   "level": "ERROR",     "info": "" }
 {     "system": "Meowv.Blog",     "datetime": "2021-10-07 17:30:40,006",     "description": "bybit 爆仓数据 {"topic":"liquidation.XRPUSD","data":{"symbol":"XRPUSD","side":"Buy","price":"1.0652","qty":"49","time":1633599040170}}",   "level": "ERROR",     "info": "" }
 {     "system": "Meowv.Blog",     "datetime": "2021-10-07 17:30:50,057",     "description": "bybit 爆仓数据 {"topic":"liquidation.BTCUSD","data":{"symbol":"BTCUSD","side":"Buy","price":"53713.00","qty":"5213","time":1633599050031}}",   "level": "ERROR",     "info": "" }
 {     "system": "Meowv.Blog",     "datetime": "2021-10-07 17:30:51,555",     "description": "bybit 爆仓数据 {"topic":"liquidation.BTCUSD","data":{"symbol":"BTCUSD","side":"Buy","price":"53708.00","qty":"251","time":1633599051034}}",   "level": "ERROR",     "info": "" }
 {     "system": "Meowv.Blog",     "datetime": "2021-10-07 17:30:55,032",     "description": "bybit 爆仓数据 {"topic":"liquidation.XRPUSD","data":{"symbol":"XRPUSD","side":"Buy","price":"1.0650","qty":"1","time":1633599055212}}",   "level": "ERROR",     "info": "" }
 {     "system": "Meowv.Blog",     "datetime": "2021-10-07 17:30:57,131",     "description": "bybit 爆仓数据 {"topic":"liquidation.BTCUSD","data":{"symbol":"BTCUSD","side":"Buy","price":"53693.00","qty":"18","time":1633599057056}}",   "level": "ERROR",     "info": "" }
 {     "system": "Meowv.Blog",     "datetime": "2021-10-07 17:31:00,209",     "description": "bybit 爆仓数据 {"topic":"liquidation.BTCUSD","data":{"symbol":"BTCUSD","side":"Buy","price":"53693.50","qty":"306000","time":1633599058061}}",   "level": "ERROR",     "info": "" }
 {     "system": "Meowv.Blog",     "datetime": "2021-10-07 17:31:06,675",     "description": "bybit 爆仓数据 {"topic":"liquidation.BTCUSD","data":{"symbol":"BTCUSD","side":"Buy","price":"53665.50","qty":"39422","time":1633599059061}}",   "level": "ERROR",     "info": "" }
 {     "system": "Meowv.Blog",     "datetime": "2021-10-07 17:31:24,176",     "description": "bybit 爆仓数据 {"topic":"liquidation.XRPUSD","data":{"symbol":"XRPUSD","side":"Buy","price":"1.0641","qty":"12","time":1633599084330}}",   "level": "ERROR",     "info": "" }
 {     "system": "Meowv.Blog",     "datetime": "2021-10-07 17:31:29,224",     "description": "bybit 爆仓数据 {"topic":"liquidation.BTCUSD","data":{"symbol":"BTCUSD","side":"Buy","price":"53619.50","qty":"1","time":1633599089160}}",   "level": "ERROR",     "info": "" }
 {     "system": "Meowv.Blog",     "datetime": "2021-10-07 17:31:30,169",     "description": "bybit 爆仓数据 {"topic":"liquidation.BTCUSD","data":{"symbol":"BTCUSD","side":"Buy","price":"53633.00","qty":"1070","time":1633599090168}}",   "level": "ERROR",     "info": "" }
 {     "system": "Meowv.Blog",     "datetime": "2021-10-07 17:31:30,278",     "description": "bybit 爆仓数据 {"topic":"liquidation.XRPUSD","data":{"symbol":"XRPUSD","side":"Buy","price":"1.0639","qty":"195","time":1633599090345}}",   "level": "ERROR",     "info": "" }
 {     "system": "Meowv.Blog",     "datetime": "2021-10-07 17:31:32,136",     "description": "bybit 爆仓数据 {"topic":"liquidation.BTCUSD","data":{"symbol":"BTCUSD","side":"Buy","price":"53629.50","qty":"2049","time":1633599091172}}",   "level": "ERROR",     "info": "" }
 {     "system": "Meowv.Blog",     "datetime": "2021-10-07 17:31:33,183",     "description": "bybit 爆仓数据 {"topic":"liquidation.ETHUSD","data":{"symbol":"ETHUSD","side":"Buy","price":"3512.70","qty":"19835","time":1633599092462}}",   "level": "ERROR",     "info": "" }
 {     "system": "Meowv.Blog",     "datetime": "2021-10-07 17:31:33,620",     "description": "bybit 爆仓数据 {"topic":"liquidation.BTCUSD","data":{"symbol":"BTCUSD","side":"Buy","price":"53625.00","qty":"198556","time":1633599093173}}",   "level": "ERROR",     "info": "" }
 {     "system": "Meowv.Blog",     "datetime": "2021-10-07 17:31:34,398",     "description": "bybit 爆仓数据 {"topic":"liquidation.ETHUSD","data":{"symbol":"ETHUSD","side":"Buy","price":"3509.35","qty":"140","time":1633599094454}}",   "level": "ERROR",     "info": "" }
 {     "system": "Meowv.Blog",     "datetime": "2021-10-07 17:31:36,063",     "description": "bybit 爆仓数据 {"topic":"liquidation.BTCUSD","data":{"symbol":"BTCUSD","side":"Buy","price":"53621.00","qty":"2740","time":1633599096187}}",   "level": "ERROR",     "info": "" }
 {     "system": "Meowv.Blog",     "datetime": "2021-10-07 17:31:37,209",     "description": "bybit 爆仓数据 {"topic":"liquidation.BTCUSD","data":{"symbol":"BTCUSD","side":"Buy","price":"53618.00","qty":"7522","time":1633599097191}}",   "level": "ERROR",     "info": "" }
 {     "system": "Meowv.Blog",     "datetime": "2021-10-07 17:31:38,817",     "description": "bybit 爆仓数据 {"topic":"liquidation.BTCUSD","data":{"symbol":"BTCUSD","side":"Buy","price":"53603.50","qty":"20","time":1633599098195}}",   "level": "ERROR",     "info": "" }
 {     "system": "Meowv.Blog",     "datetime": "2021-10-07 17:31:40,119",     "description": "bybit 爆仓数据 {"topic":"liquidation.BTCUSD","data":{"symbol":"BTCUSD","side":"Buy","price":"53601.00","qty":"2969","time":1633599100208}}",   "level": "ERROR",     "info": "" }
 {     "system": "Meowv.Blog",     "datetime": "2021-10-07 17:31:41,564",     "description": "bybit 爆仓数据 {"topic":"liquidation.BTCUSD","data":{"symbol":"BTCUSD","side":"Buy","price":"53594.50","qty":"1942","time":1633599101216}}",   "level": "ERROR",     "info": "" }
 {     "system": "Meowv.Blog",     "datetime": "2021-10-07 17:32:19,380",     "description": "bybit 爆仓数据 {"topic":"liquidation.XRPUSD","data":{"symbol":"XRPUSD","side":"Buy","price":"1.0620","qty":"4543","time":1633599139481}}",   "level": "ERROR",     "info": "" }
 {     "system": "Meowv.Blog",     "datetime": "2021-10-07 17:32:20,285",     "description": "bybit 爆仓数据 {"topic":"liquidation.XRPUSD","data":{"symbol":"XRPUSD","side":"Buy","price":"1.0619","qty":"13","time":1633599140483}}",   "level": "ERROR",     "info": "" }
 {     "system": "Meowv.Blog",     "datetime": "2021-10-07 17:32:22,515",     "description": "bybit 爆仓数据 {"topic":"liquidation.ETHUSD","data":{"symbol":"ETHUSD","side":"Buy","price":"3507.30","qty":"1","time":1633599142594}}",   "level": "ERROR",     "info": "" }
 {     "system": "Meowv.Blog",     "datetime": "2021-10-07 17:32:27,554",     "description": "bybit 爆仓数据 {"topic":"liquidation.BTCUSD","data":{"symbol":"BTCUSD","side":"Buy","price":"53594.00","qty":"317","time":1633599147375}}",   "level": "ERROR",     "info": "" }
 {     "system": "Meowv.Blog",     "datetime": "2021-10-07 17:32:29,183",     "description": "bybit 爆仓数据 {"topic":"liquidation.BTCUSDH22","data":{"symbol":"BTCUSDH22","side":"Buy","price":"56475.50","qty":"937","time":1633599147862}}",   "level": "ERROR",     "info": "" }
 {     "system": "Meowv.Blog",     "datetime": "2021-10-07 17:32:37,424",     "description": "bybit 爆仓数据 {"topic":"liquidation.BTCUSD","data":{"symbol":"BTCUSD","side":"Buy","price":"53582.00","qty":"10","time":1633599157409}}",   "level": "ERROR",     "info": "" }
 {     "system": "Meowv.Blog",     "datetime": "2021-10-07 17:32:38,397",     "description": "bybit 爆仓数据 {"topic":"liquidation.BTCUSDZ21","data":{"symbol":"BTCUSDZ21","side":"Buy","price":"54939.00","qty":"21456","time":1633599158147}}",   "level": "ERROR",     "info": "" }
 {     "system": "Meowv.Blog",     "datetime": "2021-10-07 17:32:40,457",     "description": "bybit 爆仓数据 {"topic":"liquidation.EOSUSD","data":{"symbol":"EOSUSD","side":"Buy","price":"4.656","qty":"881","time":1633599160561}}",   "level": "ERROR",     "info": "" }
 {     "system": "Meowv.Blog",     "datetime": "2021-10-07 17:32:41,450",     "description": "bybit 爆仓数据 {"topic":"liquidation.BTCUSD","data":{"symbol":"BTCUSD","side":"Buy","price":"53582.00","qty":"159","time":1633599161418}}",   "level": "ERROR",     "info": "" }
 {     "system": "Meowv.Blog",     "datetime": "2021-10-07 17:32:43,268",     "description": "bybit 爆仓数据 {"topic":"liquidation.BTCUSD","data":{"symbol":"BTCUSD","side":"Buy","price":"53580.00","qty":"78","time":1633599163429}}",   "level": "ERROR",     "info": "" }
 {     "system": "Meowv.Blog",     "datetime": "2021-10-07 17:32:43,365",     "description": "bybit 爆仓数据 {"topic":"liquidation.EOSUSD","data":{"symbol":"EOSUSD","side":"Buy","price":"4.648","qty":"3","time":1633599163561}}",   "level": "ERROR",     "info": "" }
 {     "system": "Meowv.Blog",     "datetime": "2021-10-07 17:32:46,625",     "description": "bybit 爆仓数据 {"topic":"liquidation.BTCUSD","data":{"symbol":"BTCUSD","side":"Buy","price":"53574.00","qty":"567751","time":1633599166436}}",   "level": "ERROR",     "info": "" }
 {     "system": "Meowv.Blog",     "datetime": "2021-10-07 17:32:51,680",     "description": "bybit 爆仓数据 {"topic":"liquidation.BTCUSD","data":{"symbol":"BTCUSD","side":"Buy","price":"53567.50","qty":"50000","time":1633599171452}}",   "level": "ERROR",     "info": "" }
 {     "system": "Meowv.Blog",     "datetime": "2021-10-07 17:34:59,128",     "description": "bybit 爆仓数据 {"topic":"liquidation.BTCUSD","data":{"symbol":"BTCUSD","side":"Sell","price":"54450.00","qty":"22","time":1633599298885}}",   "level": "ERROR",     "info": "" }
 {     "system": "Meowv.Blog",     "datetime": "2021-10-07 17:35:01,240",     "description": "bybit 爆仓数据 {"topic":"liquidation.BTCUSD","data":{"symbol":"BTCUSD","side":"Sell","price":"54475.50","qty":"562","time":1633599300893}}",   "level": "ERROR",     "info": "" }
 {     "system": "Meowv.Blog",     "datetime": "2021-10-07 17:35:59,047",     "description": "bybit 爆仓数据 {"topic":"liquidation.BTCUSD","data":{"symbol":"BTCUSD","side":"Sell","price":"54505.50","qty":"15","time":1633599359077}}",   "level": "ERROR",     "info": "" }
 {     "system": "Meowv.Blog",     "datetime": "2021-10-07 17:36:07,932",     "description": "bybit 爆仓数据 {"topic":"liquidation.BTCUSD","data":{"symbol":"BTCUSD","side":"Sell","price":"54545.00","qty":"10767","time":1633599368101}}",   "level": "ERROR",     "info": "" }
 {     "system": "Meowv.Blog",     "datetime": "2021-10-07 17:36:10,879",     "description": "bybit 爆仓数据 {"topic":"liquidation.BTCUSD","data":{"symbol":"BTCUSD","side":"Sell","price":"54551.00","qty":"22","time":1633599370111}}",   "level": "ERROR",     "info": "" }
 {     "system": "Meowv.Blog",     "datetime": "2021-10-07 17:36:21,208",     "description": "bybit 爆仓数据 {"topic":"liquidation.BTCUSD","data":{"symbol":"BTCUSD","side":"Sell","price":"54665.00","qty":"22000","time":1633599381152}}",   "level": "ERROR",     "info": "" }
 {     "system": "Meowv.Blog",     "datetime": "2021-10-07 17:38:21,531",     "description": "bybit USDT爆仓数据 WebSocket_Closed",   "level": "ERROR",     "info": "" }
 {     "system": "Meowv.Blog",     "datetime": "2021-10-07 17:38:24,587",     "description": "bybit 爆仓数据 WebSocket_Opened",   "level": "ERROR",     "info": "" }
 {     "system": "Meowv.Blog",     "datetime": "2021-10-07 17:38:25,314",     "description": "bybit 爆仓数据 {"success":true,"ret_msg":"","conn_id":"1fa13c73-c39e-4560-8ccb-5597e1faf1b5","request":{"op":"subscribe","args":["liquidation"]}}",   "level": "ERROR",     "info": "" }
 {     "system": "Meowv.Blog",     "datetime": "2021-10-07 17:39:22,920",     "description": "bybit 爆仓数据 {"topic":"liquidation.BTCUSD","data":{"symbol":"BTCUSD","side":"Buy","price":"53911.00","qty":"21470","time":1633599562741}}",   "level": "ERROR",     "info": "" }
 {     "system": "Meowv.Blog",     "datetime": "2021-10-07 17:39:23,871",     "description": "bybit 爆仓数据 {"topic":"liquidation.BTCUSD","data":{"symbol":"BTCUSD","side":"Buy","price":"53903.00","qty":"182781","time":1633599563744}}",   "level": "ERROR",     "info": "" }
 {     "system": "Meowv.Blog",     "datetime": "2021-10-07 17:39:30,911",     "description": "bybit 爆仓数据 {"topic":"liquidation.BTCUSD","data":{"symbol":"BTCUSD","side":"Buy","price":"53885.50","qty":"220","time":1633599570766}}",   "level": "ERROR",     "info": "" }
 {     "system": "Meowv.Blog",     "datetime": "2021-10-07 17:39:33,815",     "description": "bybit 爆仓数据 {"topic":"liquidation.BTCUSD","data":{"symbol":"BTCUSD","side":"Buy","price":"53875.50","qty":"105","time":1633599573783}}",   "level": "ERROR",     "info": "" }
 {     "system": "Meowv.Blog",     "datetime": "2021-10-07 17:39:39,779",     "description": "bybit 爆仓数据 {"topic":"liquidation.BTCUSD","data":{"symbol":"BTCUSD","side":"Buy","price":"53847.50","qty":"3591","time":1633599579797}}",   "level": "ERROR",     "info": "" }
 {     "system": "Meowv.Blog",     "datetime": "2021-10-07 17:40:09,918",     "description": "bybit 爆仓数据 {"topic":"liquidation.BTCUSD","data":{"symbol":"BTCUSD","side":"Buy","price":"53834.00","qty":"7","time":1633599609889}}",   "level": "ERROR",     "info": "" }
 {     "system": "Meowv.Blog",     "datetime": "2021-10-07 17:40:11,800",     "description": "bybit 爆仓数据 {"topic":"liquidation.BTCUSD","data":{"symbol":"BTCUSD","side":"Buy","price":"53830.50","qty":"10","time":1633599611896}}",   "level": "ERROR",     "info": "" }
 {     "system": "Meowv.Blog",     "datetime": "2021-10-07 17:40:19,961",     "description": "bybit 爆仓数据 {"topic":"liquidation.BTCUSD","data":{"symbol":"BTCUSD","side":"Buy","price":"53802.50","qty":"260","time":1633599617916}}",   "level": "ERROR",     "info": "" }
 {     "system": "Meowv.Blog",     "datetime": "2021-10-07 17:40:34,354",     "description": "bybit 爆仓数据 {"topic":"liquidation.BTCUSD","data":{"symbol":"BTCUSD","side":"Buy","price":"53776.00","qty":"306","time":1633599633970}}",   "level": "ERROR",     "info": "" }
 {     "system": "Meowv.Blog",     "datetime": "2021-10-07 17:40:45,018",     "description": "bybit 爆仓数据 {"topic":"liquidation.BTCUSD","data":{"symbol":"BTCUSD","side":"Buy","price":"53763.00","qty":"33530","time":1633599645016}}",   "level": "ERROR",     "info": "" }
 {     "system": "Meowv.Blog",     "datetime": "2021-10-07 17:47:50,499",     "description": "bybit 爆仓数据 {"topic":"liquidation.BTCUSD","data":{"symbol":"BTCUSD","side":"Sell","price":"54626.50","qty":"188","time":1633600070432}}",   "level": "ERROR",     "info": "" }