
 {     "system": "Meowv.Blog",     "datetime": "2021-04-26 21:07:39,606",     "description": " websocket_Opened",   "level": "INFO",     "info": "" }
 {     "system": "Meowv.Blog",     "datetime": "2021-04-26 21:07:44,918",     "description": "ftx现货Open-----False2021/4/26 21:07:44",   "level": "INFO",     "info": "" }
 {     "system": "Meowv.Blog",     "datetime": "2021-04-26 21:08:04,921",     "description": " FTX现货websocket_Closed：WebSocketSharp.CloseEventArgs",   "level": "INFO",     "info": "" }
 {     "system": "Meowv.Blog",     "datetime": "2021-04-26 21:08:06,093",     "description": " websocket_Opened",   "level": "INFO",     "info": "" }
 {     "system": "Meowv.Blog",     "datetime": "2021-04-26 21:08:06,093",     "description": "ftx正在重连",   "level": "INFO",     "info": "" }
 {     "system": "Meowv.Blog",     "datetime": "2021-04-26 21:08:06,095",     "description": " FTX现货websocket_Closed：WebSocketSharp.CloseEventArgs",   "level": "INFO",     "info": "" }
 {     "system": "Meowv.Blog",     "datetime": "2021-04-26 21:08:11,112",     "description": " FTX现货websocket_Error：WebSocketSharp.ErrorEventArgs",   "level": "INFO",     "info": "" }
 {     "system": "Meowv.Blog",     "datetime": "2021-04-26 21:08:12,317",     "description": " websocket_Opened",   "level": "INFO",     "info": "" }
 {     "system": "Meowv.Blog",     "datetime": "2021-04-26 21:08:12,317",     "description": "ftx正在重连",   "level": "INFO",     "info": "" }
 {     "system": "Meowv.Blog",     "datetime": "2021-04-26 21:08:17,888",     "description": "ftx现货Open-----True2021/4/26 21:08:17",   "level": "INFO",     "info": "" }
 {     "system": "Meowv.Blog",     "datetime": "2021-04-26 21:08:23,760",     "description": "ftx现货Open-----True2021/4/26 21:08:23",   "level": "INFO",     "info": "" }
 {     "system": "Meowv.Blog",     "datetime": "2021-04-26 21:08:29,624",     "description": "ftx现货Open-----True2021/4/26 21:08:29",   "level": "INFO",     "info": "" }
 {     "system": "Meowv.Blog",     "datetime": "2021-04-26 21:08:35,484",     "description": "ftx现货Open-----True2021/4/26 21:08:35",   "level": "INFO",     "info": "" }
 {     "system": "Meowv.Blog",     "datetime": "2021-04-26 21:08:41,330",     "description": "ftx现货Open-----True2021/4/26 21:08:41",   "level": "INFO",     "info": "" }
 {     "system": "Meowv.Blog",     "datetime": "2021-04-26 21:08:47,187",     "description": "ftx现货Open-----True2021/4/26 21:08:47",   "level": "INFO",     "info": "" }
 {     "system": "Meowv.Blog",     "datetime": "2021-04-26 21:08:53,073",     "description": "ftx现货Open-----True2021/4/26 21:08:53",   "level": "INFO",     "info": "" }
 {     "system": "Meowv.Blog",     "datetime": "2021-04-26 21:08:58,918",     "description": "ftx现货Open-----True2021/4/26 21:08:58",   "level": "INFO",     "info": "" }
 {     "system": "Meowv.Blog",     "datetime": "2021-04-26 21:09:04,773",     "description": "ftx现货Open-----True2021/4/26 21:09:04",   "level": "INFO",     "info": "" }
 {     "system": "Meowv.Blog",     "datetime": "2021-04-26 21:09:10,630",     "description": "ftx现货Open-----True2021/4/26 21:09:10",   "level": "INFO",     "info": "" }
 {     "system": "Meowv.Blog",     "datetime": "2021-04-26 21:09:17,165",     "description": "ftx现货Open-----True2021/4/26 21:09:17",   "level": "INFO",     "info": "" }
 {     "system": "Meowv.Blog",     "datetime": "2021-04-26 21:09:23,028",     "description": "ftx现货Open-----True2021/4/26 21:09:23",   "level": "INFO",     "info": "" }
 {     "system": "Meowv.Blog",     "datetime": "2021-04-26 21:09:29,057",     "description": "ftx现货Open-----True2021/4/26 21:09:29",   "level": "INFO",     "info": "" }
 {     "system": "Meowv.Blog",     "datetime": "2021-04-26 21:09:34,917",     "description": "ftx现货Open-----True2021/4/26 21:09:34",   "level": "INFO",     "info": "" }
 {     "system": "Meowv.Blog",     "datetime": "2021-04-26 21:09:40,787",     "description": "ftx现货Open-----True2021/4/26 21:09:40",   "level": "INFO",     "info": "" }
 {     "system": "Meowv.Blog",     "datetime": "2021-04-26 21:09:46,642",     "description": "ftx现货Open-----True2021/4/26 21:09:46",   "level": "INFO",     "info": "" }
 {     "system": "Meowv.Blog",     "datetime": "2021-04-26 21:09:52,485",     "description": "ftx现货Open-----True2021/4/26 21:09:52",   "level": "INFO",     "info": "" }
 {     "system": "Meowv.Blog",     "datetime": "2021-04-26 21:09:58,348",     "description": "ftx现货Open-----True2021/4/26 21:09:58",   "level": "INFO",     "info": "" }
 {     "system": "Meowv.Blog",     "datetime": "2021-04-26 21:10:04,198",     "description": "ftx现货Open-----True2021/4/26 21:10:04",   "level": "INFO",     "info": "" }
 {     "system": "Meowv.Blog",     "datetime": "2021-04-26 21:10:10,711",     "description": "ftx现货Open-----True2021/4/26 21:10:10",   "level": "INFO",     "info": "" }
 {     "system": "Meowv.Blog",     "datetime": "2021-04-26 21:10:17,166",     "description": "ftx现货Open-----True2021/4/26 21:10:17",   "level": "INFO",     "info": "" }
 {     "system": "Meowv.Blog",     "datetime": "2021-04-26 21:10:23,028",     "description": "ftx现货Open-----True2021/4/26 21:10:23",   "level": "INFO",     "info": "" }
 {     "system": "Meowv.Blog",     "datetime": "2021-04-26 21:10:28,911",     "description": "ftx现货Open-----True2021/4/26 21:10:28",   "level": "INFO",     "info": "" }
 {     "system": "Meowv.Blog",     "datetime": "2021-04-26 21:10:34,777",     "description": "ftx现货Open-----True2021/4/26 21:10:34",   "level": "INFO",     "info": "" }
 {     "system": "Meowv.Blog",     "datetime": "2021-04-26 21:10:40,621",     "description": "ftx现货Open-----True2021/4/26 21:10:40",   "level": "INFO",     "info": "" }
 {     "system": "Meowv.Blog",     "datetime": "2021-04-26 21:10:46,475",     "description": "ftx现货Open-----True2021/4/26 21:10:46",   "level": "INFO",     "info": "" }
 {     "system": "Meowv.Blog",     "datetime": "2021-04-26 21:10:52,322",     "description": "ftx现货Open-----True2021/4/26 21:10:52",   "level": "INFO",     "info": "" }
 {     "system": "Meowv.Blog",     "datetime": "2021-04-26 21:10:58,169",     "description": "ftx现货Open-----True2021/4/26 21:10:58",   "level": "INFO",     "info": "" }
 {     "system": "Meowv.Blog",     "datetime": "2021-04-26 21:11:04,019",     "description": "ftx现货Open-----True2021/4/26 21:11:04",   "level": "INFO",     "info": "" }
 {     "system": "Meowv.Blog",     "datetime": "2021-04-26 21:11:09,866",     "description": "ftx现货Open-----True2021/4/26 21:11:09",   "level": "INFO",     "info": "" }
 {     "system": "Meowv.Blog",     "datetime": "2021-04-26 21:11:15,722",     "description": "ftx现货Open-----True2021/4/26 21:11:15",   "level": "INFO",     "info": "" }
 {     "system": "Meowv.Blog",     "datetime": "2021-04-26 21:11:21,571",     "description": "ftx现货Open-----True2021/4/26 21:11:21",   "level": "INFO",     "info": "" }
 {     "system": "Meowv.Blog",     "datetime": "2021-04-26 21:11:27,436",     "description": "ftx现货Open-----True2021/4/26 21:11:27",   "level": "INFO",     "info": "" }
 {     "system": "Meowv.Blog",     "datetime": "2021-04-26 21:11:33,297",     "description": "ftx现货Open-----True2021/4/26 21:11:33",   "level": "INFO",     "info": "" }
 {     "system": "Meowv.Blog",     "datetime": "2021-04-26 21:11:39,148",     "description": "ftx现货Open-----True2021/4/26 21:11:39",   "level": "INFO",     "info": "" }
 {     "system": "Meowv.Blog",     "datetime": "2021-04-26 21:11:45,012",     "description": "ftx现货Open-----True2021/4/26 21:11:45",   "level": "INFO",     "info": "" }
 {     "system": "Meowv.Blog",     "datetime": "2021-04-26 21:11:50,864",     "description": "ftx现货Open-----True2021/4/26 21:11:50",   "level": "INFO",     "info": "" }
 {     "system": "Meowv.Blog",     "datetime": "2021-04-26 21:11:56,716",     "description": "ftx现货Open-----True2021/4/26 21:11:56",   "level": "INFO",     "info": "" }
 {     "system": "Meowv.Blog",     "datetime": "2021-04-26 21:12:02,570",     "description": "ftx现货Open-----True2021/4/26 21:12:02",   "level": "INFO",     "info": "" }
 {     "system": "Meowv.Blog",     "datetime": "2021-04-26 21:12:08,435",     "description": "ftx现货Open-----True2021/4/26 21:12:08",   "level": "INFO",     "info": "" }
 {     "system": "Meowv.Blog",     "datetime": "2021-04-26 21:12:14,303",     "description": "ftx现货Open-----True2021/4/26 21:12:14",   "level": "INFO",     "info": "" }
 {     "system": "Meowv.Blog",     "datetime": "2021-04-26 21:12:20,165",     "description": "ftx现货Open-----True2021/4/26 21:12:20",   "level": "INFO",     "info": "" }
 {     "system": "Meowv.Blog",     "datetime": "2021-04-26 21:12:26,005",     "description": "ftx现货Open-----True2021/4/26 21:12:26",   "level": "INFO",     "info": "" }
 {     "system": "Meowv.Blog",     "datetime": "2021-04-26 21:12:31,860",     "description": "ftx现货Open-----True2021/4/26 21:12:31",   "level": "INFO",     "info": "" }
 {     "system": "Meowv.Blog",     "datetime": "2021-04-26 21:12:37,704",     "description": "ftx现货Open-----True2021/4/26 21:12:37",   "level": "INFO",     "info": "" }
 {     "system": "Meowv.Blog",     "datetime": "2021-04-26 21:12:43,552",     "description": "ftx现货Open-----True2021/4/26 21:12:43",   "level": "INFO",     "info": "" }
 {     "system": "Meowv.Blog",     "datetime": "2021-04-26 21:12:49,408",     "description": "ftx现货Open-----True2021/4/26 21:12:49",   "level": "INFO",     "info": "" }
 {     "system": "Meowv.Blog",     "datetime": "2021-04-26 21:12:55,494",     "description": "ftx现货Open-----True2021/4/26 21:12:55",   "level": "INFO",     "info": "" }
 {     "system": "Meowv.Blog",     "datetime": "2021-04-26 21:13:01,358",     "description": "ftx现货Open-----True2021/4/26 21:13:01",   "level": "INFO",     "info": "" }
 {     "system": "Meowv.Blog",     "datetime": "2021-04-26 21:13:07,212",     "description": "ftx现货Open-----True2021/4/26 21:13:07",   "level": "INFO",     "info": "" }
 {     "system": "Meowv.Blog",     "datetime": "2021-04-26 21:13:13,777",     "description": "ftx现货Open-----True2021/4/26 21:13:13",   "level": "INFO",     "info": "" }
 {     "system": "Meowv.Blog",     "datetime": "2021-04-26 21:13:19,645",     "description": "ftx现货Open-----True2021/4/26 21:13:19",   "level": "INFO",     "info": "" }
 {     "system": "Meowv.Blog",     "datetime": "2021-04-26 21:13:25,490",     "description": "ftx现货Open-----True2021/4/26 21:13:25",   "level": "INFO",     "info": "" }
 {     "system": "Meowv.Blog",     "datetime": "2021-04-26 21:13:31,355",     "description": "ftx现货Open-----True2021/4/26 21:13:31",   "level": "INFO",     "info": "" }
 {     "system": "Meowv.Blog",     "datetime": "2021-04-26 21:13:37,251",     "description": "ftx现货Open-----True2021/4/26 21:13:37",   "level": "INFO",     "info": "" }
 {     "system": "Meowv.Blog",     "datetime": "2021-04-26 21:13:43,106",     "description": "ftx现货Open-----True2021/4/26 21:13:43",   "level": "INFO",     "info": "" }
 {     "system": "Meowv.Blog",     "datetime": "2021-04-26 21:13:48,948",     "description": "ftx现货Open-----True2021/4/26 21:13:48",   "level": "INFO",     "info": "" }
 {     "system": "Meowv.Blog",     "datetime": "2021-04-26 21:13:54,806",     "description": "ftx现货Open-----True2021/4/26 21:13:54",   "level": "INFO",     "info": "" }
 {     "system": "Meowv.Blog",     "datetime": "2021-04-26 21:14:00,700",     "description": "ftx现货Open-----True2021/4/26 21:14:00",   "level": "INFO",     "info": "" }
 {     "system": "Meowv.Blog",     "datetime": "2021-04-26 21:14:06,572",     "description": "ftx现货Open-----True2021/4/26 21:14:06",   "level": "INFO",     "info": "" }
 {     "system": "Meowv.Blog",     "datetime": "2021-04-26 21:14:12,447",     "description": "ftx现货Open-----True2021/4/26 21:14:12",   "level": "INFO",     "info": "" }
 {     "system": "Meowv.Blog",     "datetime": "2021-04-26 21:14:18,303",     "description": "ftx现货Open-----True2021/4/26 21:14:18",   "level": "INFO",     "info": "" }
 {     "system": "Meowv.Blog",     "datetime": "2021-04-26 21:14:24,152",     "description": "ftx现货Open-----True2021/4/26 21:14:24",   "level": "INFO",     "info": "" }
 {     "system": "Meowv.Blog",     "datetime": "2021-04-26 21:14:29,997",     "description": "ftx现货Open-----True2021/4/26 21:14:29",   "level": "INFO",     "info": "" }
 {     "system": "Meowv.Blog",     "datetime": "2021-04-26 21:14:35,849",     "description": "ftx现货Open-----True2021/4/26 21:14:35",   "level": "INFO",     "info": "" }
 {     "system": "Meowv.Blog",     "datetime": "2021-04-26 21:14:41,696",     "description": "ftx现货Open-----True2021/4/26 21:14:41",   "level": "INFO",     "info": "" }
 {     "system": "Meowv.Blog",     "datetime": "2021-04-26 21:14:47,550",     "description": "ftx现货Open-----True2021/4/26 21:14:47",   "level": "INFO",     "info": "" }
 {     "system": "Meowv.Blog",     "datetime": "2021-04-26 21:14:53,400",     "description": "ftx现货Open-----True2021/4/26 21:14:53",   "level": "INFO",     "info": "" }
 {     "system": "Meowv.Blog",     "datetime": "2021-04-26 21:14:59,260",     "description": "ftx现货Open-----True2021/4/26 21:14:59",   "level": "INFO",     "info": "" }
 {     "system": "Meowv.Blog",     "datetime": "2021-04-26 21:15:05,110",     "description": "ftx现货Open-----True2021/4/26 21:15:05",   "level": "INFO",     "info": "" }
 {     "system": "Meowv.Blog",     "datetime": "2021-04-26 21:15:11,006",     "description": "ftx现货Open-----True2021/4/26 21:15:11",   "level": "INFO",     "info": "" }
 {     "system": "Meowv.Blog",     "datetime": "2021-04-26 21:15:18,802",     "description": "ftx现货Open-----True2021/4/26 21:15:18",   "level": "INFO",     "info": "" }
 {     "system": "Meowv.Blog",     "datetime": "2021-04-26 21:15:24,677",     "description": "ftx现货Open-----True2021/4/26 21:15:24",   "level": "INFO",     "info": "" }
 {     "system": "Meowv.Blog",     "datetime": "2021-04-26 21:15:30,534",     "description": "ftx现货Open-----True2021/4/26 21:15:30",   "level": "INFO",     "info": "" }
 {     "system": "Meowv.Blog",     "datetime": "2021-04-26 21:15:36,395",     "description": "ftx现货Open-----True2021/4/26 21:15:36",   "level": "INFO",     "info": "" }
 {     "system": "Meowv.Blog",     "datetime": "2021-04-26 21:15:42,248",     "description": "ftx现货Open-----True2021/4/26 21:15:42",   "level": "INFO",     "info": "" }
 {     "system": "Meowv.Blog",     "datetime": "2021-04-26 21:15:48,096",     "description": "ftx现货Open-----True2021/4/26 21:15:48",   "level": "INFO",     "info": "" }
 {     "system": "Meowv.Blog",     "datetime": "2021-04-26 21:15:53,961",     "description": "ftx现货Open-----True2021/4/26 21:15:53",   "level": "INFO",     "info": "" }
 {     "system": "Meowv.Blog",     "datetime": "2021-04-26 21:15:59,817",     "description": "ftx现货Open-----True2021/4/26 21:15:59",   "level": "INFO",     "info": "" }
 {     "system": "Meowv.Blog",     "datetime": "2021-04-26 21:16:06,352",     "description": "ftx现货Open-----True2021/4/26 21:16:06",   "level": "INFO",     "info": "" }
 {     "system": "Meowv.Blog",     "datetime": "2021-04-26 21:16:12,780",     "description": "ftx现货Open-----True2021/4/26 21:16:12",   "level": "INFO",     "info": "" }
 {     "system": "Meowv.Blog",     "datetime": "2021-04-26 21:16:18,624",     "description": "ftx现货Open-----True2021/4/26 21:16:18",   "level": "INFO",     "info": "" }
 {     "system": "Meowv.Blog",     "datetime": "2021-04-26 21:16:24,479",     "description": "ftx现货Open-----True2021/4/26 21:16:24",   "level": "INFO",     "info": "" }
 {     "system": "Meowv.Blog",     "datetime": "2021-04-26 21:16:30,331",     "description": "ftx现货Open-----True2021/4/26 21:16:30",   "level": "INFO",     "info": "" }
 {     "system": "Meowv.Blog",     "datetime": "2021-04-26 21:16:36,193",     "description": "ftx现货Open-----True2021/4/26 21:16:36",   "level": "INFO",     "info": "" }
 {     "system": "Meowv.Blog",     "datetime": "2021-04-26 21:16:42,048",     "description": "ftx现货Open-----True2021/4/26 21:16:42",   "level": "INFO",     "info": "" }
 {     "system": "Meowv.Blog",     "datetime": "2021-04-26 21:16:47,920",     "description": "ftx现货Open-----True2021/4/26 21:16:47",   "level": "INFO",     "info": "" }
 {     "system": "Meowv.Blog",     "datetime": "2021-04-26 21:16:53,784",     "description": "ftx现货Open-----True2021/4/26 21:16:53",   "level": "INFO",     "info": "" }
 {     "system": "Meowv.Blog",     "datetime": "2021-04-26 21:16:59,638",     "description": "ftx现货Open-----True2021/4/26 21:16:59",   "level": "INFO",     "info": "" }
 {     "system": "Meowv.Blog",     "datetime": "2021-04-26 21:17:05,520",     "description": "ftx现货Open-----True2021/4/26 21:17:05",   "level": "INFO",     "info": "" }
 {     "system": "Meowv.Blog",     "datetime": "2021-04-26 21:17:11,374",     "description": "ftx现货Open-----True2021/4/26 21:17:11",   "level": "INFO",     "info": "" }
 {     "system": "Meowv.Blog",     "datetime": "2021-04-26 21:17:17,234",     "description": "ftx现货Open-----True2021/4/26 21:17:17",   "level": "INFO",     "info": "" }
 {     "system": "Meowv.Blog",     "datetime": "2021-04-26 21:17:23,572",     "description": "ftx现货Open-----True2021/4/26 21:17:23",   "level": "INFO",     "info": "" }
 {     "system": "Meowv.Blog",     "datetime": "2021-04-26 21:17:29,443",     "description": "ftx现货Open-----True2021/4/26 21:17:29",   "level": "INFO",     "info": "" }
 {     "system": "Meowv.Blog",     "datetime": "2021-04-26 21:17:35,329",     "description": "ftx现货Open-----True2021/4/26 21:17:35",   "level": "INFO",     "info": "" }
 {     "system": "Meowv.Blog",     "datetime": "2021-04-26 21:17:41,209",     "description": "ftx现货Open-----True2021/4/26 21:17:41",   "level": "INFO",     "info": "" }
 {     "system": "Meowv.Blog",     "datetime": "2021-04-26 21:17:47,074",     "description": "ftx现货Open-----True2021/4/26 21:17:47",   "level": "INFO",     "info": "" }
 {     "system": "Meowv.Blog",     "datetime": "2021-04-26 21:17:52,946",     "description": "ftx现货Open-----True2021/4/26 21:17:52",   "level": "INFO",     "info": "" }
 {     "system": "Meowv.Blog",     "datetime": "2021-04-26 21:17:58,819",     "description": "ftx现货Open-----True2021/4/26 21:17:58",   "level": "INFO",     "info": "" }
 {     "system": "Meowv.Blog",     "datetime": "2021-04-26 21:18:04,974",     "description": "ftx现货Open-----True2021/4/26 21:18:04",   "level": "INFO",     "info": "" }
 {     "system": "Meowv.Blog",     "datetime": "2021-04-26 21:18:10,837",     "description": "ftx现货Open-----True2021/4/26 21:18:10",   "level": "INFO",     "info": "" }
 {     "system": "Meowv.Blog",     "datetime": "2021-04-26 21:18:16,704",     "description": "ftx现货Open-----True2021/4/26 21:18:16",   "level": "INFO",     "info": "" }
 {     "system": "Meowv.Blog",     "datetime": "2021-04-26 21:18:22,555",     "description": "ftx现货Open-----True2021/4/26 21:18:22",   "level": "INFO",     "info": "" }
 {     "system": "Meowv.Blog",     "datetime": "2021-04-26 21:18:28,403",     "description": "ftx现货Open-----True2021/4/26 21:18:28",   "level": "INFO",     "info": "" }
 {     "system": "Meowv.Blog",     "datetime": "2021-04-26 21:18:34,252",     "description": "ftx现货Open-----True2021/4/26 21:18:34",   "level": "INFO",     "info": "" }
 {     "system": "Meowv.Blog",     "datetime": "2021-04-26 21:18:40,099",     "description": "ftx现货Open-----True2021/4/26 21:18:40",   "level": "INFO",     "info": "" }
 {     "system": "Meowv.Blog",     "datetime": "2021-04-26 21:18:45,967",     "description": "ftx现货Open-----True2021/4/26 21:18:45",   "level": "INFO",     "info": "" }
 {     "system": "Meowv.Blog",     "datetime": "2021-04-26 21:18:51,827",     "description": "ftx现货Open-----True2021/4/26 21:18:51",   "level": "INFO",     "info": "" }
 {     "system": "Meowv.Blog",     "datetime": "2021-04-26 21:18:57,688",     "description": "ftx现货Open-----True2021/4/26 21:18:57",   "level": "INFO",     "info": "" }
 {     "system": "Meowv.Blog",     "datetime": "2021-04-26 21:19:03,552",     "description": "ftx现货Open-----True2021/4/26 21:19:03",   "level": "INFO",     "info": "" }
 {     "system": "Meowv.Blog",     "datetime": "2021-04-26 21:19:09,409",     "description": "ftx现货Open-----True2021/4/26 21:19:09",   "level": "INFO",     "info": "" }
 {     "system": "Meowv.Blog",     "datetime": "2021-04-26 21:19:15,262",     "description": "ftx现货Open-----True2021/4/26 21:19:15",   "level": "INFO",     "info": "" }
 {     "system": "Meowv.Blog",     "datetime": "2021-04-26 21:19:21,774",     "description": "ftx现货Open-----True2021/4/26 21:19:21",   "level": "INFO",     "info": "" }
 {     "system": "Meowv.Blog",     "datetime": "2021-04-26 21:19:27,620",     "description": "ftx现货Open-----True2021/4/26 21:19:27",   "level": "INFO",     "info": "" }
 {     "system": "Meowv.Blog",     "datetime": "2021-04-26 21:19:33,465",     "description": "ftx现货Open-----True2021/4/26 21:19:33",   "level": "INFO",     "info": "" }
 {     "system": "Meowv.Blog",     "datetime": "2021-04-26 21:19:39,319",     "description": "ftx现货Open-----True2021/4/26 21:19:39",   "level": "INFO",     "info": "" }
 {     "system": "Meowv.Blog",     "datetime": "2021-04-26 21:19:45,173",     "description": "ftx现货Open-----True2021/4/26 21:19:45",   "level": "INFO",     "info": "" }
 {     "system": "Meowv.Blog",     "datetime": "2021-04-26 21:19:51,036",     "description": "ftx现货Open-----True2021/4/26 21:19:51",   "level": "INFO",     "info": "" }
 {     "system": "Meowv.Blog",     "datetime": "2021-04-26 21:19:56,888",     "description": "ftx现货Open-----True2021/4/26 21:19:56",   "level": "INFO",     "info": "" }
 {     "system": "Meowv.Blog",     "datetime": "2021-04-26 21:20:02,751",     "description": "ftx现货Open-----True2021/4/26 21:20:02",   "level": "INFO",     "info": "" }
 {     "system": "Meowv.Blog",     "datetime": "2021-04-26 21:20:08,633",     "description": "ftx现货Open-----True2021/4/26 21:20:08",   "level": "INFO",     "info": "" }
 {     "system": "Meowv.Blog",     "datetime": "2021-04-26 21:20:14,507",     "description": "ftx现货Open-----True2021/4/26 21:20:14",   "level": "INFO",     "info": "" }
 {     "system": "Meowv.Blog",     "datetime": "2021-04-26 21:20:20,363",     "description": "ftx现货Open-----True2021/4/26 21:20:20",   "level": "INFO",     "info": "" }
 {     "system": "Meowv.Blog",     "datetime": "2021-04-26 21:20:26,939",     "description": "ftx现货Open-----True2021/4/26 21:20:26",   "level": "INFO",     "info": "" }
 {     "system": "Meowv.Blog",     "datetime": "2021-04-26 21:20:32,793",     "description": "ftx现货Open-----True2021/4/26 21:20:32",   "level": "INFO",     "info": "" }
 {     "system": "Meowv.Blog",     "datetime": "2021-04-26 21:20:38,663",     "description": "ftx现货Open-----True2021/4/26 21:20:38",   "level": "INFO",     "info": "" }
 {     "system": "Meowv.Blog",     "datetime": "2021-04-26 21:20:44,569",     "description": "ftx现货Open-----True2021/4/26 21:20:44",   "level": "INFO",     "info": "" }
 {     "system": "Meowv.Blog",     "datetime": "2021-04-26 21:20:50,419",     "description": "ftx现货Open-----True2021/4/26 21:20:50",   "level": "INFO",     "info": "" }
 {     "system": "Meowv.Blog",     "datetime": "2021-04-26 21:20:56,281",     "description": "ftx现货Open-----True2021/4/26 21:20:56",   "level": "INFO",     "info": "" }
 {     "system": "Meowv.Blog",     "datetime": "2021-04-26 21:21:02,155",     "description": "ftx现货Open-----True2021/4/26 21:21:02",   "level": "INFO",     "info": "" }
 {     "system": "Meowv.Blog",     "datetime": "2021-04-26 21:21:08,018",     "description": "ftx现货Open-----True2021/4/26 21:21:08",   "level": "INFO",     "info": "" }
 {     "system": "Meowv.Blog",     "datetime": "2021-04-26 21:21:13,869",     "description": "ftx现货Open-----True2021/4/26 21:21:13",   "level": "INFO",     "info": "" }
 {     "system": "Meowv.Blog",     "datetime": "2021-04-26 21:21:19,727",     "description": "ftx现货Open-----True2021/4/26 21:21:19",   "level": "INFO",     "info": "" }
 {     "system": "Meowv.Blog",     "datetime": "2021-04-26 21:21:26,228",     "description": "ftx现货Open-----True2021/4/26 21:21:26",   "level": "INFO",     "info": "" }
 {     "system": "Meowv.Blog",     "datetime": "2021-04-26 21:21:32,083",     "description": "ftx现货Open-----True2021/4/26 21:21:32",   "level": "INFO",     "info": "" }
 {     "system": "Meowv.Blog",     "datetime": "2021-04-26 21:21:38,024",     "description": "ftx现货Open-----True2021/4/26 21:21:38",   "level": "INFO",     "info": "" }
 {     "system": "Meowv.Blog",     "datetime": "2021-04-26 21:21:43,886",     "description": "ftx现货Open-----True2021/4/26 21:21:43",   "level": "INFO",     "info": "" }
 {     "system": "Meowv.Blog",     "datetime": "2021-04-26 21:21:49,748",     "description": "ftx现货Open-----True2021/4/26 21:21:49",   "level": "INFO",     "info": "" }
 {     "system": "Meowv.Blog",     "datetime": "2021-04-26 21:21:55,602",     "description": "ftx现货Open-----True2021/4/26 21:21:55",   "level": "INFO",     "info": "" }
 {     "system": "Meowv.Blog",     "datetime": "2021-04-26 21:22:01,470",     "description": "ftx现货Open-----True2021/4/26 21:22:01",   "level": "INFO",     "info": "" }
 {     "system": "Meowv.Blog",     "datetime": "2021-04-26 21:22:07,315",     "description": "ftx现货Open-----True2021/4/26 21:22:07",   "level": "INFO",     "info": "" }
 {     "system": "Meowv.Blog",     "datetime": "2021-04-26 21:22:13,172",     "description": "ftx现货Open-----True2021/4/26 21:22:13",   "level": "INFO",     "info": "" }
 {     "system": "Meowv.Blog",     "datetime": "2021-04-26 21:22:19,032",     "description": "ftx现货Open-----True2021/4/26 21:22:19",   "level": "INFO",     "info": "" }
 {     "system": "Meowv.Blog",     "datetime": "2021-04-26 21:22:24,900",     "description": "ftx现货Open-----True2021/4/26 21:22:24",   "level": "INFO",     "info": "" }
 {     "system": "Meowv.Blog",     "datetime": "2021-04-26 21:22:30,773",     "description": "ftx现货Open-----True2021/4/26 21:22:30",   "level": "INFO",     "info": "" }
 {     "system": "Meowv.Blog",     "datetime": "2021-04-26 21:22:36,634",     "description": "ftx现货Open-----True2021/4/26 21:22:36",   "level": "INFO",     "info": "" }
 {     "system": "Meowv.Blog",     "datetime": "2021-04-26 21:22:42,492",     "description": "ftx现货Open-----True2021/4/26 21:22:42",   "level": "INFO",     "info": "" }
 {     "system": "Meowv.Blog",     "datetime": "2021-04-26 21:22:48,351",     "description": "ftx现货Open-----True2021/4/26 21:22:48",   "level": "INFO",     "info": "" }
 {     "system": "Meowv.Blog",     "datetime": "2021-04-26 21:22:54,201",     "description": "ftx现货Open-----True2021/4/26 21:22:54",   "level": "INFO",     "info": "" }
 {     "system": "Meowv.Blog",     "datetime": "2021-04-26 21:23:00,074",     "description": "ftx现货Open-----True2021/4/26 21:23:00",   "level": "INFO",     "info": "" }
 {     "system": "Meowv.Blog",     "datetime": "2021-04-26 21:23:05,945",     "description": "ftx现货Open-----True2021/4/26 21:23:05",   "level": "INFO",     "info": "" }
 {     "system": "Meowv.Blog",     "datetime": "2021-04-26 21:23:11,800",     "description": "ftx现货Open-----True2021/4/26 21:23:11",   "level": "INFO",     "info": "" }
 {     "system": "Meowv.Blog",     "datetime": "2021-04-26 21:23:17,856",     "description": "ftx现货Open-----True2021/4/26 21:23:17",   "level": "INFO",     "info": "" }
 {     "system": "Meowv.Blog",     "datetime": "2021-04-26 21:23:23,721",     "description": "ftx现货Open-----True2021/4/26 21:23:23",   "level": "INFO",     "info": "" }
 {     "system": "Meowv.Blog",     "datetime": "2021-04-26 21:23:29,571",     "description": "ftx现货Open-----True2021/4/26 21:23:29",   "level": "INFO",     "info": "" }
 {     "system": "Meowv.Blog",     "datetime": "2021-04-26 21:23:35,470",     "description": "ftx现货Open-----True2021/4/26 21:23:35",   "level": "INFO",     "info": "" }
 {     "system": "Meowv.Blog",     "datetime": "2021-04-26 21:23:41,333",     "description": "ftx现货Open-----True2021/4/26 21:23:41",   "level": "INFO",     "info": "" }
 {     "system": "Meowv.Blog",     "datetime": "2021-04-26 21:23:47,216",     "description": "ftx现货Open-----True2021/4/26 21:23:47",   "level": "INFO",     "info": "" }
 {     "system": "Meowv.Blog",     "datetime": "2021-04-26 21:23:53,211",     "description": "ftx现货Open-----True2021/4/26 21:23:53",   "level": "INFO",     "info": "" }
 {     "system": "Meowv.Blog",     "datetime": "2021-04-26 21:23:59,081",     "description": "ftx现货Open-----True2021/4/26 21:23:59",   "level": "INFO",     "info": "" }
 {     "system": "Meowv.Blog",     "datetime": "2021-04-26 21:24:04,938",     "description": "ftx现货Open-----True2021/4/26 21:24:04",   "level": "INFO",     "info": "" }
 {     "system": "Meowv.Blog",     "datetime": "2021-04-26 21:24:10,792",     "description": "ftx现货Open-----True2021/4/26 21:24:10",   "level": "INFO",     "info": "" }
 {     "system": "Meowv.Blog",     "datetime": "2021-04-26 21:24:16,644",     "description": "ftx现货Open-----True2021/4/26 21:24:16",   "level": "INFO",     "info": "" }
 {     "system": "Meowv.Blog",     "datetime": "2021-04-26 21:24:22,498",     "description": "ftx现货Open-----True2021/4/26 21:24:22",   "level": "INFO",     "info": "" }
 {     "system": "Meowv.Blog",     "datetime": "2021-04-26 21:24:28,344",     "description": "ftx现货Open-----True2021/4/26 21:24:28",   "level": "INFO",     "info": "" }
 {     "system": "Meowv.Blog",     "datetime": "2021-04-26 21:24:34,214",     "description": "ftx现货Open-----True2021/4/26 21:24:34",   "level": "INFO",     "info": "" }
 {     "system": "Meowv.Blog",     "datetime": "2021-04-26 21:24:40,118",     "description": "ftx现货Open-----True2021/4/26 21:24:40",   "level": "INFO",     "info": "" }
 {     "system": "Meowv.Blog",     "datetime": "2021-04-26 21:24:45,974",     "description": "ftx现货Open-----True2021/4/26 21:24:45",   "level": "INFO",     "info": "" }
 {     "system": "Meowv.Blog",     "datetime": "2021-04-26 21:24:51,827",     "description": "ftx现货Open-----True2021/4/26 21:24:51",   "level": "INFO",     "info": "" }
 {     "system": "Meowv.Blog",     "datetime": "2021-04-26 21:24:57,738",     "description": "ftx现货Open-----True2021/4/26 21:24:57",   "level": "INFO",     "info": "" }
 {     "system": "Meowv.Blog",     "datetime": "2021-04-26 21:25:03,619",     "description": "ftx现货Open-----True2021/4/26 21:25:03",   "level": "INFO",     "info": "" }
 {     "system": "Meowv.Blog",     "datetime": "2021-04-26 21:25:09,493",     "description": "ftx现货Open-----True2021/4/26 21:25:09",   "level": "INFO",     "info": "" }
 {     "system": "Meowv.Blog",     "datetime": "2021-04-26 21:25:15,355",     "description": "ftx现货Open-----True2021/4/26 21:25:15",   "level": "INFO",     "info": "" }
 {     "system": "Meowv.Blog",     "datetime": "2021-04-26 21:25:21,229",     "description": "ftx现货Open-----True2021/4/26 21:25:21",   "level": "INFO",     "info": "" }
 {     "system": "Meowv.Blog",     "datetime": "2021-04-26 21:25:27,088",     "description": "ftx现货Open-----True2021/4/26 21:25:27",   "level": "INFO",     "info": "" }
 {     "system": "Meowv.Blog",     "datetime": "2021-04-26 21:25:32,951",     "description": "ftx现货Open-----True2021/4/26 21:25:32",   "level": "INFO",     "info": "" }
 {     "system": "Meowv.Blog",     "datetime": "2021-04-26 21:25:38,810",     "description": "ftx现货Open-----True2021/4/26 21:25:38",   "level": "INFO",     "info": "" }
 {     "system": "Meowv.Blog",     "datetime": "2021-04-26 21:25:59,869",     "description": "ftx现货Open-----True2021/4/26 21:25:59",   "level": "INFO",     "info": "" }
 {     "system": "Meowv.Blog",     "datetime": "2021-04-26 21:27:34,473",     "description": " FTX现货websocket_Closed：WebSocketSharp.CloseEventArgs",   "level": "INFO",     "info": "" }
 {     "system": "Meowv.Blog",     "datetime": "2021-04-26 21:27:37,707",     "description": "ftx现货Open-----False2021/4/26 21:27:37",   "level": "INFO",     "info": "" }
 {     "system": "Meowv.Blog",     "datetime": "2021-04-26 21:27:45,875",     "description": " FTX现货websocket_Error：WebSocketSharp.ErrorEventArgs",   "level": "INFO",     "info": "" }
 {     "system": "Meowv.Blog",     "datetime": "2021-04-26 21:27:47,498",     "description": " websocket_Opened",   "level": "INFO",     "info": "" }
 {     "system": "Meowv.Blog",     "datetime": "2021-04-26 21:28:37,622",     "description": " websocket_Opened",   "level": "INFO",     "info": "" }
 {     "system": "Meowv.Blog",     "datetime": "2021-04-26 21:28:38,165",     "description": "coinbase 现货Open-----True2021/4/26 21:28:38",   "level": "INFO",     "info": "" }
 {     "system": "Meowv.Blog",     "datetime": "2021-04-26 21:28:39,457",     "description": " websocket_Opened",   "level": "INFO",     "info": "" }
 {     "system": "Meowv.Blog",     "datetime": "2021-04-26 21:28:40,427",     "description": "ftx现货Open-----True2021/4/26 21:28:40",   "level": "INFO",     "info": "" }
 {     "system": "Meowv.Blog",     "datetime": "2021-04-26 21:28:44,970",     "description": "coinbase 现货Open-----True2021/4/26 21:28:44",   "level": "INFO",     "info": "" }
 {     "system": "Meowv.Blog",     "datetime": "2021-04-26 21:28:46,297",     "description": "ftx现货Open-----True2021/4/26 21:28:46",   "level": "INFO",     "info": "" }
 {     "system": "Meowv.Blog",     "datetime": "2021-04-26 21:28:51,400",     "description": "coinbase 现货Open-----True2021/4/26 21:28:51",   "level": "INFO",     "info": "" }
 {     "system": "Meowv.Blog",     "datetime": "2021-04-26 21:28:52,172",     "description": "ftx现货Open-----True2021/4/26 21:28:52",   "level": "INFO",     "info": "" }
 {     "system": "Meowv.Blog",     "datetime": "2021-04-26 21:28:57,594",     "description": "coinbase 现货Open-----True2021/4/26 21:28:57",   "level": "INFO",     "info": "" }
 {     "system": "Meowv.Blog",     "datetime": "2021-04-26 21:28:58,078",     "description": "ftx现货Open-----True2021/4/26 21:28:58",   "level": "INFO",     "info": "" }
 {     "system": "Meowv.Blog",     "datetime": "2021-04-26 21:29:03,962",     "description": "ftx现货Open-----True2021/4/26 21:29:03",   "level": "INFO",     "info": "" }
 {     "system": "Meowv.Blog",     "datetime": "2021-04-26 21:29:04,184",     "description": "coinbase 现货Open-----True2021/4/26 21:29:04",   "level": "INFO",     "info": "" }
 {     "system": "Meowv.Blog",     "datetime": "2021-04-26 21:29:10,028",     "description": "ftx现货Open-----True2021/4/26 21:29:10",   "level": "INFO",     "info": "" }
 {     "system": "Meowv.Blog",     "datetime": "2021-04-26 21:29:10,904",     "description": "coinbase 现货Open-----True2021/4/26 21:29:10",   "level": "INFO",     "info": "" }
 {     "system": "Meowv.Blog",     "datetime": "2021-04-26 21:29:15,907",     "description": "ftx现货Open-----True2021/4/26 21:29:15",   "level": "INFO",     "info": "" }
 {     "system": "Meowv.Blog",     "datetime": "2021-04-26 21:29:17,480",     "description": "coinbase 现货Open-----True2021/4/26 21:29:17",   "level": "INFO",     "info": "" }
 {     "system": "Meowv.Blog",     "datetime": "2021-04-26 21:29:21,786",     "description": "ftx现货Open-----True2021/4/26 21:29:21",   "level": "INFO",     "info": "" }
 {     "system": "Meowv.Blog",     "datetime": "2021-04-26 21:29:24,074",     "description": "coinbase 现货Open-----True2021/4/26 21:29:24",   "level": "INFO",     "info": "" }
 {     "system": "Meowv.Blog",     "datetime": "2021-04-26 21:29:27,648",     "description": "ftx现货Open-----True2021/4/26 21:29:27",   "level": "INFO",     "info": "" }
 {     "system": "Meowv.Blog",     "datetime": "2021-04-26 21:29:30,303",     "description": "coinbase 现货Open-----True2021/4/26 21:29:30",   "level": "INFO",     "info": "" }
 {     "system": "Meowv.Blog",     "datetime": "2021-04-26 21:29:33,696",     "description": "ftx现货Open-----True2021/4/26 21:29:33",   "level": "INFO",     "info": "" }
 {     "system": "Meowv.Blog",     "datetime": "2021-04-26 21:29:36,741",     "description": "coinbase 现货Open-----True2021/4/26 21:29:36",   "level": "INFO",     "info": "" }
 {     "system": "Meowv.Blog",     "datetime": "2021-04-26 21:29:39,970",     "description": "ftx现货Open-----True2021/4/26 21:29:39",   "level": "INFO",     "info": "" }
 {     "system": "Meowv.Blog",     "datetime": "2021-04-26 21:29:43,926",     "description": "coinbase 现货Open-----True2021/4/26 21:29:43",   "level": "INFO",     "info": "" }
 {     "system": "Meowv.Blog",     "datetime": "2021-04-26 21:29:45,840",     "description": "ftx现货Open-----True2021/4/26 21:29:45",   "level": "INFO",     "info": "" }
 {     "system": "Meowv.Blog",     "datetime": "2021-04-26 21:29:50,482",     "description": "coinbase 现货Open-----True2021/4/26 21:29:50",   "level": "INFO",     "info": "" }
 {     "system": "Meowv.Blog",     "datetime": "2021-04-26 21:29:51,730",     "description": "ftx现货Open-----True2021/4/26 21:29:51",   "level": "INFO",     "info": "" }
 {     "system": "Meowv.Blog",     "datetime": "2021-04-26 21:29:57,082",     "description": "coinbase 现货Open-----True2021/4/26 21:29:57",   "level": "INFO",     "info": "" }
 {     "system": "Meowv.Blog",     "datetime": "2021-04-26 21:29:57,616",     "description": "ftx现货Open-----True2021/4/26 21:29:57",   "level": "INFO",     "info": "" }
 {     "system": "Meowv.Blog",     "datetime": "2021-04-26 21:30:03,612",     "description": "ftx现货Open-----True2021/4/26 21:30:03",   "level": "INFO",     "info": "" }
 {     "system": "Meowv.Blog",     "datetime": "2021-04-26 21:30:03,963",     "description": "coinbase 现货Open-----True2021/4/26 21:30:03",   "level": "INFO",     "info": "" }
 {     "system": "Meowv.Blog",     "datetime": "2021-04-26 21:30:09,495",     "description": "ftx现货Open-----True2021/4/26 21:30:09",   "level": "INFO",     "info": "" }
 {     "system": "Meowv.Blog",     "datetime": "2021-04-26 21:30:11,274",     "description": "coinbase 现货Open-----True2021/4/26 21:30:11",   "level": "INFO",     "info": "" }
 {     "system": "Meowv.Blog",     "datetime": "2021-04-26 21:30:15,418",     "description": "ftx现货Open-----True2021/4/26 21:30:15",   "level": "INFO",     "info": "" }
 {     "system": "Meowv.Blog",     "datetime": "2021-04-26 21:30:17,630",     "description": "coinbase 现货Open-----True2021/4/26 21:30:17",   "level": "INFO",     "info": "" }
 {     "system": "Meowv.Blog",     "datetime": "2021-04-26 21:30:21,280",     "description": "ftx现货Open-----True2021/4/26 21:30:21",   "level": "INFO",     "info": "" }
 {     "system": "Meowv.Blog",     "datetime": "2021-04-26 21:30:23,560",     "description": "coinbase 现货Open-----True2021/4/26 21:30:23",   "level": "INFO",     "info": "" }
 {     "system": "Meowv.Blog",     "datetime": "2021-04-26 21:30:27,161",     "description": "ftx现货Open-----True2021/4/26 21:30:27",   "level": "INFO",     "info": "" }
 {     "system": "Meowv.Blog",     "datetime": "2021-04-26 21:30:29,338",     "description": "coinbase 现货Open-----True2021/4/26 21:30:29",   "level": "INFO",     "info": "" }
 {     "system": "Meowv.Blog",     "datetime": "2021-04-26 21:30:33,555",     "description": "ftx现货Open-----True2021/4/26 21:30:33",   "level": "INFO",     "info": "" }
 {     "system": "Meowv.Blog",     "datetime": "2021-04-26 21:30:35,364",     "description": "coinbase 现货Open-----True2021/4/26 21:30:35",   "level": "INFO",     "info": "" }
 {     "system": "Meowv.Blog",     "datetime": "2021-04-26 21:30:39,428",     "description": "ftx现货Open-----True2021/4/26 21:30:39",   "level": "INFO",     "info": "" }
 {     "system": "Meowv.Blog",     "datetime": "2021-04-26 21:30:42,934",     "description": "coinbase 现货Open-----True2021/4/26 21:30:42",   "level": "INFO",     "info": "" }
 {     "system": "Meowv.Blog",     "datetime": "2021-04-26 21:30:45,298",     "description": "ftx现货Open-----True2021/4/26 21:30:45",   "level": "INFO",     "info": "" }
 {     "system": "Meowv.Blog",     "datetime": "2021-04-26 21:30:49,688",     "description": "coinbase 现货Open-----True2021/4/26 21:30:49",   "level": "INFO",     "info": "" }
 {     "system": "Meowv.Blog",     "datetime": "2021-04-26 21:30:51,159",     "description": "ftx现货Open-----True2021/4/26 21:30:51",   "level": "INFO",     "info": "" }
 {     "system": "Meowv.Blog",     "datetime": "2021-04-26 21:31:03,737",     "description": " websocket_Opened",   "level": "INFO",     "info": "" }
 {     "system": "Meowv.Blog",     "datetime": "2021-04-26 21:31:04,263",     "description": "coinbase 现货Open-----True2021/4/26 21:31:04",   "level": "INFO",     "info": "" }
 {     "system": "Meowv.Blog",     "datetime": "2021-04-26 21:31:04,478",     "description": " websocket_Opened",   "level": "INFO",     "info": "" }
 {     "system": "Meowv.Blog",     "datetime": "2021-04-26 21:31:06,808",     "description": "ftx现货Open-----True2021/4/26 21:31:06",   "level": "INFO",     "info": "" }
 {     "system": "Meowv.Blog",     "datetime": "2021-04-26 21:31:10,204",     "description": "coinbase 现货Open-----True2021/4/26 21:31:10",   "level": "INFO",     "info": "" }
 {     "system": "Meowv.Blog",     "datetime": "2021-04-26 21:31:12,943",     "description": "ftx现货Open-----True2021/4/26 21:31:12",   "level": "INFO",     "info": "" }
 {     "system": "Meowv.Blog",     "datetime": "2021-04-26 21:31:16,925",     "description": "coinbase 现货Open-----True2021/4/26 21:31:16",   "level": "INFO",     "info": "" }
 {     "system": "Meowv.Blog",     "datetime": "2021-04-26 21:31:18,798",     "description": "ftx现货Open-----True2021/4/26 21:31:18",   "level": "INFO",     "info": "" }
 {     "system": "Meowv.Blog",     "datetime": "2021-04-26 21:31:23,230",     "description": "coinbase 现货Open-----True2021/4/26 21:31:23",   "level": "INFO",     "info": "" }
 {     "system": "Meowv.Blog",     "datetime": "2021-04-26 21:31:24,646",     "description": "ftx现货Open-----True2021/4/26 21:31:24",   "level": "INFO",     "info": "" }
 {     "system": "Meowv.Blog",     "datetime": "2021-04-26 21:31:29,555",     "description": "coinbase 现货Open-----True2021/4/26 21:31:29",   "level": "INFO",     "info": "" }
 {     "system": "Meowv.Blog",     "datetime": "2021-04-26 21:31:30,485",     "description": "ftx现货Open-----True2021/4/26 21:31:30",   "level": "INFO",     "info": "" }
 {     "system": "Meowv.Blog",     "datetime": "2021-04-26 21:31:36,369",     "description": "ftx现货Open-----True2021/4/26 21:31:36",   "level": "INFO",     "info": "" }
 {     "system": "Meowv.Blog",     "datetime": "2021-04-26 21:31:37,771",     "description": "coinbase 现货Open-----True2021/4/26 21:31:37",   "level": "INFO",     "info": "" }
 {     "system": "Meowv.Blog",     "datetime": "2021-04-26 21:31:42,248",     "description": "ftx现货Open-----True2021/4/26 21:31:42",   "level": "INFO",     "info": "" }
 {     "system": "Meowv.Blog",     "datetime": "2021-04-26 21:31:45,500",     "description": "coinbase 现货Open-----True2021/4/26 21:31:45",   "level": "INFO",     "info": "" }
 {     "system": "Meowv.Blog",     "datetime": "2021-04-26 21:31:48,102",     "description": "ftx现货Open-----True2021/4/26 21:31:48",   "level": "INFO",     "info": "" }
 {     "system": "Meowv.Blog",     "datetime": "2021-04-26 21:31:52,240",     "description": "coinbase 现货Open-----True2021/4/26 21:31:52",   "level": "INFO",     "info": "" }
 {     "system": "Meowv.Blog",     "datetime": "2021-04-26 21:31:54,225",     "description": "ftx现货Open-----True2021/4/26 21:31:54",   "level": "INFO",     "info": "" }
 {     "system": "Meowv.Blog",     "datetime": "2021-04-26 21:31:59,061",     "description": "coinbase 现货Open-----True2021/4/26 21:31:59",   "level": "INFO",     "info": "" }
 {     "system": "Meowv.Blog",     "datetime": "2021-04-26 21:32:00,248",     "description": "ftx现货Open-----True2021/4/26 21:32:00",   "level": "INFO",     "info": "" }
 {     "system": "Meowv.Blog",     "datetime": "2021-04-26 21:32:05,154",     "description": "coinbase 现货Open-----True2021/4/26 21:32:05",   "level": "INFO",     "info": "" }
 {     "system": "Meowv.Blog",     "datetime": "2021-04-26 21:32:06,129",     "description": "ftx现货Open-----True2021/4/26 21:32:06",   "level": "INFO",     "info": "" }
 {     "system": "Meowv.Blog",     "datetime": "2021-04-26 21:32:11,903",     "description": "coinbase 现货Open-----True2021/4/26 21:32:11",   "level": "INFO",     "info": "" }
 {     "system": "Meowv.Blog",     "datetime": "2021-04-26 21:32:12,156",     "description": "ftx现货Open-----True2021/4/26 21:32:12",   "level": "INFO",     "info": "" }
 {     "system": "Meowv.Blog",     "datetime": "2021-04-26 21:32:18,026",     "description": "ftx现货Open-----True2021/4/26 21:32:18",   "level": "INFO",     "info": "" }
 {     "system": "Meowv.Blog",     "datetime": "2021-04-26 21:32:18,977",     "description": "coinbase 现货Open-----True2021/4/26 21:32:18",   "level": "INFO",     "info": "" }
 {     "system": "Meowv.Blog",     "datetime": "2021-04-26 21:32:23,879",     "description": "ftx现货Open-----True2021/4/26 21:32:23",   "level": "INFO",     "info": "" }
 {     "system": "Meowv.Blog",     "datetime": "2021-04-26 21:33:34,353",     "description": " websocket_Opened",   "level": "INFO",     "info": "" }
 {     "system": "Meowv.Blog",     "datetime": "2021-04-26 21:33:34,957",     "description": " websocket_Opened",   "level": "INFO",     "info": "" }
 {     "system": "Meowv.Blog",     "datetime": "2021-04-26 21:33:35,750",     "description": "coinbase 现货Open-----True2021/4/26 21:33:35",   "level": "INFO",     "info": "" }
 {     "system": "Meowv.Blog",     "datetime": "2021-04-26 21:33:35,765",     "description": "ftx现货Open-----True2021/4/26 21:33:35",   "level": "INFO",     "info": "" }
 {     "system": "Meowv.Blog",     "datetime": "2021-04-26 21:33:41,659",     "description": "ftx现货Open-----True2021/4/26 21:33:41",   "level": "INFO",     "info": "" }
 {     "system": "Meowv.Blog",     "datetime": "2021-04-26 21:33:41,661",     "description": "coinbase 现货Open-----True2021/4/26 21:33:41",   "level": "INFO",     "info": "" }
 {     "system": "Meowv.Blog",     "datetime": "2021-04-26 21:33:47,515",     "description": "ftx现货Open-----True2021/4/26 21:33:47",   "level": "INFO",     "info": "" }
 {     "system": "Meowv.Blog",     "datetime": "2021-04-26 21:33:48,369",     "description": "coinbase 现货Open-----True2021/4/26 21:33:48",   "level": "INFO",     "info": "" }
 {     "system": "Meowv.Blog",     "datetime": "2021-04-26 21:33:53,375",     "description": "ftx现货Open-----True2021/4/26 21:33:53",   "level": "INFO",     "info": "" }
 {     "system": "Meowv.Blog",     "datetime": "2021-04-26 21:33:54,388",     "description": "coinbase 现货Open-----True2021/4/26 21:33:54",   "level": "INFO",     "info": "" }
 {     "system": "Meowv.Blog",     "datetime": "2021-04-26 21:33:59,214",     "description": "ftx现货Open-----True2021/4/26 21:33:59",   "level": "INFO",     "info": "" }
 {     "system": "Meowv.Blog",     "datetime": "2021-04-26 21:34:01,100",     "description": "coinbase 现货Open-----True2021/4/26 21:34:01",   "level": "INFO",     "info": "" }
 {     "system": "Meowv.Blog",     "datetime": "2021-04-26 21:34:05,038",     "description": "ftx现货Open-----True2021/4/26 21:34:05",   "level": "INFO",     "info": "" }
 {     "system": "Meowv.Blog",     "datetime": "2021-04-26 21:34:07,707",     "description": "coinbase 现货Open-----True2021/4/26 21:34:07",   "level": "INFO",     "info": "" }
 {     "system": "Meowv.Blog",     "datetime": "2021-04-26 21:34:11,008",     "description": "ftx现货Open-----True2021/4/26 21:34:11",   "level": "INFO",     "info": "" }
 {     "system": "Meowv.Blog",     "datetime": "2021-04-26 21:34:14,706",     "description": "coinbase 现货Open-----True2021/4/26 21:34:14",   "level": "INFO",     "info": "" }
 {     "system": "Meowv.Blog",     "datetime": "2021-04-26 21:34:16,851",     "description": "ftx现货Open-----True2021/4/26 21:34:16",   "level": "INFO",     "info": "" }