
 {     "system": "Meowv.Blog",     "datetime": "2021-09-23 18:45:01,200",     "description": "开始获取huobi交割数据",   "level": "INFO",     "info": "" }
 {     "system": "Meowv.Blog",     "datetime": "2021-09-23 18:45:02,498",     "description": " websocket_Opened",   "level": "INFO",     "info": "" }
 {     "system": "Meowv.Blog",     "datetime": "2021-09-23 18:45:03,859",     "description": "火币季度当前状态Open-----True2021-09-23 18:45:03",   "level": "INFO",     "info": "" }
 {     "system": "Meowv.Blog",     "datetime": "2021-09-23 18:45:27,035",     "description": "开始获取huobi交割数据",   "level": "INFO",     "info": "" }
 {     "system": "Meowv.Blog",     "datetime": "2021-09-23 18:45:27,705",     "description": " websocket_Opened",   "level": "INFO",     "info": "" }
 {     "system": "Meowv.Blog",     "datetime": "2021-09-23 18:45:28,907",     "description": "火币季度当前状态Open-----True2021-09-23 18:45:28",   "level": "INFO",     "info": "" }
 {     "system": "Meowv.Blog",     "datetime": "2021-09-23 18:45:34,157",     "description": "火币季度当前状态Open-----True2021-09-23 18:45:34",   "level": "INFO",     "info": "" }
 {     "system": "Meowv.Blog",     "datetime": "2021-09-23 18:45:39,403",     "description": "火币季度当前状态Open-----True2021-09-23 18:45:39",   "level": "INFO",     "info": "" }
 {     "system": "Meowv.Blog",     "datetime": "2021-09-23 18:45:44,648",     "description": "火币季度当前状态Open-----True2021-09-23 18:45:44",   "level": "INFO",     "info": "" }
 {     "system": "Meowv.Blog",     "datetime": "2021-09-23 18:45:49,890",     "description": "火币季度当前状态Open-----True2021-09-23 18:45:49",   "level": "INFO",     "info": "" }
 {     "system": "Meowv.Blog",     "datetime": "2021-09-23 18:45:55,135",     "description": "火币季度当前状态Open-----True2021-09-23 18:45:55",   "level": "INFO",     "info": "" }
 {     "system": "Meowv.Blog",     "datetime": "2021-09-23 18:46:00,374",     "description": "火币季度当前状态Open-----True2021-09-23 18:46:00",   "level": "INFO",     "info": "" }
 {     "system": "Meowv.Blog",     "datetime": "2021-09-23 18:46:05,635",     "description": "火币季度当前状态Open-----True2021-09-23 18:46:05",   "level": "INFO",     "info": "" }
 {     "system": "Meowv.Blog",     "datetime": "2021-09-23 18:46:10,901",     "description": "火币季度当前状态Open-----True2021-09-23 18:46:10",   "level": "INFO",     "info": "" }
 {     "system": "Meowv.Blog",     "datetime": "2021-09-23 18:46:12,924",     "description": "websocket_Closed",   "level": "INFO",     "info": "" }
 {     "system": "Meowv.Blog",     "datetime": "2021-09-23 18:46:15,981",     "description": "websocket_Error:WebSocketSharp.ErrorEventArgs",   "level": "INFO",     "info": "" }
 {     "system": "Meowv.Blog",     "datetime": "2021-09-23 18:46:18,048",     "description": "websocket_Closed",   "level": "INFO",     "info": "" }
 {     "system": "Meowv.Blog",     "datetime": "2021-09-23 18:46:18,049",     "description": "火币季度正在重连",   "level": "INFO",     "info": "" }
 {     "system": "Meowv.Blog",     "datetime": "2021-09-23 18:46:23,050",     "description": "websocket_Error:WebSocketSharp.ErrorEventArgs",   "level": "INFO",     "info": "" }
 {     "system": "Meowv.Blog",     "datetime": "2021-09-23 18:46:25,117",     "description": "websocket_Closed",   "level": "INFO",     "info": "" }
 {     "system": "Meowv.Blog",     "datetime": "2021-09-23 18:46:25,118",     "description": "火币季度正在重连",   "level": "INFO",     "info": "" }