
 {     "system": "Meowv.Blog",     "datetime": "2021-05-17 15:27:34,949",     "description": "开始获取USDt永续 huobi数据",   "level": "INFO",     "info": "" }
 {     "system": "Meowv.Blog",     "datetime": "2021-05-17 15:27:34,950",     "description": "开始获取币本位永续huobi数据",   "level": "INFO",     "info": "" }
 {     "system": "Meowv.Blog",     "datetime": "2021-05-17 15:27:34,956",     "description": "开始获取huobi交割数据",   "level": "INFO",     "info": "" }
 {     "system": "Meowv.Blog",     "datetime": "2021-05-17 15:27:36,344",     "description": " websocket_Opened",   "level": "INFO",     "info": "" }
 {     "system": "Meowv.Blog",     "datetime": "2021-05-17 15:27:36,920",     "description": "火币季度当前状态Open-----True2021/5/17 15:27:36",   "level": "INFO",     "info": "" }
 {     "system": "Meowv.Blog",     "datetime": "2021-05-17 15:27:38,040",     "description": " websocket_Opened",   "level": "INFO",     "info": "" }
 {     "system": "Meowv.Blog",     "datetime": "2021-05-17 15:27:38,600",     "description": "火币币本位永续当前状态Open-----True-----True2021/5/17 15:27:38",   "level": "INFO",     "info": "" }
 {     "system": "Meowv.Blog",     "datetime": "2021-05-17 15:27:42,600",     "description": "火币季度当前状态Open-----True2021/5/17 15:27:42",   "level": "INFO",     "info": "" }
 {     "system": "Meowv.Blog",     "datetime": "2021-05-17 15:27:44,473",     "description": "火币币本位永续当前状态Open-----True-----True2021/5/17 15:27:44",   "level": "INFO",     "info": "" }
 {     "system": "Meowv.Blog",     "datetime": "2021-05-17 15:27:46,920",     "description": " websocket_Opened",   "level": "INFO",     "info": "" }
 {     "system": "Meowv.Blog",     "datetime": "2021-05-17 15:27:48,510",     "description": "火币季度当前状态Open-----True2021/5/17 15:27:48",   "level": "INFO",     "info": "" }
 {     "system": "Meowv.Blog",     "datetime": "2021-05-17 15:27:49,124",     "description": "火币USDT永续当前状态Open-----True-----True2021/5/17 15:27:49",   "level": "INFO",     "info": "" }
 {     "system": "Meowv.Blog",     "datetime": "2021-05-17 15:27:50,359",     "description": "火币币本位永续当前状态Open-----True-----True2021/5/17 15:27:50",   "level": "INFO",     "info": "" }
 {     "system": "Meowv.Blog",     "datetime": "2021-05-17 15:27:54,175",     "description": "火币季度当前状态Open-----True2021/5/17 15:27:54",   "level": "INFO",     "info": "" }
 {     "system": "Meowv.Blog",     "datetime": "2021-05-17 15:27:56,205",     "description": "火币币本位永续当前状态Open-----True-----True2021/5/17 15:27:56",   "level": "INFO",     "info": "" }
 {     "system": "Meowv.Blog",     "datetime": "2021-05-17 15:27:57,170",     "description": "火币USDT永续当前状态Open-----True-----True2021/5/17 15:27:57",   "level": "INFO",     "info": "" }
 {     "system": "Meowv.Blog",     "datetime": "2021-05-17 15:27:59,864",     "description": "火币季度当前状态Open-----True2021/5/17 15:27:59",   "level": "INFO",     "info": "" }
 {     "system": "Meowv.Blog",     "datetime": "2021-05-17 15:28:02,060",     "description": "火币币本位永续当前状态Open-----True-----True2021/5/17 15:28:02",   "level": "INFO",     "info": "" }
 {     "system": "Meowv.Blog",     "datetime": "2021-05-17 15:28:05,268",     "description": "火币USDT永续当前状态Open-----True-----True2021/5/17 15:28:05",   "level": "INFO",     "info": "" }
 {     "system": "Meowv.Blog",     "datetime": "2021-05-17 15:28:05,560",     "description": "火币季度当前状态Open-----True2021/5/17 15:28:05",   "level": "INFO",     "info": "" }
 {     "system": "Meowv.Blog",     "datetime": "2021-05-17 15:28:07,916",     "description": "火币币本位永续当前状态Open-----True-----True2021/5/17 15:28:07",   "level": "INFO",     "info": "" }
 {     "system": "Meowv.Blog",     "datetime": "2021-05-17 15:28:11,256",     "description": "火币季度当前状态Open-----True2021/5/17 15:28:11",   "level": "INFO",     "info": "" }
 {     "system": "Meowv.Blog",     "datetime": "2021-05-17 15:28:13,331",     "description": "火币USDT永续当前状态Open-----True-----True2021/5/17 15:28:13",   "level": "INFO",     "info": "" }
 {     "system": "Meowv.Blog",     "datetime": "2021-05-17 15:28:13,777",     "description": "火币币本位永续当前状态Open-----True-----True2021/5/17 15:28:13",   "level": "INFO",     "info": "" }
 {     "system": "Meowv.Blog",     "datetime": "2021-05-17 15:28:16,920",     "description": "火币季度当前状态Open-----True2021/5/17 15:28:16",   "level": "INFO",     "info": "" }
 {     "system": "Meowv.Blog",     "datetime": "2021-05-17 15:28:19,641",     "description": "火币币本位永续当前状态Open-----True-----True2021/5/17 15:28:19",   "level": "INFO",     "info": "" }
 {     "system": "Meowv.Blog",     "datetime": "2021-05-17 15:28:21,402",     "description": "火币USDT永续当前状态Open-----True-----True2021/5/17 15:28:21",   "level": "INFO",     "info": "" }
 {     "system": "Meowv.Blog",     "datetime": "2021-05-17 15:28:22,718",     "description": "火币季度当前状态Open-----True2021/5/17 15:28:22",   "level": "INFO",     "info": "" }
 {     "system": "Meowv.Blog",     "datetime": "2021-05-17 15:28:25,553",     "description": "火币币本位永续当前状态Open-----True-----True2021/5/17 15:28:25",   "level": "INFO",     "info": "" }
 {     "system": "Meowv.Blog",     "datetime": "2021-05-17 15:28:28,376",     "description": "火币季度当前状态Open-----True2021/5/17 15:28:28",   "level": "INFO",     "info": "" }
 {     "system": "Meowv.Blog",     "datetime": "2021-05-17 15:28:29,508",     "description": "火币USDT永续当前状态Open-----True-----True2021/5/17 15:28:29",   "level": "INFO",     "info": "" }
 {     "system": "Meowv.Blog",     "datetime": "2021-05-17 15:28:31,377",     "description": "火币币本位永续当前状态Open-----True-----True2021/5/17 15:28:31",   "level": "INFO",     "info": "" }
 {     "system": "Meowv.Blog",     "datetime": "2021-05-17 15:28:34,043",     "description": "火币季度当前状态Open-----True2021/5/17 15:28:34",   "level": "INFO",     "info": "" }
 {     "system": "Meowv.Blog",     "datetime": "2021-05-17 15:28:37,206",     "description": "火币币本位永续当前状态Open-----True-----True2021/5/17 15:28:37",   "level": "INFO",     "info": "" }
 {     "system": "Meowv.Blog",     "datetime": "2021-05-17 15:28:37,579",     "description": "火币USDT永续当前状态Open-----True-----True2021/5/17 15:28:37",   "level": "INFO",     "info": "" }
 {     "system": "Meowv.Blog",     "datetime": "2021-05-17 15:28:40,008",     "description": "火币季度当前状态Open-----True2021/5/17 15:28:40",   "level": "INFO",     "info": "" }
 {     "system": "Meowv.Blog",     "datetime": "2021-05-17 15:28:43,058",     "description": "火币币本位永续当前状态Open-----True-----True2021/5/17 15:28:43",   "level": "INFO",     "info": "" }
 {     "system": "Meowv.Blog",     "datetime": "2021-05-17 15:28:45,591",     "description": "火币USDT永续当前状态Open-----True-----True2021/5/17 15:28:45",   "level": "INFO",     "info": "" }
 {     "system": "Meowv.Blog",     "datetime": "2021-05-17 15:28:45,820",     "description": "火币季度当前状态Open-----True2021/5/17 15:28:45",   "level": "INFO",     "info": "" }
 {     "system": "Meowv.Blog",     "datetime": "2021-05-17 15:28:48,895",     "description": "火币币本位永续当前状态Open-----True-----True2021/5/17 15:28:48",   "level": "INFO",     "info": "" }
 {     "system": "Meowv.Blog",     "datetime": "2021-05-17 15:28:51,539",     "description": "火币季度当前状态Open-----True2021/5/17 15:28:51",   "level": "INFO",     "info": "" }
 {     "system": "Meowv.Blog",     "datetime": "2021-05-17 15:28:53,696",     "description": "火币USDT永续当前状态Open-----True-----True2021/5/17 15:28:53",   "level": "INFO",     "info": "" }
 {     "system": "Meowv.Blog",     "datetime": "2021-05-17 15:28:54,734",     "description": "火币币本位永续当前状态Open-----True-----True2021/5/17 15:28:54",   "level": "INFO",     "info": "" }
 {     "system": "Meowv.Blog",     "datetime": "2021-05-17 15:28:57,271",     "description": "火币季度当前状态Open-----True2021/5/17 15:28:57",   "level": "INFO",     "info": "" }
 {     "system": "Meowv.Blog",     "datetime": "2021-05-17 15:29:00,612",     "description": "火币币本位永续当前状态Open-----True-----True2021/5/17 15:29:00",   "level": "INFO",     "info": "" }
 {     "system": "Meowv.Blog",     "datetime": "2021-05-17 15:29:01,754",     "description": "火币USDT永续当前状态Open-----True-----True2021/5/17 15:29:01",   "level": "INFO",     "info": "" }
 {     "system": "Meowv.Blog",     "datetime": "2021-05-17 15:29:02,927",     "description": "火币季度当前状态Open-----True2021/5/17 15:29:02",   "level": "INFO",     "info": "" }
 {     "system": "Meowv.Blog",     "datetime": "2021-05-17 15:29:06,452",     "description": "火币币本位永续当前状态Open-----True-----True2021/5/17 15:29:06",   "level": "INFO",     "info": "" }
 {     "system": "Meowv.Blog",     "datetime": "2021-05-17 15:29:08,589",     "description": "火币季度当前状态Open-----True2021/5/17 15:29:08",   "level": "INFO",     "info": "" }
 {     "system": "Meowv.Blog",     "datetime": "2021-05-17 15:29:09,787",     "description": "火币USDT永续当前状态Open-----True-----True2021/5/17 15:29:09",   "level": "INFO",     "info": "" }
 {     "system": "Meowv.Blog",     "datetime": "2021-05-17 15:29:12,354",     "description": "火币币本位永续当前状态Open-----True-----True2021/5/17 15:29:12",   "level": "INFO",     "info": "" }
 {     "system": "Meowv.Blog",     "datetime": "2021-05-17 15:29:14,487",     "description": "火币季度当前状态Open-----True2021/5/17 15:29:14",   "level": "INFO",     "info": "" }
 {     "system": "Meowv.Blog",     "datetime": "2021-05-17 15:29:17,849",     "description": "火币USDT永续当前状态Open-----True-----True2021/5/17 15:29:17",   "level": "INFO",     "info": "" }
 {     "system": "Meowv.Blog",     "datetime": "2021-05-17 15:29:18,207",     "description": "火币币本位永续当前状态Open-----True-----True2021/5/17 15:29:18",   "level": "INFO",     "info": "" }
 {     "system": "Meowv.Blog",     "datetime": "2021-05-17 15:29:20,275",     "description": "火币季度当前状态Open-----True2021/5/17 15:29:20",   "level": "INFO",     "info": "" }
 {     "system": "Meowv.Blog",     "datetime": "2021-05-17 15:29:24,047",     "description": "火币币本位永续当前状态Open-----True-----True2021/5/17 15:29:24",   "level": "INFO",     "info": "" }
 {     "system": "Meowv.Blog",     "datetime": "2021-05-17 15:29:25,951",     "description": "火币USDT永续当前状态Open-----True-----True2021/5/17 15:29:25",   "level": "INFO",     "info": "" }
 {     "system": "Meowv.Blog",     "datetime": "2021-05-17 15:29:25,975",     "description": "火币季度当前状态Open-----True2021/5/17 15:29:25",   "level": "INFO",     "info": "" }
 {     "system": "Meowv.Blog",     "datetime": "2021-05-17 15:29:29,887",     "description": "火币币本位永续当前状态Open-----True-----True2021/5/17 15:29:29",   "level": "INFO",     "info": "" }
 {     "system": "Meowv.Blog",     "datetime": "2021-05-17 15:29:32,478",     "description": "火币季度当前状态Open-----True2021/5/17 15:29:32",   "level": "INFO",     "info": "" }
 {     "system": "Meowv.Blog",     "datetime": "2021-05-17 15:29:33,977",     "description": "火币USDT永续当前状态Open-----True-----True2021/5/17 15:29:33",   "level": "INFO",     "info": "" }
 {     "system": "Meowv.Blog",     "datetime": "2021-05-17 15:29:35,740",     "description": "火币币本位永续当前状态Open-----True-----True2021/5/17 15:29:35",   "level": "INFO",     "info": "" }
 {     "system": "Meowv.Blog",     "datetime": "2021-05-17 15:29:38,159",     "description": "火币季度当前状态Open-----True2021/5/17 15:29:38",   "level": "INFO",     "info": "" }
 {     "system": "Meowv.Blog",     "datetime": "2021-05-17 15:29:41,585",     "description": "火币币本位永续当前状态Open-----True-----True2021/5/17 15:29:41",   "level": "INFO",     "info": "" }
 {     "system": "Meowv.Blog",     "datetime": "2021-05-17 15:29:42,027",     "description": "火币USDT永续当前状态Open-----True-----True2021/5/17 15:29:42",   "level": "INFO",     "info": "" }
 {     "system": "Meowv.Blog",     "datetime": "2021-05-17 15:29:43,867",     "description": "火币季度当前状态Open-----True2021/5/17 15:29:43",   "level": "INFO",     "info": "" }
 {     "system": "Meowv.Blog",     "datetime": "2021-05-17 15:29:47,447",     "description": "火币币本位永续当前状态Open-----True-----True2021/5/17 15:29:47",   "level": "INFO",     "info": "" }
 {     "system": "Meowv.Blog",     "datetime": "2021-05-17 15:29:49,616",     "description": "火币季度当前状态Open-----True2021/5/17 15:29:49",   "level": "INFO",     "info": "" }
 {     "system": "Meowv.Blog",     "datetime": "2021-05-17 15:29:50,132",     "description": "火币USDT永续当前状态Open-----True-----True2021/5/17 15:29:50",   "level": "INFO",     "info": "" }
 {     "system": "Meowv.Blog",     "datetime": "2021-05-17 15:29:53,307",     "description": "火币币本位永续当前状态Open-----True-----True2021/5/17 15:29:53",   "level": "INFO",     "info": "" }
 {     "system": "Meowv.Blog",     "datetime": "2021-05-17 15:29:55,300",     "description": "火币季度当前状态Open-----True2021/5/17 15:29:55",   "level": "INFO",     "info": "" }
 {     "system": "Meowv.Blog",     "datetime": "2021-05-17 15:29:58,218",     "description": "火币USDT永续当前状态Open-----True-----True2021/5/17 15:29:58",   "level": "INFO",     "info": "" }
 {     "system": "Meowv.Blog",     "datetime": "2021-05-17 15:29:59,152",     "description": "火币币本位永续当前状态Open-----True-----True2021/5/17 15:29:59",   "level": "INFO",     "info": "" }
 {     "system": "Meowv.Blog",     "datetime": "2021-05-17 15:30:00,972",     "description": "火币季度当前状态Open-----True2021/5/17 15:30:00",   "level": "INFO",     "info": "" }
 {     "system": "Meowv.Blog",     "datetime": "2021-05-17 15:30:05,019",     "description": "火币币本位永续当前状态Open-----True-----True2021/5/17 15:30:05",   "level": "INFO",     "info": "" }
 {     "system": "Meowv.Blog",     "datetime": "2021-05-17 15:30:06,358",     "description": "火币USDT永续当前状态Open-----True-----True2021/5/17 15:30:06",   "level": "INFO",     "info": "" }
 {     "system": "Meowv.Blog",     "datetime": "2021-05-17 15:30:06,762",     "description": "火币季度当前状态Open-----True2021/5/17 15:30:06",   "level": "INFO",     "info": "" }
 {     "system": "Meowv.Blog",     "datetime": "2021-05-17 15:30:10,887",     "description": "火币币本位永续当前状态Open-----True-----True2021/5/17 15:30:10",   "level": "INFO",     "info": "" }
 {     "system": "Meowv.Blog",     "datetime": "2021-05-17 15:30:12,622",     "description": "火币季度当前状态Open-----True2021/5/17 15:30:12",   "level": "INFO",     "info": "" }
 {     "system": "Meowv.Blog",     "datetime": "2021-05-17 15:30:14,407",     "description": "火币USDT永续当前状态Open-----True-----True2021/5/17 15:30:14",   "level": "INFO",     "info": "" }
 {     "system": "Meowv.Blog",     "datetime": "2021-05-17 15:30:16,736",     "description": "火币币本位永续当前状态Open-----True-----True2021/5/17 15:30:16",   "level": "INFO",     "info": "" }
 {     "system": "Meowv.Blog",     "datetime": "2021-05-17 15:30:18,304",     "description": "火币季度当前状态Open-----True2021/5/17 15:30:18",   "level": "INFO",     "info": "" }
 {     "system": "Meowv.Blog",     "datetime": "2021-05-17 15:30:22,652",     "description": "火币币本位永续当前状态Open-----True-----True2021/5/17 15:30:22",   "level": "INFO",     "info": "" }
 {     "system": "Meowv.Blog",     "datetime": "2021-05-17 15:30:24,261",     "description": "火币季度当前状态Open-----True2021/5/17 15:30:24",   "level": "INFO",     "info": "" }
 {     "system": "Meowv.Blog",     "datetime": "2021-05-17 15:30:27,286",     "description": "火币USDT永续当前状态Open-----True-----True2021/5/17 15:30:27",   "level": "INFO",     "info": "" }
 {     "system": "Meowv.Blog",     "datetime": "2021-05-17 15:30:28,526",     "description": "火币币本位永续当前状态Open-----True-----True2021/5/17 15:30:28",   "level": "INFO",     "info": "" }
 {     "system": "Meowv.Blog",     "datetime": "2021-05-17 15:30:30,121",     "description": "火币季度当前状态Open-----True2021/5/17 15:30:30",   "level": "INFO",     "info": "" }
 {     "system": "Meowv.Blog",     "datetime": "2021-05-17 15:30:33,496",     "description": "火币USDT永续当前状态Open-----True-----True2021/5/17 15:30:33",   "level": "INFO",     "info": "" }
 {     "system": "Meowv.Blog",     "datetime": "2021-05-17 15:30:34,396",     "description": "火币币本位永续当前状态Open-----True-----True2021/5/17 15:30:34",   "level": "INFO",     "info": "" }
 {     "system": "Meowv.Blog",     "datetime": "2021-05-17 15:30:35,795",     "description": "火币季度当前状态Open-----True2021/5/17 15:30:35",   "level": "INFO",     "info": "" }
 {     "system": "Meowv.Blog",     "datetime": "2021-05-17 15:30:39,724",     "description": "火币USDT永续当前状态Open-----True-----True2021/5/17 15:30:39",   "level": "INFO",     "info": "" }
 {     "system": "Meowv.Blog",     "datetime": "2021-05-17 15:30:40,249",     "description": "火币币本位永续当前状态Open-----True-----True2021/5/17 15:30:40",   "level": "INFO",     "info": "" }
 {     "system": "Meowv.Blog",     "datetime": "2021-05-17 15:30:41,452",     "description": "火币季度当前状态Open-----True2021/5/17 15:30:41",   "level": "INFO",     "info": "" }
 {     "system": "Meowv.Blog",     "datetime": "2021-05-17 15:30:45,915",     "description": "火币USDT永续当前状态Open-----True-----True2021/5/17 15:30:45",   "level": "INFO",     "info": "" }
 {     "system": "Meowv.Blog",     "datetime": "2021-05-17 15:30:46,105",     "description": "火币币本位永续当前状态Open-----True-----True2021/5/17 15:30:46",   "level": "INFO",     "info": "" }
 {     "system": "Meowv.Blog",     "datetime": "2021-05-17 15:30:47,141",     "description": "火币季度当前状态Open-----True2021/5/17 15:30:47",   "level": "INFO",     "info": "" }
 {     "system": "Meowv.Blog",     "datetime": "2021-05-17 15:30:51,946",     "description": "火币币本位永续当前状态Open-----True-----True2021/5/17 15:30:51",   "level": "INFO",     "info": "" }
 {     "system": "Meowv.Blog",     "datetime": "2021-05-17 15:30:52,166",     "description": "火币USDT永续当前状态Open-----True-----True2021/5/17 15:30:52",   "level": "INFO",     "info": "" }
 {     "system": "Meowv.Blog",     "datetime": "2021-05-17 15:30:52,816",     "description": "火币季度当前状态Open-----True2021/5/17 15:30:52",   "level": "INFO",     "info": "" }
 {     "system": "Meowv.Blog",     "datetime": "2021-05-17 15:30:57,857",     "description": "火币币本位永续当前状态Open-----True-----True2021/5/17 15:30:57",   "level": "INFO",     "info": "" }
 {     "system": "Meowv.Blog",     "datetime": "2021-05-17 15:30:58,416",     "description": "火币USDT永续当前状态Open-----True-----True2021/5/17 15:30:58",   "level": "INFO",     "info": "" }
 {     "system": "Meowv.Blog",     "datetime": "2021-05-17 15:30:58,728",     "description": "火币季度当前状态Open-----True2021/5/17 15:30:58",   "level": "INFO",     "info": "" }
 {     "system": "Meowv.Blog",     "datetime": "2021-05-17 15:31:03,725",     "description": "火币币本位永续当前状态Open-----True-----True2021/5/17 15:31:03",   "level": "INFO",     "info": "" }
 {     "system": "Meowv.Blog",     "datetime": "2021-05-17 15:31:04,578",     "description": "火币季度当前状态Open-----True2021/5/17 15:31:04",   "level": "INFO",     "info": "" }
 {     "system": "Meowv.Blog",     "datetime": "2021-05-17 15:31:04,663",     "description": "火币USDT永续当前状态Open-----True-----True2021/5/17 15:31:04",   "level": "INFO",     "info": "" }
 {     "system": "Meowv.Blog",     "datetime": "2021-05-17 15:31:09,563",     "description": "火币币本位永续当前状态Open-----True-----True2021/5/17 15:31:09",   "level": "INFO",     "info": "" }
 {     "system": "Meowv.Blog",     "datetime": "2021-05-17 15:31:10,381",     "description": "火币季度当前状态Open-----True2021/5/17 15:31:10",   "level": "INFO",     "info": "" }
 {     "system": "Meowv.Blog",     "datetime": "2021-05-17 15:31:10,951",     "description": "火币USDT永续当前状态Open-----True-----True2021/5/17 15:31:10",   "level": "INFO",     "info": "" }
 {     "system": "Meowv.Blog",     "datetime": "2021-05-17 15:31:15,398",     "description": "火币币本位永续当前状态Open-----True-----True2021/5/17 15:31:15",   "level": "INFO",     "info": "" }
 {     "system": "Meowv.Blog",     "datetime": "2021-05-17 15:31:16,072",     "description": "火币季度当前状态Open-----True2021/5/17 15:31:16",   "level": "INFO",     "info": "" }
 {     "system": "Meowv.Blog",     "datetime": "2021-05-17 15:31:17,208",     "description": "火币USDT永续当前状态Open-----True-----True2021/5/17 15:31:17",   "level": "INFO",     "info": "" }
 {     "system": "Meowv.Blog",     "datetime": "2021-05-17 15:31:21,283",     "description": "火币币本位永续当前状态Open-----True-----True2021/5/17 15:31:21",   "level": "INFO",     "info": "" }
 {     "system": "Meowv.Blog",     "datetime": "2021-05-17 15:31:21,735",     "description": "火币季度当前状态Open-----True2021/5/17 15:31:21",   "level": "INFO",     "info": "" }
 {     "system": "Meowv.Blog",     "datetime": "2021-05-17 15:31:23,462",     "description": "火币USDT永续当前状态Open-----True-----True2021/5/17 15:31:23",   "level": "INFO",     "info": "" }
 {     "system": "Meowv.Blog",     "datetime": "2021-05-17 15:31:27,243",     "description": "火币币本位永续当前状态Open-----True-----True2021/5/17 15:31:27",   "level": "INFO",     "info": "" }
 {     "system": "Meowv.Blog",     "datetime": "2021-05-17 15:31:27,440",     "description": "火币季度当前状态Open-----True2021/5/17 15:31:27",   "level": "INFO",     "info": "" }
 {     "system": "Meowv.Blog",     "datetime": "2021-05-17 15:31:29,719",     "description": "火币USDT永续当前状态Open-----True-----True2021/5/17 15:31:29",   "level": "INFO",     "info": "" }
 {     "system": "Meowv.Blog",     "datetime": "2021-05-17 15:31:33,115",     "description": "火币币本位永续当前状态Open-----True-----True2021/5/17 15:31:33",   "level": "INFO",     "info": "" }
 {     "system": "Meowv.Blog",     "datetime": "2021-05-17 15:31:33,121",     "description": "火币季度当前状态Open-----True2021/5/17 15:31:33",   "level": "INFO",     "info": "" }
 {     "system": "Meowv.Blog",     "datetime": "2021-05-17 15:31:35,969",     "description": "火币USDT永续当前状态Open-----True-----True2021/5/17 15:31:35",   "level": "INFO",     "info": "" }
 {     "system": "Meowv.Blog",     "datetime": "2021-05-17 15:31:38,812",     "description": "火币季度当前状态Open-----True2021/5/17 15:31:38",   "level": "INFO",     "info": "" }
 {     "system": "Meowv.Blog",     "datetime": "2021-05-17 15:31:39,009",     "description": "火币币本位永续当前状态Open-----True-----True2021/5/17 15:31:39",   "level": "INFO",     "info": "" }
 {     "system": "Meowv.Blog",     "datetime": "2021-05-17 15:31:42,233",     "description": "火币USDT永续当前状态Open-----True-----True2021/5/17 15:31:42",   "level": "INFO",     "info": "" }
 {     "system": "Meowv.Blog",     "datetime": "2021-05-17 15:31:44,911",     "description": "火币季度当前状态Open-----True2021/5/17 15:31:44",   "level": "INFO",     "info": "" }
 {     "system": "Meowv.Blog",     "datetime": "2021-05-17 15:31:44,912",     "description": "火币币本位永续当前状态Open-----True-----True2021/5/17 15:31:44",   "level": "INFO",     "info": "" }
 {     "system": "Meowv.Blog",     "datetime": "2021-05-17 15:31:48,472",     "description": "火币USDT永续当前状态Open-----True-----True2021/5/17 15:31:48",   "level": "INFO",     "info": "" }
 {     "system": "Meowv.Blog",     "datetime": "2021-05-17 15:31:50,815",     "description": "火币季度当前状态Open-----True2021/5/17 15:31:50",   "level": "INFO",     "info": "" }
 {     "system": "Meowv.Blog",     "datetime": "2021-05-17 15:31:50,835",     "description": "火币币本位永续当前状态Open-----True-----True2021/5/17 15:31:50",   "level": "INFO",     "info": "" }
 {     "system": "Meowv.Blog",     "datetime": "2021-05-17 15:31:54,765",     "description": "火币USDT永续当前状态Open-----True-----True2021/5/17 15:31:54",   "level": "INFO",     "info": "" }
 {     "system": "Meowv.Blog",     "datetime": "2021-05-17 15:31:56,648",     "description": "火币季度当前状态Open-----True2021/5/17 15:31:56",   "level": "INFO",     "info": "" }
 {     "system": "Meowv.Blog",     "datetime": "2021-05-17 15:31:56,665",     "description": "火币币本位永续当前状态Open-----True-----True2021/5/17 15:31:56",   "level": "INFO",     "info": "" }
 {     "system": "Meowv.Blog",     "datetime": "2021-05-17 15:32:00,985",     "description": "火币USDT永续当前状态Open-----True-----True2021/5/17 15:32:00",   "level": "INFO",     "info": "" }
 {     "system": "Meowv.Blog",     "datetime": "2021-05-17 15:32:02,309",     "description": "火币季度当前状态Open-----True2021/5/17 15:32:02",   "level": "INFO",     "info": "" }
 {     "system": "Meowv.Blog",     "datetime": "2021-05-17 15:32:02,522",     "description": "火币币本位永续当前状态Open-----True-----True2021/5/17 15:32:02",   "level": "INFO",     "info": "" }
 {     "system": "Meowv.Blog",     "datetime": "2021-05-17 15:32:07,210",     "description": "火币USDT永续当前状态Open-----True-----True2021/5/17 15:32:07",   "level": "INFO",     "info": "" }
 {     "system": "Meowv.Blog",     "datetime": "2021-05-17 15:32:08,151",     "description": "火币季度当前状态Open-----True2021/5/17 15:32:08",   "level": "INFO",     "info": "" }
 {     "system": "Meowv.Blog",     "datetime": "2021-05-17 15:32:08,613",     "description": "火币币本位永续当前状态Open-----True-----True2021/5/17 15:32:08",   "level": "INFO",     "info": "" }
 {     "system": "Meowv.Blog",     "datetime": "2021-05-17 15:32:13,427",     "description": "火币USDT永续当前状态Open-----True-----True2021/5/17 15:32:13",   "level": "INFO",     "info": "" }
 {     "system": "Meowv.Blog",     "datetime": "2021-05-17 15:32:14,185",     "description": "火币季度当前状态Open-----True2021/5/17 15:32:14",   "level": "INFO",     "info": "" }
 {     "system": "Meowv.Blog",     "datetime": "2021-05-17 15:32:14,537",     "description": "火币币本位永续当前状态Open-----True-----True2021/5/17 15:32:14",   "level": "INFO",     "info": "" }
 {     "system": "Meowv.Blog",     "datetime": "2021-05-17 15:32:19,644",     "description": "火币USDT永续当前状态Open-----True-----True2021/5/17 15:32:19",   "level": "INFO",     "info": "" }
 {     "system": "Meowv.Blog",     "datetime": "2021-05-17 15:32:20,457",     "description": "火币币本位永续当前状态Open-----True-----True2021/5/17 15:32:20",   "level": "INFO",     "info": "" }
 {     "system": "Meowv.Blog",     "datetime": "2021-05-17 15:32:20,702",     "description": "火币季度当前状态Open-----True2021/5/17 15:32:20",   "level": "INFO",     "info": "" }
 {     "system": "Meowv.Blog",     "datetime": "2021-05-17 15:32:25,872",     "description": "火币USDT永续当前状态Open-----True-----True2021/5/17 15:32:25",   "level": "INFO",     "info": "" }
 {     "system": "Meowv.Blog",     "datetime": "2021-05-17 15:32:26,310",     "description": "火币币本位永续当前状态Open-----True-----True2021/5/17 15:32:26",   "level": "INFO",     "info": "" }
 {     "system": "Meowv.Blog",     "datetime": "2021-05-17 15:32:26,444",     "description": "火币季度当前状态Open-----True2021/5/17 15:32:26",   "level": "INFO",     "info": "" }
 {     "system": "Meowv.Blog",     "datetime": "2021-05-17 15:32:32,130",     "description": "火币季度当前状态Open-----True2021/5/17 15:32:32",   "level": "INFO",     "info": "" }
 {     "system": "Meowv.Blog",     "datetime": "2021-05-17 15:32:32,130",     "description": "火币USDT永续当前状态Open-----True-----True2021/5/17 15:32:32",   "level": "INFO",     "info": "" }
 {     "system": "Meowv.Blog",     "datetime": "2021-05-17 15:32:32,163",     "description": "火币币本位永续当前状态Open-----True-----True2021/5/17 15:32:32",   "level": "INFO",     "info": "" }
 {     "system": "Meowv.Blog",     "datetime": "2021-05-17 15:32:37,925",     "description": "火币季度当前状态Open-----True2021/5/17 15:32:37",   "level": "INFO",     "info": "" }
 {     "system": "Meowv.Blog",     "datetime": "2021-05-17 15:32:38,032",     "description": "火币币本位永续当前状态Open-----True-----True2021/5/17 15:32:38",   "level": "INFO",     "info": "" }
 {     "system": "Meowv.Blog",     "datetime": "2021-05-17 15:32:38,354",     "description": "火币USDT永续当前状态Open-----True-----True2021/5/17 15:32:38",   "level": "INFO",     "info": "" }
 {     "system": "Meowv.Blog",     "datetime": "2021-05-17 15:32:43,899",     "description": "火币币本位永续当前状态Open-----True-----True2021/5/17 15:32:43",   "level": "INFO",     "info": "" }
 {     "system": "Meowv.Blog",     "datetime": "2021-05-17 15:32:44,107",     "description": "火币季度当前状态Open-----True2021/5/17 15:32:44",   "level": "INFO",     "info": "" }
 {     "system": "Meowv.Blog",     "datetime": "2021-05-17 15:32:44,772",     "description": "火币USDT永续当前状态Open-----True-----True2021/5/17 15:32:44",   "level": "INFO",     "info": "" }
 {     "system": "Meowv.Blog",     "datetime": "2021-05-17 15:32:49,782",     "description": "火币季度当前状态Open-----True2021/5/17 15:32:49",   "level": "INFO",     "info": "" }
 {     "system": "Meowv.Blog",     "datetime": "2021-05-17 15:32:49,807",     "description": "火币币本位永续当前状态Open-----True-----True2021/5/17 15:32:49",   "level": "INFO",     "info": "" }
 {     "system": "Meowv.Blog",     "datetime": "2021-05-17 15:32:50,991",     "description": "火币USDT永续当前状态Open-----True-----True2021/5/17 15:32:50",   "level": "INFO",     "info": "" }
 {     "system": "Meowv.Blog",     "datetime": "2021-05-17 15:32:55,552",     "description": "火币季度当前状态Open-----True2021/5/17 15:32:55",   "level": "INFO",     "info": "" }
 {     "system": "Meowv.Blog",     "datetime": "2021-05-17 15:32:55,712",     "description": "火币币本位永续当前状态Open-----True-----True2021/5/17 15:32:55",   "level": "INFO",     "info": "" }
 {     "system": "Meowv.Blog",     "datetime": "2021-05-17 15:32:57,235",     "description": "火币USDT永续当前状态Open-----True-----True2021/5/17 15:32:57",   "level": "INFO",     "info": "" }
 {     "system": "Meowv.Blog",     "datetime": "2021-05-17 15:33:01,245",     "description": "火币季度当前状态Open-----True2021/5/17 15:33:01",   "level": "INFO",     "info": "" }
 {     "system": "Meowv.Blog",     "datetime": "2021-05-17 15:33:01,567",     "description": "火币币本位永续当前状态Open-----True-----True2021/5/17 15:33:01",   "level": "INFO",     "info": "" }
 {     "system": "Meowv.Blog",     "datetime": "2021-05-17 15:33:03,484",     "description": "火币USDT永续当前状态Open-----True-----True2021/5/17 15:33:03",   "level": "INFO",     "info": "" }
 {     "system": "Meowv.Blog",     "datetime": "2021-05-17 15:33:06,956",     "description": "火币季度当前状态Open-----True2021/5/17 15:33:06",   "level": "INFO",     "info": "" }
 {     "system": "Meowv.Blog",     "datetime": "2021-05-17 15:33:07,447",     "description": "火币币本位永续当前状态Open-----True-----True2021/5/17 15:33:07",   "level": "INFO",     "info": "" }
 {     "system": "Meowv.Blog",     "datetime": "2021-05-17 15:33:09,712",     "description": "火币USDT永续当前状态Open-----True-----True2021/5/17 15:33:09",   "level": "INFO",     "info": "" }
 {     "system": "Meowv.Blog",     "datetime": "2021-05-17 15:33:12,671",     "description": "火币季度当前状态Open-----True2021/5/17 15:33:12",   "level": "INFO",     "info": "" }
 {     "system": "Meowv.Blog",     "datetime": "2021-05-17 15:33:13,303",     "description": "火币币本位永续当前状态Open-----True-----True2021/5/17 15:33:13",   "level": "INFO",     "info": "" }
 {     "system": "Meowv.Blog",     "datetime": "2021-05-17 15:33:15,949",     "description": "火币USDT永续当前状态Open-----True-----True2021/5/17 15:33:15",   "level": "INFO",     "info": "" }
 {     "system": "Meowv.Blog",     "datetime": "2021-05-17 15:33:18,417",     "description": "火币季度当前状态Open-----True2021/5/17 15:33:18",   "level": "INFO",     "info": "" }
 {     "system": "Meowv.Blog",     "datetime": "2021-05-17 15:33:19,158",     "description": "火币币本位永续当前状态Open-----True-----True2021/5/17 15:33:19",   "level": "INFO",     "info": "" }
 {     "system": "Meowv.Blog",     "datetime": "2021-05-17 15:33:22,217",     "description": "火币USDT永续当前状态Open-----True-----True2021/5/17 15:33:22",   "level": "INFO",     "info": "" }
 {     "system": "Meowv.Blog",     "datetime": "2021-05-17 15:33:24,322",     "description": "火币季度当前状态Open-----True2021/5/17 15:33:24",   "level": "INFO",     "info": "" }
 {     "system": "Meowv.Blog",     "datetime": "2021-05-17 15:33:25,028",     "description": "火币币本位永续当前状态Open-----True-----True2021/5/17 15:33:25",   "level": "INFO",     "info": "" }
 {     "system": "Meowv.Blog",     "datetime": "2021-05-17 15:33:28,466",     "description": "火币USDT永续当前状态Open-----True-----True2021/5/17 15:33:28",   "level": "INFO",     "info": "" }
 {     "system": "Meowv.Blog",     "datetime": "2021-05-17 15:33:30,320",     "description": "火币季度当前状态Open-----True2021/5/17 15:33:30",   "level": "INFO",     "info": "" }
 {     "system": "Meowv.Blog",     "datetime": "2021-05-17 15:33:30,863",     "description": "火币币本位永续当前状态Open-----True-----True2021/5/17 15:33:30",   "level": "INFO",     "info": "" }
 {     "system": "Meowv.Blog",     "datetime": "2021-05-17 15:33:34,710",     "description": "火币USDT永续当前状态Open-----True-----True2021/5/17 15:33:34",   "level": "INFO",     "info": "" }
 {     "system": "Meowv.Blog",     "datetime": "2021-05-17 15:33:36,050",     "description": "火币季度当前状态Open-----True2021/5/17 15:33:36",   "level": "INFO",     "info": "" }
 {     "system": "Meowv.Blog",     "datetime": "2021-05-17 15:33:36,713",     "description": "火币币本位永续当前状态Open-----True-----True2021/5/17 15:33:36",   "level": "INFO",     "info": "" }
 {     "system": "Meowv.Blog",     "datetime": "2021-05-17 15:33:40,931",     "description": "火币USDT永续当前状态Open-----True-----True2021/5/17 15:33:40",   "level": "INFO",     "info": "" }
 {     "system": "Meowv.Blog",     "datetime": "2021-05-17 15:33:41,799",     "description": "火币季度当前状态Open-----True2021/5/17 15:33:41",   "level": "INFO",     "info": "" }
 {     "system": "Meowv.Blog",     "datetime": "2021-05-17 15:33:42,555",     "description": "火币币本位永续当前状态Open-----True-----True2021/5/17 15:33:42",   "level": "INFO",     "info": "" }
 {     "system": "Meowv.Blog",     "datetime": "2021-05-17 15:33:47,156",     "description": "火币USDT永续当前状态Open-----True-----True2021/5/17 15:33:47",   "level": "INFO",     "info": "" }
 {     "system": "Meowv.Blog",     "datetime": "2021-05-17 15:33:47,599",     "description": "火币季度当前状态Open-----True2021/5/17 15:33:47",   "level": "INFO",     "info": "" }
 {     "system": "Meowv.Blog",     "datetime": "2021-05-17 15:33:48,404",     "description": "火币币本位永续当前状态Open-----True-----True2021/5/17 15:33:48",   "level": "INFO",     "info": "" }
 {     "system": "Meowv.Blog",     "datetime": "2021-05-17 15:33:53,372",     "description": "火币USDT永续当前状态Open-----True-----True2021/5/17 15:33:53",   "level": "INFO",     "info": "" }
 {     "system": "Meowv.Blog",     "datetime": "2021-05-17 15:33:53,405",     "description": "火币季度当前状态Open-----True2021/5/17 15:33:53",   "level": "INFO",     "info": "" }
 {     "system": "Meowv.Blog",     "datetime": "2021-05-17 15:33:54,265",     "description": "火币币本位永续当前状态Open-----True-----True2021/5/17 15:33:54",   "level": "INFO",     "info": "" }
 {     "system": "Meowv.Blog",     "datetime": "2021-05-17 15:33:59,067",     "description": "火币季度当前状态Open-----True2021/5/17 15:33:59",   "level": "INFO",     "info": "" }
 {     "system": "Meowv.Blog",     "datetime": "2021-05-17 15:33:59,677",     "description": "火币USDT永续当前状态Open-----True-----True2021/5/17 15:33:59",   "level": "INFO",     "info": "" }
 {     "system": "Meowv.Blog",     "datetime": "2021-05-17 15:34:00,147",     "description": "火币币本位永续当前状态Open-----True-----True2021/5/17 15:34:00",   "level": "INFO",     "info": "" }
 {     "system": "Meowv.Blog",     "datetime": "2021-05-17 15:34:04,877",     "description": "火币季度当前状态Open-----True2021/5/17 15:34:04",   "level": "INFO",     "info": "" }
 {     "system": "Meowv.Blog",     "datetime": "2021-05-17 15:34:05,911",     "description": "火币USDT永续当前状态Open-----True-----True2021/5/17 15:34:05",   "level": "INFO",     "info": "" }
 {     "system": "Meowv.Blog",     "datetime": "2021-05-17 15:34:06,009",     "description": "火币币本位永续当前状态Open-----True-----True2021/5/17 15:34:06",   "level": "INFO",     "info": "" }
 {     "system": "Meowv.Blog",     "datetime": "2021-05-17 15:34:10,557",     "description": "火币季度当前状态Open-----True2021/5/17 15:34:10",   "level": "INFO",     "info": "" }
 {     "system": "Meowv.Blog",     "datetime": "2021-05-17 15:34:11,861",     "description": "火币币本位永续当前状态Open-----True-----True2021/5/17 15:34:11",   "level": "INFO",     "info": "" }
 {     "system": "Meowv.Blog",     "datetime": "2021-05-17 15:34:12,158",     "description": "火币USDT永续当前状态Open-----True-----True2021/5/17 15:34:12",   "level": "INFO",     "info": "" }
 {     "system": "Meowv.Blog",     "datetime": "2021-05-17 15:34:16,430",     "description": "火币季度当前状态Open-----True2021/5/17 15:34:16",   "level": "INFO",     "info": "" }
 {     "system": "Meowv.Blog",     "datetime": "2021-05-17 15:34:17,710",     "description": "火币币本位永续当前状态Open-----True-----True2021/5/17 15:34:17",   "level": "INFO",     "info": "" }
 {     "system": "Meowv.Blog",     "datetime": "2021-05-17 15:34:18,370",     "description": "火币USDT永续当前状态Open-----True-----True2021/5/17 15:34:18",   "level": "INFO",     "info": "" }
 {     "system": "Meowv.Blog",     "datetime": "2021-05-17 15:34:22,335",     "description": "火币季度当前状态Open-----True2021/5/17 15:34:22",   "level": "INFO",     "info": "" }
 {     "system": "Meowv.Blog",     "datetime": "2021-05-17 15:34:23,558",     "description": "火币币本位永续当前状态Open-----True-----True2021/5/17 15:34:23",   "level": "INFO",     "info": "" }
 {     "system": "Meowv.Blog",     "datetime": "2021-05-17 15:34:24,570",     "description": "火币USDT永续当前状态Open-----True-----True2021/5/17 15:34:24",   "level": "INFO",     "info": "" }
 {     "system": "Meowv.Blog",     "datetime": "2021-05-17 15:34:28,005",     "description": "火币季度当前状态Open-----True2021/5/17 15:34:28",   "level": "INFO",     "info": "" }
 {     "system": "Meowv.Blog",     "datetime": "2021-05-17 15:34:29,616",     "description": "火币币本位永续当前状态Open-----True-----True2021/5/17 15:34:29",   "level": "INFO",     "info": "" }
 {     "system": "Meowv.Blog",     "datetime": "2021-05-17 15:34:30,831",     "description": "火币USDT永续当前状态Open-----True-----True2021/5/17 15:34:30",   "level": "INFO",     "info": "" }
 {     "system": "Meowv.Blog",     "datetime": "2021-05-17 15:34:33,925",     "description": "火币季度当前状态Open-----True2021/5/17 15:34:33",   "level": "INFO",     "info": "" }
 {     "system": "Meowv.Blog",     "datetime": "2021-05-17 15:34:35,539",     "description": "火币币本位永续当前状态Open-----True-----True2021/5/17 15:34:35",   "level": "INFO",     "info": "" }
 {     "system": "Meowv.Blog",     "datetime": "2021-05-17 15:34:37,118",     "description": "火币USDT永续当前状态Open-----True-----True2021/5/17 15:34:37",   "level": "INFO",     "info": "" }
 {     "system": "Meowv.Blog",     "datetime": "2021-05-17 15:34:39,886",     "description": "火币季度当前状态Open-----True2021/5/17 15:34:39",   "level": "INFO",     "info": "" }
 {     "system": "Meowv.Blog",     "datetime": "2021-05-17 15:34:41,399",     "description": "火币币本位永续当前状态Open-----True-----True2021/5/17 15:34:41",   "level": "INFO",     "info": "" }
 {     "system": "Meowv.Blog",     "datetime": "2021-05-17 15:34:43,326",     "description": "火币USDT永续当前状态Open-----True-----True2021/5/17 15:34:43",   "level": "INFO",     "info": "" }
 {     "system": "Meowv.Blog",     "datetime": "2021-05-17 15:34:45,560",     "description": "火币季度当前状态Open-----True2021/5/17 15:34:45",   "level": "INFO",     "info": "" }
 {     "system": "Meowv.Blog",     "datetime": "2021-05-17 15:34:47,288",     "description": "火币币本位永续当前状态Open-----True-----True2021/5/17 15:34:47",   "level": "INFO",     "info": "" }
 {     "system": "Meowv.Blog",     "datetime": "2021-05-17 15:34:49,548",     "description": "火币USDT永续当前状态Open-----True-----True2021/5/17 15:34:49",   "level": "INFO",     "info": "" }
 {     "system": "Meowv.Blog",     "datetime": "2021-05-17 15:34:51,326",     "description": "火币季度当前状态Open-----True2021/5/17 15:34:51",   "level": "INFO",     "info": "" }
 {     "system": "Meowv.Blog",     "datetime": "2021-05-17 15:34:53,132",     "description": "火币币本位永续当前状态Open-----True-----True2021/5/17 15:34:53",   "level": "INFO",     "info": "" }
 {     "system": "Meowv.Blog",     "datetime": "2021-05-17 15:34:55,800",     "description": "火币USDT永续当前状态Open-----True-----True2021/5/17 15:34:55",   "level": "INFO",     "info": "" }
 {     "system": "Meowv.Blog",     "datetime": "2021-05-17 15:34:57,006",     "description": "火币季度当前状态Open-----True2021/5/17 15:34:57",   "level": "INFO",     "info": "" }
 {     "system": "Meowv.Blog",     "datetime": "2021-05-17 15:34:59,019",     "description": "火币币本位永续当前状态Open-----True-----True2021/5/17 15:34:59",   "level": "INFO",     "info": "" }
 {     "system": "Meowv.Blog",     "datetime": "2021-05-17 15:35:02,046",     "description": "火币USDT永续当前状态Open-----True-----True2021/5/17 15:35:02",   "level": "INFO",     "info": "" }
 {     "system": "Meowv.Blog",     "datetime": "2021-05-17 15:35:03,136",     "description": "火币季度当前状态Open-----True2021/5/17 15:35:03",   "level": "INFO",     "info": "" }
 {     "system": "Meowv.Blog",     "datetime": "2021-05-17 15:35:04,947",     "description": "火币币本位永续当前状态Open-----True-----True2021/5/17 15:35:04",   "level": "INFO",     "info": "" }
 {     "system": "Meowv.Blog",     "datetime": "2021-05-17 15:35:08,342",     "description": "火币USDT永续当前状态Open-----True-----True2021/5/17 15:35:08",   "level": "INFO",     "info": "" }
 {     "system": "Meowv.Blog",     "datetime": "2021-05-17 15:35:08,997",     "description": "火币季度当前状态Open-----True2021/5/17 15:35:08",   "level": "INFO",     "info": "" }
 {     "system": "Meowv.Blog",     "datetime": "2021-05-17 15:35:10,887",     "description": "火币币本位永续当前状态Open-----True-----True2021/5/17 15:35:10",   "level": "INFO",     "info": "" }
 {     "system": "Meowv.Blog",     "datetime": "2021-05-17 15:35:14,571",     "description": "火币USDT永续当前状态Open-----True-----True2021/5/17 15:35:14",   "level": "INFO",     "info": "" }
 {     "system": "Meowv.Blog",     "datetime": "2021-05-17 15:35:14,665",     "description": "火币季度当前状态Open-----True2021/5/17 15:35:14",   "level": "INFO",     "info": "" }
 {     "system": "Meowv.Blog",     "datetime": "2021-05-17 15:35:16,811",     "description": "火币币本位永续当前状态Open-----True-----True2021/5/17 15:35:16",   "level": "INFO",     "info": "" }
 {     "system": "Meowv.Blog",     "datetime": "2021-05-17 15:35:20,341",     "description": "火币季度当前状态Open-----True2021/5/17 15:35:20",   "level": "INFO",     "info": "" }
 {     "system": "Meowv.Blog",     "datetime": "2021-05-17 15:35:20,777",     "description": "火币USDT永续当前状态Open-----True-----True2021/5/17 15:35:20",   "level": "INFO",     "info": "" }
 {     "system": "Meowv.Blog",     "datetime": "2021-05-17 15:35:22,673",     "description": "火币币本位永续当前状态Open-----True-----True2021/5/17 15:35:22",   "level": "INFO",     "info": "" }
 {     "system": "Meowv.Blog",     "datetime": "2021-05-17 15:35:26,417",     "description": "火币季度当前状态Open-----True2021/5/17 15:35:26",   "level": "INFO",     "info": "" }
 {     "system": "Meowv.Blog",     "datetime": "2021-05-17 15:35:27,002",     "description": "火币USDT永续当前状态Open-----True-----True2021/5/17 15:35:27",   "level": "INFO",     "info": "" }
 {     "system": "Meowv.Blog",     "datetime": "2021-05-17 15:35:28,522",     "description": "火币币本位永续当前状态Open-----True-----True2021/5/17 15:35:28",   "level": "INFO",     "info": "" }
 {     "system": "Meowv.Blog",     "datetime": "2021-05-17 15:35:32,079",     "description": "火币季度当前状态Open-----True2021/5/17 15:35:32",   "level": "INFO",     "info": "" }
 {     "system": "Meowv.Blog",     "datetime": "2021-05-17 15:35:33,235",     "description": "火币USDT永续当前状态Open-----True-----True2021/5/17 15:35:33",   "level": "INFO",     "info": "" }
 {     "system": "Meowv.Blog",     "datetime": "2021-05-17 15:35:34,361",     "description": "火币币本位永续当前状态Open-----True-----True2021/5/17 15:35:34",   "level": "INFO",     "info": "" }
 {     "system": "Meowv.Blog",     "datetime": "2021-05-17 15:35:37,949",     "description": "火币季度当前状态Open-----True2021/5/17 15:35:37",   "level": "INFO",     "info": "" }
 {     "system": "Meowv.Blog",     "datetime": "2021-05-17 15:35:39,481",     "description": "火币USDT永续当前状态Open-----True-----True2021/5/17 15:35:39",   "level": "INFO",     "info": "" }
 {     "system": "Meowv.Blog",     "datetime": "2021-05-17 15:35:40,222",     "description": "火币币本位永续当前状态Open-----True-----True2021/5/17 15:35:40",   "level": "INFO",     "info": "" }
 {     "system": "Meowv.Blog",     "datetime": "2021-05-17 15:35:43,734",     "description": "火币季度当前状态Open-----True2021/5/17 15:35:43",   "level": "INFO",     "info": "" }
 {     "system": "Meowv.Blog",     "datetime": "2021-05-17 15:35:45,706",     "description": "火币USDT永续当前状态Open-----True-----True2021/5/17 15:35:45",   "level": "INFO",     "info": "" }
 {     "system": "Meowv.Blog",     "datetime": "2021-05-17 15:35:46,078",     "description": "火币币本位永续当前状态Open-----True-----True2021/5/17 15:35:46",   "level": "INFO",     "info": "" }
 {     "system": "Meowv.Blog",     "datetime": "2021-05-17 15:35:49,407",     "description": "火币季度当前状态Open-----True2021/5/17 15:35:49",   "level": "INFO",     "info": "" }
 {     "system": "Meowv.Blog",     "datetime": "2021-05-17 15:35:51,917",     "description": "火币币本位永续当前状态Open-----True-----True2021/5/17 15:35:51",   "level": "INFO",     "info": "" }
 {     "system": "Meowv.Blog",     "datetime": "2021-05-17 15:35:51,922",     "description": "火币USDT永续当前状态Open-----True-----True2021/5/17 15:35:51",   "level": "INFO",     "info": "" }
 {     "system": "Meowv.Blog",     "datetime": "2021-05-17 15:35:55,252",     "description": "火币季度当前状态Open-----True2021/5/17 15:35:55",   "level": "INFO",     "info": "" }
 {     "system": "Meowv.Blog",     "datetime": "2021-05-17 15:35:57,772",     "description": "火币币本位永续当前状态Open-----True-----True2021/5/17 15:35:57",   "level": "INFO",     "info": "" }
 {     "system": "Meowv.Blog",     "datetime": "2021-05-17 15:35:58,171",     "description": "火币USDT永续当前状态Open-----True-----True2021/5/17 15:35:58",   "level": "INFO",     "info": "" }
 {     "system": "Meowv.Blog",     "datetime": "2021-05-17 15:36:00,955",     "description": "火币季度当前状态Open-----True2021/5/17 15:36:00",   "level": "INFO",     "info": "" }
 {     "system": "Meowv.Blog",     "datetime": "2021-05-17 15:36:03,633",     "description": "火币币本位永续当前状态Open-----True-----True2021/5/17 15:36:03",   "level": "INFO",     "info": "" }
 {     "system": "Meowv.Blog",     "datetime": "2021-05-17 15:36:04,391",     "description": "火币USDT永续当前状态Open-----True-----True2021/5/17 15:36:04",   "level": "INFO",     "info": "" }
 {     "system": "Meowv.Blog",     "datetime": "2021-05-17 15:36:06,655",     "description": "火币季度当前状态Open-----True2021/5/17 15:36:06",   "level": "INFO",     "info": "" }
 {     "system": "Meowv.Blog",     "datetime": "2021-05-17 15:36:09,496",     "description": "火币币本位永续当前状态Open-----True-----True2021/5/17 15:36:09",   "level": "INFO",     "info": "" }
 {     "system": "Meowv.Blog",     "datetime": "2021-05-17 15:36:10,651",     "description": "火币USDT永续当前状态Open-----True-----True2021/5/17 15:36:10",   "level": "INFO",     "info": "" }
 {     "system": "Meowv.Blog",     "datetime": "2021-05-17 15:36:12,573",     "description": "火币季度当前状态Open-----True2021/5/17 15:36:12",   "level": "INFO",     "info": "" }
 {     "system": "Meowv.Blog",     "datetime": "2021-05-17 15:36:15,347",     "description": "火币币本位永续当前状态Open-----True-----True2021/5/17 15:36:15",   "level": "INFO",     "info": "" }
 {     "system": "Meowv.Blog",     "datetime": "2021-05-17 15:36:16,873",     "description": "火币USDT永续当前状态Open-----True-----True2021/5/17 15:36:16",   "level": "INFO",     "info": "" }
 {     "system": "Meowv.Blog",     "datetime": "2021-05-17 15:36:18,251",     "description": "火币季度当前状态Open-----True2021/5/17 15:36:18",   "level": "INFO",     "info": "" }
 {     "system": "Meowv.Blog",     "datetime": "2021-05-17 15:36:21,213",     "description": "火币币本位永续当前状态Open-----True-----True2021/5/17 15:36:21",   "level": "INFO",     "info": "" }
 {     "system": "Meowv.Blog",     "datetime": "2021-05-17 15:36:23,125",     "description": "火币USDT永续当前状态Open-----True-----True2021/5/17 15:36:23",   "level": "INFO",     "info": "" }
 {     "system": "Meowv.Blog",     "datetime": "2021-05-17 15:36:24,133",     "description": "火币季度当前状态Open-----True2021/5/17 15:36:24",   "level": "INFO",     "info": "" }
 {     "system": "Meowv.Blog",     "datetime": "2021-05-17 15:36:27,080",     "description": "火币币本位永续当前状态Open-----True-----True2021/5/17 15:36:27",   "level": "INFO",     "info": "" }
 {     "system": "Meowv.Blog",     "datetime": "2021-05-17 15:36:29,384",     "description": "火币USDT永续当前状态Open-----True-----True2021/5/17 15:36:29",   "level": "INFO",     "info": "" }
 {     "system": "Meowv.Blog",     "datetime": "2021-05-17 15:36:29,823",     "description": "火币季度当前状态Open-----True2021/5/17 15:36:29",   "level": "INFO",     "info": "" }
 {     "system": "Meowv.Blog",     "datetime": "2021-05-17 15:36:32,948",     "description": "火币币本位永续当前状态Open-----True-----True2021/5/17 15:36:32",   "level": "INFO",     "info": "" }
 {     "system": "Meowv.Blog",     "datetime": "2021-05-17 15:36:35,593",     "description": "火币季度当前状态Open-----True2021/5/17 15:36:35",   "level": "INFO",     "info": "" }
 {     "system": "Meowv.Blog",     "datetime": "2021-05-17 15:36:35,645",     "description": "火币USDT永续当前状态Open-----True-----True2021/5/17 15:36:35",   "level": "INFO",     "info": "" }
 {     "system": "Meowv.Blog",     "datetime": "2021-05-17 15:36:38,795",     "description": "火币币本位永续当前状态Open-----True-----True2021/5/17 15:36:38",   "level": "INFO",     "info": "" }
 {     "system": "Meowv.Blog",     "datetime": "2021-05-17 15:36:41,331",     "description": "火币季度当前状态Open-----True2021/5/17 15:36:41",   "level": "INFO",     "info": "" }
 {     "system": "Meowv.Blog",     "datetime": "2021-05-17 15:36:41,896",     "description": "火币USDT永续当前状态Open-----True-----True2021/5/17 15:36:41",   "level": "INFO",     "info": "" }
 {     "system": "Meowv.Blog",     "datetime": "2021-05-17 15:36:44,632",     "description": "火币币本位永续当前状态Open-----True-----True2021/5/17 15:36:44",   "level": "INFO",     "info": "" }
 {     "system": "Meowv.Blog",     "datetime": "2021-05-17 15:36:46,999",     "description": "火币季度当前状态Open-----True2021/5/17 15:36:46",   "level": "INFO",     "info": "" }
 {     "system": "Meowv.Blog",     "datetime": "2021-05-17 15:36:48,166",     "description": "火币USDT永续当前状态Open-----True-----True2021/5/17 15:36:48",   "level": "INFO",     "info": "" }
 {     "system": "Meowv.Blog",     "datetime": "2021-05-17 15:36:50,527",     "description": "火币币本位永续当前状态Open-----True-----True2021/5/17 15:36:50",   "level": "INFO",     "info": "" }
 {     "system": "Meowv.Blog",     "datetime": "2021-05-17 15:36:52,656",     "description": "火币季度当前状态Open-----True2021/5/17 15:36:52",   "level": "INFO",     "info": "" }
 {     "system": "Meowv.Blog",     "datetime": "2021-05-17 15:36:54,416",     "description": "火币USDT永续当前状态Open-----True-----True2021/5/17 15:36:54",   "level": "INFO",     "info": "" }
 {     "system": "Meowv.Blog",     "datetime": "2021-05-17 15:36:56,400",     "description": "火币币本位永续当前状态Open-----True-----True2021/5/17 15:36:56",   "level": "INFO",     "info": "" }
 {     "system": "Meowv.Blog",     "datetime": "2021-05-17 15:36:58,396",     "description": "火币季度当前状态Open-----True2021/5/17 15:36:58",   "level": "INFO",     "info": "" }
 {     "system": "Meowv.Blog",     "datetime": "2021-05-17 15:37:00,659",     "description": "火币USDT永续当前状态Open-----True-----True2021/5/17 15:37:00",   "level": "INFO",     "info": "" }
 {     "system": "Meowv.Blog",     "datetime": "2021-05-17 15:37:02,260",     "description": "火币币本位永续当前状态Open-----True-----True2021/5/17 15:37:02",   "level": "INFO",     "info": "" }
 {     "system": "Meowv.Blog",     "datetime": "2021-05-17 15:37:04,247",     "description": "火币季度当前状态Open-----True2021/5/17 15:37:04",   "level": "INFO",     "info": "" }
 {     "system": "Meowv.Blog",     "datetime": "2021-05-17 15:37:06,889",     "description": "火币USDT永续当前状态Open-----True-----True2021/5/17 15:37:06",   "level": "INFO",     "info": "" }
 {     "system": "Meowv.Blog",     "datetime": "2021-05-17 15:37:08,168",     "description": "火币币本位永续当前状态Open-----True-----True2021/5/17 15:37:08",   "level": "INFO",     "info": "" }
 {     "system": "Meowv.Blog",     "datetime": "2021-05-17 15:37:09,902",     "description": "火币季度当前状态Open-----True2021/5/17 15:37:09",   "level": "INFO",     "info": "" }
 {     "system": "Meowv.Blog",     "datetime": "2021-05-17 15:37:13,142",     "description": "火币USDT永续当前状态Open-----True-----True2021/5/17 15:37:13",   "level": "INFO",     "info": "" }
 {     "system": "Meowv.Blog",     "datetime": "2021-05-17 15:37:14,040",     "description": "火币币本位永续当前状态Open-----True-----True2021/5/17 15:37:14",   "level": "INFO",     "info": "" }
 {     "system": "Meowv.Blog",     "datetime": "2021-05-17 15:37:15,652",     "description": "火币季度当前状态Open-----True2021/5/17 15:37:15",   "level": "INFO",     "info": "" }
 {     "system": "Meowv.Blog",     "datetime": "2021-05-17 15:42:45,222",     "description": "开始获取bybit usd数据",   "level": "INFO",     "info": "" }
 {     "system": "Meowv.Blog",     "datetime": "2021-05-17 15:42:45,229",     "description": "开始获取bybit usdt数据",   "level": "INFO",     "info": "" }
 {     "system": "Meowv.Blog",     "datetime": "2021-05-17 15:42:45,224",     "description": "开始获取ftx永续和期货数据",   "level": "INFO",     "info": "" }
 {     "system": "Meowv.Blog",     "datetime": "2021-05-17 15:42:47,887",     "description": "bybit websocket_Opened:System.EventArgs",   "level": "INFO",     "info": "" }
 {     "system": "Meowv.Blog",     "datetime": "2021-05-17 15:42:48,107",     "description": "bybit信息为空，无法转换",   "level": "INFO",     "info": "" }
 {     "system": "Meowv.Blog",     "datetime": "2021-05-17 15:42:48,108",     "description": "bybit信息为空，无法转换",   "level": "INFO",     "info": "" }
 {     "system": "Meowv.Blog",     "datetime": "2021-05-17 15:42:48,109",     "description": "bybit信息为空，无法转换",   "level": "INFO",     "info": "" }
 {     "system": "Meowv.Blog",     "datetime": "2021-05-17 15:42:48,109",     "description": "bybit信息为空，无法转换",   "level": "INFO",     "info": "" }
 {     "system": "Meowv.Blog",     "datetime": "2021-05-17 15:42:48,109",     "description": "bybit信息为空，无法转换",   "level": "INFO",     "info": "" }
 {     "system": "Meowv.Blog",     "datetime": "2021-05-17 15:42:48,109",     "description": "bybit信息为空，无法转换",   "level": "INFO",     "info": "" }
 {     "system": "Meowv.Blog",     "datetime": "2021-05-17 15:42:48,305",     "description": "bybit USD 美元结算当前状态：True--------Open2021/5/17 15:42:48",   "level": "INFO",     "info": "" }
 {     "system": "Meowv.Blog",     "datetime": "2021-05-17 15:42:48,800",     "description": " websocket_Opened",   "level": "INFO",     "info": "" }
 {     "system": "Meowv.Blog",     "datetime": "2021-05-17 15:42:49,894",     "description": "ftx合约Open-----True2021/5/17 15:42:49",   "level": "INFO",     "info": "" }
 {     "system": "Meowv.Blog",     "datetime": "2021-05-17 15:42:50,159",     "description": "bybit websocket_Opened:System.EventArgs",   "level": "INFO",     "info": "" }
 {     "system": "Meowv.Blog",     "datetime": "2021-05-17 15:42:50,350",     "description": "bybit信息为空，无法转换",   "level": "INFO",     "info": "" }
 {     "system": "Meowv.Blog",     "datetime": "2021-05-17 15:42:50,353",     "description": "bybit信息为空，无法转换",   "level": "INFO",     "info": "" }
 {     "system": "Meowv.Blog",     "datetime": "2021-05-17 15:42:50,355",     "description": "bybit信息为空，无法转换",   "level": "INFO",     "info": "" }
 {     "system": "Meowv.Blog",     "datetime": "2021-05-17 15:42:50,357",     "description": "bybit信息为空，无法转换",   "level": "INFO",     "info": "" }
 {     "system": "Meowv.Blog",     "datetime": "2021-05-17 15:42:50,360",     "description": "bybit信息为空，无法转换",   "level": "INFO",     "info": "" }
 {     "system": "Meowv.Blog",     "datetime": "2021-05-17 15:42:50,363",     "description": "bybit信息为空，无法转换",   "level": "INFO",     "info": "" }
 {     "system": "Meowv.Blog",     "datetime": "2021-05-17 15:42:50,365",     "description": "bybit信息为空，无法转换",   "level": "INFO",     "info": "" }
 {     "system": "Meowv.Blog",     "datetime": "2021-05-17 15:42:50,368",     "description": "bybit信息为空，无法转换",   "level": "INFO",     "info": "" }
 {     "system": "Meowv.Blog",     "datetime": "2021-05-17 15:42:50,370",     "description": "bybit信息为空，无法转换",   "level": "INFO",     "info": "" }
 {     "system": "Meowv.Blog",     "datetime": "2021-05-17 15:42:50,398",     "description": "bybit信息为空，无法转换",   "level": "INFO",     "info": "" }
 {     "system": "Meowv.Blog",     "datetime": "2021-05-17 15:42:50,406",     "description": "bybit信息为空，无法转换",   "level": "INFO",     "info": "" }
 {     "system": "Meowv.Blog",     "datetime": "2021-05-17 15:42:50,408",     "description": "bybit信息为空，无法转换",   "level": "INFO",     "info": "" }
 {     "system": "Meowv.Blog",     "datetime": "2021-05-17 15:42:50,411",     "description": "bybit信息为空，无法转换",   "level": "INFO",     "info": "" }
 {     "system": "Meowv.Blog",     "datetime": "2021-05-17 15:42:50,528",     "description": "bybit 币本位结算当前状态：True--------Open2021/5/17 15:42:50",   "level": "INFO",     "info": "" }
 {     "system": "Meowv.Blog",     "datetime": "2021-05-17 15:42:53,922",     "description": "bybit USD 美元结算当前状态：True--------Open2021/5/17 15:42:53",   "level": "INFO",     "info": "" }
 {     "system": "Meowv.Blog",     "datetime": "2021-05-17 15:42:55,985",     "description": "ftx合约Open-----True2021/5/17 15:42:55",   "level": "INFO",     "info": "" }
 {     "system": "Meowv.Blog",     "datetime": "2021-05-17 15:42:56,094",     "description": "bybit 币本位结算当前状态：True--------Open2021/5/17 15:42:56",   "level": "INFO",     "info": "" }
 {     "system": "Meowv.Blog",     "datetime": "2021-05-17 15:43:01,820",     "description": "bybit 币本位结算当前状态：True--------Open2021/5/17 15:43:01",   "level": "INFO",     "info": "" }
 {     "system": "Meowv.Blog",     "datetime": "2021-05-17 15:43:01,863",     "description": "bybit USD 美元结算当前状态：True--------Open2021/5/17 15:43:01",   "level": "INFO",     "info": "" }
 {     "system": "Meowv.Blog",     "datetime": "2021-05-17 15:43:02,151",     "description": "ftx合约Open-----True2021/5/17 15:43:02",   "level": "INFO",     "info": "" }
 {     "system": "Meowv.Blog",     "datetime": "2021-05-17 15:43:07,381",     "description": "bybit 币本位结算当前状态：True--------Open2021/5/17 15:43:07",   "level": "INFO",     "info": "" }
 {     "system": "Meowv.Blog",     "datetime": "2021-05-17 15:43:07,481",     "description": "bybit USD 美元结算当前状态：True--------Open2021/5/17 15:43:07",   "level": "INFO",     "info": "" }
 {     "system": "Meowv.Blog",     "datetime": "2021-05-17 15:43:08,204",     "description": "ftx合约Open-----True2021/5/17 15:43:08",   "level": "INFO",     "info": "" }
 {     "system": "Meowv.Blog",     "datetime": "2021-05-17 15:43:12,944",     "description": "bybit 币本位结算当前状态：True--------Open2021/5/17 15:43:12",   "level": "INFO",     "info": "" }
 {     "system": "Meowv.Blog",     "datetime": "2021-05-17 15:43:13,106",     "description": "bybit USD 美元结算当前状态：True--------Open2021/5/17 15:43:13",   "level": "INFO",     "info": "" }
 {     "system": "Meowv.Blog",     "datetime": "2021-05-17 15:43:14,265",     "description": "ftx合约Open-----True2021/5/17 15:43:14",   "level": "INFO",     "info": "" }
 {     "system": "Meowv.Blog",     "datetime": "2021-05-17 15:43:18,726",     "description": "bybit USD 美元结算当前状态：True--------Open2021/5/17 15:43:18",   "level": "INFO",     "info": "" }
 {     "system": "Meowv.Blog",     "datetime": "2021-05-17 15:43:18,898",     "description": "bybit 币本位结算当前状态：True--------Open2021/5/17 15:43:18",   "level": "INFO",     "info": "" }
 {     "system": "Meowv.Blog",     "datetime": "2021-05-17 15:43:20,342",     "description": "ftx合约Open-----True2021/5/17 15:43:20",   "level": "INFO",     "info": "" }
 {     "system": "Meowv.Blog",     "datetime": "2021-05-17 15:43:24,345",     "description": "bybit USD 美元结算当前状态：True--------Open2021/5/17 15:43:24",   "level": "INFO",     "info": "" }
 {     "system": "Meowv.Blog",     "datetime": "2021-05-17 15:43:24,602",     "description": "bybit 币本位结算当前状态：True--------Open2021/5/17 15:43:24",   "level": "INFO",     "info": "" }
 {     "system": "Meowv.Blog",     "datetime": "2021-05-17 15:43:26,398",     "description": "ftx合约Open-----True2021/5/17 15:43:26",   "level": "INFO",     "info": "" }
 {     "system": "Meowv.Blog",     "datetime": "2021-05-17 15:43:30,012",     "description": "bybit USD 美元结算当前状态：True--------Open2021/5/17 15:43:30",   "level": "INFO",     "info": "" }
 {     "system": "Meowv.Blog",     "datetime": "2021-05-17 15:43:30,334",     "description": "bybit 币本位结算当前状态：True--------Open2021/5/17 15:43:30",   "level": "INFO",     "info": "" }
 {     "system": "Meowv.Blog",     "datetime": "2021-05-17 15:43:32,512",     "description": "ftx合约Open-----True2021/5/17 15:43:32",   "level": "INFO",     "info": "" }
 {     "system": "Meowv.Blog",     "datetime": "2021-05-17 15:43:35,628",     "description": "bybit USD 美元结算当前状态：True--------Open2021/5/17 15:43:35",   "level": "INFO",     "info": "" }
 {     "system": "Meowv.Blog",     "datetime": "2021-05-17 15:43:36,034",     "description": "bybit 币本位结算当前状态：True--------Open2021/5/17 15:43:36",   "level": "INFO",     "info": "" }
 {     "system": "Meowv.Blog",     "datetime": "2021-05-17 15:43:38,571",     "description": "ftx合约Open-----True2021/5/17 15:43:38",   "level": "INFO",     "info": "" }
 {     "system": "Meowv.Blog",     "datetime": "2021-05-17 15:43:41,246",     "description": "bybit USD 美元结算当前状态：True--------Open2021/5/17 15:43:41",   "level": "INFO",     "info": "" }
 {     "system": "Meowv.Blog",     "datetime": "2021-05-17 15:43:42,082",     "description": "bybit 币本位结算当前状态：True--------Open2021/5/17 15:43:42",   "level": "INFO",     "info": "" }
 {     "system": "Meowv.Blog",     "datetime": "2021-05-17 15:43:44,627",     "description": "ftx合约Open-----True2021/5/17 15:43:44",   "level": "INFO",     "info": "" }
 {     "system": "Meowv.Blog",     "datetime": "2021-05-17 15:43:46,864",     "description": "bybit USD 美元结算当前状态：True--------Open2021/5/17 15:43:46",   "level": "INFO",     "info": "" }
 {     "system": "Meowv.Blog",     "datetime": "2021-05-17 15:43:47,646",     "description": "bybit 币本位结算当前状态：True--------Open2021/5/17 15:43:47",   "level": "INFO",     "info": "" }
 {     "system": "Meowv.Blog",     "datetime": "2021-05-17 15:43:50,681",     "description": "ftx合约Open-----True2021/5/17 15:43:50",   "level": "INFO",     "info": "" }
 {     "system": "Meowv.Blog",     "datetime": "2021-05-17 15:43:52,480",     "description": "bybit USD 美元结算当前状态：True--------Open2021/5/17 15:43:52",   "level": "INFO",     "info": "" }
 {     "system": "Meowv.Blog",     "datetime": "2021-05-17 15:43:53,220",     "description": "bybit 币本位结算当前状态：True--------Open2021/5/17 15:43:53",   "level": "INFO",     "info": "" }
 {     "system": "Meowv.Blog",     "datetime": "2021-05-17 15:43:56,795",     "description": "ftx合约Open-----True2021/5/17 15:43:56",   "level": "INFO",     "info": "" }
 {     "system": "Meowv.Blog",     "datetime": "2021-05-17 15:43:58,096",     "description": "bybit USD 美元结算当前状态：True--------Open2021/5/17 15:43:58",   "level": "INFO",     "info": "" }
 {     "system": "Meowv.Blog",     "datetime": "2021-05-17 15:43:58,787",     "description": "bybit 币本位结算当前状态：True--------Open2021/5/17 15:43:58",   "level": "INFO",     "info": "" }
 {     "system": "Meowv.Blog",     "datetime": "2021-05-17 15:44:02,849",     "description": "ftx合约Open-----True2021/5/17 15:44:02",   "level": "INFO",     "info": "" }
 {     "system": "Meowv.Blog",     "datetime": "2021-05-17 15:44:03,714",     "description": "bybit USD 美元结算当前状态：True--------Open2021/5/17 15:44:03",   "level": "INFO",     "info": "" }
 {     "system": "Meowv.Blog",     "datetime": "2021-05-17 15:44:04,565",     "description": "bybit 币本位结算当前状态：True--------Open2021/5/17 15:44:04",   "level": "INFO",     "info": "" }
 {     "system": "Meowv.Blog",     "datetime": "2021-05-17 15:44:08,924",     "description": "ftx合约Open-----True2021/5/17 15:44:08",   "level": "INFO",     "info": "" }
 {     "system": "Meowv.Blog",     "datetime": "2021-05-17 15:44:09,328",     "description": "bybit USD 美元结算当前状态：True--------Open2021/5/17 15:44:09",   "level": "INFO",     "info": "" }
 {     "system": "Meowv.Blog",     "datetime": "2021-05-17 15:44:10,349",     "description": "bybit 币本位结算当前状态：True--------Open2021/5/17 15:44:10",   "level": "INFO",     "info": "" }
 {     "system": "Meowv.Blog",     "datetime": "2021-05-17 15:44:14,949",     "description": "bybit USD 美元结算当前状态：True--------Open2021/5/17 15:44:14",   "level": "INFO",     "info": "" }
 {     "system": "Meowv.Blog",     "datetime": "2021-05-17 15:44:14,983",     "description": "ftx合约Open-----True2021/5/17 15:44:14",   "level": "INFO",     "info": "" }
 {     "system": "Meowv.Blog",     "datetime": "2021-05-17 15:44:16,302",     "description": "bybit 币本位结算当前状态：True--------Open2021/5/17 15:44:16",   "level": "INFO",     "info": "" }
 {     "system": "Meowv.Blog",     "datetime": "2021-05-17 15:44:20,572",     "description": "bybit USD 美元结算当前状态：True--------Open2021/5/17 15:44:20",   "level": "INFO",     "info": "" }
 {     "system": "Meowv.Blog",     "datetime": "2021-05-17 15:44:21,036",     "description": "ftx合约Open-----True2021/5/17 15:44:21",   "level": "INFO",     "info": "" }
 {     "system": "Meowv.Blog",     "datetime": "2021-05-17 15:44:21,869",     "description": "bybit 币本位结算当前状态：True--------Open2021/5/17 15:44:21",   "level": "INFO",     "info": "" }
 {     "system": "Meowv.Blog",     "datetime": "2021-05-17 15:47:01,286",     "description": " websocket_Opened",   "level": "INFO",     "info": "" }
 {     "system": "Meowv.Blog",     "datetime": "2021-05-17 15:47:02,021",     "description": "bitmex当前状态Open-----True2021/5/17 15:47:02",   "level": "INFO",     "info": "" }
 {     "system": "Meowv.Blog",     "datetime": "2021-05-17 15:47:02,373",     "description": " websocket_Opened",   "level": "INFO",     "info": "" }
 {     "system": "Meowv.Blog",     "datetime": "2021-05-17 15:47:02,374",     "description": "开始获取kraken数据",   "level": "INFO",     "info": "" }
 {     "system": "Meowv.Blog",     "datetime": "2021-05-17 15:47:03,088",     "description": "DERIBIT 合约Open-----True2021/5/17 15:47:03",   "level": "INFO",     "info": "" }
 {     "system": "Meowv.Blog",     "datetime": "2021-05-17 15:47:05,428",     "description": " websocket_Opened",   "level": "INFO",     "info": "" }
 {     "system": "Meowv.Blog",     "datetime": "2021-05-17 15:47:05,433",     "description": "karken信息为空，无法转换",   "level": "INFO",     "info": "" }
 {     "system": "Meowv.Blog",     "datetime": "2021-05-17 15:47:06,113",     "description": "karken信息为空，无法转换",   "level": "INFO",     "info": "" }
 {     "system": "Meowv.Blog",     "datetime": "2021-05-17 15:47:06,940",     "description": "bitmex当前状态Open-----True2021/5/17 15:47:06",   "level": "INFO",     "info": "" }
 {     "system": "Meowv.Blog",     "datetime": "2021-05-17 15:47:07,506",     "description": "karken信息为空，无法转换",   "level": "INFO",     "info": "" }
 {     "system": "Meowv.Blog",     "datetime": "2021-05-17 15:47:07,508",     "description": "karken信息为空，无法转换",   "level": "INFO",     "info": "" }
 {     "system": "Meowv.Blog",     "datetime": "2021-05-17 15:47:07,511",     "description": "karken信息为空，无法转换",   "level": "INFO",     "info": "" }
 {     "system": "Meowv.Blog",     "datetime": "2021-05-17 15:47:07,512",     "description": "karken信息为空，无法转换",   "level": "INFO",     "info": "" }
 {     "system": "Meowv.Blog",     "datetime": "2021-05-17 15:47:07,514",     "description": "karken信息为空，无法转换",   "level": "INFO",     "info": "" }
 {     "system": "Meowv.Blog",     "datetime": "2021-05-17 15:47:07,515",     "description": "karken信息为空，无法转换",   "level": "INFO",     "info": "" }
 {     "system": "Meowv.Blog",     "datetime": "2021-05-17 15:47:07,518",     "description": "karken信息为空，无法转换",   "level": "INFO",     "info": "" }
 {     "system": "Meowv.Blog",     "datetime": "2021-05-17 15:47:07,520",     "description": "karken信息为空，无法转换",   "level": "INFO",     "info": "" }
 {     "system": "Meowv.Blog",     "datetime": "2021-05-17 15:47:07,522",     "description": "karken信息为空，无法转换",   "level": "INFO",     "info": "" }
 {     "system": "Meowv.Blog",     "datetime": "2021-05-17 15:47:07,523",     "description": "karken信息为空，无法转换",   "level": "INFO",     "info": "" }
 {     "system": "Meowv.Blog",     "datetime": "2021-05-17 15:47:07,526",     "description": "karken信息为空，无法转换",   "level": "INFO",     "info": "" }
 {     "system": "Meowv.Blog",     "datetime": "2021-05-17 15:47:07,530",     "description": "karken信息为空，无法转换",   "level": "INFO",     "info": "" }
 {     "system": "Meowv.Blog",     "datetime": "2021-05-17 15:47:07,533",     "description": "karken信息为空，无法转换",   "level": "INFO",     "info": "" }
 {     "system": "Meowv.Blog",     "datetime": "2021-05-17 15:47:07,535",     "description": "karken信息为空，无法转换",   "level": "INFO",     "info": "" }
 {     "system": "Meowv.Blog",     "datetime": "2021-05-17 15:47:07,537",     "description": "karken信息为空，无法转换",   "level": "INFO",     "info": "" }
 {     "system": "Meowv.Blog",     "datetime": "2021-05-17 15:47:07,538",     "description": "karken信息为空，无法转换",   "level": "INFO",     "info": "" }
 {     "system": "Meowv.Blog",     "datetime": "2021-05-17 15:47:07,541",     "description": "karken信息为空，无法转换",   "level": "INFO",     "info": "" }
 {     "system": "Meowv.Blog",     "datetime": "2021-05-17 15:47:07,693",     "description": "karken信息为空，无法转换",   "level": "INFO",     "info": "" }
 {     "system": "Meowv.Blog",     "datetime": "2021-05-17 15:47:07,839",     "description": "karken信息为空，无法转换",   "level": "INFO",     "info": "" }
 {     "system": "Meowv.Blog",     "datetime": "2021-05-17 15:47:07,909",     "description": "karken信息为空，无法转换",   "level": "INFO",     "info": "" }
 {     "system": "Meowv.Blog",     "datetime": "2021-05-17 15:47:07,982",     "description": "karken信息为空，无法转换",   "level": "INFO",     "info": "" }
 {     "system": "Meowv.Blog",     "datetime": "2021-05-17 15:47:08,061",     "description": "karken信息为空，无法转换",   "level": "INFO",     "info": "" }
 {     "system": "Meowv.Blog",     "datetime": "2021-05-17 15:47:08,138",     "description": "karken信息为空，无法转换",   "level": "INFO",     "info": "" }
 {     "system": "Meowv.Blog",     "datetime": "2021-05-17 15:47:08,197",     "description": "karken信息为空，无法转换",   "level": "INFO",     "info": "" }
 {     "system": "Meowv.Blog",     "datetime": "2021-05-17 15:47:08,267",     "description": "karken信息为空，无法转换",   "level": "INFO",     "info": "" }
 {     "system": "Meowv.Blog",     "datetime": "2021-05-17 15:47:08,327",     "description": "karken信息为空，无法转换",   "level": "INFO",     "info": "" }
 {     "system": "Meowv.Blog",     "datetime": "2021-05-17 15:47:08,389",     "description": "karken信息为空，无法转换",   "level": "INFO",     "info": "" }
 {     "system": "Meowv.Blog",     "datetime": "2021-05-17 15:47:08,448",     "description": "karken信息为空，无法转换",   "level": "INFO",     "info": "" }
 {     "system": "Meowv.Blog",     "datetime": "2021-05-17 15:47:08,501",     "description": "karken信息为空，无法转换",   "level": "INFO",     "info": "" }
 {     "system": "Meowv.Blog",     "datetime": "2021-05-17 15:47:08,553",     "description": "karken信息为空，无法转换",   "level": "INFO",     "info": "" }
 {     "system": "Meowv.Blog",     "datetime": "2021-05-17 15:47:08,607",     "description": "karken信息为空，无法转换",   "level": "INFO",     "info": "" }
 {     "system": "Meowv.Blog",     "datetime": "2021-05-17 15:47:08,658",     "description": "karken信息为空，无法转换",   "level": "INFO",     "info": "" }
 {     "system": "Meowv.Blog",     "datetime": "2021-05-17 15:47:08,713",     "description": "karken信息为空，无法转换",   "level": "INFO",     "info": "" }
 {     "system": "Meowv.Blog",     "datetime": "2021-05-17 15:47:08,763",     "description": "karken信息为空，无法转换",   "level": "INFO",     "info": "" }
 {     "system": "Meowv.Blog",     "datetime": "2021-05-17 15:47:08,804",     "description": "DERIBIT 合约Open-----True2021/5/17 15:47:08",   "level": "INFO",     "info": "" }
 {     "system": "Meowv.Blog",     "datetime": "2021-05-17 15:47:11,998",     "description": "bitmex当前状态Open-----True2021/5/17 15:47:11",   "level": "INFO",     "info": "" }
 {     "system": "Meowv.Blog",     "datetime": "2021-05-17 15:47:13,043",     "description": "karken信息为空，无法转换",   "level": "INFO",     "info": "" }
 {     "system": "Meowv.Blog",     "datetime": "2021-05-17 15:47:14,517",     "description": "DERIBIT 合约Open-----True2021/5/17 15:47:14",   "level": "INFO",     "info": "" }
 {     "system": "Meowv.Blog",     "datetime": "2021-05-17 15:47:16,965",     "description": "bitmex当前状态Open-----True2021/5/17 15:47:16",   "level": "INFO",     "info": "" }
 {     "system": "Meowv.Blog",     "datetime": "2021-05-17 15:47:18,896",     "description": "karken信息为空，无法转换",   "level": "INFO",     "info": "" }
 {     "system": "Meowv.Blog",     "datetime": "2021-05-17 15:47:20,229",     "description": "DERIBIT 合约Open-----True2021/5/17 15:47:20",   "level": "INFO",     "info": "" }
 {     "system": "Meowv.Blog",     "datetime": "2021-05-17 15:47:22,035",     "description": "bitmex当前状态Open-----True2021/5/17 15:47:22",   "level": "INFO",     "info": "" }
 {     "system": "Meowv.Blog",     "datetime": "2021-05-17 15:47:24,750",     "description": "karken信息为空，无法转换",   "level": "INFO",     "info": "" }
 {     "system": "Meowv.Blog",     "datetime": "2021-05-17 15:47:25,949",     "description": "DERIBIT 合约Open-----True2021/5/17 15:47:25",   "level": "INFO",     "info": "" }
 {     "system": "Meowv.Blog",     "datetime": "2021-05-17 15:47:27,092",     "description": "bitmex当前状态Open-----True2021/5/17 15:47:27",   "level": "INFO",     "info": "" }
 {     "system": "Meowv.Blog",     "datetime": "2021-05-17 15:47:30,586",     "description": "karken信息为空，无法转换",   "level": "INFO",     "info": "" }
 {     "system": "Meowv.Blog",     "datetime": "2021-05-17 15:47:31,686",     "description": "DERIBIT 合约Open-----True2021/5/17 15:47:31",   "level": "INFO",     "info": "" }
 {     "system": "Meowv.Blog",     "datetime": "2021-05-17 15:47:32,032",     "description": "bitmex当前状态Open-----True2021/5/17 15:47:32",   "level": "INFO",     "info": "" }
 {     "system": "Meowv.Blog",     "datetime": "2021-05-17 15:47:36,473",     "description": "karken信息为空，无法转换",   "level": "INFO",     "info": "" }
 {     "system": "Meowv.Blog",     "datetime": "2021-05-17 15:49:04,438",     "description": "开始获取kraken数据",   "level": "INFO",     "info": "" }
 {     "system": "Meowv.Blog",     "datetime": "2021-05-17 15:49:10,636",     "description": " websocket_Opened",   "level": "INFO",     "info": "" }
 {     "system": "Meowv.Blog",     "datetime": "2021-05-17 15:49:10,645",     "description": "karken信息为空，无法转换",   "level": "INFO",     "info": "" }
 {     "system": "Meowv.Blog",     "datetime": "2021-05-17 15:49:11,345",     "description": "karken信息为空，无法转换",   "level": "INFO",     "info": "" }
 {     "system": "Meowv.Blog",     "datetime": "2021-05-17 15:49:15,734",     "description": "karken信息为空，无法转换",   "level": "INFO",     "info": "" }
 {     "system": "Meowv.Blog",     "datetime": "2021-05-17 15:49:15,734",     "description": "karken信息为空，无法转换",   "level": "INFO",     "info": "" }
 {     "system": "Meowv.Blog",     "datetime": "2021-05-17 15:49:15,735",     "description": "karken信息为空，无法转换",   "level": "INFO",     "info": "" }
 {     "system": "Meowv.Blog",     "datetime": "2021-05-17 15:49:15,736",     "description": "karken信息为空，无法转换",   "level": "INFO",     "info": "" }
 {     "system": "Meowv.Blog",     "datetime": "2021-05-17 15:49:15,740",     "description": "karken信息为空，无法转换",   "level": "INFO",     "info": "" }
 {     "system": "Meowv.Blog",     "datetime": "2021-05-17 15:49:15,740",     "description": "karken信息为空，无法转换",   "level": "INFO",     "info": "" }
 {     "system": "Meowv.Blog",     "datetime": "2021-05-17 15:49:15,740",     "description": "karken信息为空，无法转换",   "level": "INFO",     "info": "" }
 {     "system": "Meowv.Blog",     "datetime": "2021-05-17 15:49:15,741",     "description": "karken信息为空，无法转换",   "level": "INFO",     "info": "" }
 {     "system": "Meowv.Blog",     "datetime": "2021-05-17 15:49:15,741",     "description": "karken信息为空，无法转换",   "level": "INFO",     "info": "" }
 {     "system": "Meowv.Blog",     "datetime": "2021-05-17 15:49:15,741",     "description": "karken信息为空，无法转换",   "level": "INFO",     "info": "" }
 {     "system": "Meowv.Blog",     "datetime": "2021-05-17 15:49:15,742",     "description": "karken信息为空，无法转换",   "level": "INFO",     "info": "" }
 {     "system": "Meowv.Blog",     "datetime": "2021-05-17 15:49:15,742",     "description": "karken信息为空，无法转换",   "level": "INFO",     "info": "" }
 {     "system": "Meowv.Blog",     "datetime": "2021-05-17 15:49:15,743",     "description": "karken信息为空，无法转换",   "level": "INFO",     "info": "" }
 {     "system": "Meowv.Blog",     "datetime": "2021-05-17 15:49:15,745",     "description": "karken信息为空，无法转换",   "level": "INFO",     "info": "" }
 {     "system": "Meowv.Blog",     "datetime": "2021-05-17 15:49:15,745",     "description": "karken信息为空，无法转换",   "level": "INFO",     "info": "" }
 {     "system": "Meowv.Blog",     "datetime": "2021-05-17 15:49:15,746",     "description": "karken信息为空，无法转换",   "level": "INFO",     "info": "" }
 {     "system": "Meowv.Blog",     "datetime": "2021-05-17 15:49:15,747",     "description": "karken信息为空，无法转换",   "level": "INFO",     "info": "" }
 {     "system": "Meowv.Blog",     "datetime": "2021-05-17 15:49:15,922",     "description": "karken信息为空，无法转换",   "level": "INFO",     "info": "" }
 {     "system": "Meowv.Blog",     "datetime": "2021-05-17 15:49:16,078",     "description": "karken信息为空，无法转换",   "level": "INFO",     "info": "" }
 {     "system": "Meowv.Blog",     "datetime": "2021-05-17 15:49:16,126",     "description": "karken信息为空，无法转换",   "level": "INFO",     "info": "" }
 {     "system": "Meowv.Blog",     "datetime": "2021-05-17 15:49:16,158",     "description": "karken信息为空，无法转换",   "level": "INFO",     "info": "" }
 {     "system": "Meowv.Blog",     "datetime": "2021-05-17 15:49:16,251",     "description": "karken信息为空，无法转换",   "level": "INFO",     "info": "" }
 {     "system": "Meowv.Blog",     "datetime": "2021-05-17 15:49:16,285",     "description": "karken信息为空，无法转换",   "level": "INFO",     "info": "" }
 {     "system": "Meowv.Blog",     "datetime": "2021-05-17 15:49:16,332",     "description": "karken信息为空，无法转换",   "level": "INFO",     "info": "" }
 {     "system": "Meowv.Blog",     "datetime": "2021-05-17 15:49:16,369",     "description": "karken信息为空，无法转换",   "level": "INFO",     "info": "" }
 {     "system": "Meowv.Blog",     "datetime": "2021-05-17 15:49:16,405",     "description": "karken信息为空，无法转换",   "level": "INFO",     "info": "" }
 {     "system": "Meowv.Blog",     "datetime": "2021-05-17 15:49:16,440",     "description": "karken信息为空，无法转换",   "level": "INFO",     "info": "" }
 {     "system": "Meowv.Blog",     "datetime": "2021-05-17 15:49:16,478",     "description": "karken信息为空，无法转换",   "level": "INFO",     "info": "" }
 {     "system": "Meowv.Blog",     "datetime": "2021-05-17 15:49:16,516",     "description": "karken信息为空，无法转换",   "level": "INFO",     "info": "" }
 {     "system": "Meowv.Blog",     "datetime": "2021-05-17 15:49:16,553",     "description": "karken信息为空，无法转换",   "level": "INFO",     "info": "" }
 {     "system": "Meowv.Blog",     "datetime": "2021-05-17 15:49:16,604",     "description": "karken信息为空，无法转换",   "level": "INFO",     "info": "" }
 {     "system": "Meowv.Blog",     "datetime": "2021-05-17 15:49:16,642",     "description": "karken信息为空，无法转换",   "level": "INFO",     "info": "" }
 {     "system": "Meowv.Blog",     "datetime": "2021-05-17 15:49:16,675",     "description": "karken信息为空，无法转换",   "level": "INFO",     "info": "" }
 {     "system": "Meowv.Blog",     "datetime": "2021-05-17 15:49:16,722",     "description": "karken信息为空，无法转换",   "level": "INFO",     "info": "" }
 {     "system": "Meowv.Blog",     "datetime": "2021-05-17 15:49:29,653",     "description": "karken信息为空，无法转换",   "level": "INFO",     "info": "" }
 {     "system": "Meowv.Blog",     "datetime": "2021-05-17 15:49:29,902",     "description": "karken信息为空，无法转换",   "level": "INFO",     "info": "" }
 {     "system": "Meowv.Blog",     "datetime": "2021-05-17 15:49:35,765",     "description": "karken信息为空，无法转换",   "level": "INFO",     "info": "" }
 {     "system": "Meowv.Blog",     "datetime": "2021-05-17 15:49:41,616",     "description": "karken信息为空，无法转换",   "level": "INFO",     "info": "" }
 {     "system": "Meowv.Blog",     "datetime": "2021-05-17 15:49:47,470",     "description": "karken信息为空，无法转换",   "level": "INFO",     "info": "" }
 {     "system": "Meowv.Blog",     "datetime": "2021-05-17 15:49:53,321",     "description": "karken信息为空，无法转换",   "level": "INFO",     "info": "" }
 {     "system": "Meowv.Blog",     "datetime": "2021-05-17 15:49:59,170",     "description": "karken信息为空，无法转换",   "level": "INFO",     "info": "" }
 {     "system": "Meowv.Blog",     "datetime": "2021-05-17 15:50:14,450",     "description": "karken信息为空，无法转换",   "level": "INFO",     "info": "" }
 {     "system": "Meowv.Blog",     "datetime": "2021-05-17 15:50:15,131",     "description": "karken信息为空，无法转换",   "level": "INFO",     "info": "" }
 {     "system": "Meowv.Blog",     "datetime": "2021-05-17 15:50:20,985",     "description": "karken信息为空，无法转换",   "level": "INFO",     "info": "" }