
 {     "system": "Meowv.Blog",     "datetime": "2021-05-17 17:00:00,724",     "description": "ok现货 Open-----True2021/5/17 17:00:00",   "level": "INFO",     "info": "" }
 {     "system": "Meowv.Blog",     "datetime": "2021-05-17 17:00:00,966",     "description": "websocket_Error:WebSocketSharp.ErrorEventArgs",   "level": "INFO",     "info": "" }
 {     "system": "Meowv.Blog",     "datetime": "2021-05-17 17:00:01,967",     "description": "websocket_Error:WebSocketSharp.ErrorEventArgs",   "level": "INFO",     "info": "" }
 {     "system": "Meowv.Blog",     "datetime": "2021-05-17 17:00:02,967",     "description": "websocket_Error:WebSocketSharp.ErrorEventArgs",   "level": "INFO",     "info": "" }
 {     "system": "Meowv.Blog",     "datetime": "2021-05-17 17:00:03,108",     "description": "火币现货当前状态Open-----True-----True2021/5/17 17:00:03",   "level": "INFO",     "info": "" }
 {     "system": "Meowv.Blog",     "datetime": "2021-05-17 17:00:03,555",     "description": "websocket_Error:WebSocketSharp.ErrorEventArgs",   "level": "INFO",     "info": "" }
 {     "system": "Meowv.Blog",     "datetime": "2021-05-17 17:00:03,967",     "description": "websocket_Error:WebSocketSharp.ErrorEventArgs",   "level": "INFO",     "info": "" }
 {     "system": "Meowv.Blog",     "datetime": "2021-05-17 17:00:04,014",     "description": "binance 现货 当前状态Open-----True2021/5/17 17:00:04",   "level": "INFO",     "info": "" }
 {     "system": "Meowv.Blog",     "datetime": "2021-05-17 17:00:04,969",     "description": "websocket_Error:WebSocketSharp.ErrorEventArgs",   "level": "INFO",     "info": "" }
 {     "system": "Meowv.Blog",     "datetime": "2021-05-17 17:00:05,968",     "description": "websocket_Error:WebSocketSharp.ErrorEventArgs",   "level": "INFO",     "info": "" }
 {     "system": "Meowv.Blog",     "datetime": "2021-05-17 17:00:06,173",     "description": "ok现货 Open-----True2021/5/17 17:00:06",   "level": "INFO",     "info": "" }
 {     "system": "Meowv.Blog",     "datetime": "2021-05-17 17:00:06,972",     "description": "websocket_Error:WebSocketSharp.ErrorEventArgs",   "level": "INFO",     "info": "" }
 {     "system": "Meowv.Blog",     "datetime": "2021-05-17 17:00:07,970",     "description": "websocket_Error:WebSocketSharp.ErrorEventArgs",   "level": "INFO",     "info": "" }
 {     "system": "Meowv.Blog",     "datetime": "2021-05-17 17:00:08,970",     "description": "websocket_Error:WebSocketSharp.ErrorEventArgs",   "level": "INFO",     "info": "" }
 {     "system": "Meowv.Blog",     "datetime": "2021-05-17 17:00:09,152",     "description": "websocket_Error:WebSocketSharp.ErrorEventArgs",   "level": "INFO",     "info": "" }
 {     "system": "Meowv.Blog",     "datetime": "2021-05-17 17:00:09,508",     "description": "binance 现货 当前状态Open-----True2021/5/17 17:00:09",   "level": "INFO",     "info": "" }
 {     "system": "Meowv.Blog",     "datetime": "2021-05-17 17:00:09,973",     "description": "websocket_Error:WebSocketSharp.ErrorEventArgs",   "level": "INFO",     "info": "" }
 {     "system": "Meowv.Blog",     "datetime": "2021-05-17 17:00:10,371",     "description": "火币现货当前状态Open-----True-----True2021/5/17 17:00:10",   "level": "INFO",     "info": "" }
 {     "system": "Meowv.Blog",     "datetime": "2021-05-17 17:00:10,971",     "description": "websocket_Error:WebSocketSharp.ErrorEventArgs",   "level": "INFO",     "info": "" }
 {     "system": "Meowv.Blog",     "datetime": "2021-05-17 17:00:11,595",     "description": "ok现货 Open-----True2021/5/17 17:00:11",   "level": "INFO",     "info": "" }
 {     "system": "Meowv.Blog",     "datetime": "2021-05-17 17:00:11,973",     "description": "websocket_Error:WebSocketSharp.ErrorEventArgs",   "level": "INFO",     "info": "" }
 {     "system": "Meowv.Blog",     "datetime": "2021-05-17 17:00:12,973",     "description": "websocket_Error:WebSocketSharp.ErrorEventArgs",   "level": "INFO",     "info": "" }
 {     "system": "Meowv.Blog",     "datetime": "2021-05-17 17:00:13,974",     "description": "websocket_Error:WebSocketSharp.ErrorEventArgs",   "level": "INFO",     "info": "" }
 {     "system": "Meowv.Blog",     "datetime": "2021-05-17 17:00:14,590",     "description": "websocket_Error:WebSocketSharp.ErrorEventArgs",   "level": "INFO",     "info": "" }
 {     "system": "Meowv.Blog",     "datetime": "2021-05-17 17:00:14,974",     "description": "websocket_Error:WebSocketSharp.ErrorEventArgs",   "level": "INFO",     "info": "" }
 {     "system": "Meowv.Blog",     "datetime": "2021-05-17 17:00:15,002",     "description": "binance 现货 当前状态Open-----True2021/5/17 17:00:15",   "level": "INFO",     "info": "" }
 {     "system": "Meowv.Blog",     "datetime": "2021-05-17 17:00:15,975",     "description": "websocket_Error:WebSocketSharp.ErrorEventArgs",   "level": "INFO",     "info": "" }
 {     "system": "Meowv.Blog",     "datetime": "2021-05-17 17:00:16,978",     "description": "websocket_Error:WebSocketSharp.ErrorEventArgs",   "level": "INFO",     "info": "" }
 {     "system": "Meowv.Blog",     "datetime": "2021-05-17 17:00:17,082",     "description": "ok现货 Open-----True2021/5/17 17:00:17",   "level": "INFO",     "info": "" }
 {     "system": "Meowv.Blog",     "datetime": "2021-05-17 17:00:17,186",     "description": "火币现货当前状态Open-----True-----True2021/5/17 17:00:17",   "level": "INFO",     "info": "" }
 {     "system": "Meowv.Blog",     "datetime": "2021-05-17 17:00:17,976",     "description": "websocket_Error:WebSocketSharp.ErrorEventArgs",   "level": "INFO",     "info": "" }
 {     "system": "Meowv.Blog",     "datetime": "2021-05-17 17:00:18,978",     "description": "websocket_Error:WebSocketSharp.ErrorEventArgs",   "level": "INFO",     "info": "" }
 {     "system": "Meowv.Blog",     "datetime": "2021-05-17 17:00:19,978",     "description": "websocket_Error:WebSocketSharp.ErrorEventArgs",   "level": "INFO",     "info": "" }
 {     "system": "Meowv.Blog",     "datetime": "2021-05-17 17:00:20,184",     "description": "websocket_Error:WebSocketSharp.ErrorEventArgs",   "level": "INFO",     "info": "" }
 {     "system": "Meowv.Blog",     "datetime": "2021-05-17 17:00:20,570",     "description": "binance 现货 当前状态Open-----True2021/5/17 17:00:20",   "level": "INFO",     "info": "" }
 {     "system": "Meowv.Blog",     "datetime": "2021-05-17 17:00:20,979",     "description": "websocket_Error:WebSocketSharp.ErrorEventArgs",   "level": "INFO",     "info": "" }
 {     "system": "Meowv.Blog",     "datetime": "2021-05-17 17:00:21,986",     "description": "websocket_Error:WebSocketSharp.ErrorEventArgs",   "level": "INFO",     "info": "" }
 {     "system": "Meowv.Blog",     "datetime": "2021-05-17 17:00:22,574",     "description": "ok现货 Open-----True2021/5/17 17:00:22",   "level": "INFO",     "info": "" }
 {     "system": "Meowv.Blog",     "datetime": "2021-05-17 17:00:22,985",     "description": "websocket_Error:WebSocketSharp.ErrorEventArgs",   "level": "INFO",     "info": "" }
 {     "system": "Meowv.Blog",     "datetime": "2021-05-17 17:00:23,951",     "description": "火币现货当前状态Open-----True-----True2021/5/17 17:00:23",   "level": "INFO",     "info": "" }
 {     "system": "Meowv.Blog",     "datetime": "2021-05-17 17:00:23,988",     "description": "websocket_Error:WebSocketSharp.ErrorEventArgs",   "level": "INFO",     "info": "" }
 {     "system": "Meowv.Blog",     "datetime": "2021-05-17 17:00:24,989",     "description": "websocket_Error:WebSocketSharp.ErrorEventArgs",   "level": "INFO",     "info": "" }
 {     "system": "Meowv.Blog",     "datetime": "2021-05-17 17:00:25,776",     "description": "websocket_Error:WebSocketSharp.ErrorEventArgs",   "level": "INFO",     "info": "" }
 {     "system": "Meowv.Blog",     "datetime": "2021-05-17 17:00:25,992",     "description": "websocket_Error:WebSocketSharp.ErrorEventArgs",   "level": "INFO",     "info": "" }
 {     "system": "Meowv.Blog",     "datetime": "2021-05-17 17:00:26,070",     "description": "binance 现货 当前状态Open-----True2021/5/17 17:00:26",   "level": "INFO",     "info": "" }
 {     "system": "Meowv.Blog",     "datetime": "2021-05-17 17:00:27,003",     "description": "websocket_Error:WebSocketSharp.ErrorEventArgs",   "level": "INFO",     "info": "" }
 {     "system": "Meowv.Blog",     "datetime": "2021-05-17 17:00:27,993",     "description": "websocket_Error:WebSocketSharp.ErrorEventArgs",   "level": "INFO",     "info": "" }
 {     "system": "Meowv.Blog",     "datetime": "2021-05-17 17:00:28,130",     "description": "ok现货 Open-----True2021/5/17 17:00:28",   "level": "INFO",     "info": "" }
 {     "system": "Meowv.Blog",     "datetime": "2021-05-17 17:00:28,993",     "description": "websocket_Error:WebSocketSharp.ErrorEventArgs",   "level": "INFO",     "info": "" }
 {     "system": "Meowv.Blog",     "datetime": "2021-05-17 17:00:29,994",     "description": "websocket_Error:WebSocketSharp.ErrorEventArgs",   "level": "INFO",     "info": "" }
 {     "system": "Meowv.Blog",     "datetime": "2021-05-17 17:00:30,779",     "description": "火币现货当前状态Open-----True-----True2021/5/17 17:00:30",   "level": "INFO",     "info": "" }
 {     "system": "Meowv.Blog",     "datetime": "2021-05-17 17:00:30,995",     "description": "websocket_Error:WebSocketSharp.ErrorEventArgs",   "level": "INFO",     "info": "" }
 {     "system": "Meowv.Blog",     "datetime": "2021-05-17 17:00:31,381",     "description": "websocket_Error:WebSocketSharp.ErrorEventArgs",   "level": "INFO",     "info": "" }
 {     "system": "Meowv.Blog",     "datetime": "2021-05-17 17:00:31,584",     "description": "binance 现货 当前状态Open-----True2021/5/17 17:00:31",   "level": "INFO",     "info": "" }
 {     "system": "Meowv.Blog",     "datetime": "2021-05-17 17:00:31,995",     "description": "websocket_Error:WebSocketSharp.ErrorEventArgs",   "level": "INFO",     "info": "" }
 {     "system": "Meowv.Blog",     "datetime": "2021-05-17 17:00:32,998",     "description": "websocket_Error:WebSocketSharp.ErrorEventArgs",   "level": "INFO",     "info": "" }
 {     "system": "Meowv.Blog",     "datetime": "2021-05-17 17:00:33,596",     "description": "ok现货 Open-----True2021/5/17 17:00:33",   "level": "INFO",     "info": "" }
 {     "system": "Meowv.Blog",     "datetime": "2021-05-17 17:00:33,996",     "description": "websocket_Error:WebSocketSharp.ErrorEventArgs",   "level": "INFO",     "info": "" }
 {     "system": "Meowv.Blog",     "datetime": "2021-05-17 17:00:35,008",     "description": "websocket_Error:WebSocketSharp.ErrorEventArgs",   "level": "INFO",     "info": "" }
 {     "system": "Meowv.Blog",     "datetime": "2021-05-17 17:00:35,997",     "description": "websocket_Error:WebSocketSharp.ErrorEventArgs",   "level": "INFO",     "info": "" }
 {     "system": "Meowv.Blog",     "datetime": "2021-05-17 17:00:36,978",     "description": "websocket_Error:WebSocketSharp.ErrorEventArgs",   "level": "INFO",     "info": "" }
 {     "system": "Meowv.Blog",     "datetime": "2021-05-17 17:00:36,995",     "description": "websocket_Error:WebSocketSharp.ErrorEventArgs",   "level": "INFO",     "info": "" }
 {     "system": "Meowv.Blog",     "datetime": "2021-05-17 17:00:37,094",     "description": "binance 现货 当前状态Open-----True2021/5/17 17:00:37",   "level": "INFO",     "info": "" }
 {     "system": "Meowv.Blog",     "datetime": "2021-05-17 17:00:37,697",     "description": "火币现货当前状态Open-----True-----True2021/5/17 17:00:37",   "level": "INFO",     "info": "" }
 {     "system": "Meowv.Blog",     "datetime": "2021-05-17 17:00:37,997",     "description": "websocket_Error:WebSocketSharp.ErrorEventArgs",   "level": "INFO",     "info": "" }
 {     "system": "Meowv.Blog",     "datetime": "2021-05-17 17:00:38,998",     "description": "websocket_Error:WebSocketSharp.ErrorEventArgs",   "level": "INFO",     "info": "" }
 {     "system": "Meowv.Blog",     "datetime": "2021-05-17 17:00:39,146",     "description": "ok现货 Open-----True2021/5/17 17:00:39",   "level": "INFO",     "info": "" }
 {     "system": "Meowv.Blog",     "datetime": "2021-05-17 17:00:39,998",     "description": "websocket_Error:WebSocketSharp.ErrorEventArgs",   "level": "INFO",     "info": "" }
 {     "system": "Meowv.Blog",     "datetime": "2021-05-17 17:00:40,999",     "description": "websocket_Error:WebSocketSharp.ErrorEventArgs",   "level": "INFO",     "info": "" }
 {     "system": "Meowv.Blog",     "datetime": "2021-05-17 17:00:41,999",     "description": "websocket_Error:WebSocketSharp.ErrorEventArgs",   "level": "INFO",     "info": "" }
 {     "system": "Meowv.Blog",     "datetime": "2021-05-17 17:00:42,571",     "description": "websocket_Error:WebSocketSharp.ErrorEventArgs",   "level": "INFO",     "info": "" }
 {     "system": "Meowv.Blog",     "datetime": "2021-05-17 17:00:42,676",     "description": "binance 现货 当前状态Open-----True2021/5/17 17:00:42",   "level": "INFO",     "info": "" }
 {     "system": "Meowv.Blog",     "datetime": "2021-05-17 17:00:43,000",     "description": "websocket_Error:WebSocketSharp.ErrorEventArgs",   "level": "INFO",     "info": "" }
 {     "system": "Meowv.Blog",     "datetime": "2021-05-17 17:00:44,002",     "description": "websocket_Error:WebSocketSharp.ErrorEventArgs",   "level": "INFO",     "info": "" }
 {     "system": "Meowv.Blog",     "datetime": "2021-05-17 17:00:44,559",     "description": "火币现货当前状态Open-----True-----True2021/5/17 17:00:44",   "level": "INFO",     "info": "" }
 {     "system": "Meowv.Blog",     "datetime": "2021-05-17 17:00:44,574",     "description": "ok现货 Open-----True2021/5/17 17:00:44",   "level": "INFO",     "info": "" }
 {     "system": "Meowv.Blog",     "datetime": "2021-05-17 17:00:45,000",     "description": "websocket_Error:WebSocketSharp.ErrorEventArgs",   "level": "INFO",     "info": "" }
 {     "system": "Meowv.Blog",     "datetime": "2021-05-17 17:00:46,002",     "description": "websocket_Error:WebSocketSharp.ErrorEventArgs",   "level": "INFO",     "info": "" }
 {     "system": "Meowv.Blog",     "datetime": "2021-05-17 17:00:47,002",     "description": "websocket_Error:WebSocketSharp.ErrorEventArgs",   "level": "INFO",     "info": "" }
 {     "system": "Meowv.Blog",     "datetime": "2021-05-17 17:00:48,002",     "description": "websocket_Error:WebSocketSharp.ErrorEventArgs",   "level": "INFO",     "info": "" }
 {     "system": "Meowv.Blog",     "datetime": "2021-05-17 17:00:48,170",     "description": "websocket_Error:WebSocketSharp.ErrorEventArgs",   "level": "INFO",     "info": "" }
 {     "system": "Meowv.Blog",     "datetime": "2021-05-17 17:00:48,313",     "description": "binance 现货 当前状态Open-----True2021/5/17 17:00:48",   "level": "INFO",     "info": "" }
 {     "system": "Meowv.Blog",     "datetime": "2021-05-17 17:00:49,004",     "description": "websocket_Error:WebSocketSharp.ErrorEventArgs",   "level": "INFO",     "info": "" }
 {     "system": "Meowv.Blog",     "datetime": "2021-05-17 17:00:50,005",     "description": "websocket_Error:WebSocketSharp.ErrorEventArgs",   "level": "INFO",     "info": "" }
 {     "system": "Meowv.Blog",     "datetime": "2021-05-17 17:00:50,118",     "description": "ok现货 Open-----True2021/5/17 17:00:50",   "level": "INFO",     "info": "" }
 {     "system": "Meowv.Blog",     "datetime": "2021-05-17 17:00:51,005",     "description": "websocket_Error:WebSocketSharp.ErrorEventArgs",   "level": "INFO",     "info": "" }
 {     "system": "Meowv.Blog",     "datetime": "2021-05-17 17:00:51,366",     "description": "火币现货当前状态Open-----True-----True2021/5/17 17:00:51",   "level": "INFO",     "info": "" }
 {     "system": "Meowv.Blog",     "datetime": "2021-05-17 17:00:52,010",     "description": "websocket_Error:WebSocketSharp.ErrorEventArgs",   "level": "INFO",     "info": "" }
 {     "system": "Meowv.Blog",     "datetime": "2021-05-17 17:00:53,006",     "description": "websocket_Error:WebSocketSharp.ErrorEventArgs",   "level": "INFO",     "info": "" }
 {     "system": "Meowv.Blog",     "datetime": "2021-05-17 17:00:53,597",     "description": "websocket_Error:WebSocketSharp.ErrorEventArgs",   "level": "INFO",     "info": "" }
 {     "system": "Meowv.Blog",     "datetime": "2021-05-17 17:00:53,923",     "description": "binance 现货 当前状态Open-----True2021/5/17 17:00:53",   "level": "INFO",     "info": "" }
 {     "system": "Meowv.Blog",     "datetime": "2021-05-17 17:00:54,007",     "description": "websocket_Error:WebSocketSharp.ErrorEventArgs",   "level": "INFO",     "info": "" }
 {     "system": "Meowv.Blog",     "datetime": "2021-05-17 17:00:55,008",     "description": "websocket_Error:WebSocketSharp.ErrorEventArgs",   "level": "INFO",     "info": "" }
 {     "system": "Meowv.Blog",     "datetime": "2021-05-17 17:00:55,613",     "description": "ok现货 Open-----True2021/5/17 17:00:55",   "level": "INFO",     "info": "" }
 {     "system": "Meowv.Blog",     "datetime": "2021-05-17 17:00:56,008",     "description": "websocket_Error:WebSocketSharp.ErrorEventArgs",   "level": "INFO",     "info": "" }
 {     "system": "Meowv.Blog",     "datetime": "2021-05-17 17:00:57,008",     "description": "websocket_Error:WebSocketSharp.ErrorEventArgs",   "level": "INFO",     "info": "" }
 {     "system": "Meowv.Blog",     "datetime": "2021-05-17 17:00:58,008",     "description": "websocket_Error:WebSocketSharp.ErrorEventArgs",   "level": "INFO",     "info": "" }
 {     "system": "Meowv.Blog",     "datetime": "2021-05-17 17:00:58,179",     "description": "火币现货当前状态Open-----True-----True2021/5/17 17:00:58",   "level": "INFO",     "info": "" }
 {     "system": "Meowv.Blog",     "datetime": "2021-05-17 17:00:59,012",     "description": "websocket_Error:WebSocketSharp.ErrorEventArgs",   "level": "INFO",     "info": "" }
 {     "system": "Meowv.Blog",     "datetime": "2021-05-17 17:00:59,190",     "description": "websocket_Error:WebSocketSharp.ErrorEventArgs",   "level": "INFO",     "info": "" }
 {     "system": "Meowv.Blog",     "datetime": "2021-05-17 17:00:59,443",     "description": "binance 现货 当前状态Open-----True2021/5/17 17:00:59",   "level": "INFO",     "info": "" }
 {     "system": "Meowv.Blog",     "datetime": "2021-05-17 17:01:00,015",     "description": "websocket_Error:WebSocketSharp.ErrorEventArgs",   "level": "INFO",     "info": "" }
 {     "system": "Meowv.Blog",     "datetime": "2021-05-17 17:01:01,015",     "description": "websocket_Error:WebSocketSharp.ErrorEventArgs",   "level": "INFO",     "info": "" }
 {     "system": "Meowv.Blog",     "datetime": "2021-05-17 17:01:01,036",     "description": "ok现货 Open-----True2021/5/17 17:01:01",   "level": "INFO",     "info": "" }
 {     "system": "Meowv.Blog",     "datetime": "2021-05-17 17:01:02,016",     "description": "websocket_Error:WebSocketSharp.ErrorEventArgs",   "level": "INFO",     "info": "" }
 {     "system": "Meowv.Blog",     "datetime": "2021-05-17 17:01:03,017",     "description": "websocket_Error:WebSocketSharp.ErrorEventArgs",   "level": "INFO",     "info": "" }
 {     "system": "Meowv.Blog",     "datetime": "2021-05-17 17:01:04,017",     "description": "websocket_Error:WebSocketSharp.ErrorEventArgs",   "level": "INFO",     "info": "" }
 {     "system": "Meowv.Blog",     "datetime": "2021-05-17 17:01:04,606",     "description": "websocket_Error:WebSocketSharp.ErrorEventArgs",   "level": "INFO",     "info": "" }
 {     "system": "Meowv.Blog",     "datetime": "2021-05-17 17:01:04,941",     "description": "binance 现货 当前状态Open-----True2021/5/17 17:01:04",   "level": "INFO",     "info": "" }
 {     "system": "Meowv.Blog",     "datetime": "2021-05-17 17:01:05,017",     "description": "websocket_Error:WebSocketSharp.ErrorEventArgs",   "level": "INFO",     "info": "" }
 {     "system": "Meowv.Blog",     "datetime": "2021-05-17 17:01:05,351",     "description": "火币现货当前状态Open-----True-----True2021/5/17 17:01:05",   "level": "INFO",     "info": "" }
 {     "system": "Meowv.Blog",     "datetime": "2021-05-17 17:01:06,019",     "description": "websocket_Error:WebSocketSharp.ErrorEventArgs",   "level": "INFO",     "info": "" }
 {     "system": "Meowv.Blog",     "datetime": "2021-05-17 17:01:06,515",     "description": "ok现货 Open-----True2021/5/17 17:01:06",   "level": "INFO",     "info": "" }
 {     "system": "Meowv.Blog",     "datetime": "2021-05-17 17:01:07,020",     "description": "websocket_Error:WebSocketSharp.ErrorEventArgs",   "level": "INFO",     "info": "" }
 {     "system": "Meowv.Blog",     "datetime": "2021-05-17 17:01:08,021",     "description": "websocket_Error:WebSocketSharp.ErrorEventArgs",   "level": "INFO",     "info": "" }
 {     "system": "Meowv.Blog",     "datetime": "2021-05-17 17:01:09,022",     "description": "websocket_Error:WebSocketSharp.ErrorEventArgs",   "level": "INFO",     "info": "" }
 {     "system": "Meowv.Blog",     "datetime": "2021-05-17 17:01:10,022",     "description": "websocket_Error:WebSocketSharp.ErrorEventArgs",   "level": "INFO",     "info": "" }
 {     "system": "Meowv.Blog",     "datetime": "2021-05-17 17:01:10,202",     "description": "websocket_Error:WebSocketSharp.ErrorEventArgs",   "level": "INFO",     "info": "" }
 {     "system": "Meowv.Blog",     "datetime": "2021-05-17 17:01:10,441",     "description": "binance 现货 当前状态Open-----True2021/5/17 17:01:10",   "level": "INFO",     "info": "" }
 {     "system": "Meowv.Blog",     "datetime": "2021-05-17 17:01:11,022",     "description": "websocket_Error:WebSocketSharp.ErrorEventArgs",   "level": "INFO",     "info": "" }
 {     "system": "Meowv.Blog",     "datetime": "2021-05-17 17:01:11,959",     "description": "ok现货 Open-----True2021/5/17 17:01:11",   "level": "INFO",     "info": "" }
 {     "system": "Meowv.Blog",     "datetime": "2021-05-17 17:01:12,023",     "description": "websocket_Error:WebSocketSharp.ErrorEventArgs",   "level": "INFO",     "info": "" }
 {     "system": "Meowv.Blog",     "datetime": "2021-05-17 17:01:12,162",     "description": "火币现货当前状态Open-----True-----True2021/5/17 17:01:12",   "level": "INFO",     "info": "" }
 {     "system": "Meowv.Blog",     "datetime": "2021-05-17 17:01:13,023",     "description": "websocket_Error:WebSocketSharp.ErrorEventArgs",   "level": "INFO",     "info": "" }
 {     "system": "Meowv.Blog",     "datetime": "2021-05-17 17:01:14,023",     "description": "websocket_Error:WebSocketSharp.ErrorEventArgs",   "level": "INFO",     "info": "" }
 {     "system": "Meowv.Blog",     "datetime": "2021-05-17 17:01:15,024",     "description": "websocket_Error:WebSocketSharp.ErrorEventArgs",   "level": "INFO",     "info": "" }
 {     "system": "Meowv.Blog",     "datetime": "2021-05-17 17:01:15,631",     "description": "websocket_Error:WebSocketSharp.ErrorEventArgs",   "level": "INFO",     "info": "" }
 {     "system": "Meowv.Blog",     "datetime": "2021-05-17 17:01:15,927",     "description": "binance 现货 当前状态Open-----True2021/5/17 17:01:15",   "level": "INFO",     "info": "" }
 {     "system": "Meowv.Blog",     "datetime": "2021-05-17 17:01:16,024",     "description": "websocket_Error:WebSocketSharp.ErrorEventArgs",   "level": "INFO",     "info": "" }
 {     "system": "Meowv.Blog",     "datetime": "2021-05-17 17:01:17,026",     "description": "websocket_Error:WebSocketSharp.ErrorEventArgs",   "level": "INFO",     "info": "" }
 {     "system": "Meowv.Blog",     "datetime": "2021-05-17 17:01:17,448",     "description": "ok现货 Open-----True2021/5/17 17:01:17",   "level": "INFO",     "info": "" }
 {     "system": "Meowv.Blog",     "datetime": "2021-05-17 17:01:18,025",     "description": "websocket_Error:WebSocketSharp.ErrorEventArgs",   "level": "INFO",     "info": "" }
 {     "system": "Meowv.Blog",     "datetime": "2021-05-17 17:01:18,966",     "description": "火币现货当前状态Open-----True-----True2021/5/17 17:01:18",   "level": "INFO",     "info": "" }
 {     "system": "Meowv.Blog",     "datetime": "2021-05-17 17:01:19,028",     "description": "websocket_Error:WebSocketSharp.ErrorEventArgs",   "level": "INFO",     "info": "" }
 {     "system": "Meowv.Blog",     "datetime": "2021-05-17 17:01:20,029",     "description": "websocket_Error:WebSocketSharp.ErrorEventArgs",   "level": "INFO",     "info": "" }
 {     "system": "Meowv.Blog",     "datetime": "2021-05-17 17:01:21,027",     "description": "websocket_Error:WebSocketSharp.ErrorEventArgs",   "level": "INFO",     "info": "" }
 {     "system": "Meowv.Blog",     "datetime": "2021-05-17 17:01:21,232",     "description": "websocket_Error:WebSocketSharp.ErrorEventArgs",   "level": "INFO",     "info": "" }
 {     "system": "Meowv.Blog",     "datetime": "2021-05-17 17:01:21,616",     "description": "binance 现货 当前状态Open-----True2021/5/17 17:01:21",   "level": "INFO",     "info": "" }
 {     "system": "Meowv.Blog",     "datetime": "2021-05-17 17:01:22,029",     "description": "websocket_Error:WebSocketSharp.ErrorEventArgs",   "level": "INFO",     "info": "" }
 {     "system": "Meowv.Blog",     "datetime": "2021-05-17 17:01:22,874",     "description": "ok现货 Open-----True2021/5/17 17:01:22",   "level": "INFO",     "info": "" }
 {     "system": "Meowv.Blog",     "datetime": "2021-05-17 17:01:23,029",     "description": "websocket_Error:WebSocketSharp.ErrorEventArgs",   "level": "INFO",     "info": "" }
 {     "system": "Meowv.Blog",     "datetime": "2021-05-17 17:01:24,029",     "description": "websocket_Error:WebSocketSharp.ErrorEventArgs",   "level": "INFO",     "info": "" }
 {     "system": "Meowv.Blog",     "datetime": "2021-05-17 17:01:25,029",     "description": "websocket_Error:WebSocketSharp.ErrorEventArgs",   "level": "INFO",     "info": "" }
 {     "system": "Meowv.Blog",     "datetime": "2021-05-17 17:01:25,735",     "description": "火币现货当前状态Open-----True-----True2021/5/17 17:01:25",   "level": "INFO",     "info": "" }
 {     "system": "Meowv.Blog",     "datetime": "2021-05-17 17:01:26,033",     "description": "websocket_Error:WebSocketSharp.ErrorEventArgs",   "level": "INFO",     "info": "" }
 {     "system": "Meowv.Blog",     "datetime": "2021-05-17 17:01:26,834",     "description": "websocket_Error:WebSocketSharp.ErrorEventArgs",   "level": "INFO",     "info": "" }
 {     "system": "Meowv.Blog",     "datetime": "2021-05-17 17:01:27,033",     "description": "websocket_Error:WebSocketSharp.ErrorEventArgs",   "level": "INFO",     "info": "" }
 {     "system": "Meowv.Blog",     "datetime": "2021-05-17 17:01:27,107",     "description": "binance 现货 当前状态Open-----True2021/5/17 17:01:27",   "level": "INFO",     "info": "" }
 {     "system": "Meowv.Blog",     "datetime": "2021-05-17 17:01:28,033",     "description": "websocket_Error:WebSocketSharp.ErrorEventArgs",   "level": "INFO",     "info": "" }
 {     "system": "Meowv.Blog",     "datetime": "2021-05-17 17:01:28,258",     "description": "ok现货 Open-----True2021/5/17 17:01:28",   "level": "INFO",     "info": "" }
 {     "system": "Meowv.Blog",     "datetime": "2021-05-17 17:01:29,149",     "description": "websocket_Error:WebSocketSharp.ErrorEventArgs",   "level": "INFO",     "info": "" }
 {     "system": "Meowv.Blog",     "datetime": "2021-05-17 17:01:30,032",     "description": "websocket_Error:WebSocketSharp.ErrorEventArgs",   "level": "INFO",     "info": "" }
 {     "system": "Meowv.Blog",     "datetime": "2021-05-17 17:01:31,032",     "description": "websocket_Error:WebSocketSharp.ErrorEventArgs",   "level": "INFO",     "info": "" }
 {     "system": "Meowv.Blog",     "datetime": "2021-05-17 17:01:32,033",     "description": "websocket_Error:WebSocketSharp.ErrorEventArgs",   "level": "INFO",     "info": "" }
 {     "system": "Meowv.Blog",     "datetime": "2021-05-17 17:01:32,447",     "description": "websocket_Error:WebSocketSharp.ErrorEventArgs",   "level": "INFO",     "info": "" }
 {     "system": "Meowv.Blog",     "datetime": "2021-05-17 17:01:32,598",     "description": "火币现货当前状态Open-----True-----True2021/5/17 17:01:32",   "level": "INFO",     "info": "" }
 {     "system": "Meowv.Blog",     "datetime": "2021-05-17 17:01:32,626",     "description": "binance 现货 当前状态Open-----True2021/5/17 17:01:32",   "level": "INFO",     "info": "" }
 {     "system": "Meowv.Blog",     "datetime": "2021-05-17 17:01:33,037",     "description": "websocket_Error:WebSocketSharp.ErrorEventArgs",   "level": "INFO",     "info": "" }
 {     "system": "Meowv.Blog",     "datetime": "2021-05-17 17:01:33,747",     "description": "ok现货 Open-----True2021/5/17 17:01:33",   "level": "INFO",     "info": "" }
 {     "system": "Meowv.Blog",     "datetime": "2021-05-17 17:01:34,038",     "description": "websocket_Error:WebSocketSharp.ErrorEventArgs",   "level": "INFO",     "info": "" }
 {     "system": "Meowv.Blog",     "datetime": "2021-05-17 17:01:35,038",     "description": "websocket_Error:WebSocketSharp.ErrorEventArgs",   "level": "INFO",     "info": "" }
 {     "system": "Meowv.Blog",     "datetime": "2021-05-17 17:01:36,039",     "description": "websocket_Error:WebSocketSharp.ErrorEventArgs",   "level": "INFO",     "info": "" }
 {     "system": "Meowv.Blog",     "datetime": "2021-05-17 17:01:37,042",     "description": "websocket_Error:WebSocketSharp.ErrorEventArgs",   "level": "INFO",     "info": "" }
 {     "system": "Meowv.Blog",     "datetime": "2021-05-17 17:01:37,860",     "description": "websocket_Error:WebSocketSharp.ErrorEventArgs",   "level": "INFO",     "info": "" }
 {     "system": "Meowv.Blog",     "datetime": "2021-05-17 17:01:38,042",     "description": "websocket_Error:WebSocketSharp.ErrorEventArgs",   "level": "INFO",     "info": "" }
 {     "system": "Meowv.Blog",     "datetime": "2021-05-17 17:01:38,110",     "description": "binance 现货 当前状态Open-----True2021/5/17 17:01:38",   "level": "INFO",     "info": "" }
 {     "system": "Meowv.Blog",     "datetime": "2021-05-17 17:01:39,043",     "description": "websocket_Error:WebSocketSharp.ErrorEventArgs",   "level": "INFO",     "info": "" }
 {     "system": "Meowv.Blog",     "datetime": "2021-05-17 17:01:39,173",     "description": "ok现货 Open-----True2021/5/17 17:01:39",   "level": "INFO",     "info": "" }
 {     "system": "Meowv.Blog",     "datetime": "2021-05-17 17:01:39,711",     "description": "火币现货当前状态Open-----True-----True2021/5/17 17:01:39",   "level": "INFO",     "info": "" }
 {     "system": "Meowv.Blog",     "datetime": "2021-05-17 17:01:40,045",     "description": "websocket_Error:WebSocketSharp.ErrorEventArgs",   "level": "INFO",     "info": "" }
 {     "system": "Meowv.Blog",     "datetime": "2021-05-17 17:01:41,044",     "description": "websocket_Error:WebSocketSharp.ErrorEventArgs",   "level": "INFO",     "info": "" }
 {     "system": "Meowv.Blog",     "datetime": "2021-05-17 17:01:42,045",     "description": "websocket_Error:WebSocketSharp.ErrorEventArgs",   "level": "INFO",     "info": "" }
 {     "system": "Meowv.Blog",     "datetime": "2021-05-17 17:01:43,066",     "description": "websocket_Error:WebSocketSharp.ErrorEventArgs",   "level": "INFO",     "info": "" }
 {     "system": "Meowv.Blog",     "datetime": "2021-05-17 17:01:43,453",     "description": "websocket_Error:WebSocketSharp.ErrorEventArgs",   "level": "INFO",     "info": "" }
 {     "system": "Meowv.Blog",     "datetime": "2021-05-17 17:01:43,616",     "description": "binance 现货 当前状态Open-----True2021/5/17 17:01:43",   "level": "INFO",     "info": "" }
 {     "system": "Meowv.Blog",     "datetime": "2021-05-17 17:01:44,048",     "description": "websocket_Error:WebSocketSharp.ErrorEventArgs",   "level": "INFO",     "info": "" }
 {     "system": "Meowv.Blog",     "datetime": "2021-05-17 17:01:44,559",     "description": "ok现货 Open-----True2021/5/17 17:01:44",   "level": "INFO",     "info": "" }
 {     "system": "Meowv.Blog",     "datetime": "2021-05-17 17:01:45,046",     "description": "websocket_Error:WebSocketSharp.ErrorEventArgs",   "level": "INFO",     "info": "" }
 {     "system": "Meowv.Blog",     "datetime": "2021-05-17 17:01:46,047",     "description": "websocket_Error:WebSocketSharp.ErrorEventArgs",   "level": "INFO",     "info": "" }
 {     "system": "Meowv.Blog",     "datetime": "2021-05-17 17:01:46,613",     "description": "火币现货当前状态Open-----True-----True2021/5/17 17:01:46",   "level": "INFO",     "info": "" }
 {     "system": "Meowv.Blog",     "datetime": "2021-05-17 17:01:47,048",     "description": "websocket_Error:WebSocketSharp.ErrorEventArgs",   "level": "INFO",     "info": "" }
 {     "system": "Meowv.Blog",     "datetime": "2021-05-17 17:01:48,049",     "description": "websocket_Error:WebSocketSharp.ErrorEventArgs",   "level": "INFO",     "info": "" }
 {     "system": "Meowv.Blog",     "datetime": "2021-05-17 17:01:48,982",     "description": "websocket_Error:WebSocketSharp.ErrorEventArgs",   "level": "INFO",     "info": "" }
 {     "system": "Meowv.Blog",     "datetime": "2021-05-17 17:01:49,048",     "description": "websocket_Error:WebSocketSharp.ErrorEventArgs",   "level": "INFO",     "info": "" }
 {     "system": "Meowv.Blog",     "datetime": "2021-05-17 17:01:49,103",     "description": "binance 现货 当前状态Open-----True2021/5/17 17:01:49",   "level": "INFO",     "info": "" }
 {     "system": "Meowv.Blog",     "datetime": "2021-05-17 17:01:49,954",     "description": "ok现货 Open-----True2021/5/17 17:01:49",   "level": "INFO",     "info": "" }
 {     "system": "Meowv.Blog",     "datetime": "2021-05-17 17:01:50,051",     "description": "websocket_Error:WebSocketSharp.ErrorEventArgs",   "level": "INFO",     "info": "" }
 {     "system": "Meowv.Blog",     "datetime": "2021-05-17 17:01:51,052",     "description": "websocket_Error:WebSocketSharp.ErrorEventArgs",   "level": "INFO",     "info": "" }
 {     "system": "Meowv.Blog",     "datetime": "2021-05-17 17:01:52,054",     "description": "websocket_Error:WebSocketSharp.ErrorEventArgs",   "level": "INFO",     "info": "" }
 {     "system": "Meowv.Blog",     "datetime": "2021-05-17 17:01:53,053",     "description": "websocket_Error:WebSocketSharp.ErrorEventArgs",   "level": "INFO",     "info": "" }
 {     "system": "Meowv.Blog",     "datetime": "2021-05-17 17:01:53,401",     "description": "火币现货当前状态Open-----True-----True2021/5/17 17:01:53",   "level": "INFO",     "info": "" }
 {     "system": "Meowv.Blog",     "datetime": "2021-05-17 17:01:54,089",     "description": "websocket_Error:WebSocketSharp.ErrorEventArgs",   "level": "INFO",     "info": "" }
 {     "system": "Meowv.Blog",     "datetime": "2021-05-17 17:01:54,689",     "description": "websocket_Error:WebSocketSharp.ErrorEventArgs",   "level": "INFO",     "info": "" }
 {     "system": "Meowv.Blog",     "datetime": "2021-05-17 17:01:54,795",     "description": "binance 现货 当前状态Open-----True2021/5/17 17:01:54",   "level": "INFO",     "info": "" }
 {     "system": "Meowv.Blog",     "datetime": "2021-05-17 17:01:55,172",     "description": "websocket_Error:WebSocketSharp.ErrorEventArgs",   "level": "INFO",     "info": "" }
 {     "system": "Meowv.Blog",     "datetime": "2021-05-17 17:01:55,352",     "description": "ok现货 Open-----True2021/5/17 17:01:55",   "level": "INFO",     "info": "" }
 {     "system": "Meowv.Blog",     "datetime": "2021-05-17 17:01:56,056",     "description": "websocket_Error:WebSocketSharp.ErrorEventArgs",   "level": "INFO",     "info": "" }
 {     "system": "Meowv.Blog",     "datetime": "2021-05-17 17:01:57,056",     "description": "websocket_Error:WebSocketSharp.ErrorEventArgs",   "level": "INFO",     "info": "" }
 {     "system": "Meowv.Blog",     "datetime": "2021-05-17 17:01:58,057",     "description": "websocket_Error:WebSocketSharp.ErrorEventArgs",   "level": "INFO",     "info": "" }
 {     "system": "Meowv.Blog",     "datetime": "2021-05-17 17:01:59,056",     "description": "websocket_Error:WebSocketSharp.ErrorEventArgs",   "level": "INFO",     "info": "" }
 {     "system": "Meowv.Blog",     "datetime": "2021-05-17 17:02:00,059",     "description": "websocket_Error:WebSocketSharp.ErrorEventArgs",   "level": "INFO",     "info": "" }
 {     "system": "Meowv.Blog",     "datetime": "2021-05-17 17:02:00,267",     "description": "火币现货当前状态Open-----True-----True2021/5/17 17:02:00",   "level": "INFO",     "info": "" }
 {     "system": "Meowv.Blog",     "datetime": "2021-05-17 17:02:00,308",     "description": "websocket_Error:WebSocketSharp.ErrorEventArgs",   "level": "INFO",     "info": "" }
 {     "system": "Meowv.Blog",     "datetime": "2021-05-17 17:02:00,456",     "description": "binance 现货 当前状态Open-----True2021/5/17 17:02:00",   "level": "INFO",     "info": "" }
 {     "system": "Meowv.Blog",     "datetime": "2021-05-17 17:02:00,810",     "description": "ok现货 Open-----True2021/5/17 17:02:00",   "level": "INFO",     "info": "" }
 {     "system": "Meowv.Blog",     "datetime": "2021-05-17 17:02:01,093",     "description": "websocket_Error:WebSocketSharp.ErrorEventArgs",   "level": "INFO",     "info": "" }
 {     "system": "Meowv.Blog",     "datetime": "2021-05-17 17:17:56,039",     "description": "开始获取kraken数据",   "level": "INFO",     "info": "" }
 {     "system": "Meowv.Blog",     "datetime": "2021-05-17 17:17:57,049",     "description": " websocket_Opened",   "level": "INFO",     "info": "" }
 {     "system": "Meowv.Blog",     "datetime": "2021-05-17 17:17:57,089",     "description": "websocket_Error:WebSocketSharp.ErrorEventArgs",   "level": "INFO",     "info": "" }
 {     "system": "Meowv.Blog",     "datetime": "2021-05-17 17:17:57,461",     "description": "websocket_Error:WebSocketSharp.ErrorEventArgs",   "level": "INFO",     "info": "" }
 {     "system": "Meowv.Blog",     "datetime": "2021-05-17 17:17:57,462",     "description": "websocket_Error:WebSocketSharp.ErrorEventArgs",   "level": "INFO",     "info": "" }
 {     "system": "Meowv.Blog",     "datetime": "2021-05-17 17:17:57,462",     "description": "websocket_Error:WebSocketSharp.ErrorEventArgs",   "level": "INFO",     "info": "" }
 {     "system": "Meowv.Blog",     "datetime": "2021-05-17 17:17:57,462",     "description": "websocket_Error:WebSocketSharp.ErrorEventArgs",   "level": "INFO",     "info": "" }
 {     "system": "Meowv.Blog",     "datetime": "2021-05-17 17:17:57,462",     "description": "websocket_Error:WebSocketSharp.ErrorEventArgs",   "level": "INFO",     "info": "" }
 {     "system": "Meowv.Blog",     "datetime": "2021-05-17 17:17:57,462",     "description": "websocket_Error:WebSocketSharp.ErrorEventArgs",   "level": "INFO",     "info": "" }
 {     "system": "Meowv.Blog",     "datetime": "2021-05-17 17:17:57,462",     "description": "websocket_Error:WebSocketSharp.ErrorEventArgs",   "level": "INFO",     "info": "" }
 {     "system": "Meowv.Blog",     "datetime": "2021-05-17 17:17:57,462",     "description": "websocket_Error:WebSocketSharp.ErrorEventArgs",   "level": "INFO",     "info": "" }
 {     "system": "Meowv.Blog",     "datetime": "2021-05-17 17:17:57,656",     "description": "websocket_Error:WebSocketSharp.ErrorEventArgs",   "level": "INFO",     "info": "" }
 {     "system": "Meowv.Blog",     "datetime": "2021-05-17 17:17:57,796",     "description": " websocket_Opened",   "level": "INFO",     "info": "" }
 {     "system": "Meowv.Blog",     "datetime": "2021-05-17 17:17:57,901",     "description": "websocket_Error:WebSocketSharp.ErrorEventArgs",   "level": "INFO",     "info": "" }
 {     "system": "Meowv.Blog",     "datetime": "2021-05-17 17:17:58,280",     "description": "ok现货 Open-----True2021/5/17 17:17:58",   "level": "INFO",     "info": "" }
 {     "system": "Meowv.Blog",     "datetime": "2021-05-17 17:17:58,331",     "description": " websocket_Opened",   "level": "INFO",     "info": "" }
 {     "system": "Meowv.Blog",     "datetime": "2021-05-17 17:17:58,695",     "description": " binance 现货websocket_Opened",   "level": "INFO",     "info": "" }
 {     "system": "Meowv.Blog",     "datetime": "2021-05-17 17:17:58,830",     "description": "websocket_Error:WebSocketSharp.ErrorEventArgs",   "level": "INFO",     "info": "" }
 {     "system": "Meowv.Blog",     "datetime": "2021-05-17 17:17:58,850",     "description": "火币现货当前状态Open-----True-----True2021/5/17 17:17:58",   "level": "INFO",     "info": "" }
 {     "system": "Meowv.Blog",     "datetime": "2021-05-17 17:17:59,064",     "description": "binance 现货 当前状态Open-----True2021/5/17 17:17:59",   "level": "INFO",     "info": "" }
 {     "system": "Meowv.Blog",     "datetime": "2021-05-17 17:17:59,829",     "description": "websocket_Error:WebSocketSharp.ErrorEventArgs",   "level": "INFO",     "info": "" }
 {     "system": "Meowv.Blog",     "datetime": "2021-05-17 17:18:00,829",     "description": "websocket_Error:WebSocketSharp.ErrorEventArgs",   "level": "INFO",     "info": "" }
 {     "system": "Meowv.Blog",     "datetime": "2021-05-17 17:18:01,832",     "description": "websocket_Error:WebSocketSharp.ErrorEventArgs",   "level": "INFO",     "info": "" }
 {     "system": "Meowv.Blog",     "datetime": "2021-05-17 17:18:02,833",     "description": "websocket_Error:WebSocketSharp.ErrorEventArgs",   "level": "INFO",     "info": "" }
 {     "system": "Meowv.Blog",     "datetime": "2021-05-17 17:18:03,065",     "description": "websocket_Error:WebSocketSharp.ErrorEventArgs",   "level": "INFO",     "info": "" }
 {     "system": "Meowv.Blog",     "datetime": "2021-05-17 17:18:03,847",     "description": "websocket_Error:WebSocketSharp.ErrorEventArgs",   "level": "INFO",     "info": "" }
 {     "system": "Meowv.Blog",     "datetime": "2021-05-17 17:18:03,893",     "description": "ok现货 Open-----True2021/5/17 17:18:03",   "level": "INFO",     "info": "" }
 {     "system": "Meowv.Blog",     "datetime": "2021-05-17 17:18:04,700",     "description": "binance 现货 当前状态Open-----True2021/5/17 17:18:04",   "level": "INFO",     "info": "" }
 {     "system": "Meowv.Blog",     "datetime": "2021-05-17 17:18:04,721",     "description": "火币现货当前状态Open-----True-----True2021/5/17 17:18:04",   "level": "INFO",     "info": "" }
 {     "system": "Meowv.Blog",     "datetime": "2021-05-17 17:18:04,851",     "description": "websocket_Error:WebSocketSharp.ErrorEventArgs",   "level": "INFO",     "info": "" }
 {     "system": "Meowv.Blog",     "datetime": "2021-05-17 17:18:05,857",     "description": "websocket_Error:WebSocketSharp.ErrorEventArgs",   "level": "INFO",     "info": "" }
 {     "system": "Meowv.Blog",     "datetime": "2021-05-17 17:19:19,380",     "description": " websocket_Opened",   "level": "INFO",     "info": "" }
 {     "system": "Meowv.Blog",     "datetime": "2021-05-17 17:19:19,908",     "description": "coinbase 现货Open-----True2021/5/17 17:19:19",   "level": "INFO",     "info": "" }
 {     "system": "Meowv.Blog",     "datetime": "2021-05-17 17:19:21,000",     "description": " websocket_Opened",   "level": "INFO",     "info": "" }
 {     "system": "Meowv.Blog",     "datetime": "2021-05-17 17:19:22,342",     "description": "ftx现货Open-----True2021/5/17 17:19:22",   "level": "INFO",     "info": "" }
 {     "system": "Meowv.Blog",     "datetime": "2021-05-17 17:19:25,678",     "description": "coinbase 现货Open-----True2021/5/17 17:19:25",   "level": "INFO",     "info": "" }
 {     "system": "Meowv.Blog",     "datetime": "2021-05-17 17:19:28,411",     "description": "ftx现货Open-----True2021/5/17 17:19:28",   "level": "INFO",     "info": "" }
 {     "system": "Meowv.Blog",     "datetime": "2021-05-17 17:19:31,444",     "description": "coinbase 现货Open-----True2021/5/17 17:19:31",   "level": "INFO",     "info": "" }
 {     "system": "Meowv.Blog",     "datetime": "2021-05-17 17:19:34,469",     "description": "ftx现货Open-----True2021/5/17 17:19:34",   "level": "INFO",     "info": "" }
 {     "system": "Meowv.Blog",     "datetime": "2021-05-17 17:19:37,208",     "description": "coinbase 现货Open-----True2021/5/17 17:19:37",   "level": "INFO",     "info": "" }
 {     "system": "Meowv.Blog",     "datetime": "2021-05-17 17:19:40,531",     "description": "ftx现货Open-----True2021/5/17 17:19:40",   "level": "INFO",     "info": "" }
 {     "system": "Meowv.Blog",     "datetime": "2021-05-17 17:19:42,989",     "description": "coinbase 现货Open-----True2021/5/17 17:19:42",   "level": "INFO",     "info": "" }
 {     "system": "Meowv.Blog",     "datetime": "2021-05-17 17:19:46,598",     "description": "ftx现货Open-----True2021/5/17 17:19:46",   "level": "INFO",     "info": "" }
 {     "system": "Meowv.Blog",     "datetime": "2021-05-17 17:19:48,752",     "description": "coinbase 现货Open-----True2021/5/17 17:19:48",   "level": "INFO",     "info": "" }
 {     "system": "Meowv.Blog",     "datetime": "2021-05-17 17:19:52,675",     "description": "ftx现货Open-----True2021/5/17 17:19:52",   "level": "INFO",     "info": "" }
 {     "system": "Meowv.Blog",     "datetime": "2021-05-17 17:19:54,524",     "description": "coinbase 现货Open-----True2021/5/17 17:19:54",   "level": "INFO",     "info": "" }
 {     "system": "Meowv.Blog",     "datetime": "2021-05-17 17:24:28,585",     "description": "开始获取bybit usd数据",   "level": "INFO",     "info": "" }
 {     "system": "Meowv.Blog",     "datetime": "2021-05-17 17:24:28,587",     "description": "开始获取ftx永续和期货数据",   "level": "INFO",     "info": "" }
 {     "system": "Meowv.Blog",     "datetime": "2021-05-17 17:24:28,592",     "description": "开始获取bybit usdt数据",   "level": "INFO",     "info": "" }
 {     "system": "Meowv.Blog",     "datetime": "2021-05-17 17:24:31,462",     "description": "bybit websocket_Opened:System.EventArgs",   "level": "INFO",     "info": "" }
 {     "system": "Meowv.Blog",     "datetime": "2021-05-17 17:24:31,639",     "description": "bybit websocket_Opened:System.EventArgs",   "level": "INFO",     "info": "" }
 {     "system": "Meowv.Blog",     "datetime": "2021-05-17 17:24:31,684",     "description": "bybit信息为空，无法转换",   "level": "INFO",     "info": "" }
 {     "system": "Meowv.Blog",     "datetime": "2021-05-17 17:24:31,686",     "description": "bybit信息为空，无法转换",   "level": "INFO",     "info": "" }
 {     "system": "Meowv.Blog",     "datetime": "2021-05-17 17:24:31,686",     "description": "bybit信息为空，无法转换",   "level": "INFO",     "info": "" }
 {     "system": "Meowv.Blog",     "datetime": "2021-05-17 17:24:31,687",     "description": "bybit信息为空，无法转换",   "level": "INFO",     "info": "" }
 {     "system": "Meowv.Blog",     "datetime": "2021-05-17 17:24:31,687",     "description": "bybit信息为空，无法转换",   "level": "INFO",     "info": "" }
 {     "system": "Meowv.Blog",     "datetime": "2021-05-17 17:24:31,687",     "description": "bybit信息为空，无法转换",   "level": "INFO",     "info": "" }
 {     "system": "Meowv.Blog",     "datetime": "2021-05-17 17:24:31,882",     "description": "bybit USD 美元结算当前状态：True--------Open2021/5/17 17:24:31",   "level": "INFO",     "info": "" }
 {     "system": "Meowv.Blog",     "datetime": "2021-05-17 17:24:32,041",     "description": "bybit 币本位结算当前状态：True--------Open2021/5/17 17:24:32",   "level": "INFO",     "info": "" }
 {     "system": "Meowv.Blog",     "datetime": "2021-05-17 17:24:32,597",     "description": "bybit信息为空，无法转换",   "level": "INFO",     "info": "" }
 {     "system": "Meowv.Blog",     "datetime": "2021-05-17 17:24:32,600",     "description": "bybit信息为空，无法转换",   "level": "INFO",     "info": "" }
 {     "system": "Meowv.Blog",     "datetime": "2021-05-17 17:24:32,601",     "description": "bybit信息为空，无法转换",   "level": "INFO",     "info": "" }
 {     "system": "Meowv.Blog",     "datetime": "2021-05-17 17:24:32,602",     "description": "bybit信息为空，无法转换",   "level": "INFO",     "info": "" }
 {     "system": "Meowv.Blog",     "datetime": "2021-05-17 17:24:32,604",     "description": "bybit信息为空，无法转换",   "level": "INFO",     "info": "" }
 {     "system": "Meowv.Blog",     "datetime": "2021-05-17 17:24:32,605",     "description": "bybit信息为空，无法转换",   "level": "INFO",     "info": "" }
 {     "system": "Meowv.Blog",     "datetime": "2021-05-17 17:24:32,607",     "description": "bybit信息为空，无法转换",   "level": "INFO",     "info": "" }
 {     "system": "Meowv.Blog",     "datetime": "2021-05-17 17:24:32,610",     "description": "bybit信息为空，无法转换",   "level": "INFO",     "info": "" }
 {     "system": "Meowv.Blog",     "datetime": "2021-05-17 17:24:32,612",     "description": "bybit信息为空，无法转换",   "level": "INFO",     "info": "" }
 {     "system": "Meowv.Blog",     "datetime": "2021-05-17 17:24:32,614",     "description": "bybit信息为空，无法转换",   "level": "INFO",     "info": "" }
 {     "system": "Meowv.Blog",     "datetime": "2021-05-17 17:24:32,615",     "description": "bybit信息为空，无法转换",   "level": "INFO",     "info": "" }
 {     "system": "Meowv.Blog",     "datetime": "2021-05-17 17:24:32,617",     "description": "bybit信息为空，无法转换",   "level": "INFO",     "info": "" }
 {     "system": "Meowv.Blog",     "datetime": "2021-05-17 17:24:32,619",     "description": "bybit信息为空，无法转换",   "level": "INFO",     "info": "" }
 {     "system": "Meowv.Blog",     "datetime": "2021-05-17 17:24:33,984",     "description": " websocket_Opened",   "level": "INFO",     "info": "" }
 {     "system": "Meowv.Blog",     "datetime": "2021-05-17 17:24:35,494",     "description": "ftx合约Open-----True2021/5/17 17:24:35",   "level": "INFO",     "info": "" }
 {     "system": "Meowv.Blog",     "datetime": "2021-05-17 17:24:37,503",     "description": "bybit USD 美元结算当前状态：True--------Open2021/5/17 17:24:37",   "level": "INFO",     "info": "" }
 {     "system": "Meowv.Blog",     "datetime": "2021-05-17 17:24:37,649",     "description": "bybit 币本位结算当前状态：True--------Open2021/5/17 17:24:37",   "level": "INFO",     "info": "" }
 {     "system": "Meowv.Blog",     "datetime": "2021-05-17 17:24:41,566",     "description": "ftx合约Open-----True2021/5/17 17:24:41",   "level": "INFO",     "info": "" }
 {     "system": "Meowv.Blog",     "datetime": "2021-05-17 17:24:43,122",     "description": "bybit USD 美元结算当前状态：True--------Open2021/5/17 17:24:43",   "level": "INFO",     "info": "" }
 {     "system": "Meowv.Blog",     "datetime": "2021-05-17 17:24:43,249",     "description": "bybit 币本位结算当前状态：True--------Open2021/5/17 17:24:43",   "level": "INFO",     "info": "" }
 {     "system": "Meowv.Blog",     "datetime": "2021-05-17 17:24:47,637",     "description": "ftx合约Open-----True2021/5/17 17:24:47",   "level": "INFO",     "info": "" }
 {     "system": "Meowv.Blog",     "datetime": "2021-05-17 17:24:48,743",     "description": "bybit USD 美元结算当前状态：True--------Open2021/5/17 17:24:48",   "level": "INFO",     "info": "" }
 {     "system": "Meowv.Blog",     "datetime": "2021-05-17 17:24:48,859",     "description": "bybit 币本位结算当前状态：True--------Open2021/5/17 17:24:48",   "level": "INFO",     "info": "" }
 {     "system": "Meowv.Blog",     "datetime": "2021-05-17 17:24:53,716",     "description": "ftx合约Open-----True2021/5/17 17:24:53",   "level": "INFO",     "info": "" }
 {     "system": "Meowv.Blog",     "datetime": "2021-05-17 17:24:54,396",     "description": "bybit USD 美元结算当前状态：True--------Open2021/5/17 17:24:54",   "level": "INFO",     "info": "" }
 {     "system": "Meowv.Blog",     "datetime": "2021-05-17 17:24:54,500",     "description": "bybit 币本位结算当前状态：True--------Open2021/5/17 17:24:54",   "level": "INFO",     "info": "" }
 {     "system": "Meowv.Blog",     "datetime": "2021-05-17 17:24:59,790",     "description": "ftx合约Open-----True2021/5/17 17:24:59",   "level": "INFO",     "info": "" }
 {     "system": "Meowv.Blog",     "datetime": "2021-05-17 17:25:00,020",     "description": "bybit USD 美元结算当前状态：True--------Open2021/5/17 17:25:00",   "level": "INFO",     "info": "" }
 {     "system": "Meowv.Blog",     "datetime": "2021-05-17 17:25:00,098",     "description": "bybit 币本位结算当前状态：True--------Open2021/5/17 17:25:00",   "level": "INFO",     "info": "" }
 {     "system": "Meowv.Blog",     "datetime": "2021-05-17 17:25:05,641",     "description": "bybit USD 美元结算当前状态：True--------Open2021/5/17 17:25:05",   "level": "INFO",     "info": "" }
 {     "system": "Meowv.Blog",     "datetime": "2021-05-17 17:25:05,832",     "description": "bybit 币本位结算当前状态：True--------Open2021/5/17 17:25:05",   "level": "INFO",     "info": "" }
 {     "system": "Meowv.Blog",     "datetime": "2021-05-17 17:25:05,865",     "description": "ftx合约Open-----True2021/5/17 17:25:05",   "level": "INFO",     "info": "" }
 {     "system": "Meowv.Blog",     "datetime": "2021-05-17 17:25:11,262",     "description": "bybit USD 美元结算当前状态：True--------Open2021/5/17 17:25:11",   "level": "INFO",     "info": "" }
 {     "system": "Meowv.Blog",     "datetime": "2021-05-17 17:25:11,433",     "description": "bybit 币本位结算当前状态：True--------Open2021/5/17 17:25:11",   "level": "INFO",     "info": "" }
 {     "system": "Meowv.Blog",     "datetime": "2021-05-17 17:25:11,938",     "description": "ftx合约Open-----True2021/5/17 17:25:11",   "level": "INFO",     "info": "" }
 {     "system": "Meowv.Blog",     "datetime": "2021-05-17 17:25:16,894",     "description": "bybit USD 美元结算当前状态：True--------Open2021/5/17 17:25:16",   "level": "INFO",     "info": "" }
 {     "system": "Meowv.Blog",     "datetime": "2021-05-17 17:25:17,031",     "description": "bybit 币本位结算当前状态：True--------Open2021/5/17 17:25:17",   "level": "INFO",     "info": "" }
 {     "system": "Meowv.Blog",     "datetime": "2021-05-17 17:25:18,012",     "description": "ftx合约Open-----True2021/5/17 17:25:18",   "level": "INFO",     "info": "" }
 {     "system": "Meowv.Blog",     "datetime": "2021-05-17 17:25:22,561",     "description": "bybit USD 美元结算当前状态：True--------Open2021/5/17 17:25:22",   "level": "INFO",     "info": "" }
 {     "system": "Meowv.Blog",     "datetime": "2021-05-17 17:25:22,634",     "description": "bybit 币本位结算当前状态：True--------Open2021/5/17 17:25:22",   "level": "INFO",     "info": "" }
 {     "system": "Meowv.Blog",     "datetime": "2021-05-17 17:25:24,091",     "description": "ftx合约Open-----True2021/5/17 17:25:24",   "level": "INFO",     "info": "" }
 {     "system": "Meowv.Blog",     "datetime": "2021-05-17 17:25:28,218",     "description": "bybit USD 美元结算当前状态：True--------Open2021/5/17 17:25:28",   "level": "INFO",     "info": "" }
 {     "system": "Meowv.Blog",     "datetime": "2021-05-17 17:25:28,238",     "description": "bybit 币本位结算当前状态：True--------Open2021/5/17 17:25:28",   "level": "INFO",     "info": "" }
 {     "system": "Meowv.Blog",     "datetime": "2021-05-17 17:25:30,174",     "description": "ftx合约Open-----True2021/5/17 17:25:30",   "level": "INFO",     "info": "" }
 {     "system": "Meowv.Blog",     "datetime": "2021-05-17 17:25:33,838",     "description": "bybit 币本位结算当前状态：True--------Open2021/5/17 17:25:33",   "level": "INFO",     "info": "" }
 {     "system": "Meowv.Blog",     "datetime": "2021-05-17 17:25:33,849",     "description": "bybit USD 美元结算当前状态：True--------Open2021/5/17 17:25:33",   "level": "INFO",     "info": "" }
 {     "system": "Meowv.Blog",     "datetime": "2021-05-17 17:25:36,250",     "description": "ftx合约Open-----True2021/5/17 17:25:36",   "level": "INFO",     "info": "" }
 {     "system": "Meowv.Blog",     "datetime": "2021-05-17 17:25:39,440",     "description": "bybit 币本位结算当前状态：True--------Open2021/5/17 17:25:39",   "level": "INFO",     "info": "" }
 {     "system": "Meowv.Blog",     "datetime": "2021-05-17 17:25:39,494",     "description": "bybit USD 美元结算当前状态：True--------Open2021/5/17 17:25:39",   "level": "INFO",     "info": "" }
 {     "system": "Meowv.Blog",     "datetime": "2021-05-17 17:25:42,322",     "description": "ftx合约Open-----True2021/5/17 17:25:42",   "level": "INFO",     "info": "" }
 {     "system": "Meowv.Blog",     "datetime": "2021-05-17 17:25:45,042",     "description": "bybit 币本位结算当前状态：True--------Open2021/5/17 17:25:45",   "level": "INFO",     "info": "" }
 {     "system": "Meowv.Blog",     "datetime": "2021-05-17 17:25:45,122",     "description": "bybit USD 美元结算当前状态：True--------Open2021/5/17 17:25:45",   "level": "INFO",     "info": "" }
 {     "system": "Meowv.Blog",     "datetime": "2021-05-17 17:25:48,394",     "description": "ftx合约Open-----True2021/5/17 17:25:48",   "level": "INFO",     "info": "" }
 {     "system": "Meowv.Blog",     "datetime": "2021-05-17 17:25:50,642",     "description": "bybit 币本位结算当前状态：True--------Open2021/5/17 17:25:50",   "level": "INFO",     "info": "" }
 {     "system": "Meowv.Blog",     "datetime": "2021-05-17 17:25:50,742",     "description": "bybit USD 美元结算当前状态：True--------Open2021/5/17 17:25:50",   "level": "INFO",     "info": "" }
 {     "system": "Meowv.Blog",     "datetime": "2021-05-17 17:25:54,468",     "description": "ftx合约Open-----True2021/5/17 17:25:54",   "level": "INFO",     "info": "" }
 {     "system": "Meowv.Blog",     "datetime": "2021-05-17 17:25:56,241",     "description": "bybit 币本位结算当前状态：True--------Open2021/5/17 17:25:56",   "level": "INFO",     "info": "" }
 {     "system": "Meowv.Blog",     "datetime": "2021-05-17 17:25:56,369",     "description": "bybit USD 美元结算当前状态：True--------Open2021/5/17 17:25:56",   "level": "INFO",     "info": "" }
 {     "system": "Meowv.Blog",     "datetime": "2021-05-17 17:26:00,957",     "description": "ftx合约Open-----True2021/5/17 17:26:00",   "level": "INFO",     "info": "" }
 {     "system": "Meowv.Blog",     "datetime": "2021-05-17 17:26:01,839",     "description": "bybit 币本位结算当前状态：True--------Open2021/5/17 17:26:01",   "level": "INFO",     "info": "" }
 {     "system": "Meowv.Blog",     "datetime": "2021-05-17 17:26:01,994",     "description": "bybit USD 美元结算当前状态：True--------Open2021/5/17 17:26:01",   "level": "INFO",     "info": "" }
 {     "system": "Meowv.Blog",     "datetime": "2021-05-17 17:26:07,036",     "description": "ftx合约Open-----True2021/5/17 17:26:07",   "level": "INFO",     "info": "" }
 {     "system": "Meowv.Blog",     "datetime": "2021-05-17 17:26:07,439",     "description": "bybit 币本位结算当前状态：True--------Open2021/5/17 17:26:07",   "level": "INFO",     "info": "" }
 {     "system": "Meowv.Blog",     "datetime": "2021-05-17 17:26:07,617",     "description": "bybit USD 美元结算当前状态：True--------Open2021/5/17 17:26:07",   "level": "INFO",     "info": "" }
 {     "system": "Meowv.Blog",     "datetime": "2021-05-17 17:26:13,039",     "description": "bybit 币本位结算当前状态：True--------Open2021/5/17 17:26:13",   "level": "INFO",     "info": "" }
 {     "system": "Meowv.Blog",     "datetime": "2021-05-17 17:26:13,110",     "description": "ftx合约Open-----True2021/5/17 17:26:13",   "level": "INFO",     "info": "" }
 {     "system": "Meowv.Blog",     "datetime": "2021-05-17 17:26:13,254",     "description": "bybit USD 美元结算当前状态：True--------Open2021/5/17 17:26:13",   "level": "INFO",     "info": "" }
 {     "system": "Meowv.Blog",     "datetime": "2021-05-17 17:26:18,637",     "description": "bybit 币本位结算当前状态：True--------Open2021/5/17 17:26:18",   "level": "INFO",     "info": "" }
 {     "system": "Meowv.Blog",     "datetime": "2021-05-17 17:26:18,877",     "description": "bybit USD 美元结算当前状态：True--------Open2021/5/17 17:26:18",   "level": "INFO",     "info": "" }
 {     "system": "Meowv.Blog",     "datetime": "2021-05-17 17:26:19,191",     "description": "ftx合约Open-----True2021/5/17 17:26:19",   "level": "INFO",     "info": "" }
 {     "system": "Meowv.Blog",     "datetime": "2021-05-17 17:26:24,234",     "description": "bybit 币本位结算当前状态：True--------Open2021/5/17 17:26:24",   "level": "INFO",     "info": "" }
 {     "system": "Meowv.Blog",     "datetime": "2021-05-17 17:26:24,497",     "description": "bybit USD 美元结算当前状态：True--------Open2021/5/17 17:26:24",   "level": "INFO",     "info": "" }
 {     "system": "Meowv.Blog",     "datetime": "2021-05-17 17:26:25,361",     "description": "ftx合约Open-----True2021/5/17 17:26:25",   "level": "INFO",     "info": "" }
 {     "system": "Meowv.Blog",     "datetime": "2021-05-17 17:26:29,834",     "description": "bybit 币本位结算当前状态：True--------Open2021/5/17 17:26:29",   "level": "INFO",     "info": "" }
 {     "system": "Meowv.Blog",     "datetime": "2021-05-17 17:26:30,118",     "description": "bybit USD 美元结算当前状态：True--------Open2021/5/17 17:26:30",   "level": "INFO",     "info": "" }
 {     "system": "Meowv.Blog",     "datetime": "2021-05-17 17:26:31,436",     "description": "ftx合约Open-----True2021/5/17 17:26:31",   "level": "INFO",     "info": "" }
 {     "system": "Meowv.Blog",     "datetime": "2021-05-17 17:26:35,435",     "description": "bybit 币本位结算当前状态：True--------Open2021/5/17 17:26:35",   "level": "INFO",     "info": "" }
 {     "system": "Meowv.Blog",     "datetime": "2021-05-17 17:26:35,749",     "description": "bybit USD 美元结算当前状态：True--------Open2021/5/17 17:26:35",   "level": "INFO",     "info": "" }
 {     "system": "Meowv.Blog",     "datetime": "2021-05-17 17:26:37,518",     "description": "ftx合约Open-----True2021/5/17 17:26:37",   "level": "INFO",     "info": "" }
 {     "system": "Meowv.Blog",     "datetime": "2021-05-17 17:26:41,033",     "description": "bybit 币本位结算当前状态：True--------Open2021/5/17 17:26:41",   "level": "INFO",     "info": "" }
 {     "system": "Meowv.Blog",     "datetime": "2021-05-17 17:26:41,370",     "description": "bybit USD 美元结算当前状态：True--------Open2021/5/17 17:26:41",   "level": "INFO",     "info": "" }
 {     "system": "Meowv.Blog",     "datetime": "2021-05-17 17:26:43,595",     "description": "ftx合约Open-----True2021/5/17 17:26:43",   "level": "INFO",     "info": "" }
 {     "system": "Meowv.Blog",     "datetime": "2021-05-17 17:26:46,646",     "description": "bybit 币本位结算当前状态：True--------Open2021/5/17 17:26:46",   "level": "INFO",     "info": "" }
 {     "system": "Meowv.Blog",     "datetime": "2021-05-17 17:26:46,996",     "description": "bybit USD 美元结算当前状态：True--------Open2021/5/17 17:26:46",   "level": "INFO",     "info": "" }
 {     "system": "Meowv.Blog",     "datetime": "2021-05-17 17:26:49,666",     "description": "ftx合约Open-----True2021/5/17 17:26:49",   "level": "INFO",     "info": "" }
 {     "system": "Meowv.Blog",     "datetime": "2021-05-17 17:26:52,244",     "description": "bybit 币本位结算当前状态：True--------Open2021/5/17 17:26:52",   "level": "INFO",     "info": "" }
 {     "system": "Meowv.Blog",     "datetime": "2021-05-17 17:26:52,630",     "description": "bybit USD 美元结算当前状态：True--------Open2021/5/17 17:26:52",   "level": "INFO",     "info": "" }
 {     "system": "Meowv.Blog",     "datetime": "2021-05-17 17:26:55,745",     "description": "ftx合约Open-----True2021/5/17 17:26:55",   "level": "INFO",     "info": "" }
 {     "system": "Meowv.Blog",     "datetime": "2021-05-17 17:26:57,843",     "description": "bybit 币本位结算当前状态：True--------Open2021/5/17 17:26:57",   "level": "INFO",     "info": "" }
 {     "system": "Meowv.Blog",     "datetime": "2021-05-17 17:26:58,254",     "description": "bybit USD 美元结算当前状态：True--------Open2021/5/17 17:26:58",   "level": "INFO",     "info": "" }
 {     "system": "Meowv.Blog",     "datetime": "2021-05-17 17:27:01,822",     "description": "ftx合约Open-----True2021/5/17 17:27:01",   "level": "INFO",     "info": "" }
 {     "system": "Meowv.Blog",     "datetime": "2021-05-17 17:27:03,442",     "description": "bybit 币本位结算当前状态：True--------Open2021/5/17 17:27:03",   "level": "INFO",     "info": "" }
 {     "system": "Meowv.Blog",     "datetime": "2021-05-17 17:27:03,895",     "description": "bybit USD 美元结算当前状态：True--------Open2021/5/17 17:27:03",   "level": "INFO",     "info": "" }
 {     "system": "Meowv.Blog",     "datetime": "2021-05-17 17:27:07,906",     "description": "ftx合约Open-----True2021/5/17 17:27:07",   "level": "INFO",     "info": "" }
 {     "system": "Meowv.Blog",     "datetime": "2021-05-17 17:27:09,045",     "description": "bybit 币本位结算当前状态：True--------Open2021/5/17 17:27:09",   "level": "INFO",     "info": "" }
 {     "system": "Meowv.Blog",     "datetime": "2021-05-17 17:27:09,514",     "description": "bybit USD 美元结算当前状态：True--------Open2021/5/17 17:27:09",   "level": "INFO",     "info": "" }
 {     "system": "Meowv.Blog",     "datetime": "2021-05-17 17:27:13,985",     "description": "ftx合约Open-----True2021/5/17 17:27:13",   "level": "INFO",     "info": "" }
 {     "system": "Meowv.Blog",     "datetime": "2021-05-17 17:27:14,652",     "description": "bybit 币本位结算当前状态：True--------Open2021/5/17 17:27:14",   "level": "INFO",     "info": "" }
 {     "system": "Meowv.Blog",     "datetime": "2021-05-17 17:27:15,150",     "description": "bybit USD 美元结算当前状态：True--------Open2021/5/17 17:27:15",   "level": "INFO",     "info": "" }
 {     "system": "Meowv.Blog",     "datetime": "2021-05-17 17:27:20,060",     "description": "ftx合约Open-----True2021/5/17 17:27:20",   "level": "INFO",     "info": "" }
 {     "system": "Meowv.Blog",     "datetime": "2021-05-17 17:27:20,251",     "description": "bybit 币本位结算当前状态：True--------Open2021/5/17 17:27:20",   "level": "INFO",     "info": "" }
 {     "system": "Meowv.Blog",     "datetime": "2021-05-17 17:27:20,776",     "description": "bybit USD 美元结算当前状态：True--------Open2021/5/17 17:27:20",   "level": "INFO",     "info": "" }
 {     "system": "Meowv.Blog",     "datetime": "2021-05-17 17:27:25,860",     "description": "bybit 币本位结算当前状态：True--------Open2021/5/17 17:27:25",   "level": "INFO",     "info": "" }
 {     "system": "Meowv.Blog",     "datetime": "2021-05-17 17:27:26,130",     "description": "ftx合约Open-----True2021/5/17 17:27:26",   "level": "INFO",     "info": "" }
 {     "system": "Meowv.Blog",     "datetime": "2021-05-17 17:27:26,401",     "description": "bybit USD 美元结算当前状态：True--------Open2021/5/17 17:27:26",   "level": "INFO",     "info": "" }
 {     "system": "Meowv.Blog",     "datetime": "2021-05-17 17:27:31,458",     "description": "bybit 币本位结算当前状态：True--------Open2021/5/17 17:27:31",   "level": "INFO",     "info": "" }
 {     "system": "Meowv.Blog",     "datetime": "2021-05-17 17:27:32,032",     "description": "bybit USD 美元结算当前状态：True--------Open2021/5/17 17:27:32",   "level": "INFO",     "info": "" }
 {     "system": "Meowv.Blog",     "datetime": "2021-05-17 17:27:32,202",     "description": "ftx合约Open-----True2021/5/17 17:27:32",   "level": "INFO",     "info": "" }
 {     "system": "Meowv.Blog",     "datetime": "2021-05-17 17:27:37,078",     "description": "bybit 币本位结算当前状态：True--------Open2021/5/17 17:27:37",   "level": "INFO",     "info": "" }
 {     "system": "Meowv.Blog",     "datetime": "2021-05-17 17:27:37,668",     "description": "bybit USD 美元结算当前状态：True--------Open2021/5/17 17:27:37",   "level": "INFO",     "info": "" }
 {     "system": "Meowv.Blog",     "datetime": "2021-05-17 17:27:38,278",     "description": "ftx合约Open-----True2021/5/17 17:27:38",   "level": "INFO",     "info": "" }
 {     "system": "Meowv.Blog",     "datetime": "2021-05-17 17:35:53,778",     "description": "开始获取huobi交割数据",   "level": "INFO",     "info": "" }
 {     "system": "Meowv.Blog",     "datetime": "2021-05-17 17:35:53,780",     "description": "开始获取币本位永续huobi数据",   "level": "INFO",     "info": "" }
 {     "system": "Meowv.Blog",     "datetime": "2021-05-17 17:35:53,792",     "description": "开始获取USDt永续 huobi数据",   "level": "INFO",     "info": "" }
 {     "system": "Meowv.Blog",     "datetime": "2021-05-17 17:35:56,571",     "description": " websocket_Opened",   "level": "INFO",     "info": "" }
 {     "system": "Meowv.Blog",     "datetime": "2021-05-17 17:35:57,172",     "description": " websocket_Opened",   "level": "INFO",     "info": "" }
 {     "system": "Meowv.Blog",     "datetime": "2021-05-17 17:35:57,620",     "description": "火币季度当前状态Open-----True2021/5/17 17:35:57",   "level": "INFO",     "info": "" }
 {     "system": "Meowv.Blog",     "datetime": "2021-05-17 17:35:57,786",     "description": " websocket_Opened",   "level": "INFO",     "info": "" }
 {     "system": "Meowv.Blog",     "datetime": "2021-05-17 17:35:58,728",     "description": "火币币本位永续当前状态Open-----True-----True2021/5/17 17:35:58",   "level": "INFO",     "info": "" }
 {     "system": "Meowv.Blog",     "datetime": "2021-05-17 17:35:59,250",     "description": "火币USDT永续当前状态Open-----True-----True2021/5/17 17:35:59",   "level": "INFO",     "info": "" }
 {     "system": "Meowv.Blog",     "datetime": "2021-05-17 17:36:04,218",     "description": "火币季度当前状态Open-----True2021/5/17 17:36:04",   "level": "INFO",     "info": "" }
 {     "system": "Meowv.Blog",     "datetime": "2021-05-17 17:36:05,995",     "description": "火币币本位永续当前状态Open-----True-----True2021/5/17 17:36:05",   "level": "INFO",     "info": "" }
 {     "system": "Meowv.Blog",     "datetime": "2021-05-17 17:36:06,553",     "description": "火币USDT永续当前状态Open-----True-----True2021/5/17 17:36:06",   "level": "INFO",     "info": "" }
 {     "system": "Meowv.Blog",     "datetime": "2021-05-17 17:36:10,684",     "description": "火币季度当前状态Open-----True2021/5/17 17:36:10",   "level": "INFO",     "info": "" }
 {     "system": "Meowv.Blog",     "datetime": "2021-05-17 17:36:14,019",     "description": "火币币本位永续当前状态Open-----True-----True2021/5/17 17:36:14",   "level": "INFO",     "info": "" }
 {     "system": "Meowv.Blog",     "datetime": "2021-05-17 17:36:14,236",     "description": "火币USDT永续当前状态Open-----True-----True2021/5/17 17:36:14",   "level": "INFO",     "info": "" }
 {     "system": "Meowv.Blog",     "datetime": "2021-05-17 17:36:17,153",     "description": "火币季度当前状态Open-----True2021/5/17 17:36:17",   "level": "INFO",     "info": "" }