
 {     "system": "Meowv.Blog",     "datetime": "2021-10-05 09:21:22,910",     "description": "开始获取Okex交割数据",   "level": "INFO",     "info": "" }
 {     "system": "Meowv.Blog",     "datetime": "2021-10-05 09:21:39,546",     "description": " Okex USDT交割合约websocket_Closed：WebSocketSharp.CloseEventArgs",   "level": "INFO",     "info": "" }
 {     "system": "Meowv.Blog",     "datetime": "2021-10-05 09:21:39,557",     "description": " Okex USDT交割合约websocket_Error：WebSocketSharp.ErrorEventArgs",   "level": "INFO",     "info": "" }
 {     "system": "Meowv.Blog",     "datetime": "2021-10-05 09:21:41,575",     "description": " Okex USDT交割合约websocket_Closed：WebSocketSharp.CloseEventArgs",   "level": "INFO",     "info": "" }
 {     "system": "Meowv.Blog",     "datetime": "2021-10-05 09:21:41,577",     "description": "Okex USDT交割合约正在重连2021-10-05 09:21:41",   "level": "INFO",     "info": "" }
 {     "system": "Meowv.Blog",     "datetime": "2021-10-05 09:21:46,578",     "description": " Okex USDT交割合约websocket_Error：WebSocketSharp.ErrorEventArgs",   "level": "INFO",     "info": "" }
 {     "system": "Meowv.Blog",     "datetime": "2021-10-05 09:39:01,401",     "description": "开始获取Okex交割数据",   "level": "INFO",     "info": "" }
 {     "system": "Meowv.Blog",     "datetime": "2021-10-05 09:39:25,414",     "description": "开始获取Okex交割数据",   "level": "INFO",     "info": "" }
 {     "system": "Meowv.Blog",     "datetime": "2021-10-05 09:39:39,793",     "description": " Okex USDT交割合约websocket_Closed：WebSocketSharp.CloseEventArgs",   "level": "INFO",     "info": "" }
 {     "system": "Meowv.Blog",     "datetime": "2021-10-05 09:39:39,805",     "description": " Okex USDT交割合约websocket_Error：WebSocketSharp.ErrorEventArgs",   "level": "INFO",     "info": "" }
 {     "system": "Meowv.Blog",     "datetime": "2021-10-05 09:39:41,691",     "description": " Okex USDT交割合约websocket_Closed：WebSocketSharp.CloseEventArgs",   "level": "INFO",     "info": "" }
 {     "system": "Meowv.Blog",     "datetime": "2021-10-05 09:39:41,693",     "description": "Okex USDT交割合约正在重连2021-10-05 09:39:41",   "level": "INFO",     "info": "" }
 {     "system": "Meowv.Blog",     "datetime": "2021-10-05 09:39:46,695",     "description": " Okex USDT交割合约websocket_Error：WebSocketSharp.ErrorEventArgs",   "level": "INFO",     "info": "" }
 {     "system": "Meowv.Blog",     "datetime": "2021-10-05 09:39:50,591",     "description": " Okex USDT交割合约websocket_Closed：WebSocketSharp.CloseEventArgs",   "level": "INFO",     "info": "" }
 {     "system": "Meowv.Blog",     "datetime": "2021-10-05 09:39:50,591",     "description": "Okex USDT交割合约正在重连2021-10-05 09:39:50",   "level": "INFO",     "info": "" }
 {     "system": "Meowv.Blog",     "datetime": "2021-10-05 09:39:55,592",     "description": " Okex USDT交割合约websocket_Error：WebSocketSharp.ErrorEventArgs",   "level": "INFO",     "info": "" }
 {     "system": "Meowv.Blog",     "datetime": "2021-10-05 09:39:58,014",     "description": " Okex USDT交割合约websocket_Closed：WebSocketSharp.CloseEventArgs",   "level": "INFO",     "info": "" }
 {     "system": "Meowv.Blog",     "datetime": "2021-10-05 09:39:58,014",     "description": "Okex USDT交割合约正在重连2021-10-05 09:39:58",   "level": "INFO",     "info": "" }
 {     "system": "Meowv.Blog",     "datetime": "2021-10-05 09:40:03,015",     "description": " Okex USDT交割合约websocket_Error：WebSocketSharp.ErrorEventArgs",   "level": "INFO",     "info": "" }
 {     "system": "Meowv.Blog",     "datetime": "2021-10-05 09:40:15,365",     "description": " Okex USDT交割合约websocket_Closed：WebSocketSharp.CloseEventArgs",   "level": "INFO",     "info": "" }
 {     "system": "Meowv.Blog",     "datetime": "2021-10-05 09:40:15,365",     "description": "Okex USDT交割合约正在重连2021-10-05 09:40:15",   "level": "INFO",     "info": "" }
 {     "system": "Meowv.Blog",     "datetime": "2021-10-05 09:40:20,367",     "description": " Okex USDT交割合约websocket_Error：WebSocketSharp.ErrorEventArgs",   "level": "INFO",     "info": "" }
 {     "system": "Meowv.Blog",     "datetime": "2021-10-05 09:52:12,380",     "description": " Okex USDT交割合约websocket_Closed：WebSocketSharp.CloseEventArgs",   "level": "INFO",     "info": "" }
 {     "system": "Meowv.Blog",     "datetime": "2021-10-05 09:52:12,381",     "description": "Okex USDT交割合约正在重连2021-10-05 09:52:12",   "level": "INFO",     "info": "" }
 {     "system": "Meowv.Blog",     "datetime": "2021-10-05 09:52:17,382",     "description": " Okex USDT交割合约websocket_Error：WebSocketSharp.ErrorEventArgs",   "level": "INFO",     "info": "" }
 {     "system": "Meowv.Blog",     "datetime": "2021-10-05 09:52:29,361",     "description": "开始获取Okex交割数据",   "level": "INFO",     "info": "" }
 {     "system": "Meowv.Blog",     "datetime": "2021-10-05 09:52:43,208",     "description": " Okex USDT交割合约websocket_Closed：WebSocketSharp.CloseEventArgs",   "level": "INFO",     "info": "" }
 {     "system": "Meowv.Blog",     "datetime": "2021-10-05 09:52:43,218",     "description": " Okex USDT交割合约websocket_Error：WebSocketSharp.ErrorEventArgs",   "level": "INFO",     "info": "" }
 {     "system": "Meowv.Blog",     "datetime": "2021-10-05 09:52:46,224",     "description": " websocket_Opened",   "level": "INFO",     "info": "" }
 {     "system": "Meowv.Blog",     "datetime": "2021-10-05 09:52:46,228",     "description": "Okex USDT交割合约正在重连2021-10-05 09:52:46",   "level": "INFO",     "info": "" }
 {     "system": "Meowv.Blog",     "datetime": "2021-10-05 09:54:47,969",     "description": "开始获取Okex交割数据",   "level": "INFO",     "info": "" }
 {     "system": "Meowv.Blog",     "datetime": "2021-10-05 09:54:55,943",     "description": " Okex USDT交割合约websocket_Closed：WebSocketSharp.CloseEventArgs",   "level": "INFO",     "info": "" }
 {     "system": "Meowv.Blog",     "datetime": "2021-10-05 09:54:55,961",     "description": " Okex USDT交割合约websocket_Error：WebSocketSharp.ErrorEventArgs",   "level": "INFO",     "info": "" }
 {     "system": "Meowv.Blog",     "datetime": "2021-10-05 09:54:57,928",     "description": " websocket_Opened",   "level": "INFO",     "info": "" }
 {     "system": "Meowv.Blog",     "datetime": "2021-10-05 09:54:57,932",     "description": "Okex USDT交割合约正在重连2021-10-05 09:54:57",   "level": "INFO",     "info": "" }
 {     "system": "Meowv.Blog",     "datetime": "2021-10-05 09:55:03,846",     "description": "Okex USDT交割合约当前状态Open-----True2021-10-05 09:55:03",   "level": "INFO",     "info": "" }
 {     "system": "Meowv.Blog",     "datetime": "2021-10-05 09:55:10,316",     "description": "Okex USDT交割合约当前状态Open-----True2021-10-05 09:55:10",   "level": "INFO",     "info": "" }
 {     "system": "Meowv.Blog",     "datetime": "2021-10-05 09:55:17,656",     "description": "Okex USDT交割合约当前状态Open-----True2021-10-05 09:55:17",   "level": "INFO",     "info": "" }
 {     "system": "Meowv.Blog",     "datetime": "2021-10-05 09:55:24,130",     "description": "Okex USDT交割合约当前状态Open-----True2021-10-05 09:55:24",   "level": "INFO",     "info": "" }
 {     "system": "Meowv.Blog",     "datetime": "2021-10-05 09:55:31,304",     "description": "Okex USDT交割合约当前状态Open-----True2021-10-05 09:55:31",   "level": "INFO",     "info": "" }
 {     "system": "Meowv.Blog",     "datetime": "2021-10-05 09:55:38,108",     "description": "Okex USDT交割合约当前状态Open-----True2021-10-05 09:55:38",   "level": "INFO",     "info": "" }
 {     "system": "Meowv.Blog",     "datetime": "2021-10-05 09:55:45,059",     "description": "Okex USDT交割合约当前状态Open-----True2021-10-05 09:55:45",   "level": "INFO",     "info": "" }
 {     "system": "Meowv.Blog",     "datetime": "2021-10-05 09:55:52,379",     "description": "Okex USDT交割合约当前状态Open-----True2021-10-05 09:55:52",   "level": "INFO",     "info": "" }
 {     "system": "Meowv.Blog",     "datetime": "2021-10-05 09:55:59,773",     "description": "Okex USDT交割合约当前状态Open-----True2021-10-05 09:55:59",   "level": "INFO",     "info": "" }
 {     "system": "Meowv.Blog",     "datetime": "2021-10-05 09:56:06,512",     "description": "Okex USDT交割合约当前状态Open-----True2021-10-05 09:56:06",   "level": "INFO",     "info": "" }
 {     "system": "Meowv.Blog",     "datetime": "2021-10-05 09:56:13,051",     "description": "Okex USDT交割合约当前状态Open-----True2021-10-05 09:56:13",   "level": "INFO",     "info": "" }
 {     "system": "Meowv.Blog",     "datetime": "2021-10-05 09:56:19,600",     "description": "Okex USDT交割合约当前状态Open-----True2021-10-05 09:56:19",   "level": "INFO",     "info": "" }
 {     "system": "Meowv.Blog",     "datetime": "2021-10-05 09:56:26,389",     "description": "Okex USDT交割合约当前状态Open-----True2021-10-05 09:56:26",   "level": "INFO",     "info": "" }
 {     "system": "Meowv.Blog",     "datetime": "2021-10-05 09:56:32,982",     "description": "Okex USDT交割合约当前状态Open-----True2021-10-05 09:56:32",   "level": "INFO",     "info": "" }
 {     "system": "Meowv.Blog",     "datetime": "2021-10-05 09:56:39,485",     "description": "Okex USDT交割合约当前状态Open-----True2021-10-05 09:56:39",   "level": "INFO",     "info": "" }
 {     "system": "Meowv.Blog",     "datetime": "2021-10-05 09:57:02,706",     "description": "开始获取Okex永续币本位和USDT数据",   "level": "INFO",     "info": "" }
 {     "system": "Meowv.Blog",     "datetime": "2021-10-05 09:58:04,761",     "description": "开始获取Okex永续币本位和USDT数据",   "level": "INFO",     "info": "" }
 {     "system": "Meowv.Blog",     "datetime": "2021-10-05 09:58:12,676",     "description": " Okex USD永续合约websocket_Closed：WebSocketSharp.CloseEventArgs",   "level": "INFO",     "info": "" }
 {     "system": "Meowv.Blog",     "datetime": "2021-10-05 09:58:13,869",     "description": " Okex USD永续合约websocket_Error：WebSocketSharp.ErrorEventArgs",   "level": "INFO",     "info": "" }
 {     "system": "Meowv.Blog",     "datetime": "2021-10-05 09:58:17,235",     "description": " Okex USD永续合约websocket_Closed：WebSocketSharp.CloseEventArgs",   "level": "INFO",     "info": "" }
 {     "system": "Meowv.Blog",     "datetime": "2021-10-05 09:58:17,236",     "description": "ok永续合约正在重连",   "level": "INFO",     "info": "" }
 {     "system": "Meowv.Blog",     "datetime": "2021-10-05 09:58:22,237",     "description": " Okex USD永续合约websocket_Error：WebSocketSharp.ErrorEventArgs",   "level": "INFO",     "info": "" }
 {     "system": "Meowv.Blog",     "datetime": "2021-10-05 09:58:32,685",     "description": " Okex USD永续合约websocket_Closed：WebSocketSharp.CloseEventArgs",   "level": "INFO",     "info": "" }
 {     "system": "Meowv.Blog",     "datetime": "2021-10-05 09:58:32,685",     "description": "ok永续合约正在重连",   "level": "INFO",     "info": "" }
 {     "system": "Meowv.Blog",     "datetime": "2021-10-05 09:58:37,686",     "description": " Okex USD永续合约websocket_Error：WebSocketSharp.ErrorEventArgs",   "level": "INFO",     "info": "" }
 {     "system": "Meowv.Blog",     "datetime": "2021-10-05 09:58:51,352",     "description": " Okex USD永续合约websocket_Closed：WebSocketSharp.CloseEventArgs",   "level": "INFO",     "info": "" }
 {     "system": "Meowv.Blog",     "datetime": "2021-10-05 09:58:51,353",     "description": "ok永续合约正在重连",   "level": "INFO",     "info": "" }
 {     "system": "Meowv.Blog",     "datetime": "2021-10-05 09:58:56,354",     "description": " Okex USD永续合约websocket_Error：WebSocketSharp.ErrorEventArgs",   "level": "INFO",     "info": "" }
 {     "system": "Meowv.Blog",     "datetime": "2021-10-05 09:58:58,577",     "description": " websocket_Opened",   "level": "INFO",     "info": "" }
 {     "system": "Meowv.Blog",     "datetime": "2021-10-05 09:58:58,581",     "description": "ok永续合约正在重连",   "level": "INFO",     "info": "" }
 {     "system": "Meowv.Blog",     "datetime": "2021-10-05 09:59:04,663",     "description": "ok永续合约Open-----True2021-10-05 09:59:04",   "level": "INFO",     "info": "" }
 {     "system": "Meowv.Blog",     "datetime": "2021-10-05 09:59:11,993",     "description": "ok永续合约Open-----True2021-10-05 09:59:11",   "level": "INFO",     "info": "" }
 {     "system": "Meowv.Blog",     "datetime": "2021-10-05 09:59:18,844",     "description": "ok永续合约Open-----True2021-10-05 09:59:18",   "level": "INFO",     "info": "" }
 {     "system": "Meowv.Blog",     "datetime": "2021-10-05 09:59:25,809",     "description": "ok永续合约Open-----True2021-10-05 09:59:25",   "level": "INFO",     "info": "" }
 {     "system": "Meowv.Blog",     "datetime": "2021-10-05 09:59:32,435",     "description": "ok永续合约Open-----True2021-10-05 09:59:32",   "level": "INFO",     "info": "" }
 {     "system": "Meowv.Blog",     "datetime": "2021-10-05 09:59:39,281",     "description": "ok永续合约Open-----True2021-10-05 09:59:39",   "level": "INFO",     "info": "" }
 {     "system": "Meowv.Blog",     "datetime": "2021-10-05 09:59:46,125",     "description": "ok永续合约Open-----True2021-10-05 09:59:46",   "level": "INFO",     "info": "" }
 {     "system": "Meowv.Blog",     "datetime": "2021-10-05 09:59:53,181",     "description": "ok永续合约Open-----True2021-10-05 09:59:53",   "level": "INFO",     "info": "" }