
 {     "system": "Meowv.Blog",     "datetime": "2021-10-05 10:00:00,682",     "description": "ok永续合约Open-----True2021-10-05 10:00:00",   "level": "INFO",     "info": "" }
 {     "system": "Meowv.Blog",     "datetime": "2021-10-05 10:00:08,287",     "description": "ok永续合约Open-----True2021-10-05 10:00:08",   "level": "INFO",     "info": "" }
 {     "system": "Meowv.Blog",     "datetime": "2021-10-05 10:00:39,606",     "description": "开始获取Okex交割数据",   "level": "INFO",     "info": "" }
 {     "system": "Meowv.Blog",     "datetime": "2021-10-05 10:00:39,606",     "description": "开始获取Okex永续币本位和USDT数据",   "level": "INFO",     "info": "" }
 {     "system": "Meowv.Blog",     "datetime": "2021-10-05 10:00:45,862",     "description": " Okex USD永续合约websocket_Closed：WebSocketSharp.CloseEventArgs",   "level": "INFO",     "info": "" }
 {     "system": "Meowv.Blog",     "datetime": "2021-10-05 10:00:45,862",     "description": " Okex USDT交割合约websocket_Closed：WebSocketSharp.CloseEventArgs",   "level": "INFO",     "info": "" }
 {     "system": "Meowv.Blog",     "datetime": "2021-10-05 10:00:45,905",     "description": " Okex USD永续合约websocket_Error：WebSocketSharp.ErrorEventArgs",   "level": "INFO",     "info": "" }
 {     "system": "Meowv.Blog",     "datetime": "2021-10-05 10:00:45,905",     "description": " Okex USDT交割合约websocket_Error：WebSocketSharp.ErrorEventArgs",   "level": "INFO",     "info": "" }
 {     "system": "Meowv.Blog",     "datetime": "2021-10-05 10:00:47,367",     "description": " Okex USD永续合约websocket_Closed：WebSocketSharp.CloseEventArgs",   "level": "INFO",     "info": "" }
 {     "system": "Meowv.Blog",     "datetime": "2021-10-05 10:00:47,368",     "description": "ok永续合约正在重连",   "level": "INFO",     "info": "" }
 {     "system": "Meowv.Blog",     "datetime": "2021-10-05 10:00:47,918",     "description": " Okex USDT交割合约websocket_Closed：WebSocketSharp.CloseEventArgs",   "level": "INFO",     "info": "" }
 {     "system": "Meowv.Blog",     "datetime": "2021-10-05 10:00:47,920",     "description": "Okex USDT交割合约正在重连2021-10-05 10:00:47",   "level": "INFO",     "info": "" }
 {     "system": "Meowv.Blog",     "datetime": "2021-10-05 10:00:52,371",     "description": " Okex USD永续合约websocket_Error：WebSocketSharp.ErrorEventArgs",   "level": "INFO",     "info": "" }
 {     "system": "Meowv.Blog",     "datetime": "2021-10-05 10:00:52,920",     "description": " Okex USDT交割合约websocket_Error：WebSocketSharp.ErrorEventArgs",   "level": "INFO",     "info": "" }
 {     "system": "Meowv.Blog",     "datetime": "2021-10-05 10:15:53,427",     "description": "开始获取kraken数据",   "level": "INFO",     "info": "" }
 {     "system": "Meowv.Blog",     "datetime": "2021-10-05 10:15:55,414",     "description": "websocket_Closed",   "level": "INFO",     "info": "" }
 {     "system": "Meowv.Blog",     "datetime": "2021-10-05 10:15:55,426",     "description": "websocket_Error:WebSocketSharp.ErrorEventArgs",   "level": "INFO",     "info": "" }
 {     "system": "Meowv.Blog",     "datetime": "2021-10-05 10:15:55,714",     "description": "websocket_Closed",   "level": "INFO",     "info": "" }
 {     "system": "Meowv.Blog",     "datetime": "2021-10-05 10:15:55,715",     "description": "正在重连",   "level": "INFO",     "info": "" }
 {     "system": "Meowv.Blog",     "datetime": "2021-10-05 10:15:59,764",     "description": " websocket_Opened",   "level": "INFO",     "info": "" }
 {     "system": "Meowv.Blog",     "datetime": "2021-10-05 10:16:00,717",     "description": "websocket_Error:WebSocketSharp.ErrorEventArgs",   "level": "INFO",     "info": "" }
 {     "system": "Meowv.Blog",     "datetime": "2021-10-05 10:16:01,893",     "description": "火币现货当前状态Open-----True-----True2021-10-05 10:16:01",   "level": "INFO",     "info": "" }
 {     "system": "Meowv.Blog",     "datetime": "2021-10-05 10:16:01,971",     "description": "websocket_Closed",   "level": "INFO",     "info": "" }
 {     "system": "Meowv.Blog",     "datetime": "2021-10-05 10:16:01,971",     "description": "正在重连",   "level": "INFO",     "info": "" }
 {     "system": "Meowv.Blog",     "datetime": "2021-10-05 10:16:06,972",     "description": "websocket_Error:WebSocketSharp.ErrorEventArgs",   "level": "INFO",     "info": "" }
 {     "system": "Meowv.Blog",     "datetime": "2021-10-05 10:16:08,222",     "description": "websocket_Closed",   "level": "INFO",     "info": "" }
 {     "system": "Meowv.Blog",     "datetime": "2021-10-05 10:16:08,223",     "description": "正在重连",   "level": "INFO",     "info": "" }
 {     "system": "Meowv.Blog",     "datetime": "2021-10-05 10:16:10,435",     "description": "火币现货当前状态Open-----True-----True2021-10-05 10:16:10",   "level": "INFO",     "info": "" }
 {     "system": "Meowv.Blog",     "datetime": "2021-10-05 10:16:12,027",     "description": " binance 现货websocket_Opened",   "level": "INFO",     "info": "" }
 {     "system": "Meowv.Blog",     "datetime": "2021-10-05 10:16:12,704",     "description": "binance 现货 当前状态Open-----True2021-10-05 10:16:12",   "level": "INFO",     "info": "" }
 {     "system": "Meowv.Blog",     "datetime": "2021-10-05 10:16:13,225",     "description": "websocket_Error:WebSocketSharp.ErrorEventArgs",   "level": "INFO",     "info": "" }
 {     "system": "Meowv.Blog",     "datetime": "2021-10-05 10:16:13,579",     "description": "websocket_Closed",   "level": "INFO",     "info": "" }
 {     "system": "Meowv.Blog",     "datetime": "2021-10-05 10:16:13,580",     "description": "正在重连",   "level": "INFO",     "info": "" }
 {     "system": "Meowv.Blog",     "datetime": "2021-10-05 10:16:29,026",     "description": "websocket_Error:WebSocketSharp.ErrorEventArgs",   "level": "INFO",     "info": "" }
 {     "system": "Meowv.Blog",     "datetime": "2021-10-05 10:17:46,264",     "description": "开始获取kraken数据",   "level": "INFO",     "info": "" }
 {     "system": "Meowv.Blog",     "datetime": "2021-10-05 10:17:48,110",     "description": "websocket_Closed",   "level": "INFO",     "info": "" }
 {     "system": "Meowv.Blog",     "datetime": "2021-10-05 10:17:48,121",     "description": "websocket_Error:WebSocketSharp.ErrorEventArgs",   "level": "INFO",     "info": "" }
 {     "system": "Meowv.Blog",     "datetime": "2021-10-05 10:17:48,368",     "description": "websocket_Closed",   "level": "INFO",     "info": "" }
 {     "system": "Meowv.Blog",     "datetime": "2021-10-05 10:17:48,368",     "description": "正在重连",   "level": "INFO",     "info": "" }
 {     "system": "Meowv.Blog",     "datetime": "2021-10-05 10:17:53,536",     "description": "websocket_Error:WebSocketSharp.ErrorEventArgs",   "level": "INFO",     "info": "" }
 {     "system": "Meowv.Blog",     "datetime": "2021-10-05 10:17:53,558",     "description": " websocket_Opened",   "level": "INFO",     "info": "" }
 {     "system": "Meowv.Blog",     "datetime": "2021-10-05 10:17:53,792",     "description": "websocket_Closed",   "level": "INFO",     "info": "" }
 {     "system": "Meowv.Blog",     "datetime": "2021-10-05 10:17:53,792",     "description": "正在重连",   "level": "INFO",     "info": "" }
 {     "system": "Meowv.Blog",     "datetime": "2021-10-05 10:17:55,088",     "description": "binance 现货 正在重连",   "level": "INFO",     "info": "" }
 {     "system": "Meowv.Blog",     "datetime": "2021-10-05 10:17:56,576",     "description": "火币现货当前状态Open-----True-----True2021-10-05 10:17:56",   "level": "INFO",     "info": "" }
 {     "system": "Meowv.Blog",     "datetime": "2021-10-05 10:17:58,793",     "description": "websocket_Error:WebSocketSharp.ErrorEventArgs",   "level": "INFO",     "info": "" }
 {     "system": "Meowv.Blog",     "datetime": "2021-10-05 10:17:59,044",     "description": "websocket_Closed",   "level": "INFO",     "info": "" }
 {     "system": "Meowv.Blog",     "datetime": "2021-10-05 10:17:59,044",     "description": "正在重连",   "level": "INFO",     "info": "" }
 {     "system": "Meowv.Blog",     "datetime": "2021-10-05 10:18:02,187",     "description": "binance 现货 正在重连",   "level": "INFO",     "info": "" }
 {     "system": "Meowv.Blog",     "datetime": "2021-10-05 10:18:04,046",     "description": "websocket_Error:WebSocketSharp.ErrorEventArgs",   "level": "INFO",     "info": "" }
 {     "system": "Meowv.Blog",     "datetime": "2021-10-05 10:18:04,301",     "description": "websocket_Closed",   "level": "INFO",     "info": "" }
 {     "system": "Meowv.Blog",     "datetime": "2021-10-05 10:18:04,302",     "description": "正在重连",   "level": "INFO",     "info": "" }
 {     "system": "Meowv.Blog",     "datetime": "2021-10-05 10:18:05,403",     "description": "火币现货当前状态Open-----True-----True2021-10-05 10:18:05",   "level": "INFO",     "info": "" }
 {     "system": "Meowv.Blog",     "datetime": "2021-10-05 10:18:11,358",     "description": "websocket_Error:WebSocketSharp.ErrorEventArgs",   "level": "INFO",     "info": "" }
 {     "system": "Meowv.Blog",     "datetime": "2021-10-05 10:18:11,384",     "description": "binance 现货 正在重连",   "level": "INFO",     "info": "" }
 {     "system": "Meowv.Blog",     "datetime": "2021-10-05 10:20:58,088",     "description": "开始获取kraken数据",   "level": "INFO",     "info": "" }
 {     "system": "Meowv.Blog",     "datetime": "2021-10-05 10:21:19,799",     "description": "websocket_Closed",   "level": "INFO",     "info": "" }
 {     "system": "Meowv.Blog",     "datetime": "2021-10-05 10:21:19,808",     "description": "websocket_Error:WebSocketSharp.ErrorEventArgs",   "level": "INFO",     "info": "" }
 {     "system": "Meowv.Blog",     "datetime": "2021-10-05 10:21:40,867",     "description": "websocket_Closed",   "level": "INFO",     "info": "" }
 {     "system": "Meowv.Blog",     "datetime": "2021-10-05 10:21:40,868",     "description": "正在重连",   "level": "INFO",     "info": "" }
 {     "system": "Meowv.Blog",     "datetime": "2021-10-05 10:21:45,869",     "description": "websocket_Error:WebSocketSharp.ErrorEventArgs",   "level": "INFO",     "info": "" }
 {     "system": "Meowv.Blog",     "datetime": "2021-10-05 10:22:06,932",     "description": "websocket_Closed",   "level": "INFO",     "info": "" }
 {     "system": "Meowv.Blog",     "datetime": "2021-10-05 10:22:06,932",     "description": "正在重连",   "level": "INFO",     "info": "" }
 {     "system": "Meowv.Blog",     "datetime": "2021-10-05 10:22:11,933",     "description": "websocket_Error:WebSocketSharp.ErrorEventArgs",   "level": "INFO",     "info": "" }
 {     "system": "Meowv.Blog",     "datetime": "2021-10-05 10:22:32,991",     "description": "websocket_Closed",   "level": "INFO",     "info": "" }
 {     "system": "Meowv.Blog",     "datetime": "2021-10-05 10:22:32,992",     "description": "正在重连",   "level": "INFO",     "info": "" }
 {     "system": "Meowv.Blog",     "datetime": "2021-10-05 10:22:37,992",     "description": "websocket_Error:WebSocketSharp.ErrorEventArgs",   "level": "INFO",     "info": "" }
 {     "system": "Meowv.Blog",     "datetime": "2021-10-05 10:22:59,055",     "description": "websocket_Closed",   "level": "INFO",     "info": "" }
 {     "system": "Meowv.Blog",     "datetime": "2021-10-05 10:22:59,055",     "description": "正在重连",   "level": "INFO",     "info": "" }
 {     "system": "Meowv.Blog",     "datetime": "2021-10-05 10:23:04,055",     "description": "websocket_Error:WebSocketSharp.ErrorEventArgs",   "level": "INFO",     "info": "" }
 {     "system": "Meowv.Blog",     "datetime": "2021-10-05 10:24:50,573",     "description": "开始获取kraken数据",   "level": "INFO",     "info": "" }
 {     "system": "Meowv.Blog",     "datetime": "2021-10-05 10:24:53,778",     "description": " websocket_Opened",   "level": "INFO",     "info": "" }
 {     "system": "Meowv.Blog",     "datetime": "2021-10-05 10:24:53,902",     "description": "websocket_Error:WebSocketSharp.ErrorEventArgs",   "level": "INFO",     "info": "" }
 {     "system": "Meowv.Blog",     "datetime": "2021-10-05 10:24:54,602",     "description": "websocket_Error:WebSocketSharp.ErrorEventArgs",   "level": "INFO",     "info": "" }
 {     "system": "Meowv.Blog",     "datetime": "2021-10-05 10:24:54,664",     "description": "websocket_Error:WebSocketSharp.ErrorEventArgs",   "level": "INFO",     "info": "" }
 {     "system": "Meowv.Blog",     "datetime": "2021-10-05 10:24:54,721",     "description": "websocket_Error:WebSocketSharp.ErrorEventArgs",   "level": "INFO",     "info": "" }
 {     "system": "Meowv.Blog",     "datetime": "2021-10-05 10:24:54,782",     "description": "websocket_Error:WebSocketSharp.ErrorEventArgs",   "level": "INFO",     "info": "" }
 {     "system": "Meowv.Blog",     "datetime": "2021-10-05 10:24:54,842",     "description": "websocket_Error:WebSocketSharp.ErrorEventArgs",   "level": "INFO",     "info": "" }
 {     "system": "Meowv.Blog",     "datetime": "2021-10-05 10:24:54,905",     "description": "websocket_Error:WebSocketSharp.ErrorEventArgs",   "level": "INFO",     "info": "" }
 {     "system": "Meowv.Blog",     "datetime": "2021-10-05 10:24:54,962",     "description": "websocket_Error:WebSocketSharp.ErrorEventArgs",   "level": "INFO",     "info": "" }
 {     "system": "Meowv.Blog",     "datetime": "2021-10-05 10:24:55,027",     "description": "websocket_Error:WebSocketSharp.ErrorEventArgs",   "level": "INFO",     "info": "" }
 {     "system": "Meowv.Blog",     "datetime": "2021-10-05 10:24:55,087",     "description": "websocket_Error:WebSocketSharp.ErrorEventArgs",   "level": "INFO",     "info": "" }
 {     "system": "Meowv.Blog",     "datetime": "2021-10-05 10:24:55,151",     "description": "websocket_Error:WebSocketSharp.ErrorEventArgs",   "level": "INFO",     "info": "" }
 {     "system": "Meowv.Blog",     "datetime": "2021-10-05 10:24:55,728",     "description": "websocket_Error:WebSocketSharp.ErrorEventArgs",   "level": "INFO",     "info": "" }
 {     "system": "Meowv.Blog",     "datetime": "2021-10-05 10:24:56,737",     "description": "websocket_Error:WebSocketSharp.ErrorEventArgs",   "level": "INFO",     "info": "" }
 {     "system": "Meowv.Blog",     "datetime": "2021-10-05 10:24:57,728",     "description": "websocket_Error:WebSocketSharp.ErrorEventArgs",   "level": "INFO",     "info": "" }
 {     "system": "Meowv.Blog",     "datetime": "2021-10-05 10:24:58,730",     "description": "websocket_Error:WebSocketSharp.ErrorEventArgs",   "level": "INFO",     "info": "" }
 {     "system": "Meowv.Blog",     "datetime": "2021-10-05 10:24:59,793",     "description": "websocket_Error:WebSocketSharp.ErrorEventArgs",   "level": "INFO",     "info": "" }
 {     "system": "Meowv.Blog",     "datetime": "2021-10-05 10:25:00,793",     "description": "websocket_Error:WebSocketSharp.ErrorEventArgs",   "level": "INFO",     "info": "" }
 {     "system": "Meowv.Blog",     "datetime": "2021-10-05 10:25:01,423",     "description": "websocket_Error:WebSocketSharp.ErrorEventArgs",   "level": "INFO",     "info": "" }
 {     "system": "Meowv.Blog",     "datetime": "2021-10-05 10:25:01,739",     "description": "websocket_Error:WebSocketSharp.ErrorEventArgs",   "level": "INFO",     "info": "" }
 {     "system": "Meowv.Blog",     "datetime": "2021-10-05 10:25:02,736",     "description": "websocket_Error:WebSocketSharp.ErrorEventArgs",   "level": "INFO",     "info": "" }
 {     "system": "Meowv.Blog",     "datetime": "2021-10-05 10:25:03,730",     "description": "websocket_Error:WebSocketSharp.ErrorEventArgs",   "level": "INFO",     "info": "" }
 {     "system": "Meowv.Blog",     "datetime": "2021-10-05 10:25:04,730",     "description": "websocket_Error:WebSocketSharp.ErrorEventArgs",   "level": "INFO",     "info": "" }
 {     "system": "Meowv.Blog",     "datetime": "2021-10-05 10:25:05,732",     "description": "websocket_Error:WebSocketSharp.ErrorEventArgs",   "level": "INFO",     "info": "" }
 {     "system": "Meowv.Blog",     "datetime": "2021-10-05 10:25:06,745",     "description": "websocket_Error:WebSocketSharp.ErrorEventArgs",   "level": "INFO",     "info": "" }
 {     "system": "Meowv.Blog",     "datetime": "2021-10-05 10:25:51,479",     "description": "binance 现货 正在重连",   "level": "INFO",     "info": "" }
 {     "system": "Meowv.Blog",     "datetime": "2021-10-05 10:25:57,826",     "description": "binance 现货 正在重连",   "level": "INFO",     "info": "" }
 {     "system": "Meowv.Blog",     "datetime": "2021-10-05 10:26:06,017",     "description": "binance 现货 正在重连",   "level": "INFO",     "info": "" }
 {     "system": "Meowv.Blog",     "datetime": "2021-10-05 10:26:12,849",     "description": "binance 现货 正在重连",   "level": "INFO",     "info": "" }
 {     "system": "Meowv.Blog",     "datetime": "2021-10-05 10:26:19,302",     "description": "binance 现货 正在重连",   "level": "INFO",     "info": "" }
 {     "system": "Meowv.Blog",     "datetime": "2021-10-05 10:26:25,711",     "description": "binance 现货 正在重连",   "level": "INFO",     "info": "" }
 {     "system": "Meowv.Blog",     "datetime": "2021-10-05 10:26:39,263",     "description": "binance 现货 正在重连",   "level": "INFO",     "info": "" }