
 {     "system": "Meowv.Blog",     "datetime": "2021-05-17 16:31:28,236",     "description": "Okex USDT交割合约信息转化错误，错误信息：Object reference not set to an instance of an object.",   "level": "ERROR",     "info": "" }
 {     "system": "Meowv.Blog",     "datetime": "2021-05-17 16:31:28,237",     "description": "Okex USDT交割合约信息转化错误，错误的信息源：{"event":"subscribe","channel":"futures/trade:ADA-USD-210521"}",   "level": "ERROR",     "info": "" }
 {     "system": "Meowv.Blog",     "datetime": "2021-05-17 16:31:45,666",     "description": "Okex USDT交割合约信息转化错误，错误信息：Object reference not set to an instance of an object.",   "level": "ERROR",     "info": "" }
 {     "system": "Meowv.Blog",     "datetime": "2021-05-17 16:31:45,666",     "description": "Okex USDT交割合约信息转化错误，错误的信息源：{"event":"subscribe","channel":"futures/trade:ADA-USD-210528"}",   "level": "ERROR",     "info": "" }
 {     "system": "Meowv.Blog",     "datetime": "2021-05-17 16:34:22,005",     "description": "Okex USDT交割合约信息转化错误，错误信息：Object reference not set to an instance of an object.",   "level": "ERROR",     "info": "" }
 {     "system": "Meowv.Blog",     "datetime": "2021-05-17 16:34:22,006",     "description": "Okex USDT交割合约信息转化错误，错误的信息源：{"event":"subscribe","channel":"futures/trade:ADA-USD-210521"}",   "level": "ERROR",     "info": "" }
 {     "system": "Meowv.Blog",     "datetime": "2021-05-17 16:34:22,006",     "description": "Okex USDT交割合约信息转化错误，错误信息：Object reference not set to an instance of an object.",   "level": "ERROR",     "info": "" }
 {     "system": "Meowv.Blog",     "datetime": "2021-05-17 16:34:22,007",     "description": "Okex USDT交割合约信息转化错误，错误的信息源：{"event":"subscribe","channel":"futures/trade:ADA-USD-210528"}",   "level": "ERROR",     "info": "" }
 {     "system": "Meowv.Blog",     "datetime": "2021-05-17 16:34:22,007",     "description": "Okex USDT交割合约信息转化错误，错误信息：Object reference not set to an instance of an object.",   "level": "ERROR",     "info": "" }
 {     "system": "Meowv.Blog",     "datetime": "2021-05-17 16:34:22,007",     "description": "Okex USDT交割合约信息转化错误，错误的信息源：{"event":"subscribe","channel":"futures/trade:ADA-USD-210625"}",   "level": "ERROR",     "info": "" }
 {     "system": "Meowv.Blog",     "datetime": "2021-05-17 16:34:22,007",     "description": "Okex USDT交割合约信息转化错误，错误信息：Object reference not set to an instance of an object.",   "level": "ERROR",     "info": "" }
 {     "system": "Meowv.Blog",     "datetime": "2021-05-17 16:34:22,007",     "description": "Okex USDT交割合约信息转化错误，错误的信息源：{"event":"subscribe","channel":"futures/trade:ADA-USD-210924"}",   "level": "ERROR",     "info": "" }
 {     "system": "Meowv.Blog",     "datetime": "2021-05-17 16:34:22,008",     "description": "Okex USDT交割合约信息转化错误，错误信息：Object reference not set to an instance of an object.",   "level": "ERROR",     "info": "" }
 {     "system": "Meowv.Blog",     "datetime": "2021-05-17 16:34:22,008",     "description": "Okex USDT交割合约信息转化错误，错误的信息源：{"event":"subscribe","channel":"futures/trade:LINK-USD-210521"}",   "level": "ERROR",     "info": "" }
 {     "system": "Meowv.Blog",     "datetime": "2021-05-17 16:34:22,008",     "description": "Okex USDT交割合约信息转化错误，错误信息：Object reference not set to an instance of an object.",   "level": "ERROR",     "info": "" }
 {     "system": "Meowv.Blog",     "datetime": "2021-05-17 16:34:22,008",     "description": "Okex USDT交割合约信息转化错误，错误的信息源：{"event":"subscribe","channel":"futures/trade:LINK-USD-210528"}",   "level": "ERROR",     "info": "" }
 {     "system": "Meowv.Blog",     "datetime": "2021-05-17 16:34:22,008",     "description": "Okex USDT交割合约信息转化错误，错误信息：Object reference not set to an instance of an object.",   "level": "ERROR",     "info": "" }
 {     "system": "Meowv.Blog",     "datetime": "2021-05-17 16:34:22,008",     "description": "Okex USDT交割合约信息转化错误，错误的信息源：{"event":"subscribe","channel":"futures/trade:LINK-USD-210625"}",   "level": "ERROR",     "info": "" }
 {     "system": "Meowv.Blog",     "datetime": "2021-05-17 16:34:22,009",     "description": "Okex USDT交割合约信息转化错误，错误信息：Object reference not set to an instance of an object.",   "level": "ERROR",     "info": "" }
 {     "system": "Meowv.Blog",     "datetime": "2021-05-17 16:34:22,009",     "description": "Okex USDT交割合约信息转化错误，错误的信息源：{"event":"subscribe","channel":"futures/trade:LINK-USD-210924"}",   "level": "ERROR",     "info": "" }
 {     "system": "Meowv.Blog",     "datetime": "2021-05-17 16:34:22,009",     "description": "Okex USDT交割合约信息转化错误，错误信息：Object reference not set to an instance of an object.",   "level": "ERROR",     "info": "" }
 {     "system": "Meowv.Blog",     "datetime": "2021-05-17 16:34:22,009",     "description": "Okex USDT交割合约信息转化错误，错误的信息源：{"event":"subscribe","channel":"futures/trade:BTC-USDT-210521"}",   "level": "ERROR",     "info": "" }
 {     "system": "Meowv.Blog",     "datetime": "2021-05-17 16:34:22,009",     "description": "Okex USDT交割合约信息转化错误，错误信息：Object reference not set to an instance of an object.",   "level": "ERROR",     "info": "" }
 {     "system": "Meowv.Blog",     "datetime": "2021-05-17 16:34:22,009",     "description": "Okex USDT交割合约信息转化错误，错误的信息源：{"event":"subscribe","channel":"futures/trade:BTC-USDT-210528"}",   "level": "ERROR",     "info": "" }
 {     "system": "Meowv.Blog",     "datetime": "2021-05-17 16:34:22,010",     "description": "Okex USDT交割合约信息转化错误，错误信息：Object reference not set to an instance of an object.",   "level": "ERROR",     "info": "" }
 {     "system": "Meowv.Blog",     "datetime": "2021-05-17 16:34:22,010",     "description": "Okex USDT交割合约信息转化错误，错误的信息源：{"event":"subscribe","channel":"futures/trade:BTC-USDT-210625"}",   "level": "ERROR",     "info": "" }
 {     "system": "Meowv.Blog",     "datetime": "2021-05-17 16:34:22,010",     "description": "Okex USDT交割合约信息转化错误，错误信息：Object reference not set to an instance of an object.",   "level": "ERROR",     "info": "" }
 {     "system": "Meowv.Blog",     "datetime": "2021-05-17 16:34:22,010",     "description": "Okex USDT交割合约信息转化错误，错误的信息源：{"event":"subscribe","channel":"futures/trade:BTC-USDT-210924"}",   "level": "ERROR",     "info": "" }
 {     "system": "Meowv.Blog",     "datetime": "2021-05-17 16:34:22,010",     "description": "Okex USDT交割合约信息转化错误，错误信息：Object reference not set to an instance of an object.",   "level": "ERROR",     "info": "" }
 {     "system": "Meowv.Blog",     "datetime": "2021-05-17 16:34:22,010",     "description": "Okex USDT交割合约信息转化错误，错误的信息源：{"event":"subscribe","channel":"futures/trade:LTC-USDT-210521"}",   "level": "ERROR",     "info": "" }
 {     "system": "Meowv.Blog",     "datetime": "2021-05-17 16:34:22,011",     "description": "Okex USDT交割合约信息转化错误，错误信息：Object reference not set to an instance of an object.",   "level": "ERROR",     "info": "" }
 {     "system": "Meowv.Blog",     "datetime": "2021-05-17 16:34:22,011",     "description": "Okex USDT交割合约信息转化错误，错误的信息源：{"event":"subscribe","channel":"futures/trade:LTC-USDT-210528"}",   "level": "ERROR",     "info": "" }
 {     "system": "Meowv.Blog",     "datetime": "2021-05-17 16:34:22,011",     "description": "Okex USDT交割合约信息转化错误，错误信息：Object reference not set to an instance of an object.",   "level": "ERROR",     "info": "" }
 {     "system": "Meowv.Blog",     "datetime": "2021-05-17 16:34:22,011",     "description": "Okex USDT交割合约信息转化错误，错误的信息源：{"event":"subscribe","channel":"futures/trade:LTC-USDT-210625"}",   "level": "ERROR",     "info": "" }
 {     "system": "Meowv.Blog",     "datetime": "2021-05-17 16:34:22,011",     "description": "Okex USDT交割合约信息转化错误，错误信息：Object reference not set to an instance of an object.",   "level": "ERROR",     "info": "" }
 {     "system": "Meowv.Blog",     "datetime": "2021-05-17 16:34:22,011",     "description": "Okex USDT交割合约信息转化错误，错误的信息源：{"event":"subscribe","channel":"futures/trade:LTC-USDT-210924"}",   "level": "ERROR",     "info": "" }
 {     "system": "Meowv.Blog",     "datetime": "2021-05-17 16:34:22,011",     "description": "Okex USDT交割合约信息转化错误，错误信息：Object reference not set to an instance of an object.",   "level": "ERROR",     "info": "" }
 {     "system": "Meowv.Blog",     "datetime": "2021-05-17 16:34:22,011",     "description": "Okex USDT交割合约信息转化错误，错误的信息源：{"event":"subscribe","channel":"futures/trade:ETH-USDT-210521"}",   "level": "ERROR",     "info": "" }
 {     "system": "Meowv.Blog",     "datetime": "2021-05-17 16:34:22,012",     "description": "Okex USDT交割合约信息转化错误，错误信息：Object reference not set to an instance of an object.",   "level": "ERROR",     "info": "" }
 {     "system": "Meowv.Blog",     "datetime": "2021-05-17 16:34:22,012",     "description": "Okex USDT交割合约信息转化错误，错误的信息源：{"event":"subscribe","channel":"futures/trade:ETH-USDT-210528"}",   "level": "ERROR",     "info": "" }
 {     "system": "Meowv.Blog",     "datetime": "2021-05-17 16:34:22,012",     "description": "Okex USDT交割合约信息转化错误，错误信息：Object reference not set to an instance of an object.",   "level": "ERROR",     "info": "" }
 {     "system": "Meowv.Blog",     "datetime": "2021-05-17 16:34:22,012",     "description": "Okex USDT交割合约信息转化错误，错误的信息源：{"event":"subscribe","channel":"futures/trade:ETH-USDT-210625"}",   "level": "ERROR",     "info": "" }
 {     "system": "Meowv.Blog",     "datetime": "2021-05-17 16:34:22,012",     "description": "Okex USDT交割合约信息转化错误，错误信息：Object reference not set to an instance of an object.",   "level": "ERROR",     "info": "" }
 {     "system": "Meowv.Blog",     "datetime": "2021-05-17 16:34:22,012",     "description": "Okex USDT交割合约信息转化错误，错误的信息源：{"event":"subscribe","channel":"futures/trade:ETH-USDT-210924"}",   "level": "ERROR",     "info": "" }
 {     "system": "Meowv.Blog",     "datetime": "2021-05-17 16:34:22,013",     "description": "Okex USDT交割合约信息转化错误，错误信息：Object reference not set to an instance of an object.",   "level": "ERROR",     "info": "" }
 {     "system": "Meowv.Blog",     "datetime": "2021-05-17 16:34:22,013",     "description": "Okex USDT交割合约信息转化错误，错误的信息源：{"event":"subscribe","channel":"futures/trade:TRX-USDT-210521"}",   "level": "ERROR",     "info": "" }
 {     "system": "Meowv.Blog",     "datetime": "2021-05-17 16:34:22,013",     "description": "Okex USDT交割合约信息转化错误，错误信息：Object reference not set to an instance of an object.",   "level": "ERROR",     "info": "" }
 {     "system": "Meowv.Blog",     "datetime": "2021-05-17 16:34:22,013",     "description": "Okex USDT交割合约信息转化错误，错误的信息源：{"event":"subscribe","channel":"futures/trade:TRX-USDT-210528"}",   "level": "ERROR",     "info": "" }
 {     "system": "Meowv.Blog",     "datetime": "2021-05-17 16:34:22,013",     "description": "Okex USDT交割合约信息转化错误，错误信息：Object reference not set to an instance of an object.",   "level": "ERROR",     "info": "" }
 {     "system": "Meowv.Blog",     "datetime": "2021-05-17 16:34:22,014",     "description": "Okex USDT交割合约信息转化错误，错误的信息源：{"event":"subscribe","channel":"futures/trade:TRX-USDT-210625"}",   "level": "ERROR",     "info": "" }
 {     "system": "Meowv.Blog",     "datetime": "2021-05-17 16:34:22,014",     "description": "Okex USDT交割合约信息转化错误，错误信息：Object reference not set to an instance of an object.",   "level": "ERROR",     "info": "" }
 {     "system": "Meowv.Blog",     "datetime": "2021-05-17 16:34:22,014",     "description": "Okex USDT交割合约信息转化错误，错误的信息源：{"event":"subscribe","channel":"futures/trade:TRX-USDT-210924"}",   "level": "ERROR",     "info": "" }
 {     "system": "Meowv.Blog",     "datetime": "2021-05-17 16:34:22,014",     "description": "Okex USDT交割合约信息转化错误，错误信息：Object reference not set to an instance of an object.",   "level": "ERROR",     "info": "" }
 {     "system": "Meowv.Blog",     "datetime": "2021-05-17 16:34:22,014",     "description": "Okex USDT交割合约信息转化错误，错误的信息源：{"event":"subscribe","channel":"futures/trade:BCH-USDT-210521"}",   "level": "ERROR",     "info": "" }
 {     "system": "Meowv.Blog",     "datetime": "2021-05-17 16:34:22,015",     "description": "Okex USDT交割合约信息转化错误，错误信息：Object reference not set to an instance of an object.",   "level": "ERROR",     "info": "" }
 {     "system": "Meowv.Blog",     "datetime": "2021-05-17 16:34:22,015",     "description": "Okex USDT交割合约信息转化错误，错误的信息源：{"event":"subscribe","channel":"futures/trade:BCH-USDT-210528"}",   "level": "ERROR",     "info": "" }
 {     "system": "Meowv.Blog",     "datetime": "2021-05-17 16:34:22,016",     "description": "Okex USDT交割合约信息转化错误，错误信息：Object reference not set to an instance of an object.",   "level": "ERROR",     "info": "" }
 {     "system": "Meowv.Blog",     "datetime": "2021-05-17 16:34:22,016",     "description": "Okex USDT交割合约信息转化错误，错误的信息源：{"event":"subscribe","channel":"futures/trade:BCH-USDT-210625"}",   "level": "ERROR",     "info": "" }
 {     "system": "Meowv.Blog",     "datetime": "2021-05-17 16:34:22,016",     "description": "Okex USDT交割合约信息转化错误，错误信息：Object reference not set to an instance of an object.",   "level": "ERROR",     "info": "" }
 {     "system": "Meowv.Blog",     "datetime": "2021-05-17 16:34:22,016",     "description": "Okex USDT交割合约信息转化错误，错误的信息源：{"event":"subscribe","channel":"futures/trade:BCH-USDT-210924"}",   "level": "ERROR",     "info": "" }
 {     "system": "Meowv.Blog",     "datetime": "2021-05-17 16:34:22,016",     "description": "Okex USDT交割合约信息转化错误，错误信息：Object reference not set to an instance of an object.",   "level": "ERROR",     "info": "" }
 {     "system": "Meowv.Blog",     "datetime": "2021-05-17 16:34:22,016",     "description": "Okex USDT交割合约信息转化错误，错误的信息源：{"event":"subscribe","channel":"futures/trade:BSV-USDT-210521"}",   "level": "ERROR",     "info": "" }
 {     "system": "Meowv.Blog",     "datetime": "2021-05-17 16:34:22,017",     "description": "Okex USDT交割合约信息转化错误，错误信息：Object reference not set to an instance of an object.",   "level": "ERROR",     "info": "" }
 {     "system": "Meowv.Blog",     "datetime": "2021-05-17 16:34:22,017",     "description": "Okex USDT交割合约信息转化错误，错误的信息源：{"event":"subscribe","channel":"futures/trade:BSV-USDT-210528"}",   "level": "ERROR",     "info": "" }
 {     "system": "Meowv.Blog",     "datetime": "2021-05-17 16:34:22,017",     "description": "Okex USDT交割合约信息转化错误，错误信息：Object reference not set to an instance of an object.",   "level": "ERROR",     "info": "" }
 {     "system": "Meowv.Blog",     "datetime": "2021-05-17 16:34:22,017",     "description": "Okex USDT交割合约信息转化错误，错误的信息源：{"event":"subscribe","channel":"futures/trade:BSV-USDT-210625"}",   "level": "ERROR",     "info": "" }
 {     "system": "Meowv.Blog",     "datetime": "2021-05-17 16:34:22,020",     "description": "Okex USDT交割合约信息转化错误，错误信息：Object reference not set to an instance of an object.",   "level": "ERROR",     "info": "" }
 {     "system": "Meowv.Blog",     "datetime": "2021-05-17 16:34:22,020",     "description": "Okex USDT交割合约信息转化错误，错误的信息源：{"event":"subscribe","channel":"futures/trade:BSV-USDT-210924"}",   "level": "ERROR",     "info": "" }
 {     "system": "Meowv.Blog",     "datetime": "2021-05-17 16:34:22,020",     "description": "Okex USDT交割合约信息转化错误，错误信息：Object reference not set to an instance of an object.",   "level": "ERROR",     "info": "" }
 {     "system": "Meowv.Blog",     "datetime": "2021-05-17 16:34:22,020",     "description": "Okex USDT交割合约信息转化错误，错误的信息源：{"event":"subscribe","channel":"futures/trade:EOS-USDT-210521"}",   "level": "ERROR",     "info": "" }
 {     "system": "Meowv.Blog",     "datetime": "2021-05-17 16:34:22,022",     "description": "Okex USDT交割合约信息转化错误，错误信息：Object reference not set to an instance of an object.",   "level": "ERROR",     "info": "" }
 {     "system": "Meowv.Blog",     "datetime": "2021-05-17 16:34:22,023",     "description": "Okex USDT交割合约信息转化错误，错误的信息源：{"event":"subscribe","channel":"futures/trade:EOS-USDT-210528"}",   "level": "ERROR",     "info": "" }
 {     "system": "Meowv.Blog",     "datetime": "2021-05-17 16:34:22,023",     "description": "Okex USDT交割合约信息转化错误，错误信息：Object reference not set to an instance of an object.",   "level": "ERROR",     "info": "" }
 {     "system": "Meowv.Blog",     "datetime": "2021-05-17 16:34:22,023",     "description": "Okex USDT交割合约信息转化错误，错误的信息源：{"event":"subscribe","channel":"futures/trade:EOS-USDT-210625"}",   "level": "ERROR",     "info": "" }
 {     "system": "Meowv.Blog",     "datetime": "2021-05-17 16:34:22,024",     "description": "Okex USDT交割合约信息转化错误，错误信息：Object reference not set to an instance of an object.",   "level": "ERROR",     "info": "" }
 {     "system": "Meowv.Blog",     "datetime": "2021-05-17 16:34:22,024",     "description": "Okex USDT交割合约信息转化错误，错误的信息源：{"event":"subscribe","channel":"futures/trade:EOS-USDT-210924"}",   "level": "ERROR",     "info": "" }
 {     "system": "Meowv.Blog",     "datetime": "2021-05-17 16:34:22,026",     "description": "Okex USDT交割合约信息转化错误，错误信息：Object reference not set to an instance of an object.",   "level": "ERROR",     "info": "" }
 {     "system": "Meowv.Blog",     "datetime": "2021-05-17 16:34:22,026",     "description": "Okex USDT交割合约信息转化错误，错误的信息源：{"event":"subscribe","channel":"futures/trade:XRP-USDT-210521"}",   "level": "ERROR",     "info": "" }
 {     "system": "Meowv.Blog",     "datetime": "2021-05-17 16:34:22,026",     "description": "Okex USDT交割合约信息转化错误，错误信息：Object reference not set to an instance of an object.",   "level": "ERROR",     "info": "" }
 {     "system": "Meowv.Blog",     "datetime": "2021-05-17 16:34:22,026",     "description": "Okex USDT交割合约信息转化错误，错误的信息源：{"event":"subscribe","channel":"futures/trade:XRP-USDT-210528"}",   "level": "ERROR",     "info": "" }
 {     "system": "Meowv.Blog",     "datetime": "2021-05-17 16:34:22,028",     "description": "Okex USDT交割合约信息转化错误，错误信息：Object reference not set to an instance of an object.",   "level": "ERROR",     "info": "" }
 {     "system": "Meowv.Blog",     "datetime": "2021-05-17 16:34:22,028",     "description": "Okex USDT交割合约信息转化错误，错误的信息源：{"event":"subscribe","channel":"futures/trade:XRP-USDT-210625"}",   "level": "ERROR",     "info": "" }
 {     "system": "Meowv.Blog",     "datetime": "2021-05-17 16:34:22,029",     "description": "Okex USDT交割合约信息转化错误，错误信息：Object reference not set to an instance of an object.",   "level": "ERROR",     "info": "" }
 {     "system": "Meowv.Blog",     "datetime": "2021-05-17 16:34:22,029",     "description": "Okex USDT交割合约信息转化错误，错误的信息源：{"event":"subscribe","channel":"futures/trade:XRP-USDT-210924"}",   "level": "ERROR",     "info": "" }
 {     "system": "Meowv.Blog",     "datetime": "2021-05-17 16:34:22,030",     "description": "Okex USDT交割合约信息转化错误，错误信息：Object reference not set to an instance of an object.",   "level": "ERROR",     "info": "" }
 {     "system": "Meowv.Blog",     "datetime": "2021-05-17 16:34:22,030",     "description": "Okex USDT交割合约信息转化错误，错误的信息源：{"event":"subscribe","channel":"futures/trade:ETC-USDT-210521"}",   "level": "ERROR",     "info": "" }
 {     "system": "Meowv.Blog",     "datetime": "2021-05-17 16:34:22,031",     "description": "Okex USDT交割合约信息转化错误，错误信息：Object reference not set to an instance of an object.",   "level": "ERROR",     "info": "" }
 {     "system": "Meowv.Blog",     "datetime": "2021-05-17 16:34:22,031",     "description": "Okex USDT交割合约信息转化错误，错误的信息源：{"event":"subscribe","channel":"futures/trade:ETC-USDT-210528"}",   "level": "ERROR",     "info": "" }
 {     "system": "Meowv.Blog",     "datetime": "2021-05-17 16:34:22,032",     "description": "Okex USDT交割合约信息转化错误，错误信息：Object reference not set to an instance of an object.",   "level": "ERROR",     "info": "" }
 {     "system": "Meowv.Blog",     "datetime": "2021-05-17 16:34:22,032",     "description": "Okex USDT交割合约信息转化错误，错误的信息源：{"event":"subscribe","channel":"futures/trade:ETC-USDT-210625"}",   "level": "ERROR",     "info": "" }
 {     "system": "Meowv.Blog",     "datetime": "2021-05-17 16:34:22,032",     "description": "Okex USDT交割合约信息转化错误，错误信息：Object reference not set to an instance of an object.",   "level": "ERROR",     "info": "" }
 {     "system": "Meowv.Blog",     "datetime": "2021-05-17 16:34:22,032",     "description": "Okex USDT交割合约信息转化错误，错误的信息源：{"event":"subscribe","channel":"futures/trade:ETC-USDT-210924"}",   "level": "ERROR",     "info": "" }
 {     "system": "Meowv.Blog",     "datetime": "2021-05-17 16:34:22,033",     "description": "Okex USDT交割合约信息转化错误，错误信息：Object reference not set to an instance of an object.",   "level": "ERROR",     "info": "" }
 {     "system": "Meowv.Blog",     "datetime": "2021-05-17 16:34:22,033",     "description": "Okex USDT交割合约信息转化错误，错误的信息源：{"event":"subscribe","channel":"futures/trade:XRP-USD-210521"}",   "level": "ERROR",     "info": "" }
 {     "system": "Meowv.Blog",     "datetime": "2021-05-17 16:34:22,033",     "description": "Okex USDT交割合约信息转化错误，错误信息：Object reference not set to an instance of an object.",   "level": "ERROR",     "info": "" }
 {     "system": "Meowv.Blog",     "datetime": "2021-05-17 16:34:22,033",     "description": "Okex USDT交割合约信息转化错误，错误的信息源：{"event":"subscribe","channel":"futures/trade:XRP-USD-210528"}",   "level": "ERROR",     "info": "" }
 {     "system": "Meowv.Blog",     "datetime": "2021-05-17 16:34:22,035",     "description": "Okex USDT交割合约信息转化错误，错误信息：Object reference not set to an instance of an object.",   "level": "ERROR",     "info": "" }
 {     "system": "Meowv.Blog",     "datetime": "2021-05-17 16:34:22,035",     "description": "Okex USDT交割合约信息转化错误，错误的信息源：{"event":"subscribe","channel":"futures/trade:XRP-USD-210625"}",   "level": "ERROR",     "info": "" }
 {     "system": "Meowv.Blog",     "datetime": "2021-05-17 16:34:22,035",     "description": "Okex USDT交割合约信息转化错误，错误信息：Object reference not set to an instance of an object.",   "level": "ERROR",     "info": "" }
 {     "system": "Meowv.Blog",     "datetime": "2021-05-17 16:34:22,035",     "description": "Okex USDT交割合约信息转化错误，错误的信息源：{"event":"subscribe","channel":"futures/trade:XRP-USD-210924"}",   "level": "ERROR",     "info": "" }
 {     "system": "Meowv.Blog",     "datetime": "2021-05-17 16:34:22,036",     "description": "Okex USDT交割合约信息转化错误，错误信息：Object reference not set to an instance of an object.",   "level": "ERROR",     "info": "" }
 {     "system": "Meowv.Blog",     "datetime": "2021-05-17 16:34:22,037",     "description": "Okex USDT交割合约信息转化错误，错误的信息源：{"event":"subscribe","channel":"futures/trade:FIL-USD-210521"}",   "level": "ERROR",     "info": "" }
 {     "system": "Meowv.Blog",     "datetime": "2021-05-17 16:34:22,037",     "description": "Okex USDT交割合约信息转化错误，错误信息：Object reference not set to an instance of an object.",   "level": "ERROR",     "info": "" }
 {     "system": "Meowv.Blog",     "datetime": "2021-05-17 16:34:22,037",     "description": "Okex USDT交割合约信息转化错误，错误的信息源：{"event":"subscribe","channel":"futures/trade:FIL-USD-210528"}",   "level": "ERROR",     "info": "" }
 {     "system": "Meowv.Blog",     "datetime": "2021-05-17 16:34:22,038",     "description": "Okex USDT交割合约信息转化错误，错误信息：Object reference not set to an instance of an object.",   "level": "ERROR",     "info": "" }
 {     "system": "Meowv.Blog",     "datetime": "2021-05-17 16:34:22,038",     "description": "Okex USDT交割合约信息转化错误，错误的信息源：{"event":"subscribe","channel":"futures/trade:FIL-USD-210625"}",   "level": "ERROR",     "info": "" }
 {     "system": "Meowv.Blog",     "datetime": "2021-05-17 16:34:22,038",     "description": "Okex USDT交割合约信息转化错误，错误信息：Object reference not set to an instance of an object.",   "level": "ERROR",     "info": "" }
 {     "system": "Meowv.Blog",     "datetime": "2021-05-17 16:34:22,038",     "description": "Okex USDT交割合约信息转化错误，错误的信息源：{"event":"subscribe","channel":"futures/trade:FIL-USD-210924"}",   "level": "ERROR",     "info": "" }
 {     "system": "Meowv.Blog",     "datetime": "2021-05-17 16:34:22,039",     "description": "Okex USDT交割合约信息转化错误，错误信息：Object reference not set to an instance of an object.",   "level": "ERROR",     "info": "" }
 {     "system": "Meowv.Blog",     "datetime": "2021-05-17 16:34:22,039",     "description": "Okex USDT交割合约信息转化错误，错误的信息源：{"event":"subscribe","channel":"futures/trade:BTC-USD-210521"}",   "level": "ERROR",     "info": "" }
 {     "system": "Meowv.Blog",     "datetime": "2021-05-17 16:34:22,039",     "description": "Okex USDT交割合约信息转化错误，错误信息：Object reference not set to an instance of an object.",   "level": "ERROR",     "info": "" }
 {     "system": "Meowv.Blog",     "datetime": "2021-05-17 16:34:22,040",     "description": "Okex USDT交割合约信息转化错误，错误的信息源：{"event":"subscribe","channel":"futures/trade:BTC-USD-210528"}",   "level": "ERROR",     "info": "" }
 {     "system": "Meowv.Blog",     "datetime": "2021-05-17 16:34:22,042",     "description": "Okex USDT交割合约信息转化错误，错误信息：Object reference not set to an instance of an object.",   "level": "ERROR",     "info": "" }
 {     "system": "Meowv.Blog",     "datetime": "2021-05-17 16:34:22,042",     "description": "Okex USDT交割合约信息转化错误，错误的信息源：{"event":"subscribe","channel":"futures/trade:BTC-USD-210625"}",   "level": "ERROR",     "info": "" }
 {     "system": "Meowv.Blog",     "datetime": "2021-05-17 16:34:22,042",     "description": "Okex USDT交割合约信息转化错误，错误信息：Object reference not set to an instance of an object.",   "level": "ERROR",     "info": "" }
 {     "system": "Meowv.Blog",     "datetime": "2021-05-17 16:34:22,042",     "description": "Okex USDT交割合约信息转化错误，错误的信息源：{"event":"subscribe","channel":"futures/trade:BTC-USD-210924"}",   "level": "ERROR",     "info": "" }
 {     "system": "Meowv.Blog",     "datetime": "2021-05-17 16:34:22,044",     "description": "Okex USDT交割合约信息转化错误，错误信息：Object reference not set to an instance of an object.",   "level": "ERROR",     "info": "" }
 {     "system": "Meowv.Blog",     "datetime": "2021-05-17 16:34:22,044",     "description": "Okex USDT交割合约信息转化错误，错误的信息源：{"event":"subscribe","channel":"futures/trade:LINK-USDT-210521"}",   "level": "ERROR",     "info": "" }
 {     "system": "Meowv.Blog",     "datetime": "2021-05-17 16:34:22,044",     "description": "Okex USDT交割合约信息转化错误，错误信息：Object reference not set to an instance of an object.",   "level": "ERROR",     "info": "" }
 {     "system": "Meowv.Blog",     "datetime": "2021-05-17 16:34:22,044",     "description": "Okex USDT交割合约信息转化错误，错误的信息源：{"event":"subscribe","channel":"futures/trade:LINK-USDT-210528"}",   "level": "ERROR",     "info": "" }
 {     "system": "Meowv.Blog",     "datetime": "2021-05-17 16:34:22,046",     "description": "Okex USDT交割合约信息转化错误，错误信息：Object reference not set to an instance of an object.",   "level": "ERROR",     "info": "" }
 {     "system": "Meowv.Blog",     "datetime": "2021-05-17 16:34:22,046",     "description": "Okex USDT交割合约信息转化错误，错误的信息源：{"event":"subscribe","channel":"futures/trade:LINK-USDT-210625"}",   "level": "ERROR",     "info": "" }
 {     "system": "Meowv.Blog",     "datetime": "2021-05-17 16:34:22,046",     "description": "Okex USDT交割合约信息转化错误，错误信息：Object reference not set to an instance of an object.",   "level": "ERROR",     "info": "" }
 {     "system": "Meowv.Blog",     "datetime": "2021-05-17 16:34:22,046",     "description": "Okex USDT交割合约信息转化错误，错误的信息源：{"event":"subscribe","channel":"futures/trade:LINK-USDT-210924"}",   "level": "ERROR",     "info": "" }
 {     "system": "Meowv.Blog",     "datetime": "2021-05-17 16:34:22,047",     "description": "Okex USDT交割合约信息转化错误，错误信息：Object reference not set to an instance of an object.",   "level": "ERROR",     "info": "" }
 {     "system": "Meowv.Blog",     "datetime": "2021-05-17 16:34:22,047",     "description": "Okex USDT交割合约信息转化错误，错误的信息源：{"event":"subscribe","channel":"futures/trade:LTC-USD-210521"}",   "level": "ERROR",     "info": "" }
 {     "system": "Meowv.Blog",     "datetime": "2021-05-17 16:34:22,047",     "description": "Okex USDT交割合约信息转化错误，错误信息：Object reference not set to an instance of an object.",   "level": "ERROR",     "info": "" }
 {     "system": "Meowv.Blog",     "datetime": "2021-05-17 16:34:22,047",     "description": "Okex USDT交割合约信息转化错误，错误的信息源：{"event":"subscribe","channel":"futures/trade:LTC-USD-210528"}",   "level": "ERROR",     "info": "" }
 {     "system": "Meowv.Blog",     "datetime": "2021-05-17 16:34:22,047",     "description": "Okex USDT交割合约信息转化错误，错误信息：Object reference not set to an instance of an object.",   "level": "ERROR",     "info": "" }
 {     "system": "Meowv.Blog",     "datetime": "2021-05-17 16:34:22,048",     "description": "Okex USDT交割合约信息转化错误，错误的信息源：{"event":"subscribe","channel":"futures/trade:LTC-USD-210625"}",   "level": "ERROR",     "info": "" }
 {     "system": "Meowv.Blog",     "datetime": "2021-05-17 16:34:22,048",     "description": "Okex USDT交割合约信息转化错误，错误信息：Object reference not set to an instance of an object.",   "level": "ERROR",     "info": "" }
 {     "system": "Meowv.Blog",     "datetime": "2021-05-17 16:34:22,048",     "description": "Okex USDT交割合约信息转化错误，错误的信息源：{"event":"subscribe","channel":"futures/trade:LTC-USD-210924"}",   "level": "ERROR",     "info": "" }
 {     "system": "Meowv.Blog",     "datetime": "2021-05-17 16:34:22,048",     "description": "Okex USDT交割合约信息转化错误，错误信息：Object reference not set to an instance of an object.",   "level": "ERROR",     "info": "" }
 {     "system": "Meowv.Blog",     "datetime": "2021-05-17 16:34:22,048",     "description": "Okex USDT交割合约信息转化错误，错误的信息源：{"event":"subscribe","channel":"futures/trade:DOT-USDT-210521"}",   "level": "ERROR",     "info": "" }
 {     "system": "Meowv.Blog",     "datetime": "2021-05-17 16:34:22,049",     "description": "Okex USDT交割合约信息转化错误，错误信息：Object reference not set to an instance of an object.",   "level": "ERROR",     "info": "" }
 {     "system": "Meowv.Blog",     "datetime": "2021-05-17 16:34:22,049",     "description": "Okex USDT交割合约信息转化错误，错误的信息源：{"event":"subscribe","channel":"futures/trade:DOT-USDT-210528"}",   "level": "ERROR",     "info": "" }
 {     "system": "Meowv.Blog",     "datetime": "2021-05-17 16:34:22,050",     "description": "Okex USDT交割合约信息转化错误，错误信息：Object reference not set to an instance of an object.",   "level": "ERROR",     "info": "" }
 {     "system": "Meowv.Blog",     "datetime": "2021-05-17 16:34:22,050",     "description": "Okex USDT交割合约信息转化错误，错误的信息源：{"event":"subscribe","channel":"futures/trade:DOT-USDT-210625"}",   "level": "ERROR",     "info": "" }
 {     "system": "Meowv.Blog",     "datetime": "2021-05-17 16:34:22,050",     "description": "Okex USDT交割合约信息转化错误，错误信息：Object reference not set to an instance of an object.",   "level": "ERROR",     "info": "" }
 {     "system": "Meowv.Blog",     "datetime": "2021-05-17 16:34:22,050",     "description": "Okex USDT交割合约信息转化错误，错误的信息源：{"event":"subscribe","channel":"futures/trade:DOT-USDT-210924"}",   "level": "ERROR",     "info": "" }
 {     "system": "Meowv.Blog",     "datetime": "2021-05-17 16:34:22,051",     "description": "Okex USDT交割合约信息转化错误，错误信息：Object reference not set to an instance of an object.",   "level": "ERROR",     "info": "" }
 {     "system": "Meowv.Blog",     "datetime": "2021-05-17 16:34:22,051",     "description": "Okex USDT交割合约信息转化错误，错误的信息源：{"event":"subscribe","channel":"futures/trade:ETH-USD-210521"}",   "level": "ERROR",     "info": "" }
 {     "system": "Meowv.Blog",     "datetime": "2021-05-17 16:34:22,053",     "description": "Okex USDT交割合约信息转化错误，错误信息：Object reference not set to an instance of an object.",   "level": "ERROR",     "info": "" }
 {     "system": "Meowv.Blog",     "datetime": "2021-05-17 16:34:22,054",     "description": "Okex USDT交割合约信息转化错误，错误的信息源：{"event":"subscribe","channel":"futures/trade:ETH-USD-210528"}",   "level": "ERROR",     "info": "" }
 {     "system": "Meowv.Blog",     "datetime": "2021-05-17 16:34:22,055",     "description": "Okex USDT交割合约信息转化错误，错误信息：Object reference not set to an instance of an object.",   "level": "ERROR",     "info": "" }
 {     "system": "Meowv.Blog",     "datetime": "2021-05-17 16:34:22,055",     "description": "Okex USDT交割合约信息转化错误，错误的信息源：{"event":"subscribe","channel":"futures/trade:ETH-USD-210625"}",   "level": "ERROR",     "info": "" }
 {     "system": "Meowv.Blog",     "datetime": "2021-05-17 16:34:22,057",     "description": "Okex USDT交割合约信息转化错误，错误信息：Object reference not set to an instance of an object.",   "level": "ERROR",     "info": "" }
 {     "system": "Meowv.Blog",     "datetime": "2021-05-17 16:34:22,057",     "description": "Okex USDT交割合约信息转化错误，错误的信息源：{"event":"subscribe","channel":"futures/trade:ETH-USD-210924"}",   "level": "ERROR",     "info": "" }
 {     "system": "Meowv.Blog",     "datetime": "2021-05-17 16:34:22,058",     "description": "Okex USDT交割合约信息转化错误，错误信息：Object reference not set to an instance of an object.",   "level": "ERROR",     "info": "" }
 {     "system": "Meowv.Blog",     "datetime": "2021-05-17 16:34:22,058",     "description": "Okex USDT交割合约信息转化错误，错误的信息源：{"event":"subscribe","channel":"futures/trade:FIL-USDT-210521"}",   "level": "ERROR",     "info": "" }
 {     "system": "Meowv.Blog",     "datetime": "2021-05-17 16:34:22,059",     "description": "Okex USDT交割合约信息转化错误，错误信息：Object reference not set to an instance of an object.",   "level": "ERROR",     "info": "" }
 {     "system": "Meowv.Blog",     "datetime": "2021-05-17 16:34:22,059",     "description": "Okex USDT交割合约信息转化错误，错误的信息源：{"event":"subscribe","channel":"futures/trade:FIL-USDT-210528"}",   "level": "ERROR",     "info": "" }
 {     "system": "Meowv.Blog",     "datetime": "2021-05-17 16:34:22,060",     "description": "Okex USDT交割合约信息转化错误，错误信息：Object reference not set to an instance of an object.",   "level": "ERROR",     "info": "" }
 {     "system": "Meowv.Blog",     "datetime": "2021-05-17 16:34:22,060",     "description": "Okex USDT交割合约信息转化错误，错误的信息源：{"event":"subscribe","channel":"futures/trade:FIL-USDT-210625"}",   "level": "ERROR",     "info": "" }
 {     "system": "Meowv.Blog",     "datetime": "2021-05-17 16:34:22,060",     "description": "Okex USDT交割合约信息转化错误，错误信息：Object reference not set to an instance of an object.",   "level": "ERROR",     "info": "" }
 {     "system": "Meowv.Blog",     "datetime": "2021-05-17 16:34:22,060",     "description": "Okex USDT交割合约信息转化错误，错误的信息源：{"event":"subscribe","channel":"futures/trade:FIL-USDT-210924"}",   "level": "ERROR",     "info": "" }
 {     "system": "Meowv.Blog",     "datetime": "2021-05-17 16:34:22,061",     "description": "Okex USDT交割合约信息转化错误，错误信息：Object reference not set to an instance of an object.",   "level": "ERROR",     "info": "" }
 {     "system": "Meowv.Blog",     "datetime": "2021-05-17 16:34:22,061",     "description": "Okex USDT交割合约信息转化错误，错误的信息源：{"event":"subscribe","channel":"futures/trade:ADA-USDT-210521"}",   "level": "ERROR",     "info": "" }
 {     "system": "Meowv.Blog",     "datetime": "2021-05-17 16:34:22,061",     "description": "Okex USDT交割合约信息转化错误，错误信息：Object reference not set to an instance of an object.",   "level": "ERROR",     "info": "" }
 {     "system": "Meowv.Blog",     "datetime": "2021-05-17 16:34:22,061",     "description": "Okex USDT交割合约信息转化错误，错误的信息源：{"event":"subscribe","channel":"futures/trade:ADA-USDT-210528"}",   "level": "ERROR",     "info": "" }
 {     "system": "Meowv.Blog",     "datetime": "2021-05-17 16:34:22,063",     "description": "Okex USDT交割合约信息转化错误，错误信息：Object reference not set to an instance of an object.",   "level": "ERROR",     "info": "" }
 {     "system": "Meowv.Blog",     "datetime": "2021-05-17 16:34:22,063",     "description": "Okex USDT交割合约信息转化错误，错误的信息源：{"event":"subscribe","channel":"futures/trade:ADA-USDT-210625"}",   "level": "ERROR",     "info": "" }
 {     "system": "Meowv.Blog",     "datetime": "2021-05-17 16:34:22,065",     "description": "Okex USDT交割合约信息转化错误，错误信息：Object reference not set to an instance of an object.",   "level": "ERROR",     "info": "" }
 {     "system": "Meowv.Blog",     "datetime": "2021-05-17 16:34:22,065",     "description": "Okex USDT交割合约信息转化错误，错误的信息源：{"event":"subscribe","channel":"futures/trade:ADA-USDT-210924"}",   "level": "ERROR",     "info": "" }
 {     "system": "Meowv.Blog",     "datetime": "2021-05-17 16:34:22,065",     "description": "Okex USDT交割合约信息转化错误，错误信息：Object reference not set to an instance of an object.",   "level": "ERROR",     "info": "" }
 {     "system": "Meowv.Blog",     "datetime": "2021-05-17 16:34:22,065",     "description": "Okex USDT交割合约信息转化错误，错误的信息源：{"event":"subscribe","channel":"futures/trade:BCH-USD-210521"}",   "level": "ERROR",     "info": "" }
 {     "system": "Meowv.Blog",     "datetime": "2021-05-17 16:34:22,067",     "description": "Okex USDT交割合约信息转化错误，错误信息：Object reference not set to an instance of an object.",   "level": "ERROR",     "info": "" }
 {     "system": "Meowv.Blog",     "datetime": "2021-05-17 16:34:22,067",     "description": "Okex USDT交割合约信息转化错误，错误的信息源：{"event":"subscribe","channel":"futures/trade:BCH-USD-210528"}",   "level": "ERROR",     "info": "" }
 {     "system": "Meowv.Blog",     "datetime": "2021-05-17 16:34:22,068",     "description": "Okex USDT交割合约信息转化错误，错误信息：Object reference not set to an instance of an object.",   "level": "ERROR",     "info": "" }
 {     "system": "Meowv.Blog",     "datetime": "2021-05-17 16:34:22,068",     "description": "Okex USDT交割合约信息转化错误，错误的信息源：{"event":"subscribe","channel":"futures/trade:BCH-USD-210625"}",   "level": "ERROR",     "info": "" }
 {     "system": "Meowv.Blog",     "datetime": "2021-05-17 16:34:22,069",     "description": "Okex USDT交割合约信息转化错误，错误信息：Object reference not set to an instance of an object.",   "level": "ERROR",     "info": "" }
 {     "system": "Meowv.Blog",     "datetime": "2021-05-17 16:34:22,070",     "description": "Okex USDT交割合约信息转化错误，错误的信息源：{"event":"subscribe","channel":"futures/trade:BCH-USD-210924"}",   "level": "ERROR",     "info": "" }
 {     "system": "Meowv.Blog",     "datetime": "2021-05-17 16:34:22,071",     "description": "Okex USDT交割合约信息转化错误，错误信息：Object reference not set to an instance of an object.",   "level": "ERROR",     "info": "" }
 {     "system": "Meowv.Blog",     "datetime": "2021-05-17 16:34:22,071",     "description": "Okex USDT交割合约信息转化错误，错误的信息源：{"event":"subscribe","channel":"futures/trade:ETC-USD-210521"}",   "level": "ERROR",     "info": "" }
 {     "system": "Meowv.Blog",     "datetime": "2021-05-17 16:34:22,072",     "description": "Okex USDT交割合约信息转化错误，错误信息：Object reference not set to an instance of an object.",   "level": "ERROR",     "info": "" }
 {     "system": "Meowv.Blog",     "datetime": "2021-05-17 16:34:22,073",     "description": "Okex USDT交割合约信息转化错误，错误的信息源：{"event":"subscribe","channel":"futures/trade:ETC-USD-210528"}",   "level": "ERROR",     "info": "" }
 {     "system": "Meowv.Blog",     "datetime": "2021-05-17 16:34:22,074",     "description": "Okex USDT交割合约信息转化错误，错误信息：Object reference not set to an instance of an object.",   "level": "ERROR",     "info": "" }
 {     "system": "Meowv.Blog",     "datetime": "2021-05-17 16:34:22,074",     "description": "Okex USDT交割合约信息转化错误，错误的信息源：{"event":"subscribe","channel":"futures/trade:ETC-USD-210625"}",   "level": "ERROR",     "info": "" }
 {     "system": "Meowv.Blog",     "datetime": "2021-05-17 16:34:22,075",     "description": "Okex USDT交割合约信息转化错误，错误信息：Object reference not set to an instance of an object.",   "level": "ERROR",     "info": "" }
 {     "system": "Meowv.Blog",     "datetime": "2021-05-17 16:34:22,075",     "description": "Okex USDT交割合约信息转化错误，错误的信息源：{"event":"subscribe","channel":"futures/trade:ETC-USD-210924"}",   "level": "ERROR",     "info": "" }
 {     "system": "Meowv.Blog",     "datetime": "2021-05-17 16:34:22,077",     "description": "Okex USDT交割合约信息转化错误，错误信息：Object reference not set to an instance of an object.",   "level": "ERROR",     "info": "" }
 {     "system": "Meowv.Blog",     "datetime": "2021-05-17 16:34:22,077",     "description": "Okex USDT交割合约信息转化错误，错误的信息源：{"event":"subscribe","channel":"futures/trade:BSV-USD-210521"}",   "level": "ERROR",     "info": "" }
 {     "system": "Meowv.Blog",     "datetime": "2021-05-17 16:34:22,078",     "description": "Okex USDT交割合约信息转化错误，错误信息：Object reference not set to an instance of an object.",   "level": "ERROR",     "info": "" }
 {     "system": "Meowv.Blog",     "datetime": "2021-05-17 16:34:22,078",     "description": "Okex USDT交割合约信息转化错误，错误的信息源：{"event":"subscribe","channel":"futures/trade:BSV-USD-210528"}",   "level": "ERROR",     "info": "" }
 {     "system": "Meowv.Blog",     "datetime": "2021-05-17 16:34:22,080",     "description": "Okex USDT交割合约信息转化错误，错误信息：Object reference not set to an instance of an object.",   "level": "ERROR",     "info": "" }
 {     "system": "Meowv.Blog",     "datetime": "2021-05-17 16:34:22,080",     "description": "Okex USDT交割合约信息转化错误，错误的信息源：{"event":"subscribe","channel":"futures/trade:BSV-USD-210625"}",   "level": "ERROR",     "info": "" }
 {     "system": "Meowv.Blog",     "datetime": "2021-05-17 16:34:22,080",     "description": "Okex USDT交割合约信息转化错误，错误信息：Object reference not set to an instance of an object.",   "level": "ERROR",     "info": "" }
 {     "system": "Meowv.Blog",     "datetime": "2021-05-17 16:34:22,080",     "description": "Okex USDT交割合约信息转化错误，错误的信息源：{"event":"subscribe","channel":"futures/trade:BSV-USD-210924"}",   "level": "ERROR",     "info": "" }
 {     "system": "Meowv.Blog",     "datetime": "2021-05-17 16:34:22,081",     "description": "Okex USDT交割合约信息转化错误，错误信息：Object reference not set to an instance of an object.",   "level": "ERROR",     "info": "" }
 {     "system": "Meowv.Blog",     "datetime": "2021-05-17 16:34:22,081",     "description": "Okex USDT交割合约信息转化错误，错误的信息源：{"event":"subscribe","channel":"futures/trade:DOT-USD-210521"}",   "level": "ERROR",     "info": "" }
 {     "system": "Meowv.Blog",     "datetime": "2021-05-17 16:34:22,083",     "description": "Okex USDT交割合约信息转化错误，错误信息：Object reference not set to an instance of an object.",   "level": "ERROR",     "info": "" }
 {     "system": "Meowv.Blog",     "datetime": "2021-05-17 16:34:22,083",     "description": "Okex USDT交割合约信息转化错误，错误的信息源：{"event":"subscribe","channel":"futures/trade:DOT-USD-210528"}",   "level": "ERROR",     "info": "" }
 {     "system": "Meowv.Blog",     "datetime": "2021-05-17 16:34:22,085",     "description": "Okex USDT交割合约信息转化错误，错误信息：Object reference not set to an instance of an object.",   "level": "ERROR",     "info": "" }
 {     "system": "Meowv.Blog",     "datetime": "2021-05-17 16:34:22,085",     "description": "Okex USDT交割合约信息转化错误，错误的信息源：{"event":"subscribe","channel":"futures/trade:DOT-USD-210625"}",   "level": "ERROR",     "info": "" }
 {     "system": "Meowv.Blog",     "datetime": "2021-05-17 16:34:22,087",     "description": "Okex USDT交割合约信息转化错误，错误信息：Object reference not set to an instance of an object.",   "level": "ERROR",     "info": "" }
 {     "system": "Meowv.Blog",     "datetime": "2021-05-17 16:34:22,087",     "description": "Okex USDT交割合约信息转化错误，错误的信息源：{"event":"subscribe","channel":"futures/trade:DOT-USD-210924"}",   "level": "ERROR",     "info": "" }
 {     "system": "Meowv.Blog",     "datetime": "2021-05-17 16:34:22,087",     "description": "Okex USDT交割合约信息转化错误，错误信息：Object reference not set to an instance of an object.",   "level": "ERROR",     "info": "" }
 {     "system": "Meowv.Blog",     "datetime": "2021-05-17 16:34:22,088",     "description": "Okex USDT交割合约信息转化错误，错误的信息源：{"event":"subscribe","channel":"futures/trade:TRX-USD-210521"}",   "level": "ERROR",     "info": "" }
 {     "system": "Meowv.Blog",     "datetime": "2021-05-17 16:34:22,088",     "description": "Okex USDT交割合约信息转化错误，错误信息：Object reference not set to an instance of an object.",   "level": "ERROR",     "info": "" }
 {     "system": "Meowv.Blog",     "datetime": "2021-05-17 16:34:22,088",     "description": "Okex USDT交割合约信息转化错误，错误的信息源：{"event":"subscribe","channel":"futures/trade:TRX-USD-210528"}",   "level": "ERROR",     "info": "" }
 {     "system": "Meowv.Blog",     "datetime": "2021-05-17 16:34:22,089",     "description": "Okex USDT交割合约信息转化错误，错误信息：Object reference not set to an instance of an object.",   "level": "ERROR",     "info": "" }
 {     "system": "Meowv.Blog",     "datetime": "2021-05-17 16:34:22,089",     "description": "Okex USDT交割合约信息转化错误，错误的信息源：{"event":"subscribe","channel":"futures/trade:TRX-USD-210625"}",   "level": "ERROR",     "info": "" }
 {     "system": "Meowv.Blog",     "datetime": "2021-05-17 16:34:22,090",     "description": "Okex USDT交割合约信息转化错误，错误信息：Object reference not set to an instance of an object.",   "level": "ERROR",     "info": "" }
 {     "system": "Meowv.Blog",     "datetime": "2021-05-17 16:34:22,090",     "description": "Okex USDT交割合约信息转化错误，错误的信息源：{"event":"subscribe","channel":"futures/trade:TRX-USD-210924"}",   "level": "ERROR",     "info": "" }
 {     "system": "Meowv.Blog",     "datetime": "2021-05-17 16:34:22,091",     "description": "Okex USDT交割合约信息转化错误，错误信息：Object reference not set to an instance of an object.",   "level": "ERROR",     "info": "" }
 {     "system": "Meowv.Blog",     "datetime": "2021-05-17 16:34:22,091",     "description": "Okex USDT交割合约信息转化错误，错误的信息源：{"event":"subscribe","channel":"futures/trade:EOS-USD-210521"}",   "level": "ERROR",     "info": "" }
 {     "system": "Meowv.Blog",     "datetime": "2021-05-17 16:34:22,092",     "description": "Okex USDT交割合约信息转化错误，错误信息：Object reference not set to an instance of an object.",   "level": "ERROR",     "info": "" }
 {     "system": "Meowv.Blog",     "datetime": "2021-05-17 16:34:22,092",     "description": "Okex USDT交割合约信息转化错误，错误的信息源：{"event":"subscribe","channel":"futures/trade:EOS-USD-210528"}",   "level": "ERROR",     "info": "" }
 {     "system": "Meowv.Blog",     "datetime": "2021-05-17 16:34:22,093",     "description": "Okex USDT交割合约信息转化错误，错误信息：Object reference not set to an instance of an object.",   "level": "ERROR",     "info": "" }
 {     "system": "Meowv.Blog",     "datetime": "2021-05-17 16:34:22,094",     "description": "Okex USDT交割合约信息转化错误，错误的信息源：{"event":"subscribe","channel":"futures/trade:EOS-USD-210625"}",   "level": "ERROR",     "info": "" }
 {     "system": "Meowv.Blog",     "datetime": "2021-05-17 16:34:22,095",     "description": "Okex USDT交割合约信息转化错误，错误信息：Object reference not set to an instance of an object.",   "level": "ERROR",     "info": "" }
 {     "system": "Meowv.Blog",     "datetime": "2021-05-17 16:34:22,095",     "description": "Okex USDT交割合约信息转化错误，错误的信息源：{"event":"subscribe","channel":"futures/trade:EOS-USD-210924"}",   "level": "ERROR",     "info": "" }