
 {     "system": "Meowv.Blog",     "datetime": "2021-04-17 11:07:49,251",     "description": "获取hash redis失败,失败的keyLQTimeStampokex_delivery_liquidation_orders_BTC-USD-210423失败原因:Index was outside the bounds of the array.",   "level": "ERROR",     "info": "" }
 {     "system": "Meowv.Blog",     "datetime": "2021-04-17 11:07:49,404",     "description": "binance U本位 WebSocket_Opened",   "level": "ERROR",     "info": "" }
 {     "system": "Meowv.Blog",     "datetime": "2021-04-17 11:07:49,470",     "description": "binance 币本位 WebSocket_Opened",   "level": "ERROR",     "info": "" }
 {     "system": "Meowv.Blog",     "datetime": "2021-04-17 11:07:49,655",     "description": "获取hash redis失败,失败的keyLQTimeStampokex_delivery_liquidation_orders_BTC-USD-210430失败原因:Index was outside the bounds of the array.",   "level": "ERROR",     "info": "" }
 {     "system": "Meowv.Blog",     "datetime": "2021-04-17 11:07:52,143",     "description": "获取hash redis失败,失败的keyLQTimeStampokex_delivery_liquidation_orders_ETH-USD-210423失败原因:Index was outside the bounds of the array.",   "level": "ERROR",     "info": "" }
 {     "system": "Meowv.Blog",     "datetime": "2021-04-17 11:07:52,338",     "description": "获取hash redis失败,失败的keyLQTimeStampokex_delivery_liquidation_orders_ETH-USD-210430失败原因:Index was outside the bounds of the array.",   "level": "ERROR",     "info": "" }
 {     "system": "Meowv.Blog",     "datetime": "2021-04-17 11:07:53,869",     "description": "获取hash redis失败,失败的keyLQTimeStampokex_delivery_liquidation_orders_LTC-USD-210423失败原因:Index was outside the bounds of the array.",   "level": "ERROR",     "info": "" }
 {     "system": "Meowv.Blog",     "datetime": "2021-04-17 11:07:53,979",     "description": "获取hash redis失败,失败的keyLQTimeStampokex_delivery_liquidation_orders_LTC-USD-210430失败原因:Index was outside the bounds of the array.",   "level": "ERROR",     "info": "" }
 {     "system": "Meowv.Blog",     "datetime": "2021-04-17 11:07:54,859",     "description": "获取hash redis失败,失败的keyLQTimeStampokex_delivery_liquidation_orders_DOT-USD-210423失败原因:Index was outside the bounds of the array.",   "level": "ERROR",     "info": "" }
 {     "system": "Meowv.Blog",     "datetime": "2021-04-17 11:07:55,477",     "description": "获取hash redis失败,失败的keyLQTimeStampokex_delivery_liquidation_orders_DOT-USD-210430失败原因:Index was outside the bounds of the array.",   "level": "ERROR",     "info": "" }
 {     "system": "Meowv.Blog",     "datetime": "2021-04-17 11:07:55,879",     "description": "获取hash redis失败,失败的keyLQTimeStampokex_delivery_liquidation_orders_FIL-USD-210423失败原因:Index was outside the bounds of the array.",   "level": "ERROR",     "info": "" }
 {     "system": "Meowv.Blog",     "datetime": "2021-04-17 11:07:56,013",     "description": "获取hash redis失败,失败的keyLQTimeStampokex_delivery_liquidation_orders_FIL-USD-210430失败原因:Index was outside the bounds of the array.",   "level": "ERROR",     "info": "" }
 {     "system": "Meowv.Blog",     "datetime": "2021-04-17 11:07:56,145",     "description": "获取hash redis失败,失败的keyLQTimeStampokex_delivery_liquidation_orders_FIL-USD-210625失败原因:Index was outside the bounds of the array.",   "level": "ERROR",     "info": "" }
 {     "system": "Meowv.Blog",     "datetime": "2021-04-17 11:07:56,256",     "description": "获取hash redis失败,失败的keyLQTimeStampokex_delivery_liquidation_orders_FIL-USD-210924失败原因:Index was outside the bounds of the array.",   "level": "ERROR",     "info": "" }
 {     "system": "Meowv.Blog",     "datetime": "2021-04-17 11:07:56,409",     "description": "获取hash redis失败,失败的keyLQTimeStampokex_delivery_liquidation_orders_XRP-USD-210423失败原因:Index was outside the bounds of the array.",   "level": "ERROR",     "info": "" }
 {     "system": "Meowv.Blog",     "datetime": "2021-04-17 11:07:56,568",     "description": "获取hash redis失败,失败的keyLQTimeStampokex_delivery_liquidation_orders_XRP-USD-210430失败原因:Index was outside the bounds of the array.",   "level": "ERROR",     "info": "" }
 {     "system": "Meowv.Blog",     "datetime": "2021-04-17 11:07:58,196",     "description": "获取hash redis失败,失败的keyLQTimeStampokex_delivery_liquidation_orders_TRX-USD-210423失败原因:Index was outside the bounds of the array.",   "level": "ERROR",     "info": "" }
 {     "system": "Meowv.Blog",     "datetime": "2021-04-17 11:07:58,334",     "description": "获取hash redis失败,失败的keyLQTimeStampokex_delivery_liquidation_orders_TRX-USD-210430失败原因:Index was outside the bounds of the array.",   "level": "ERROR",     "info": "" }
 {     "system": "Meowv.Blog",     "datetime": "2021-04-17 11:07:59,173",     "description": "获取hash redis失败,失败的keyLQTimeStampokex_delivery_liquidation_orders_ADA-USD-210423失败原因:Index was outside the bounds of the array.",   "level": "ERROR",     "info": "" }
 {     "system": "Meowv.Blog",     "datetime": "2021-04-17 11:07:59,284",     "description": "获取hash redis失败,失败的keyLQTimeStampokex_delivery_liquidation_orders_ADA-USD-210430失败原因:Index was outside the bounds of the array.",   "level": "ERROR",     "info": "" }
 {     "system": "Meowv.Blog",     "datetime": "2021-04-17 11:07:59,803",     "description": "获取hash redis失败,失败的keyLQTimeStampokex_delivery_liquidation_orders_ADA-USD-210625失败原因:Index was outside the bounds of the array.",   "level": "ERROR",     "info": "" }
 {     "system": "Meowv.Blog",     "datetime": "2021-04-17 11:07:59,938",     "description": "获取hash redis失败,失败的keyLQTimeStampokex_delivery_liquidation_orders_ADA-USD-210924失败原因:Index was outside the bounds of the array.",   "level": "ERROR",     "info": "" }
 {     "system": "Meowv.Blog",     "datetime": "2021-04-17 11:08:00,058",     "description": "获取hash redis失败,失败的keyLQTimeStampokex_delivery_liquidation_orders_LINK-USD-210423失败原因:Index was outside the bounds of the array.",   "level": "ERROR",     "info": "" }
 {     "system": "Meowv.Blog",     "datetime": "2021-04-17 11:08:00,161",     "description": "获取hash redis失败,失败的keyLQTimeStampokex_delivery_liquidation_orders_LINK-USD-210430失败原因:Index was outside the bounds of the array.",   "level": "ERROR",     "info": "" }
 {     "system": "Meowv.Blog",     "datetime": "2021-04-17 11:08:00,464",     "description": "获取hash redis失败,失败的keyLQTimeStampokex_delivery_liquidation_orders_LINK-USD-210924失败原因:Index was outside the bounds of the array.",   "level": "ERROR",     "info": "" }
 {     "system": "Meowv.Blog",     "datetime": "2021-04-17 11:08:00,599",     "description": "获取hash redis失败,失败的keyLQTimeStampokex_delivery_liquidation_orders_BCH-USD-210423失败原因:Index was outside the bounds of the array.",   "level": "ERROR",     "info": "" }
 {     "system": "Meowv.Blog",     "datetime": "2021-04-17 11:08:00,732",     "description": "获取hash redis失败,失败的keyLQTimeStampokex_delivery_liquidation_orders_BCH-USD-210430失败原因:Index was outside the bounds of the array.",   "level": "ERROR",     "info": "" }
 {     "system": "Meowv.Blog",     "datetime": "2021-04-17 11:08:01,919",     "description": "获取hash redis失败,失败的keyLQTimeStampokex_delivery_liquidation_orders_BSV-USD-210423失败原因:Index was outside the bounds of the array.",   "level": "ERROR",     "info": "" }
 {     "system": "Meowv.Blog",     "datetime": "2021-04-17 11:08:02,063",     "description": "获取hash redis失败,失败的keyLQTimeStampokex_delivery_liquidation_orders_BSV-USD-210430失败原因:Index was outside the bounds of the array.",   "level": "ERROR",     "info": "" }
 {     "system": "Meowv.Blog",     "datetime": "2021-04-17 11:08:03,333",     "description": "获取hash redis失败,失败的keyLQTimeStampokex_delivery_liquidation_orders_EOS-USD-210423失败原因:Index was outside the bounds of the array.",   "level": "ERROR",     "info": "" }
 {     "system": "Meowv.Blog",     "datetime": "2021-04-17 11:08:03,454",     "description": "获取hash redis失败,失败的keyLQTimeStampokex_delivery_liquidation_orders_EOS-USD-210430失败原因:Index was outside the bounds of the array.",   "level": "ERROR",     "info": "" }
 {     "system": "Meowv.Blog",     "datetime": "2021-04-17 11:08:05,300",     "description": "获取hash redis失败,失败的keyLQTimeStampokex_delivery_liquidation_orders_ETC-USD-210423失败原因:Index was outside the bounds of the array.",   "level": "ERROR",     "info": "" }
 {     "system": "Meowv.Blog",     "datetime": "2021-04-17 11:08:05,435",     "description": "获取hash redis失败,失败的keyLQTimeStampokex_delivery_liquidation_orders_ETC-USD-210430失败原因:Index was outside the bounds of the array.",   "level": "ERROR",     "info": "" }
 {     "system": "Meowv.Blog",     "datetime": "2021-04-17 11:08:06,162",     "description": "获取hash redis失败,失败的keyLQTimeStampokex_delivery_liquidation_orders_BTC-USDT-210423失败原因:Index was outside the bounds of the array.",   "level": "ERROR",     "info": "" }
 {     "system": "Meowv.Blog",     "datetime": "2021-04-17 11:08:06,349",     "description": "获取hash redis失败,失败的keyLQTimeStampokex_delivery_liquidation_orders_BTC-USDT-210430失败原因:Index was outside the bounds of the array.",   "level": "ERROR",     "info": "" }
 {     "system": "Meowv.Blog",     "datetime": "2021-04-17 11:08:07,837",     "description": "获取hash redis失败,失败的keyLQTimeStampokex_delivery_liquidation_orders_ETH-USDT-210423失败原因:Index was outside the bounds of the array.",   "level": "ERROR",     "info": "" }
 {     "system": "Meowv.Blog",     "datetime": "2021-04-17 11:08:07,850",     "description": "获取hash redis失败,失败的keyLQTimeStampokex_usdtswap_liquidation_orders_1INCH-USD-SWAP失败原因:Index was outside the bounds of the array.",   "level": "ERROR",     "info": "" }
 {     "system": "Meowv.Blog",     "datetime": "2021-04-17 11:08:07,982",     "description": "获取hash redis失败,失败的keyLQTimeStampokex_delivery_liquidation_orders_ETH-USDT-210430失败原因:Index was outside the bounds of the array.",   "level": "ERROR",     "info": "" }
 {     "system": "Meowv.Blog",     "datetime": "2021-04-17 11:08:08,826",     "description": "获取hash redis失败,失败的keyLQTimeStampokex_usdtswap_liquidation_orders_BTT-USD-SWAP失败原因:Index was outside the bounds of the array.",   "level": "ERROR",     "info": "" }
 {     "system": "Meowv.Blog",     "datetime": "2021-04-17 11:08:08,829",     "description": "获取hash redis失败,失败的keyLQTimeStampokex_delivery_liquidation_orders_LTC-USDT-210423失败原因:Index was outside the bounds of the array.",   "level": "ERROR",     "info": "" }
 {     "system": "Meowv.Blog",     "datetime": "2021-04-17 11:08:08,957",     "description": "获取hash redis失败,失败的keyLQTimeStampokex_delivery_liquidation_orders_LTC-USDT-210430失败原因:Index was outside the bounds of the array.",   "level": "ERROR",     "info": "" }
 {     "system": "Meowv.Blog",     "datetime": "2021-04-17 11:08:09,702",     "description": "获取hash redis失败,失败的keyLQTimeStampokex_delivery_liquidation_orders_DOT-USDT-210423失败原因:Index was outside the bounds of the array.",   "level": "ERROR",     "info": "" }
 {     "system": "Meowv.Blog",     "datetime": "2021-04-17 11:08:09,828",     "description": "获取hash redis失败,失败的keyLQTimeStampokex_delivery_liquidation_orders_DOT-USDT-210430失败原因:Index was outside the bounds of the array.",   "level": "ERROR",     "info": "" }
 {     "system": "Meowv.Blog",     "datetime": "2021-04-17 11:08:10,659",     "description": "获取hash redis失败,失败的keyLQTimeStampokex_delivery_liquidation_orders_FIL-USDT-210423失败原因:Index was outside the bounds of the array.",   "level": "ERROR",     "info": "" }
 {     "system": "Meowv.Blog",     "datetime": "2021-04-17 11:08:10,798",     "description": "获取hash redis失败,失败的keyLQTimeStampokex_delivery_liquidation_orders_FIL-USDT-210430失败原因:Index was outside the bounds of the array.",   "level": "ERROR",     "info": "" }
 {     "system": "Meowv.Blog",     "datetime": "2021-04-17 11:08:10,938",     "description": "获取hash redis失败,失败的keyLQTimeStampokex_delivery_liquidation_orders_FIL-USDT-210625失败原因:Index was outside the bounds of the array.",   "level": "ERROR",     "info": "" }
 {     "system": "Meowv.Blog",     "datetime": "2021-04-17 11:08:11,080",     "description": "获取hash redis失败,失败的keyLQTimeStampokex_delivery_liquidation_orders_FIL-USDT-210924失败原因:Index was outside the bounds of the array.",   "level": "ERROR",     "info": "" }
 {     "system": "Meowv.Blog",     "datetime": "2021-04-17 11:08:11,221",     "description": "获取hash redis失败,失败的keyLQTimeStampokex_delivery_liquidation_orders_XRP-USDT-210423失败原因:Index was outside the bounds of the array.",   "level": "ERROR",     "info": "" }
 {     "system": "Meowv.Blog",     "datetime": "2021-04-17 11:08:11,398",     "description": "获取hash redis失败,失败的keyLQTimeStampokex_delivery_liquidation_orders_XRP-USDT-210430失败原因:Index was outside the bounds of the array.",   "level": "ERROR",     "info": "" }
 {     "system": "Meowv.Blog",     "datetime": "2021-04-17 11:08:11,958",     "description": "获取hash redis失败,失败的keyLQTimeStampokex_usdtswap_liquidation_orders_GRT-USD-SWAP失败原因:Index was outside the bounds of the array.",   "level": "ERROR",     "info": "" }
 {     "system": "Meowv.Blog",     "datetime": "2021-04-17 11:08:13,006",     "description": "获取hash redis失败,失败的keyLQTimeStampokex_usdtswap_liquidation_orders_KSM-USD-SWAP失败原因:Index was outside the bounds of the array.",   "level": "ERROR",     "info": "" }
 {     "system": "Meowv.Blog",     "datetime": "2021-04-17 11:08:13,809",     "description": "获取hash redis失败,失败的keyLQTimeStampokex_delivery_liquidation_orders_TRX-USDT-210423失败原因:Index was outside the bounds of the array.",   "level": "ERROR",     "info": "" }
 {     "system": "Meowv.Blog",     "datetime": "2021-04-17 11:08:13,929",     "description": "获取hash redis失败,失败的keyLQTimeStampokex_delivery_liquidation_orders_TRX-USDT-210430失败原因:Index was outside the bounds of the array.",   "level": "ERROR",     "info": "" }
 {     "system": "Meowv.Blog",     "datetime": "2021-04-17 11:08:14,346",     "description": "获取hash redis失败,失败的keyLQTimeStampokex_delivery_liquidation_orders_ADA-USDT-210423失败原因:Index was outside the bounds of the array.",   "level": "ERROR",     "info": "" }
 {     "system": "Meowv.Blog",     "datetime": "2021-04-17 11:08:14,466",     "description": "获取hash redis失败,失败的keyLQTimeStampokex_delivery_liquidation_orders_ADA-USDT-210430失败原因:Index was outside the bounds of the array.",   "level": "ERROR",     "info": "" }
 {     "system": "Meowv.Blog",     "datetime": "2021-04-17 11:08:14,587",     "description": "获取hash redis失败,失败的keyLQTimeStampokex_delivery_liquidation_orders_ADA-USDT-210625失败原因:Index was outside the bounds of the array.",   "level": "ERROR",     "info": "" }
 {     "system": "Meowv.Blog",     "datetime": "2021-04-17 11:08:14,731",     "description": "获取hash redis失败,失败的keyLQTimeStampokex_delivery_liquidation_orders_ADA-USDT-210924失败原因:Index was outside the bounds of the array.",   "level": "ERROR",     "info": "" }
 {     "system": "Meowv.Blog",     "datetime": "2021-04-17 11:08:14,881",     "description": "获取hash redis失败,失败的keyLQTimeStampokex_delivery_liquidation_orders_LINK-USDT-210423失败原因:Index was outside the bounds of the array.",   "level": "ERROR",     "info": "" }
 {     "system": "Meowv.Blog",     "datetime": "2021-04-17 11:08:15,008",     "description": "获取hash redis失败,失败的keyLQTimeStampokex_delivery_liquidation_orders_LINK-USDT-210430失败原因:Index was outside the bounds of the array.",   "level": "ERROR",     "info": "" }
 {     "system": "Meowv.Blog",     "datetime": "2021-04-17 11:08:15,966",     "description": "获取hash redis失败,失败的keyLQTimeStampokex_delivery_liquidation_orders_BCH-USDT-210423失败原因:Index was outside the bounds of the array.",   "level": "ERROR",     "info": "" }
 {     "system": "Meowv.Blog",     "datetime": "2021-04-17 11:08:16,114",     "description": "获取hash redis失败,失败的keyLQTimeStampokex_delivery_liquidation_orders_BCH-USDT-210430失败原因:Index was outside the bounds of the array.",   "level": "ERROR",     "info": "" }
 {     "system": "Meowv.Blog",     "datetime": "2021-04-17 11:08:16,515",     "description": "获取hash redis失败,失败的keyLQTimeStampokex_delivery_liquidation_orders_BSV-USDT-210423失败原因:Index was outside the bounds of the array.",   "level": "ERROR",     "info": "" }
 {     "system": "Meowv.Blog",     "datetime": "2021-04-17 11:08:16,628",     "description": "获取hash redis失败,失败的keyLQTimeStampokex_usdtswap_liquidation_orders_YFII-USD-SWAP失败原因:Index was outside the bounds of the array.",   "level": "ERROR",     "info": "" }
 {     "system": "Meowv.Blog",     "datetime": "2021-04-17 11:08:16,683",     "description": "获取hash redis失败,失败的keyLQTimeStampokex_delivery_liquidation_orders_BSV-USDT-210430失败原因:Index was outside the bounds of the array.",   "level": "ERROR",     "info": "" }
 {     "system": "Meowv.Blog",     "datetime": "2021-04-17 11:08:17,652",     "description": "获取hash redis失败,失败的keyLQTimeStampokex_delivery_liquidation_orders_BSV-USDT-210924失败原因:Index was outside the bounds of the array.",   "level": "ERROR",     "info": "" }
 {     "system": "Meowv.Blog",     "datetime": "2021-04-17 11:08:17,785",     "description": "获取hash redis失败,失败的keyLQTimeStampokex_delivery_liquidation_orders_EOS-USDT-210423失败原因:Index was outside the bounds of the array.",   "level": "ERROR",     "info": "" }
 {     "system": "Meowv.Blog",     "datetime": "2021-04-17 11:08:17,919",     "description": "获取hash redis失败,失败的keyLQTimeStampokex_delivery_liquidation_orders_EOS-USDT-210430失败原因:Index was outside the bounds of the array.",   "level": "ERROR",     "info": "" }
 {     "system": "Meowv.Blog",     "datetime": "2021-04-17 11:08:18,746",     "description": "获取hash redis失败,失败的keyLQTimeStampokex_delivery_liquidation_orders_ETC-USDT-210423失败原因:Index was outside the bounds of the array.",   "level": "ERROR",     "info": "" }
 {     "system": "Meowv.Blog",     "datetime": "2021-04-17 11:08:18,864",     "description": "获取hash redis失败,失败的keyLQTimeStampokex_delivery_liquidation_orders_ETC-USDT-210430失败原因:Index was outside the bounds of the array.",   "level": "ERROR",     "info": "" }
 {     "system": "Meowv.Blog",     "datetime": "2021-04-17 11:10:41,548",     "description": "获取hash redis失败,失败的keyLQTimeStampokex_usdtswap_liquidation_orders_ANC-USDT-SWAP失败原因:Index was outside the bounds of the array.",   "level": "ERROR",     "info": "" }
 {     "system": "Meowv.Blog",     "datetime": "2021-04-17 11:10:50,740",     "description": "获取hash redis失败,失败的keyLQTimeStampokex_usdtswap_liquidation_orders_CONV-USDT-SWAP失败原因:Index was outside the bounds of the array.",   "level": "ERROR",     "info": "" }
 {     "system": "Meowv.Blog",     "datetime": "2021-04-17 11:10:51,160",     "description": "获取hash redis失败,失败的keyLQTimeStampokex_usdtswap_liquidation_orders_CRO-USDT-SWAP失败原因:Index was outside the bounds of the array.",   "level": "ERROR",     "info": "" }
 {     "system": "Meowv.Blog",     "datetime": "2021-04-17 11:10:52,666",     "description": "获取hash redis失败,失败的keyLQTimeStampokex_usdtswap_liquidation_orders_DORA-USDT-SWAP失败原因:Index was outside the bounds of the array.",   "level": "ERROR",     "info": "" }
 {     "system": "Meowv.Blog",     "datetime": "2021-04-17 11:11:00,586",     "description": "获取hash redis失败,失败的keyLQTimeStampokex_usdtswap_liquidation_orders_MIR-USDT-SWAP失败原因:Index was outside the bounds of the array.",   "level": "ERROR",     "info": "" }
 {     "system": "Meowv.Blog",     "datetime": "2021-04-17 11:11:01,258",     "description": "获取hash redis失败,失败的keyLQTimeStampokex_usdtswap_liquidation_orders_MKR-USDT-SWAP失败原因:Index was outside the bounds of the array.",   "level": "ERROR",     "info": "" }
 {     "system": "Meowv.Blog",     "datetime": "2021-04-17 11:11:02,411",     "description": "获取hash redis失败,失败的keyLQTimeStampokex_usdtswap_liquidation_orders_ENJ-USDT-SWAP失败原因:Index was outside the bounds of the array.",   "level": "ERROR",     "info": "" }
 {     "system": "Meowv.Blog",     "datetime": "2021-04-17 11:11:03,262",     "description": "获取hash redis失败,失败的keyLQTimeStampokex_usdtswap_liquidation_orders_PERP-USDT-SWAP失败原因:Index was outside the bounds of the array.",   "level": "ERROR",     "info": "" }
 {     "system": "Meowv.Blog",     "datetime": "2021-04-17 11:11:03,882",     "description": "获取hash redis失败,失败的keyLQTimeStampokex_usdtswap_liquidation_orders_SAND-USDT-SWAP失败原因:Index was outside the bounds of the array.",   "level": "ERROR",     "info": "" }
 {     "system": "Meowv.Blog",     "datetime": "2021-04-17 11:11:04,013",     "description": "获取hash redis失败,失败的keyLQTimeStampokex_usdtswap_liquidation_orders_SC-USDT-SWAP失败原因:Index was outside the bounds of the array.",   "level": "ERROR",     "info": "" }
 {     "system": "Meowv.Blog",     "datetime": "2021-04-17 11:11:12,538",     "description": "获取hash redis失败,失败的keyLQTimeStampokex_usdtswap_liquidation_orders_UMA-USDT-SWAP失败原因:Index was outside the bounds of the array.",   "level": "ERROR",     "info": "" }
 {     "system": "Meowv.Blog",     "datetime": "2021-04-17 11:11:14,608",     "description": "获取hash redis失败,失败的keyLQTimeStampokex_usdtswap_liquidation_orders_XEM-USDT-SWAP失败原因:Index was outside the bounds of the array.",   "level": "ERROR",     "info": "" }
 {     "system": "Meowv.Blog",     "datetime": "2021-04-17 11:11:21,375",     "description": "获取hash redis失败,失败的keyLQTimeStampokex_delivery_liquidation_orders_DOT-USD-210430失败原因:Index was outside the bounds of the array.",   "level": "ERROR",     "info": "" }
 {     "system": "Meowv.Blog",     "datetime": "2021-04-17 11:11:21,962",     "description": "获取hash redis失败,失败的keyLQTimeStampokex_delivery_liquidation_orders_FIL-USD-210430失败原因:Index was outside the bounds of the array.",   "level": "ERROR",     "info": "" }
 {     "system": "Meowv.Blog",     "datetime": "2021-04-17 11:11:22,943",     "description": "获取hash redis失败,失败的keyLQTimeStampokex_delivery_liquidation_orders_XRP-USD-210430失败原因:Index was outside the bounds of the array.",   "level": "ERROR",     "info": "" }
 {     "system": "Meowv.Blog",     "datetime": "2021-04-17 11:11:23,408",     "description": "获取hash redis失败,失败的keyLQTimeStampokex_delivery_liquidation_orders_TRX-USD-210430失败原因:Index was outside the bounds of the array.",   "level": "ERROR",     "info": "" }
 {     "system": "Meowv.Blog",     "datetime": "2021-04-17 11:11:23,793",     "description": "获取hash redis失败,失败的keyLQTimeStampokex_delivery_liquidation_orders_ADA-USD-210423失败原因:Index was outside the bounds of the array.",   "level": "ERROR",     "info": "" }
 {     "system": "Meowv.Blog",     "datetime": "2021-04-17 11:11:23,922",     "description": "获取hash redis失败,失败的keyLQTimeStampokex_delivery_liquidation_orders_ADA-USD-210430失败原因:Index was outside the bounds of the array.",   "level": "ERROR",     "info": "" }
 {     "system": "Meowv.Blog",     "datetime": "2021-04-17 11:11:24,153",     "description": "获取hash redis失败,失败的keyLQTimeStampokex_delivery_liquidation_orders_ADA-USD-210924失败原因:Index was outside the bounds of the array.",   "level": "ERROR",     "info": "" }
 {     "system": "Meowv.Blog",     "datetime": "2021-04-17 11:11:24,390",     "description": "获取hash redis失败,失败的keyLQTimeStampokex_delivery_liquidation_orders_LINK-USD-210430失败原因:Index was outside the bounds of the array.",   "level": "ERROR",     "info": "" }
 {     "system": "Meowv.Blog",     "datetime": "2021-04-17 11:11:28,106",     "description": "获取hash redis失败,失败的keyLQTimeStampokex_delivery_liquidation_orders_LTC-USDT-210430失败原因:Index was outside the bounds of the array.",   "level": "ERROR",     "info": "" }
 {     "system": "Meowv.Blog",     "datetime": "2021-04-17 11:11:28,600",     "description": "获取hash redis失败,失败的keyLQTimeStampokex_delivery_liquidation_orders_DOT-USDT-210430失败原因:Index was outside the bounds of the array.",   "level": "ERROR",     "info": "" }
 {     "system": "Meowv.Blog",     "datetime": "2021-04-17 11:11:29,077",     "description": "获取hash redis失败,失败的keyLQTimeStampokex_delivery_liquidation_orders_FIL-USDT-210430失败原因:Index was outside the bounds of the array.",   "level": "ERROR",     "info": "" }
 {     "system": "Meowv.Blog",     "datetime": "2021-04-17 11:11:30,096",     "description": "获取hash redis失败,失败的keyLQTimeStampokex_delivery_liquidation_orders_TRX-USDT-210430失败原因:Index was outside the bounds of the array.",   "level": "ERROR",     "info": "" }
 {     "system": "Meowv.Blog",     "datetime": "2021-04-17 11:11:31,119",     "description": "获取hash redis失败,失败的keyLQTimeStampokex_delivery_liquidation_orders_LINK-USDT-210430失败原因:Index was outside the bounds of the array.",   "level": "ERROR",     "info": "" }
 {     "system": "Meowv.Blog",     "datetime": "2021-04-17 11:11:33,830",     "description": "获取hash redis失败,失败的keyLQTimeStampokex_delivery_liquidation_orders_ETC-USDT-210430失败原因:Index was outside the bounds of the array.",   "level": "ERROR",     "info": "" }
 {     "system": "Meowv.Blog",     "datetime": "2021-04-17 11:11:42,028",     "description": "获取hash redis失败,失败的keyLQTimeStampokex_delivery_liquidation_orders_DOT-USD-210430失败原因:Index was outside the bounds of the array.",   "level": "ERROR",     "info": "" }
 {     "system": "Meowv.Blog",     "datetime": "2021-04-17 11:11:42,841",     "description": "获取hash redis失败,失败的keyLQTimeStampokex_delivery_liquidation_orders_FIL-USD-210430失败原因:Index was outside the bounds of the array.",   "level": "ERROR",     "info": "" }
 {     "system": "Meowv.Blog",     "datetime": "2021-04-17 11:11:43,583",     "description": "获取hash redis失败,失败的keyLQTimeStampokex_delivery_liquidation_orders_XRP-USD-210430失败原因:Index was outside the bounds of the array.",   "level": "ERROR",     "info": "" }
 {     "system": "Meowv.Blog",     "datetime": "2021-04-17 11:11:44,329",     "description": "获取hash redis失败,失败的keyLQTimeStampokex_delivery_liquidation_orders_TRX-USD-210430失败原因:Index was outside the bounds of the array.",   "level": "ERROR",     "info": "" }
 {     "system": "Meowv.Blog",     "datetime": "2021-04-17 11:11:44,925",     "description": "获取hash redis失败,失败的keyLQTimeStampokex_delivery_liquidation_orders_ADA-USD-210423失败原因:Index was outside the bounds of the array.",   "level": "ERROR",     "info": "" }
 {     "system": "Meowv.Blog",     "datetime": "2021-04-17 11:11:45,069",     "description": "获取hash redis失败,失败的keyLQTimeStampokex_delivery_liquidation_orders_ADA-USD-210430失败原因:Index was outside the bounds of the array.",   "level": "ERROR",     "info": "" }
 {     "system": "Meowv.Blog",     "datetime": "2021-04-17 11:11:45,745",     "description": "获取hash redis失败,失败的keyLQTimeStampokex_delivery_liquidation_orders_ADA-USD-210924失败原因:Index was outside the bounds of the array.",   "level": "ERROR",     "info": "" }
 {     "system": "Meowv.Blog",     "datetime": "2021-04-17 11:11:46,048",     "description": "获取hash redis失败,失败的keyLQTimeStampokex_delivery_liquidation_orders_LINK-USD-210430失败原因:Index was outside the bounds of the array.",   "level": "ERROR",     "info": "" }
 {     "system": "Meowv.Blog",     "datetime": "2021-04-17 11:11:52,173",     "description": "获取hash redis失败,失败的keyLQTimeStampokex_delivery_liquidation_orders_LTC-USDT-210430失败原因:Index was outside the bounds of the array.",   "level": "ERROR",     "info": "" }
 {     "system": "Meowv.Blog",     "datetime": "2021-04-17 11:11:53,075",     "description": "获取hash redis失败,失败的keyLQTimeStampokex_delivery_liquidation_orders_DOT-USDT-210430失败原因:Index was outside the bounds of the array.",   "level": "ERROR",     "info": "" }
 {     "system": "Meowv.Blog",     "datetime": "2021-04-17 11:11:53,964",     "description": "获取hash redis失败,失败的keyLQTimeStampokex_delivery_liquidation_orders_FIL-USDT-210430失败原因:Index was outside the bounds of the array.",   "level": "ERROR",     "info": "" }
 {     "system": "Meowv.Blog",     "datetime": "2021-04-17 11:11:54,938",     "description": "获取hash redis失败,失败的keyLQTimeStampokex_delivery_liquidation_orders_TRX-USDT-210430失败原因:Index was outside the bounds of the array.",   "level": "ERROR",     "info": "" }
 {     "system": "Meowv.Blog",     "datetime": "2021-04-17 11:11:55,942",     "description": "获取hash redis失败,失败的keyLQTimeStampokex_delivery_liquidation_orders_LINK-USDT-210430失败原因:Index was outside the bounds of the array.",   "level": "ERROR",     "info": "" }
 {     "system": "Meowv.Blog",     "datetime": "2021-04-17 11:11:58,865",     "description": "获取hash redis失败,失败的keyLQTimeStampokex_delivery_liquidation_orders_ETC-USDT-210430失败原因:Index was outside the bounds of the array.",   "level": "ERROR",     "info": "" }
 {     "system": "Meowv.Blog",     "datetime": "2021-04-17 11:12:04,349",     "description": "获取hash redis失败,失败的keyLQTimeStampokex_delivery_liquidation_orders_DOT-USD-210430失败原因:Index was outside the bounds of the array.",   "level": "ERROR",     "info": "" }
 {     "system": "Meowv.Blog",     "datetime": "2021-04-17 11:12:04,875",     "description": "获取hash redis失败,失败的keyLQTimeStampokex_delivery_liquidation_orders_FIL-USD-210430失败原因:Index was outside the bounds of the array.",   "level": "ERROR",     "info": "" }
 {     "system": "Meowv.Blog",     "datetime": "2021-04-17 11:12:05,379",     "description": "获取hash redis失败,失败的keyLQTimeStampokex_delivery_liquidation_orders_XRP-USD-210430失败原因:Index was outside the bounds of the array.",   "level": "ERROR",     "info": "" }
 {     "system": "Meowv.Blog",     "datetime": "2021-04-17 11:12:05,927",     "description": "获取hash redis失败,失败的keyLQTimeStampokex_delivery_liquidation_orders_TRX-USD-210430失败原因:Index was outside the bounds of the array.",   "level": "ERROR",     "info": "" }
 {     "system": "Meowv.Blog",     "datetime": "2021-04-17 11:12:06,286",     "description": "获取hash redis失败,失败的keyLQTimeStampokex_delivery_liquidation_orders_ADA-USD-210423失败原因:Index was outside the bounds of the array.",   "level": "ERROR",     "info": "" }
 {     "system": "Meowv.Blog",     "datetime": "2021-04-17 11:12:06,421",     "description": "获取hash redis失败,失败的keyLQTimeStampokex_delivery_liquidation_orders_ADA-USD-210430失败原因:Index was outside the bounds of the array.",   "level": "ERROR",     "info": "" }
 {     "system": "Meowv.Blog",     "datetime": "2021-04-17 11:12:06,656",     "description": "获取hash redis失败,失败的keyLQTimeStampokex_delivery_liquidation_orders_ADA-USD-210924失败原因:Index was outside the bounds of the array.",   "level": "ERROR",     "info": "" }
 {     "system": "Meowv.Blog",     "datetime": "2021-04-17 11:12:07,304",     "description": "获取hash redis失败,失败的keyLQTimeStampokex_delivery_liquidation_orders_LINK-USD-210430失败原因:Index was outside the bounds of the array.",   "level": "ERROR",     "info": "" }
 {     "system": "Meowv.Blog",     "datetime": "2021-04-17 11:12:12,801",     "description": "获取hash redis失败,失败的keyLQTimeStampokex_delivery_liquidation_orders_LTC-USDT-210430失败原因:Index was outside the bounds of the array.",   "level": "ERROR",     "info": "" }
 {     "system": "Meowv.Blog",     "datetime": "2021-04-17 11:12:13,260",     "description": "获取hash redis失败,失败的keyLQTimeStampokex_delivery_liquidation_orders_DOT-USDT-210430失败原因:Index was outside the bounds of the array.",   "level": "ERROR",     "info": "" }
 {     "system": "Meowv.Blog",     "datetime": "2021-04-17 11:12:13,681",     "description": "获取hash redis失败,失败的keyLQTimeStampokex_delivery_liquidation_orders_FIL-USDT-210430失败原因:Index was outside the bounds of the array.",   "level": "ERROR",     "info": "" }
 {     "system": "Meowv.Blog",     "datetime": "2021-04-17 11:12:15,027",     "description": "获取hash redis失败,失败的keyLQTimeStampokex_delivery_liquidation_orders_TRX-USDT-210430失败原因:Index was outside the bounds of the array.",   "level": "ERROR",     "info": "" }
 {     "system": "Meowv.Blog",     "datetime": "2021-04-17 11:12:16,459",     "description": "获取hash redis失败,失败的keyLQTimeStampokex_delivery_liquidation_orders_LINK-USDT-210430失败原因:Index was outside the bounds of the array.",   "level": "ERROR",     "info": "" }
 {     "system": "Meowv.Blog",     "datetime": "2021-04-17 11:12:19,672",     "description": "获取hash redis失败,失败的keyLQTimeStampokex_delivery_liquidation_orders_ETC-USDT-210430失败原因:Index was outside the bounds of the array.",   "level": "ERROR",     "info": "" }
 {     "system": "Meowv.Blog",     "datetime": "2021-04-17 11:12:24,567",     "description": "获取hash redis失败,失败的keyLQTimeStampokex_delivery_liquidation_orders_DOT-USD-210430失败原因:Index was outside the bounds of the array.",   "level": "ERROR",     "info": "" }
 {     "system": "Meowv.Blog",     "datetime": "2021-04-17 11:12:25,059",     "description": "获取hash redis失败,失败的keyLQTimeStampokex_delivery_liquidation_orders_FIL-USD-210430失败原因:Index was outside the bounds of the array.",   "level": "ERROR",     "info": "" }
 {     "system": "Meowv.Blog",     "datetime": "2021-04-17 11:12:25,574",     "description": "获取hash redis失败,失败的keyLQTimeStampokex_delivery_liquidation_orders_XRP-USD-210430失败原因:Index was outside the bounds of the array.",   "level": "ERROR",     "info": "" }
 {     "system": "Meowv.Blog",     "datetime": "2021-04-17 11:12:26,063",     "description": "获取hash redis失败,失败的keyLQTimeStampokex_delivery_liquidation_orders_TRX-USD-210430失败原因:Index was outside the bounds of the array.",   "level": "ERROR",     "info": "" }
 {     "system": "Meowv.Blog",     "datetime": "2021-04-17 11:12:26,410",     "description": "获取hash redis失败,失败的keyLQTimeStampokex_delivery_liquidation_orders_ADA-USD-210423失败原因:Index was outside the bounds of the array.",   "level": "ERROR",     "info": "" }
 {     "system": "Meowv.Blog",     "datetime": "2021-04-17 11:12:26,525",     "description": "获取hash redis失败,失败的keyLQTimeStampokex_delivery_liquidation_orders_ADA-USD-210430失败原因:Index was outside the bounds of the array.",   "level": "ERROR",     "info": "" }
 {     "system": "Meowv.Blog",     "datetime": "2021-04-17 11:12:26,759",     "description": "获取hash redis失败,失败的keyLQTimeStampokex_delivery_liquidation_orders_ADA-USD-210924失败原因:Index was outside the bounds of the array.",   "level": "ERROR",     "info": "" }
 {     "system": "Meowv.Blog",     "datetime": "2021-04-17 11:12:27,402",     "description": "获取hash redis失败,失败的keyLQTimeStampokex_delivery_liquidation_orders_LINK-USD-210430失败原因:Index was outside the bounds of the array.",   "level": "ERROR",     "info": "" }
 {     "system": "Meowv.Blog",     "datetime": "2021-04-17 11:12:31,699",     "description": "获取hash redis失败,失败的keyLQTimeStampokex_delivery_liquidation_orders_LTC-USDT-210430失败原因:Index was outside the bounds of the array.",   "level": "ERROR",     "info": "" }
 {     "system": "Meowv.Blog",     "datetime": "2021-04-17 11:12:32,186",     "description": "获取hash redis失败,失败的keyLQTimeStampokex_delivery_liquidation_orders_DOT-USDT-210430失败原因:Index was outside the bounds of the array.",   "level": "ERROR",     "info": "" }
 {     "system": "Meowv.Blog",     "datetime": "2021-04-17 11:12:32,664",     "description": "获取hash redis失败,失败的keyLQTimeStampokex_delivery_liquidation_orders_FIL-USDT-210430失败原因:Index was outside the bounds of the array.",   "level": "ERROR",     "info": "" }
 {     "system": "Meowv.Blog",     "datetime": "2021-04-17 11:12:33,881",     "description": "获取hash redis失败,失败的keyLQTimeStampokex_delivery_liquidation_orders_TRX-USDT-210430失败原因:Index was outside the bounds of the array.",   "level": "ERROR",     "info": "" }
 {     "system": "Meowv.Blog",     "datetime": "2021-04-17 11:12:35,754",     "description": "获取hash redis失败,失败的keyLQTimeStampokex_delivery_liquidation_orders_LINK-USDT-210430失败原因:Index was outside the bounds of the array.",   "level": "ERROR",     "info": "" }