
 {     "system": "Meowv.Blog",     "datetime": "2021-04-16 09:15:54,667",     "description": " websocket_Opened",   "level": "INFO",     "info": "" }
 {     "system": "Meowv.Blog",     "datetime": "2021-04-16 09:15:55,530",     "description": "bitmex当前状态Open-----True2021/4/16 9:15:55",   "level": "INFO",     "info": "" }
 {     "system": "Meowv.Blog",     "datetime": "2021-04-16 09:15:56,099",     "description": " websocket_Opened",   "level": "INFO",     "info": "" }
 {     "system": "Meowv.Blog",     "datetime": "2021-04-16 09:15:56,101",     "description": "开始获取kraken数据",   "level": "INFO",     "info": "" }
 {     "system": "Meowv.Blog",     "datetime": "2021-04-16 09:15:56,909",     "description": "DERIBIT 合约Open-----True2021/4/16 9:15:56",   "level": "INFO",     "info": "" }
 {     "system": "Meowv.Blog",     "datetime": "2021-04-16 09:15:58,911",     "description": " websocket_Opened",   "level": "INFO",     "info": "" }
 {     "system": "Meowv.Blog",     "datetime": "2021-04-16 09:15:58,935",     "description": "karken信息为空，无法转换",   "level": "INFO",     "info": "" }
 {     "system": "Meowv.Blog",     "datetime": "2021-04-16 09:16:00,548",     "description": "bitmex当前状态Open-----True2021/4/16 9:16:00",   "level": "INFO",     "info": "" }
 {     "system": "Meowv.Blog",     "datetime": "2021-04-16 09:16:01,211",     "description": "karken信息为空，无法转换",   "level": "INFO",     "info": "" }
 {     "system": "Meowv.Blog",     "datetime": "2021-04-16 09:16:01,212",     "description": "karken信息为空，无法转换",   "level": "INFO",     "info": "" }
 {     "system": "Meowv.Blog",     "datetime": "2021-04-16 09:16:01,212",     "description": "karken信息为空，无法转换",   "level": "INFO",     "info": "" }
 {     "system": "Meowv.Blog",     "datetime": "2021-04-16 09:16:01,213",     "description": "karken信息为空，无法转换",   "level": "INFO",     "info": "" }
 {     "system": "Meowv.Blog",     "datetime": "2021-04-16 09:16:01,215",     "description": "karken信息为空，无法转换",   "level": "INFO",     "info": "" }
 {     "system": "Meowv.Blog",     "datetime": "2021-04-16 09:16:01,217",     "description": "karken信息为空，无法转换",   "level": "INFO",     "info": "" }
 {     "system": "Meowv.Blog",     "datetime": "2021-04-16 09:16:01,221",     "description": "karken信息为空，无法转换",   "level": "INFO",     "info": "" }
 {     "system": "Meowv.Blog",     "datetime": "2021-04-16 09:16:01,225",     "description": "karken信息为空，无法转换",   "level": "INFO",     "info": "" }
 {     "system": "Meowv.Blog",     "datetime": "2021-04-16 09:16:01,227",     "description": "karken信息为空，无法转换",   "level": "INFO",     "info": "" }
 {     "system": "Meowv.Blog",     "datetime": "2021-04-16 09:16:01,232",     "description": "karken信息为空，无法转换",   "level": "INFO",     "info": "" }
 {     "system": "Meowv.Blog",     "datetime": "2021-04-16 09:16:01,235",     "description": "karken信息为空，无法转换",   "level": "INFO",     "info": "" }
 {     "system": "Meowv.Blog",     "datetime": "2021-04-16 09:16:01,237",     "description": "karken信息为空，无法转换",   "level": "INFO",     "info": "" }
 {     "system": "Meowv.Blog",     "datetime": "2021-04-16 09:16:01,239",     "description": "karken信息为空，无法转换",   "level": "INFO",     "info": "" }
 {     "system": "Meowv.Blog",     "datetime": "2021-04-16 09:16:01,241",     "description": "karken信息为空，无法转换",   "level": "INFO",     "info": "" }
 {     "system": "Meowv.Blog",     "datetime": "2021-04-16 09:16:01,243",     "description": "karken信息为空，无法转换",   "level": "INFO",     "info": "" }
 {     "system": "Meowv.Blog",     "datetime": "2021-04-16 09:16:01,246",     "description": "karken信息为空，无法转换",   "level": "INFO",     "info": "" }
 {     "system": "Meowv.Blog",     "datetime": "2021-04-16 09:16:01,248",     "description": "karken信息为空，无法转换",   "level": "INFO",     "info": "" }
 {     "system": "Meowv.Blog",     "datetime": "2021-04-16 09:16:01,549",     "description": "karken信息为空，无法转换",   "level": "INFO",     "info": "" }
 {     "system": "Meowv.Blog",     "datetime": "2021-04-16 09:16:01,639",     "description": "karken信息为空，无法转换",   "level": "INFO",     "info": "" }
 {     "system": "Meowv.Blog",     "datetime": "2021-04-16 09:16:01,774",     "description": "karken信息为空，无法转换",   "level": "INFO",     "info": "" }
 {     "system": "Meowv.Blog",     "datetime": "2021-04-16 09:16:01,859",     "description": "karken信息为空，无法转换",   "level": "INFO",     "info": "" }
 {     "system": "Meowv.Blog",     "datetime": "2021-04-16 09:16:01,945",     "description": "karken信息为空，无法转换",   "level": "INFO",     "info": "" }
 {     "system": "Meowv.Blog",     "datetime": "2021-04-16 09:16:02,028",     "description": "karken信息为空，无法转换",   "level": "INFO",     "info": "" }
 {     "system": "Meowv.Blog",     "datetime": "2021-04-16 09:16:02,118",     "description": "karken信息为空，无法转换",   "level": "INFO",     "info": "" }
 {     "system": "Meowv.Blog",     "datetime": "2021-04-16 09:16:02,189",     "description": "karken信息为空，无法转换",   "level": "INFO",     "info": "" }
 {     "system": "Meowv.Blog",     "datetime": "2021-04-16 09:16:02,255",     "description": "karken信息为空，无法转换",   "level": "INFO",     "info": "" }
 {     "system": "Meowv.Blog",     "datetime": "2021-04-16 09:16:02,326",     "description": "karken信息为空，无法转换",   "level": "INFO",     "info": "" }
 {     "system": "Meowv.Blog",     "datetime": "2021-04-16 09:16:02,402",     "description": "karken信息为空，无法转换",   "level": "INFO",     "info": "" }
 {     "system": "Meowv.Blog",     "datetime": "2021-04-16 09:16:02,474",     "description": "karken信息为空，无法转换",   "level": "INFO",     "info": "" }
 {     "system": "Meowv.Blog",     "datetime": "2021-04-16 09:16:02,548",     "description": "karken信息为空，无法转换",   "level": "INFO",     "info": "" }
 {     "system": "Meowv.Blog",     "datetime": "2021-04-16 09:16:02,630",     "description": "karken信息为空，无法转换",   "level": "INFO",     "info": "" }
 {     "system": "Meowv.Blog",     "datetime": "2021-04-16 09:16:02,708",     "description": "karken信息为空，无法转换",   "level": "INFO",     "info": "" }
 {     "system": "Meowv.Blog",     "datetime": "2021-04-16 09:16:02,725",     "description": "DERIBIT 合约Open-----True2021/4/16 9:16:02",   "level": "INFO",     "info": "" }
 {     "system": "Meowv.Blog",     "datetime": "2021-04-16 09:16:02,782",     "description": "karken信息为空，无法转换",   "level": "INFO",     "info": "" }
 {     "system": "Meowv.Blog",     "datetime": "2021-04-16 09:16:02,875",     "description": "karken信息为空，无法转换",   "level": "INFO",     "info": "" }
 {     "system": "Meowv.Blog",     "datetime": "2021-04-16 09:16:05,571",     "description": "bitmex当前状态Open-----True2021/4/16 9:16:05",   "level": "INFO",     "info": "" }
 {     "system": "Meowv.Blog",     "datetime": "2021-04-16 09:16:08,531",     "description": "DERIBIT 合约Open-----True2021/4/16 9:16:08",   "level": "INFO",     "info": "" }
 {     "system": "Meowv.Blog",     "datetime": "2021-04-16 09:16:10,590",     "description": "bitmex当前状态Open-----True2021/4/16 9:16:10",   "level": "INFO",     "info": "" }
 {     "system": "Meowv.Blog",     "datetime": "2021-04-16 09:16:14,337",     "description": "DERIBIT 合约Open-----True2021/4/16 9:16:14",   "level": "INFO",     "info": "" }
 {     "system": "Meowv.Blog",     "datetime": "2021-04-16 09:16:15,609",     "description": "bitmex当前状态Open-----True2021/4/16 9:16:15",   "level": "INFO",     "info": "" }
 {     "system": "Meowv.Blog",     "datetime": "2021-04-16 09:16:20,156",     "description": "DERIBIT 合约Open-----True2021/4/16 9:16:20",   "level": "INFO",     "info": "" }
 {     "system": "Meowv.Blog",     "datetime": "2021-04-16 09:16:20,629",     "description": "bitmex当前状态Open-----True2021/4/16 9:16:20",   "level": "INFO",     "info": "" }
 {     "system": "Meowv.Blog",     "datetime": "2021-04-16 09:16:25,651",     "description": "bitmex当前状态Open-----True2021/4/16 9:16:25",   "level": "INFO",     "info": "" }
 {     "system": "Meowv.Blog",     "datetime": "2021-04-16 09:16:25,968",     "description": "DERIBIT 合约Open-----True2021/4/16 9:16:25",   "level": "INFO",     "info": "" }
 {     "system": "Meowv.Blog",     "datetime": "2021-04-16 09:16:30,669",     "description": "bitmex当前状态Open-----True2021/4/16 9:16:30",   "level": "INFO",     "info": "" }
 {     "system": "Meowv.Blog",     "datetime": "2021-04-16 09:16:31,775",     "description": "DERIBIT 合约Open-----True2021/4/16 9:16:31",   "level": "INFO",     "info": "" }
 {     "system": "Meowv.Blog",     "datetime": "2021-04-16 09:16:35,689",     "description": "bitmex当前状态Open-----True2021/4/16 9:16:35",   "level": "INFO",     "info": "" }
 {     "system": "Meowv.Blog",     "datetime": "2021-04-16 09:16:37,585",     "description": "DERIBIT 合约Open-----True2021/4/16 9:16:37",   "level": "INFO",     "info": "" }
 {     "system": "Meowv.Blog",     "datetime": "2021-04-16 09:16:40,715",     "description": "bitmex当前状态Open-----True2021/4/16 9:16:40",   "level": "INFO",     "info": "" }
 {     "system": "Meowv.Blog",     "datetime": "2021-04-16 09:16:43,406",     "description": "DERIBIT 合约Open-----True2021/4/16 9:16:43",   "level": "INFO",     "info": "" }
 {     "system": "Meowv.Blog",     "datetime": "2021-04-16 09:16:45,736",     "description": "bitmex当前状态Open-----True2021/4/16 9:16:45",   "level": "INFO",     "info": "" }
 {     "system": "Meowv.Blog",     "datetime": "2021-04-16 09:16:49,218",     "description": "DERIBIT 合约Open-----True2021/4/16 9:16:49",   "level": "INFO",     "info": "" }
 {     "system": "Meowv.Blog",     "datetime": "2021-04-16 09:16:50,754",     "description": "bitmex当前状态Open-----True2021/4/16 9:16:50",   "level": "INFO",     "info": "" }
 {     "system": "Meowv.Blog",     "datetime": "2021-04-16 09:16:55,028",     "description": "DERIBIT 合约Open-----True2021/4/16 9:16:55",   "level": "INFO",     "info": "" }
 {     "system": "Meowv.Blog",     "datetime": "2021-04-16 09:16:55,775",     "description": "bitmex当前状态Open-----True2021/4/16 9:16:55",   "level": "INFO",     "info": "" }
 {     "system": "Meowv.Blog",     "datetime": "2021-04-16 09:17:00,793",     "description": "bitmex当前状态Open-----True2021/4/16 9:17:00",   "level": "INFO",     "info": "" }
 {     "system": "Meowv.Blog",     "datetime": "2021-04-16 09:17:00,841",     "description": "DERIBIT 合约Open-----True2021/4/16 9:17:00",   "level": "INFO",     "info": "" }
 {     "system": "Meowv.Blog",     "datetime": "2021-04-16 09:17:05,810",     "description": "bitmex当前状态Open-----True2021/4/16 9:17:05",   "level": "INFO",     "info": "" }
 {     "system": "Meowv.Blog",     "datetime": "2021-04-16 09:17:06,654",     "description": "DERIBIT 合约Open-----True2021/4/16 9:17:06",   "level": "INFO",     "info": "" }
 {     "system": "Meowv.Blog",     "datetime": "2021-04-16 09:17:10,827",     "description": "bitmex当前状态Open-----True2021/4/16 9:17:10",   "level": "INFO",     "info": "" }
 {     "system": "Meowv.Blog",     "datetime": "2021-04-16 09:17:12,461",     "description": "DERIBIT 合约Open-----True2021/4/16 9:17:12",   "level": "INFO",     "info": "" }